15:58:29:690 PW_Init(/home/luiz/Projetos/PayGo/pdvLinuxPayGoLibC_DotNetCoreCSharp/PDVS/bin/Debug/PGWebLib)
15:58:29:690 Ultima limpeza: 00/00/1900 00:00:00)
15:58:43:381 ********* Limpeza de logs efetuada
15:58:43:381 PW_iNewTransac(1, 0004.0000.0064.0000)
15:58:43:387 DISCONNECT =================================================================
15:58:43:387 >>LNXSSL_iModemDisconnect
15:58:43:390 PW_iAddParam(21, PDVS)
15:58:43:584 PW_iAddParam(22, 1.0)
15:58:43:585 PW_iAddParam(23, NTK Solutions Ltda)
15:58:43:585 PW_iAddParam(36, 28)
15:58:43:590 PW_iExecTransac(0004.0000.0064.0000) <-2497>
15:58:50:916 PW_iAddParam(246, 324159)
15:58:50:916 PW_iExecTransac(0004.0000.0064.0000) <-2497>
15:58:58:166 PW_iAddParam(17, 60798)
15:58:58:337 PW_iExecTransac(0004.0000.0064.0000) <-2497>
15:59:11:870 PW_iAddParam(28, 20726059000179)
15:59:11:871 PW_iExecTransac(0004.0000.0064.0000) <-2497>
15:59:40:543 PW_iAddParam(27, app.tpgw.ntk.com.br:17502)
15:59:40:815 PW_iExecTransac(0004.0000.0064.0000) <-2497>
15:59:44:170 PW_iAddParam(32513, 1)
15:59:44:210 PW_iExecTransac(0004.0000.0064.0000) <-2497>
15:59:51:831 PW_iAddParam(32514, 0)
16:00:02:531 [PGWebLib] PP_Treatment Selecionado: [1]
16:00:02:531 piStatus = MODSTS_OFF
16:00:02:531 CONNECT ====================================================================
16:00:02:531 Resolvendo o host (app.tpgw.ntk.com.br)
16:00:02:555 Conectando com o host (app.tpgw.ntk.com.br), IP (200.155.8.203:17502)
16:00:02:556 CAFile = /home/luiz/Projetos/PayGo/pdvLinuxPayGoLibC_DotNetCoreCSharp/PDVS/bin/Debug/certificado.crt
16:00:02:643 depth=1 /C=BR/ST=SAO PAULO/L=SAO PAULO/O=SETIS AUTOMACAO E SISTEMAS LTDA/OU=DESENVOLVIMENTO/CN=SETIS CA TEST/emailAddress=contato@setis.com.br
16:00:02:643 verify return:1
16:00:02:644 depth=0 /C=BR/ST=SAO PAULO/L=SAO PAULO/O=SETIS AUTOMACAO E SISTEMAS LTDA/OU=DESENVOLVIMENTO/CN=*.tpgw.ntk.com.br/emailAddress=contato@setis.com.br
16:00:02:644 verify return:1
16:00:02:698 Certificado auto-assinado
16:00:02:698 Nome do Subject: /C=BR/ST=SAO PAULO/L=SAO PAULO/O=SETIS AUTOMACAO E SISTEMAS LTDA/OU=DESENVOLVIMENTO/CN=*.tpgw.ntk.com.br/emailAddress=contato@setis.com.br
16:00:02:698 Nome do emissor: /C=BR/ST=SAO PAULO/L=SAO PAULO/O=SETIS AUTOMACAO E SISTEMAS LTDA/OU=DESENVOLVIMENTO/CN=SETIS CA TEST/emailAddress=contato@setis.com.br
16:00:02:698 Validacao pelo OpenSSL
16:00:02:698 OpenSSL OK: *.tpgw.ntk.com.br
16:00:02:698 TLSv1.2 connect OK <NEW SESSION>!
16:00:02:699 SSLState = 3 (SSL negotiation finished successfully)

16:00:02:699 STATUS: CONNECTED
16:00:02:699 TX[001785]: 02 24 00 06 EE 00 00 00 00 00 00 01 02 00 07 34 .$.............4
                         01 02                                           ..               
16:00:02:784 select = 1
16:00:02:785 RX[000001]: 02 24 00 00 8F 00 00 7A 5D E7 9D 01 04 00 00 00 .$.....z].......
                         07 02 01 81 11 05 36 30 37 39 38 32 03 71 03 97 ......607982.q.. 
                         41 04 00 00 00 7A 42 3E 50 4F 4E 54 4F 20 44 45 A....zB>PONTO DE 
                         20 43 41 50 54 55 52 41 20 4E 41 4F 0D 20 20 20  CAPTURA NAO.    
                         4C 49 42 45 52 41 44 4F 20 50 41 52 41 20 20 20 LIBERADO PARA    
                         20 0D 20 20 20 20 20 49 4E 53 54 41 4C 41 43 41  .     INSTALACA 
                         4F 20 20 20 20 20 43 04 00 00 00 02 03 14 A5 73 O     C........s 
                         C1 CC 60 D2 FE 90 C7 50 EB 4D B4 33 1D B4 63 E6 ..`....P.M.3..c. 
                         A4 2E 6A 07 20 19 10 24 16 00 02 6B 07 20 19 10 ..j. ..$...k. .. 
                         24 19 00 02 6C 01 00 F4 01 00                   $...l.....       
16:00:02:844 DISCONNECT =================================================================
16:00:02:844 >>LNXSSL_iModemDisconnect
16:00:02:844 PW_iExecTransac(0004.0000.0064.0000) <-2497>
16:00:02:847 PW_iPPRemoveCard()
16:00:05:420 PW_iPPEventLoop OK()
16:00:05:422 PW_iExecTransac(0004.0000.0064.0000) <-2596>
16:00:05:422 0x02=1
16:00:05:422 0x1B=app.tpgw.ntk.com.br:17502
16:00:05:422 0x31=20191024160002
16:00:05:422 0x32=0000710397
16:00:05:422 0x42=PONTO DE CAPTURA NAO   LIBERADO PARA         INSTALACAO     
16:00:05:422 0x43=0
16:00:05:422 0x6C=0
16:00:05:422 0x6F=   PROCESSANDO...
16:00:05:422 0x74=      OPERACAO      CANCELADA
16:00:05:422 0x75=    OPERACAO        CANCELADA   
16:00:05:423 0x7F01=1
16:00:05:423 0x7F02=24
16:00:05:423 0x7F0B=0
