15:59:52[TX]{18}
15:59:52[RX]{04}
15:59:52[TX]OPN5230256951B2614256D148E586C384E56395183C13CA15CF1F68A4ECE80E7AC1AAE3335AF804C2D5B7627554E421CFBF38FEFB637DBA275AF5FD58497FF3DECDF95F79F9D7EC6D687FFC6DECE983E52D7E64EB5FE126AE3A1D375B40DCB7881D7ECFBA6EC1A08A7437B1DA60CB9119533E794BC38FA4FDDD122218729389003E422110000711CE6C69081788B3BD2AF18D2E7C37A76300AC3FB23E4107DA72FBC718FDB37291F183C20FA97616A41D4D6591D28EE81C5C8EB89B4936309DE912A8F96ED0E075121E2406BBD9EE2C0AC6BF323D1D5001CF2BD9E56B72FD306E341F99B786697E4794C91FE2AD33EE68E689D917313615D985253EFAC2C968FA46FDDB86B30103E9
15:59:52[RX]OPN000515256366AFACC50BEF1713D74A7776BCBBF033976E31513764BABD7BA8750A91D7FE784FC764685887B2275E3321F7AD6BB5AD6FA3D3725FAA6F262DF24A0842235F7D870C83399404E84F12FEB0081CEEB5A86AAE86CEEBC6A1ABE8BAA58A36CF180711F65C0804878A9ADEEE1D25B93C5EB22A1F10C8F679DDCCB86C6DC29B80666890B5DD1DE7F8A5B5290495CB510CC5A59E0C54F6DEB7DCACAB6E27C4FD9AA280B74A8428888AE85AC6402D93B0CE283B115D24049F3AEB57B2EB44C73344988D275A24C753F26A1C1F17D6CA64016453265C056418EEFA3ED4080E4CC3607D02E535AF49C8C27149B6B12E16C06AE87F9090CDD22E1EEE3FCEA32E5B5BD5ED5
15:59:52[TX <CMD> GIX]
15:59:52[[BLK1] 008:]
15:59:52[[T] 0x0001 ]
15:59:52[[L] 0004 ]
15:59:52[[V] 80807]
15:59:52[RX <CMD> GIX <RES> 000]
15:59:52[[BLK1] 028:]
15:59:52[[T] 0x8009 ]
15:59:52[[L] 0010 ]
15:59:52[[V] 001.12 160914   ]
15:59:52[[T] 0x8007 ]
15:59:52[[L] 0004 ]
15:59:52[[V] 2.03]
15:59:52[TX <CMD> GIX]
15:59:52[[BLK1] 010:]
15:59:52[[T] 0x0001 ]
15:59:52[[L] 0006 ]
15:59:52[[V] 8180807]
15:59:52[RX <CMD> GIX <RES> 000]
15:59:52[[BLK1] 036:]
15:59:52[[T] 0x8010 ]
15:59:52[[L] 0004 ]
15:59:52[[V] 1.15]
15:59:52[[T] 0x8009 ]
15:59:52[[L] 0010 ]
15:59:52[[V] 001.12 160914   ]
15:59:52[[T] 0x8007 ]
15:59:52[[L] 0004 ]
15:59:52[[V] 2.03]
15:59:52[TX <CMD> GIX]
15:59:52[[BLK1] 018:]
15:59:52[[T] 0x0001 ]
15:59:52[[L] 000E ]
15:59:52[[V] 818181818080835]
15:59:52[RX <CMD> GIX <RES> 000]
15:59:52[[BLK1] 166:]
15:59:52[[T] 0x8010 ]
15:59:52[[L] 0004 ]
15:59:52[[V] 1.15]
15:59:52[[T] 0x8011 ]
15:59:52[[L] 0004 ]
15:59:52[[V] 0010]
15:59:52[[T] 0x8012 ]
15:59:52[[L] 0005 ]
15:59:52[[V] 3.0.0]
15:59:52[[T] 0x8013 ]
15:59:52[[L] 0005 ]
15:59:52[[V] 1.0.0]
15:59:52[[T] 0x8009 ]
15:59:52[[L] 0010 ]
15:59:52[[V] 001.12 160914   ]
15:59:52[[T] 0x8007 ]
15:59:52[[L] 0004 ]
15:59:52[[V] 2.03]
15:59:52[[T] 0x8035 ]
15:59:52[[L] 0064 ]
15:59:52[[V] 0111000010100010111111110000000000000000000000000000000000000000000000000000000000000000000000000000]
15:59:52[TX <CMD> GIX]
15:59:52[[BLK1] 008:]
15:59:52[[T] 0x0001 ]
15:59:52[[L] 0004 ]
15:59:52[[V] 80807]
15:59:52[RX <CMD> GIX <RES> 000]
15:59:52[[BLK1] 028:]
15:59:52[[T] 0x8009 ]
15:59:52[[L] 0010 ]
15:59:52[[V] 001.12 160914   ]
15:59:52[[T] 0x8007 ]
15:59:52[[L] 0004 ]
15:59:52[[V] 2.03]
15:59:52[TX <CMD> GIX]
15:59:52[[BLK1] 008:]
15:59:52[[T] 0x0001 ]
15:59:52[[L] 0004 ]
15:59:52[[V] 80807]
15:59:52[RX <CMD> GIX <RES> 000]
15:59:52[[BLK1] 028:]
15:59:52[[T] 0x8009 ]
15:59:52[[L] 0010 ]
15:59:52[[V] 001.12 160914   ]
15:59:52[[T] 0x8007 ]
15:59:52[[L] 0004 ]
15:59:52[[V] 2.03]
15:59:52[TX <CMD> GIX]
15:59:52[[BLK1] 008:]
15:59:52[[T] 0x0001 ]
15:59:52[[L] 0004 ]
15:59:52[[V] 80807]
15:59:52[RX <CMD> GIX <RES> 000]
15:59:52[[BLK1] 028:]
15:59:52[[T] 0x8009 ]
15:59:52[[L] 0010 ]
15:59:52[[V] 001.12 160914   ]
15:59:52[[T] 0x8007 ]
15:59:52[[L] 0004 ]
15:59:52[[V] 2.03]
15:59:52[TX <CMD> GIX]
15:59:52[[BLK1] 008:]
15:59:52[[T] 0x0001 ]
15:59:52[[L] 0004 ]
15:59:52[[V] 80807]
15:59:52[RX <CMD> GIX <RES> 000]
15:59:52[[BLK1] 028:]
15:59:52[[T] 0x8009 ]
15:59:52[[L] 0010 ]
15:59:52[[V] 001.12 160914   ]
15:59:52[[T] 0x8007 ]
15:59:52[[L] 0004 ]
15:59:52[[V] 2.03]
15:59:52[TX <CMD> GIX]
15:59:52[[BLK1] 008:]
15:59:52[[T] 0x0001 ]
15:59:52[[L] 0004 ]
15:59:52[[V] 80807]
15:59:52[RX <CMD> GIX <RES> 000]
15:59:52[[BLK1] 028:]
15:59:52[[T] 0x8009 ]
15:59:52[[L] 0010 ]
15:59:52[[V] 001.12 160914   ]
15:59:52[[T] 0x8007 ]
15:59:52[[L] 0004 ]
15:59:52[[V] 2.03]
15:59:52[TX <CMD> GIX]
15:59:52[[BLK1] 008:]
15:59:52[[T] 0x0001 ]
15:59:52[[L] 0004 ]
15:59:52[[V] 80807]
15:59:53[RX <CMD> GIX <RES> 000]
15:59:53[[BLK1] 028:]
15:59:53[[T] 0x8009 ]
15:59:53[[L] 0010 ]
15:59:53[[V] 001.12 160914   ]
15:59:53[[T] 0x8007 ]
15:59:53[[L] 0004 ]
15:59:53[[V] 2.03]
15:59:53[TX <CMD> GIX]
15:59:53[[BLK1] 006:]
15:59:53[[T] 0x0001 ]
15:59:53[[L] 0002 ]
15:59:53[[V] 900]
15:59:53[RX <CMD> GIX <RES> 000]
15:59:53[**erro[35] PPS_iAbecsGetTag 9000]
15:59:53[TX <CMD> GIX]
15:59:53[[BLK1] 006:]
15:59:53[[T] 0x0001 ]
15:59:53[[L] 0002 ]
15:59:53[[V] 901]
15:59:53[RX <CMD> GIX <RES> 000]
15:59:53[**erro[35] PPS_iAbecsGetTag 9001]
15:59:53[TX <CMD> GIX]
15:59:53[[BLK1] 006:]
15:59:53[[T] 0x0001 ]
15:59:53[[L] 0002 ]
15:59:53[[V] 902]
15:59:53[RX <CMD> GIX <RES> 000]
15:59:53[**erro[35] PPS_iAbecsGetTag 9002]
15:59:53[TX <CMD> GIX]
15:59:53[[BLK1] 006:]
15:59:53[[T] 0x0001 ]
15:59:53[[L] 0002 ]
15:59:53[[V] 903]
15:59:53[RX <CMD> GIX <RES> 000]
15:59:53[**erro[35] PPS_iAbecsGetTag 9003]
15:59:53[TX <CMD> GIX]
15:59:53[[BLK1] 006:]
15:59:53[[T] 0x0001 ]
15:59:53[[L] 0002 ]
15:59:53[[V] 904]
15:59:53[RX <CMD> GIX <RES> 000]
15:59:53[**erro[35] PPS_iAbecsGetTag 9004]
15:59:53[TX <CMD> GIX]
15:59:53[[BLK1] 006:]
15:59:53[[T] 0x0001 ]
15:59:53[[L] 0002 ]
15:59:53[[V] 905]
15:59:53[RX <CMD> GIX <RES> 000]
15:59:53[**erro[35] PPS_iAbecsGetTag 9005]
15:59:53[TX <CMD> GIX]
15:59:53[[BLK1] 006:]
15:59:53[[T] 0x0001 ]
15:59:53[[L] 0002 ]
15:59:53[[V] 906]
15:59:53[RX <CMD> GIX <RES> 000]
15:59:53[**erro[35] PPS_iAbecsGetTag 9006]
15:59:53[TX <CMD> GIX]
15:59:53[[BLK1] 006:]
15:59:53[[T] 0x0001 ]
15:59:53[[L] 0002 ]
15:59:53[[V] 907]
15:59:53[RX <CMD> GIX <RES> 000]
15:59:53[**erro[35] PPS_iAbecsGetTag 9007]
15:59:53[TX <CMD> GIX]
15:59:53[[BLK1] 006:]
15:59:53[[T] 0x0001 ]
15:59:53[[L] 0002 ]
15:59:53[[V] 908]
15:59:53[RX <CMD> GIX <RES> 000]
15:59:53[**erro[35] PPS_iAbecsGetTag 9008]
15:59:53[TX <CMD> GIX]
15:59:53[[BLK1] 006:]
15:59:53[[T] 0x0001 ]
15:59:53[[L] 0002 ]
15:59:53[[V] 909]
15:59:53[RX <CMD> GIX <RES> 000]
15:59:53[**erro[35] PPS_iAbecsGetTag 9009]
15:59:53[TX <CMD> GIX]
15:59:53[[BLK1] 006:]
15:59:53[[T] 0x0001 ]
15:59:53[[L] 0002 ]
15:59:53[[V] 90A]
15:59:53[RX <CMD> GIX <RES> 000]
15:59:53[**erro[35] PPS_iAbecsGetTag 900A]
15:59:53[TX <CMD> GIX]
15:59:53[[BLK1] 006:]
15:59:53[[T] 0x0001 ]
15:59:53[[L] 0002 ]
15:59:53[[V] 90B]
15:59:53[RX <CMD> GIX <RES> 000]
15:59:53[**erro[35] PPS_iAbecsGetTag 900B]
15:59:53[TX <CMD> GIX]
15:59:53[[BLK1] 006:]
15:59:53[[T] 0x0001 ]
15:59:53[[L] 0002 ]
15:59:53[[V] 90C]
15:59:54[RX <CMD> GIX <RES> 000]
15:59:54[**erro[35] PPS_iAbecsGetTag 900C]
15:59:54[TX <CMD> GIX]
15:59:54[[BLK1] 006:]
15:59:54[[T] 0x0001 ]
15:59:54[[L] 0002 ]
15:59:54[[V] 90D]
15:59:54[RX <CMD> GIX <RES> 000]
15:59:54[**erro[35] PPS_iAbecsGetTag 900D]
15:59:54[TX <CMD> GIX]
15:59:54[[BLK1] 006:]
15:59:54[[T] 0x0001 ]
15:59:54[[L] 0002 ]
15:59:54[[V] 90E]
15:59:54[RX <CMD> GIX <RES> 000]
15:59:54[**erro[35] PPS_iAbecsGetTag 900E]
15:59:54[TX <CMD> GIX]
15:59:54[[BLK1] 006:]
15:59:54[[T] 0x0001 ]
15:59:54[[L] 0002 ]
15:59:54[[V] 90F]
15:59:54[RX <CMD> GIX <RES> 000]
15:59:54[**erro[35] PPS_iAbecsGetTag 900F]
15:59:54[TX <CMD> GIX]
15:59:54[[BLK1] 006:]
15:59:54[[T] 0x0001 ]
15:59:54[[L] 0002 ]
15:59:54[[V] 910]
15:59:54[RX <CMD> GIX <RES> 000]
15:59:54[**erro[35] PPS_iAbecsGetTag 9010]
15:59:54[TX <CMD> GIX]
15:59:54[[BLK1] 006:]
15:59:54[[T] 0x0001 ]
15:59:54[[L] 0002 ]
15:59:54[[V] 911]
15:59:54[RX <CMD> GIX <RES> 000]
15:59:54[**erro[35] PPS_iAbecsGetTag 9011]
15:59:54[TX <CMD> GIX]
15:59:54[[BLK1] 006:]
15:59:54[[T] 0x0001 ]
15:59:54[[L] 0002 ]
15:59:54[[V] 912]
15:59:54[RX <CMD> GIX <RES> 000]
15:59:54[**erro[35] PPS_iAbecsGetTag 9012]
15:59:54[TX <CMD> GIX]
15:59:54[[BLK1] 006:]
15:59:54[[T] 0x0001 ]
15:59:54[[L] 0002 ]
15:59:54[[V] 913]
15:59:54[RX <CMD> GIX <RES> 000]
15:59:54[**erro[35] PPS_iAbecsGetTag 9013]
15:59:54[TX <CMD> GIX]
15:59:54[[BLK1] 006:]
15:59:54[[T] 0x0001 ]
15:59:54[[L] 0002 ]
15:59:54[[V] 914]
15:59:54[RX <CMD> GIX <RES> 000]
15:59:54[**erro[35] PPS_iAbecsGetTag 9014]
15:59:54[TX <CMD> GIX]
15:59:54[[BLK1] 006:]
15:59:54[[T] 0x0001 ]
15:59:54[[L] 0002 ]
15:59:54[[V] 900]
15:59:54[RX <CMD> GIX <RES> 000]
15:59:54[**erro[35] PPS_iAbecsGetTag 9100]
15:59:54[TX <CMD> GIX]
15:59:54[[BLK1] 006:]
15:59:54[[T] 0x0001 ]
15:59:54[[L] 0002 ]
15:59:54[[V] 901]
15:59:54[RX <CMD> GIX <RES> 000]
15:59:54[[BLK1] 014:]
15:59:54[[T] 0x9101 ]
15:59:54[[L] 000A ]
15:59:54[[V] FFF8140A001]
15:59:54[TX <CMD> GIX]
15:59:54[[BLK1] 006:]
15:59:54[[T] 0x0001 ]
15:59:54[[L] 0002 ]
15:59:54[[V] 902]
15:59:54[RX <CMD> GIX <RES> 000]
15:59:54[[BLK1] 014:]
15:59:54[[T] 0x9102 ]
15:59:54[[L] 000A ]
15:59:54[[V] FFF0156E003]
15:59:54[TX <CMD> GIX]
15:59:54[[BLK1] 006:]
15:59:54[[T] 0x0001 ]
15:59:54[[L] 0002 ]
15:59:54[[V] 903]
15:59:55[RX <CMD> GIX <RES> 000]
15:59:55[[BLK1] 014:]
15:59:55[[T] 0x9103 ]
15:59:55[[L] 000A ]
15:59:55[[V] FFF00108001]
15:59:55[TX <CMD> GIX]
15:59:55[[BLK1] 006:]
15:59:55[[T] 0x0001 ]
15:59:55[[L] 0002 ]
15:59:55[[V] 904]
15:59:55[RX <CMD> GIX <RES> 000]
15:59:55[**erro[35] PPS_iAbecsGetTag 9104]
15:59:55[TX <CMD> GIX]
15:59:55[[BLK1] 006:]
15:59:55[[T] 0x0001 ]
15:59:55[[L] 0002 ]
15:59:55[[V] 905]
15:59:55[RX <CMD> GIX <RES> 000]
15:59:55[**erro[35] PPS_iAbecsGetTag 9105]
15:59:55[TX <CMD> GIX]
15:59:55[[BLK1] 006:]
15:59:55[[T] 0x0001 ]
15:59:55[[L] 0002 ]
15:59:55[[V] 906]
15:59:55[RX <CMD> GIX <RES> 000]
15:59:55[**erro[35] PPS_iAbecsGetTag 9106]
15:59:55[TX <CMD> GIX]
15:59:55[[BLK1] 006:]
15:59:55[[T] 0x0001 ]
15:59:55[[L] 0002 ]
15:59:55[[V] 907]
15:59:55[RX <CMD> GIX <RES> 000]
15:59:55[**erro[35] PPS_iAbecsGetTag 9107]
15:59:55[TX <CMD> GIX]
15:59:55[[BLK1] 006:]
15:59:55[[T] 0x0001 ]
15:59:55[[L] 0002 ]
15:59:55[[V] 908]
15:59:55[RX <CMD> GIX <RES> 000]
15:59:55[[BLK1] 014:]
15:59:55[[T] 0x9108 ]
15:59:55[[L] 000A ]
15:59:55[[V] FF0091F0005]
15:59:55[TX <CMD> GIX]
15:59:55[[BLK1] 006:]
15:59:55[[T] 0x0001 ]
15:59:55[[L] 0002 ]
15:59:55[[V] 909]
15:59:55[RX <CMD> GIX <RES> 000]
15:59:55[**erro[35] PPS_iAbecsGetTag 9109]
15:59:55[TX <CMD> GIX]
15:59:55[[BLK1] 006:]
15:59:55[[T] 0x0001 ]
15:59:55[[L] 0002 ]
15:59:55[[V] 90A]
15:59:55[RX <CMD> GIX <RES> 000]
15:59:55[[BLK1] 014:]
15:59:55[[T] 0x910A ]
15:59:55[[L] 000A ]
15:59:55[[V] FFF90128001]
15:59:55[TX <CMD> GIX]
15:59:55[[BLK1] 006:]
15:59:55[[T] 0x0001 ]
15:59:55[[L] 0002 ]
15:59:55[[V] 90B]
15:59:55[RX <CMD> GIX <RES> 000]
15:59:55[**erro[35] PPS_iAbecsGetTag 910B]
15:59:55[TX <CMD> GIX]
15:59:55[[BLK1] 006:]
15:59:55[[T] 0x0001 ]
15:59:55[[L] 0002 ]
15:59:55[[V] 90C]
15:59:55[RX <CMD> GIX <RES> 000]
15:59:55[**erro[35] PPS_iAbecsGetTag 910C]
15:59:55[TX <CMD> GIX]
15:59:55[[BLK1] 006:]
15:59:55[[T] 0x0001 ]
15:59:55[[L] 0002 ]
15:59:55[[V] 90D]
15:59:55[RX <CMD> GIX <RES> 000]
15:59:55[**erro[35] PPS_iAbecsGetTag 910D]
15:59:55[TX <CMD> GIX]
15:59:55[[BLK1] 006:]
15:59:55[[T] 0x0001 ]
15:59:55[[L] 0002 ]
15:59:55[[V] 90E]
15:59:55[RX <CMD> GIX <RES> 000]
15:59:55[[BLK1] 014:]
15:59:55[[T] 0x910E ]
15:59:55[[L] 000A ]
15:59:55[[V] 6320061E001]
15:59:55[TX <CMD> GIX]
15:59:55[[BLK1] 006:]
15:59:55[[T] 0x0001 ]
15:59:55[[L] 0002 ]
15:59:55[[V] 90F]
15:59:55[RX <CMD> GIX <RES> 000]
15:59:55[**erro[35] PPS_iAbecsGetTag 910F]
15:59:55[TX <CMD> GIX]
15:59:55[[BLK1] 006:]
15:59:55[[T] 0x0001 ]
15:59:55[[L] 0002 ]
15:59:55[[V] 910]
15:59:56[RX <CMD> GIX <RES> 000]
15:59:56[[BLK1] 014:]
15:59:56[[T] 0x9110 ]
15:59:56[[L] 000A ]
15:59:56[[V] 21100F22001]
15:59:56[TX <CMD> GIX]
15:59:56[[BLK1] 006:]
15:59:56[[T] 0x0001 ]
15:59:56[[L] 0002 ]
15:59:56[[V] 911]
15:59:56[RX <CMD> GIX <RES> 000]
15:59:56[[BLK1] 014:]
15:59:56[[T] 0x9111 ]
15:59:56[[L] 000A ]
15:59:56[[V] FFF3079C001]
15:59:56[TX <CMD> GIX]
15:59:56[[BLK1] 006:]
15:59:56[[T] 0x0001 ]
15:59:56[[L] 0002 ]
15:59:56[[V] 912]
15:59:56[RX <CMD> GIX <RES> 000]
15:59:56[[BLK1] 014:]
15:59:56[[T] 0x9112 ]
15:59:56[[L] 000A ]
15:59:56[[V] B7610FB6001]
15:59:56[TX <CMD> GIX]
15:59:56[[BLK1] 006:]
15:59:56[[T] 0x0001 ]
15:59:56[[L] 0002 ]
15:59:56[[V] 913]
15:59:56[RX <CMD> GIX <RES> 000]
15:59:56[[BLK1] 014:]
15:59:56[[T] 0x9113 ]
15:59:56[[L] 000A ]
15:59:56[[V] FFF50944001]
15:59:56[TX <CMD> GIX]
15:59:56[[BLK1] 006:]
15:59:56[[T] 0x0001 ]
15:59:56[[L] 0002 ]
15:59:56[[V] 914]
15:59:56[RX <CMD> GIX <RES> 000]
15:59:56[[BLK1] 014:]
15:59:56[[T] 0x9114 ]
15:59:56[[L] 000A ]
15:59:56[[V] FFBFC84A001]
15:59:56[TX <CMD> EBX]
15:59:56[[BLK1] 036:]
15:59:56[[T] 0x000F ]
15:59:56[[L] 0008 ]
15:59:56[[V] ********]
15:59:56[[T] 0x0003 ]
15:59:56[[L] 0002 ]
15:59:56[[V] 00]
15:59:56[[T] 0x0009 ]
15:59:56[[L] 0002 ]
15:59:56[[V] 00]
15:59:56[[T] 0x000A ]
15:59:56[[L] 0008 ]
15:59:56[[V] 000000000]
15:59:56[RX <CMD> EBX <RES> 042]
15:59:56[TX <CMD> EBX]
15:59:56[[BLK1] 036:]
15:59:56[[T] 0x000F ]
15:59:56[[L] 0008 ]
15:59:56[[V] ********]
15:59:56[[T] 0x0003 ]
15:59:56[[L] 0002 ]
15:59:56[[V] 00]
15:59:56[[T] 0x0009 ]
15:59:56[[L] 0002 ]
15:59:56[[V] 01]
15:59:56[[T] 0x000A ]
15:59:56[[L] 0008 ]
15:59:56[[V] 000000000]
15:59:56[RX <CMD> EBX <RES> 042]
15:59:56[TX <CMD> EBX]
15:59:56[[BLK1] 036:]
15:59:56[[T] 0x000F ]
15:59:56[[L] 0008 ]
15:59:56[[V] ********]
15:59:56[[T] 0x0003 ]
15:59:56[[L] 0002 ]
15:59:56[[V] 00]
15:59:56[[T] 0x0009 ]
15:59:56[[L] 0002 ]
15:59:56[[V] 02]
15:59:56[[T] 0x000A ]
15:59:56[[L] 0008 ]
15:59:56[[V] 000000000]
15:59:56[RX <CMD> EBX <RES> 042]
15:59:56[TX <CMD> EBX]
15:59:56[[BLK1] 036:]
15:59:56[[T] 0x000F ]
15:59:56[[L] 0008 ]
15:59:56[[V] ********]
15:59:56[[T] 0x0003 ]
15:59:56[[L] 0002 ]
15:59:56[[V] 00]
15:59:56[[T] 0x0009 ]
15:59:56[[L] 0002 ]
15:59:56[[V] 03]
15:59:56[[T] 0x000A ]
15:59:56[[L] 0008 ]
15:59:56[[V] 000000000]
15:59:56[RX <CMD> EBX <RES> 042]
15:59:56[TX <CMD> EBX]
15:59:56[[BLK1] 036:]
15:59:56[[T] 0x000F ]
15:59:56[[L] 0008 ]
15:59:56[[V] ********]
15:59:56[[T] 0x0003 ]
15:59:56[[L] 0002 ]
15:59:56[[V] 00]
15:59:56[[T] 0x0009 ]
15:59:56[[L] 0002 ]
15:59:56[[V] 04]
15:59:56[[T] 0x000A ]
15:59:56[[L] 0008 ]
15:59:56[[V] 000000000]
15:59:56[RX <CMD> EBX <RES> 042]
15:59:56[TX <CMD> EBX]
15:59:56[[BLK1] 036:]
15:59:56[[T] 0x000F ]
15:59:56[[L] 0008 ]
15:59:56[[V] ********]
15:59:56[[T] 0x0003 ]
15:59:56[[L] 0002 ]
15:59:56[[V] 00]
15:59:56[[T] 0x0009 ]
15:59:56[[L] 0002 ]
15:59:56[[V] 05]
15:59:56[[T] 0x000A ]
15:59:56[[L] 0008 ]
15:59:56[[V] 000000000]
15:59:56[RX <CMD> EBX <RES> 042]
15:59:56[TX <CMD> EBX]
15:59:56[[BLK1] 036:]
15:59:56[[T] 0x000F ]
15:59:56[[L] 0008 ]
15:59:56[[V] ********]
15:59:56[[T] 0x0003 ]
15:59:56[[L] 0002 ]
15:59:56[[V] 00]
15:59:56[[T] 0x0009 ]
15:59:56[[L] 0002 ]
15:59:56[[V] 06]
15:59:56[[T] 0x000A ]
15:59:56[[L] 0008 ]
15:59:56[[V] 000000000]
15:59:56[RX <CMD> EBX <RES> 042]
15:59:56[TX <CMD> EBX]
15:59:56[[BLK1] 036:]
15:59:56[[T] 0x000F ]
15:59:56[[L] 0008 ]
15:59:56[[V] ********]
15:59:56[[T] 0x0003 ]
15:59:56[[L] 0002 ]
15:59:56[[V] 00]
15:59:56[[T] 0x0009 ]
15:59:56[[L] 0002 ]
15:59:56[[V] 07]
15:59:56[[T] 0x000A ]
15:59:56[[L] 0008 ]
15:59:56[[V] 000000000]
15:59:57[RX <CMD> EBX <RES> 042]
15:59:57[TX <CMD> EBX]
15:59:57[[BLK1] 036:]
15:59:57[[T] 0x000F ]
15:59:57[[L] 0008 ]
15:59:57[[V] ********]
15:59:57[[T] 0x0003 ]
15:59:57[[L] 0002 ]
15:59:57[[V] 00]
15:59:57[[T] 0x0009 ]
15:59:57[[L] 0002 ]
15:59:57[[V] 08]
15:59:57[[T] 0x000A ]
15:59:57[[L] 0008 ]
15:59:57[[V] 000000000]
15:59:57[RX <CMD> EBX <RES> 042]
15:59:57[TX <CMD> EBX]
15:59:57[[BLK1] 036:]
15:59:57[[T] 0x000F ]
15:59:57[[L] 0008 ]
15:59:57[[V] ********]
15:59:57[[T] 0x0003 ]
15:59:57[[L] 0002 ]
15:59:57[[V] 00]
15:59:57[[T] 0x0009 ]
15:59:57[[L] 0002 ]
15:59:57[[V] 09]
15:59:57[[T] 0x000A ]
15:59:57[[L] 0008 ]
15:59:57[[V] 000000000]
15:59:57[RX <CMD> EBX <RES> 042]
15:59:57[TX <CMD> EBX]
15:59:57[[BLK1] 036:]
15:59:57[[T] 0x000F ]
15:59:57[[L] 0008 ]
15:59:57[[V] ********]
15:59:57[[T] 0x0003 ]
15:59:57[[L] 0002 ]
15:59:57[[V] 00]
15:59:57[[T] 0x0009 ]
15:59:57[[L] 0002 ]
15:59:57[[V] 10]
15:59:57[[T] 0x000A ]
15:59:57[[L] 0008 ]
15:59:57[[V] 000000000]
15:59:57[RX <CMD> EBX <RES> 042]
15:59:57[TX <CMD> EBX]
15:59:57[[BLK1] 036:]
15:59:57[[T] 0x000F ]
15:59:57[[L] 0008 ]
15:59:57[[V] ********]
15:59:57[[T] 0x0003 ]
15:59:57[[L] 0002 ]
15:59:57[[V] 00]
15:59:57[[T] 0x0009 ]
15:59:57[[L] 0002 ]
15:59:57[[V] 11]
15:59:57[[T] 0x000A ]
15:59:57[[L] 0008 ]
15:59:57[[V] 000000000]
15:59:57[RX <CMD> EBX <RES> 042]
15:59:57[TX <CMD> EBX]
15:59:57[[BLK1] 036:]
15:59:57[[T] 0x000F ]
15:59:57[[L] 0008 ]
15:59:57[[V] ********]
15:59:57[[T] 0x0003 ]
15:59:57[[L] 0002 ]
15:59:57[[V] 00]
15:59:57[[T] 0x0009 ]
15:59:57[[L] 0002 ]
15:59:57[[V] 12]
15:59:57[[T] 0x000A ]
15:59:57[[L] 0008 ]
15:59:57[[V] 000000000]
15:59:57[RX <CMD> EBX <RES> 042]
15:59:57[TX <CMD> EBX]
15:59:57[[BLK1] 036:]
15:59:57[[T] 0x000F ]
15:59:57[[L] 0008 ]
15:59:57[[V] ********]
15:59:57[[T] 0x0003 ]
15:59:57[[L] 0002 ]
15:59:57[[V] 00]
15:59:57[[T] 0x0009 ]
15:59:57[[L] 0002 ]
15:59:57[[V] 13]
15:59:57[[T] 0x000A ]
15:59:57[[L] 0008 ]
15:59:57[[V] 000000000]
15:59:57[RX <CMD> EBX <RES> 042]
15:59:57[TX <CMD> EBX]
15:59:57[[BLK1] 036:]
15:59:57[[T] 0x000F ]
15:59:57[[L] 0008 ]
15:59:57[[V] ********]
15:59:57[[T] 0x0003 ]
15:59:57[[L] 0002 ]
15:59:57[[V] 00]
15:59:57[[T] 0x0009 ]
15:59:57[[L] 0002 ]
15:59:57[[V] 14]
15:59:57[[T] 0x000A ]
15:59:57[[L] 0008 ]
15:59:57[[V] 000000000]
15:59:57[RX <CMD> EBX <RES> 042]
15:59:57[TX <CMD> EBX]
15:59:57[[BLK1] 036:]
15:59:57[[T] 0x000F ]
15:59:57[[L] 0008 ]
15:59:57[[V] ********]
15:59:57[[T] 0x0003 ]
15:59:57[[L] 0002 ]
15:59:57[[V] 00]
15:59:57[[T] 0x0009 ]
15:59:57[[L] 0002 ]
15:59:57[[V] 15]
15:59:57[[T] 0x000A ]
15:59:57[[L] 0008 ]
15:59:57[[V] 000000000]
15:59:57[RX <CMD> EBX <RES> 042]
15:59:57[TX <CMD> EBX]
15:59:57[[BLK1] 036:]
15:59:57[[T] 0x000F ]
15:59:57[[L] 0008 ]
15:59:57[[V] ********]
15:59:57[[T] 0x0003 ]
15:59:57[[L] 0002 ]
15:59:57[[V] 00]
15:59:57[[T] 0x0009 ]
15:59:57[[L] 0002 ]
15:59:57[[V] 16]
15:59:57[[T] 0x000A ]
15:59:57[[L] 0008 ]
15:59:57[[V] 000000000]
15:59:57[RX <CMD> EBX <RES> 042]
15:59:57[TX <CMD> EBX]
15:59:57[[BLK1] 036:]
15:59:57[[T] 0x000F ]
15:59:57[[L] 0008 ]
15:59:57[[V] ********]
15:59:57[[T] 0x0003 ]
15:59:57[[L] 0002 ]
15:59:57[[V] 00]
15:59:57[[T] 0x0009 ]
15:59:57[[L] 0002 ]
15:59:57[[V] 17]
15:59:57[[T] 0x000A ]
15:59:57[[L] 0008 ]
15:59:57[[V] 000000000]
15:59:57[RX <CMD> EBX <RES> 042]
15:59:57[TX <CMD> EBX]
15:59:57[[BLK1] 036:]
15:59:57[[T] 0x000F ]
15:59:57[[L] 0008 ]
15:59:57[[V] ********]
15:59:57[[T] 0x0003 ]
15:59:57[[L] 0002 ]
15:59:57[[V] 00]
15:59:57[[T] 0x0009 ]
15:59:57[[L] 0002 ]
15:59:57[[V] 18]
15:59:57[[T] 0x000A ]
15:59:57[[L] 0008 ]
15:59:57[[V] 000000000]
15:59:57[RX <CMD> EBX <RES> 042]
15:59:57[TX <CMD> EBX]
15:59:57[[BLK1] 036:]
15:59:57[[T] 0x000F ]
15:59:57[[L] 0008 ]
15:59:57[[V] ********]
15:59:57[[T] 0x0003 ]
15:59:57[[L] 0002 ]
15:59:57[[V] 00]
15:59:57[[T] 0x0009 ]
15:59:57[[L] 0002 ]
15:59:57[[V] 19]
15:59:57[[T] 0x000A ]
15:59:57[[L] 0008 ]
15:59:57[[V] 000000000]
15:59:57[RX <CMD> EBX <RES> 042]
15:59:57[TX <CMD> EBX]
15:59:57[[BLK1] 036:]
15:59:57[[T] 0x000F ]
15:59:57[[L] 0008 ]
15:59:57[[V] ********]
15:59:57[[T] 0x0003 ]
15:59:57[[L] 0002 ]
15:59:57[[V] 00]
15:59:57[[T] 0x0009 ]
15:59:57[[L] 0002 ]
15:59:57[[V] 20]
15:59:57[[T] 0x000A ]
15:59:57[[L] 0008 ]
15:59:57[[V] 000000000]
15:59:58[RX <CMD> EBX <RES> 042]
15:59:58[TX <CMD> EBX]
15:59:58[[BLK1] 044:]
15:59:58[[T] 0x000F ]
15:59:58[[L] 0008 ]
15:59:58[[V] ********]
15:59:58[[T] 0x0003 ]
15:59:58[[L] 0002 ]
15:59:58[[V] 10]
15:59:58[[T] 0x0009 ]
15:59:58[[L] 0002 ]
15:59:58[[V] 00]
15:59:58[[T] 0x000A ]
15:59:58[[L] 0010 ]
15:59:58[[V] 00000000000000000]
15:59:58[RX <CMD> EBX <RES> 042]
15:59:58[TX <CMD> EBX]
15:59:58[[BLK1] 044:]
15:59:58[[T] 0x000F ]
15:59:58[[L] 0008 ]
15:59:58[[V] ********]
15:59:58[[T] 0x0003 ]
15:59:58[[L] 0002 ]
15:59:58[[V] 10]
15:59:58[[T] 0x0009 ]
15:59:58[[L] 0002 ]
15:59:58[[V] 01]
15:59:58[[T] 0x000A ]
15:59:58[[L] 0010 ]
15:59:58[[V] 00000000000000000]
15:59:58[RX <CMD> EBX <RES> 042]
15:59:58[TX <CMD> EBX]
15:59:58[[BLK1] 044:]
15:59:58[[T] 0x000F ]
15:59:58[[L] 0008 ]
15:59:58[[V] ********]
15:59:58[[T] 0x0003 ]
15:59:58[[L] 0002 ]
15:59:58[[V] 10]
15:59:58[[T] 0x0009 ]
15:59:58[[L] 0002 ]
15:59:58[[V] 02]
15:59:58[[T] 0x000A ]
15:59:58[[L] 0010 ]
15:59:58[[V] 00000000000000000]
15:59:58[RX <CMD> EBX <RES> 000]
15:59:58[[BLK1] 012:]
15:59:58[[T] 0x804E ]
15:59:58[[L] 0008 ]
15:59:58[[V] ********]
15:59:58[TX <CMD> EBX]
15:59:58[[BLK1] 044:]
15:59:58[[T] 0x000F ]
15:59:58[[L] 0008 ]
15:59:58[[V] ********]
15:59:58[[T] 0x0003 ]
15:59:58[[L] 0002 ]
15:59:58[[V] 10]
15:59:58[[T] 0x0009 ]
15:59:58[[L] 0002 ]
15:59:58[[V] 03]
15:59:58[[T] 0x000A ]
15:59:58[[L] 0010 ]
15:59:58[[V] 00000000000000000]
15:59:58[RX <CMD> EBX <RES> 042]
15:59:58[TX <CMD> EBX]
15:59:58[[BLK1] 044:]
15:59:58[[T] 0x000F ]
15:59:58[[L] 0008 ]
15:59:58[[V] ********]
15:59:58[[T] 0x0003 ]
15:59:58[[L] 0002 ]
15:59:58[[V] 10]
15:59:58[[T] 0x0009 ]
15:59:58[[L] 0002 ]
15:59:58[[V] 04]
15:59:58[[T] 0x000A ]
15:59:58[[L] 0010 ]
15:59:58[[V] 00000000000000000]
15:59:58[RX <CMD> EBX <RES> 000]
15:59:58[[BLK1] 012:]
15:59:58[[T] 0x804E ]
15:59:58[[L] 0008 ]
15:59:58[[V] ********]
15:59:58[TX <CMD> EBX]
15:59:58[[BLK1] 044:]
15:59:58[[T] 0x000F ]
15:59:58[[L] 0008 ]
15:59:58[[V] ********]
15:59:58[[T] 0x0003 ]
15:59:58[[L] 0002 ]
15:59:58[[V] 10]
15:59:58[[T] 0x0009 ]
15:59:58[[L] 0002 ]
15:59:58[[V] 05]
15:59:58[[T] 0x000A ]
15:59:58[[L] 0010 ]
15:59:58[[V] 00000000000000000]
15:59:58[RX <CMD> EBX <RES> 042]
15:59:58[TX <CMD> EBX]
15:59:58[[BLK1] 044:]
15:59:58[[T] 0x000F ]
15:59:58[[L] 0008 ]
15:59:58[[V] ********]
15:59:58[[T] 0x0003 ]
15:59:58[[L] 0002 ]
15:59:58[[V] 10]
15:59:58[[T] 0x0009 ]
15:59:58[[L] 0002 ]
15:59:58[[V] 06]
15:59:58[[T] 0x000A ]
15:59:58[[L] 0010 ]
15:59:58[[V] 00000000000000000]
15:59:58[RX <CMD> EBX <RES> 042]
15:59:58[TX <CMD> EBX]
15:59:58[[BLK1] 044:]
15:59:58[[T] 0x000F ]
15:59:58[[L] 0008 ]
15:59:58[[V] ********]
15:59:58[[T] 0x0003 ]
15:59:58[[L] 0002 ]
15:59:58[[V] 10]
15:59:58[[T] 0x0009 ]
15:59:58[[L] 0002 ]
15:59:58[[V] 07]
15:59:58[[T] 0x000A ]
15:59:58[[L] 0010 ]
15:59:58[[V] 00000000000000000]
15:59:58[RX <CMD> EBX <RES> 042]
15:59:58[TX <CMD> EBX]
15:59:58[[BLK1] 044:]
15:59:58[[T] 0x000F ]
15:59:58[[L] 0008 ]
15:59:58[[V] ********]
15:59:58[[T] 0x0003 ]
15:59:58[[L] 0002 ]
15:59:58[[V] 10]
15:59:58[[T] 0x0009 ]
15:59:58[[L] 0002 ]
15:59:58[[V] 08]
15:59:58[[T] 0x000A ]
15:59:58[[L] 0010 ]
15:59:58[[V] 00000000000000000]
15:59:58[RX <CMD> EBX <RES> 000]
15:59:58[[BLK1] 012:]
15:59:58[[T] 0x804E ]
15:59:58[[L] 0008 ]
15:59:58[[V] ********]
15:59:58[TX <CMD> EBX]
15:59:58[[BLK1] 044:]
15:59:58[[T] 0x000F ]
15:59:58[[L] 0008 ]
15:59:58[[V] ********]
15:59:58[[T] 0x0003 ]
15:59:58[[L] 0002 ]
15:59:58[[V] 10]
15:59:58[[T] 0x0009 ]
15:59:58[[L] 0002 ]
15:59:58[[V] 09]
15:59:58[[T] 0x000A ]
15:59:58[[L] 0010 ]
15:59:58[[V] 00000000000000000]
15:59:58[RX <CMD> EBX <RES> 000]
15:59:58[[BLK1] 012:]
15:59:58[[T] 0x804E ]
15:59:58[[L] 0008 ]
15:59:58[[V] ********]
15:59:58[TX <CMD> EBX]
15:59:58[[BLK1] 044:]
15:59:58[[T] 0x000F ]
15:59:58[[L] 0008 ]
15:59:58[[V] ********]
15:59:58[[T] 0x0003 ]
15:59:58[[L] 0002 ]
15:59:58[[V] 10]
15:59:58[[T] 0x0009 ]
15:59:58[[L] 0002 ]
15:59:58[[V] 10]
15:59:58[[T] 0x000A ]
15:59:58[[L] 0010 ]
15:59:58[[V] 00000000000000000]
15:59:58[RX <CMD> EBX <RES> 000]
15:59:58[[BLK1] 012:]
15:59:58[[T] 0x804E ]
15:59:58[[L] 0008 ]
15:59:58[[V] ********]
15:59:58[TX <CMD> EBX]
15:59:58[[BLK1] 044:]
15:59:58[[T] 0x000F ]
15:59:58[[L] 0008 ]
15:59:58[[V] ********]
15:59:58[[T] 0x0003 ]
15:59:58[[L] 0002 ]
15:59:58[[V] 10]
15:59:58[[T] 0x0009 ]
15:59:58[[L] 0002 ]
15:59:58[[V] 11]
15:59:58[[T] 0x000A ]
15:59:58[[L] 0010 ]
15:59:58[[V] 00000000000000000]
15:59:59[RX <CMD> EBX <RES> 000]
15:59:59[[BLK1] 012:]
15:59:59[[T] 0x804E ]
15:59:59[[L] 0008 ]
15:59:59[[V] ********]
15:59:59[TX <CMD> EBX]
15:59:59[[BLK1] 044:]
15:59:59[[T] 0x000F ]
15:59:59[[L] 0008 ]
15:59:59[[V] ********]
15:59:59[[T] 0x0003 ]
15:59:59[[L] 0002 ]
15:59:59[[V] 10]
15:59:59[[T] 0x0009 ]
15:59:59[[L] 0002 ]
15:59:59[[V] 12]
15:59:59[[T] 0x000A ]
15:59:59[[L] 0010 ]
15:59:59[[V] 00000000000000000]
15:59:59[RX <CMD> EBX <RES> 000]
15:59:59[[BLK1] 012:]
15:59:59[[T] 0x804E ]
15:59:59[[L] 0008 ]
15:59:59[[V] ********]
15:59:59[TX <CMD> EBX]
15:59:59[[BLK1] 044:]
15:59:59[[T] 0x000F ]
15:59:59[[L] 0008 ]
15:59:59[[V] ********]
15:59:59[[T] 0x0003 ]
15:59:59[[L] 0002 ]
15:59:59[[V] 10]
15:59:59[[T] 0x0009 ]
15:59:59[[L] 0002 ]
15:59:59[[V] 13]
15:59:59[[T] 0x000A ]
15:59:59[[L] 0010 ]
15:59:59[[V] 00000000000000000]
15:59:59[RX <CMD> EBX <RES> 000]
15:59:59[[BLK1] 012:]
15:59:59[[T] 0x804E ]
15:59:59[[L] 0008 ]
15:59:59[[V] ********]
15:59:59[TX <CMD> EBX]
15:59:59[[BLK1] 044:]
15:59:59[[T] 0x000F ]
15:59:59[[L] 0008 ]
15:59:59[[V] ********]
15:59:59[[T] 0x0003 ]
15:59:59[[L] 0002 ]
15:59:59[[V] 10]
15:59:59[[T] 0x0009 ]
15:59:59[[L] 0002 ]
15:59:59[[V] 14]
15:59:59[[T] 0x000A ]
15:59:59[[L] 0010 ]
15:59:59[[V] 00000000000000000]
15:59:59[RX <CMD> EBX <RES> 000]
15:59:59[[BLK1] 012:]
15:59:59[[T] 0x804E ]
15:59:59[[L] 0008 ]
15:59:59[[V] ********]
15:59:59[TX <CMD> EBX]
15:59:59[[BLK1] 044:]
15:59:59[[T] 0x000F ]
15:59:59[[L] 0008 ]
15:59:59[[V] ********]
15:59:59[[T] 0x0003 ]
15:59:59[[L] 0002 ]
15:59:59[[V] 10]
15:59:59[[T] 0x0009 ]
15:59:59[[L] 0002 ]
15:59:59[[V] 15]
15:59:59[[T] 0x000A ]
15:59:59[[L] 0010 ]
15:59:59[[V] 00000000000000000]
15:59:59[RX <CMD> EBX <RES> 000]
15:59:59[[BLK1] 012:]
15:59:59[[T] 0x804E ]
15:59:59[[L] 0008 ]
15:59:59[[V] ********]
15:59:59[TX <CMD> EBX]
15:59:59[[BLK1] 044:]
15:59:59[[T] 0x000F ]
15:59:59[[L] 0008 ]
15:59:59[[V] ********]
15:59:59[[T] 0x0003 ]
15:59:59[[L] 0002 ]
15:59:59[[V] 10]
15:59:59[[T] 0x0009 ]
15:59:59[[L] 0002 ]
15:59:59[[V] 16]
15:59:59[[T] 0x000A ]
15:59:59[[L] 0010 ]
15:59:59[[V] 00000000000000000]
15:59:59[RX <CMD> EBX <RES> 000]
15:59:59[[BLK1] 012:]
15:59:59[[T] 0x804E ]
15:59:59[[L] 0008 ]
15:59:59[[V] ********]
15:59:59[TX <CMD> EBX]
15:59:59[[BLK1] 044:]
15:59:59[[T] 0x000F ]
15:59:59[[L] 0008 ]
15:59:59[[V] ********]
15:59:59[[T] 0x0003 ]
15:59:59[[L] 0002 ]
15:59:59[[V] 10]
15:59:59[[T] 0x0009 ]
15:59:59[[L] 0002 ]
15:59:59[[V] 17]
15:59:59[[T] 0x000A ]
15:59:59[[L] 0010 ]
15:59:59[[V] 00000000000000000]
15:59:59[RX <CMD> EBX <RES> 000]
15:59:59[[BLK1] 012:]
15:59:59[[T] 0x804E ]
15:59:59[[L] 0008 ]
15:59:59[[V] ********]
15:59:59[TX <CMD> EBX]
15:59:59[[BLK1] 044:]
15:59:59[[T] 0x000F ]
15:59:59[[L] 0008 ]
15:59:59[[V] ********]
15:59:59[[T] 0x0003 ]
15:59:59[[L] 0002 ]
15:59:59[[V] 10]
15:59:59[[T] 0x0009 ]
15:59:59[[L] 0002 ]
15:59:59[[V] 18]
15:59:59[[T] 0x000A ]
15:59:59[[L] 0010 ]
15:59:59[[V] 00000000000000000]
15:59:59[RX <CMD> EBX <RES> 042]
15:59:59[TX <CMD> EBX]
15:59:59[[BLK1] 044:]
15:59:59[[T] 0x000F ]
15:59:59[[L] 0008 ]
15:59:59[[V] ********]
15:59:59[[T] 0x0003 ]
15:59:59[[L] 0002 ]
15:59:59[[V] 10]
15:59:59[[T] 0x0009 ]
15:59:59[[L] 0002 ]
15:59:59[[V] 19]
15:59:59[[T] 0x000A ]
15:59:59[[L] 0010 ]
15:59:59[[V] 00000000000000000]
15:59:59[RX <CMD> EBX <RES> 000]
15:59:59[[BLK1] 012:]
15:59:59[[T] 0x804E ]
15:59:59[[L] 0008 ]
15:59:59[[V] ********]
15:59:59[TX <CMD> EBX]
15:59:59[[BLK1] 044:]
15:59:59[[T] 0x000F ]
15:59:59[[L] 0008 ]
15:59:59[[V] ********]
15:59:59[[T] 0x0003 ]
15:59:59[[L] 0002 ]
15:59:59[[V] 10]
15:59:59[[T] 0x0009 ]
15:59:59[[L] 0002 ]
15:59:59[[V] 20]
15:59:59[[T] 0x000A ]
15:59:59[[L] 0010 ]
15:59:59[[V] 00000000000000000]
15:59:59[RX <CMD> EBX <RES> 042]
15:59:59[TX <CMD> EBX]
15:59:59[[BLK1] 044:]
15:59:59[[T] 0x000F ]
15:59:59[[L] 0008 ]
15:59:59[[V] ********]
15:59:59[[T] 0x0003 ]
15:59:59[[L] 0002 ]
15:59:59[[V] 30]
15:59:59[[T] 0x0009 ]
15:59:59[[L] 0002 ]
15:59:59[[V] 00]
15:59:59[[T] 0x000A ]
15:59:59[[L] 0010 ]
15:59:59[[V] 00000000000000000]
15:59:59[RX <CMD> EBX <RES> 042]
15:59:59[TX <CMD> EBX]
15:59:59[[BLK1] 044:]
15:59:59[[T] 0x000F ]
15:59:59[[L] 0008 ]
15:59:59[[V] ********]
15:59:59[[T] 0x0003 ]
15:59:59[[L] 0002 ]
15:59:59[[V] 30]
15:59:59[[T] 0x0009 ]
15:59:59[[L] 0002 ]
15:59:59[[V] 01]
15:59:59[[T] 0x000A ]
15:59:59[[L] 0010 ]
15:59:59[[V] 00000000000000000]
16:00:00[RX <CMD> EBX <RES> 000]
16:00:00[[BLK1] 026:]
16:00:00[[T] 0x804E ]
16:00:00[[L] 0008 ]
16:00:00[[V] ********]
16:00:00[[T] 0x804C ]
16:00:00[[L] 000A ]
16:00:00[[V] FFF8140A009]
16:00:00[TX <CMD> EBX]
16:00:00[[BLK1] 044:]
16:00:00[[T] 0x000F ]
16:00:00[[L] 0008 ]
16:00:00[[V] ********]
16:00:00[[T] 0x0003 ]
16:00:00[[L] 0002 ]
16:00:00[[V] 30]
16:00:00[[T] 0x0009 ]
16:00:00[[L] 0002 ]
16:00:00[[V] 02]
16:00:00[[T] 0x000A ]
16:00:00[[L] 0010 ]
16:00:00[[V] 00000000000000000]
16:00:00[RX <CMD> EBX <RES> 042]
16:00:00[TX <CMD> EBX]
16:00:00[[BLK1] 044:]
16:00:00[[T] 0x000F ]
16:00:00[[L] 0008 ]
16:00:00[[V] ********]
16:00:00[[T] 0x0003 ]
16:00:00[[L] 0002 ]
16:00:00[[V] 30]
16:00:00[[T] 0x0009 ]
16:00:00[[L] 0002 ]
16:00:00[[V] 03]
16:00:00[[T] 0x000A ]
16:00:00[[L] 0010 ]
16:00:00[[V] 00000000000000000]
16:00:00[RX <CMD> EBX <RES> 042]
16:00:00[TX <CMD> EBX]
16:00:00[[BLK1] 044:]
16:00:00[[T] 0x000F ]
16:00:00[[L] 0008 ]
16:00:00[[V] ********]
16:00:00[[T] 0x0003 ]
16:00:00[[L] 0002 ]
16:00:00[[V] 30]
16:00:00[[T] 0x0009 ]
16:00:00[[L] 0002 ]
16:00:00[[V] 04]
16:00:00[[T] 0x000A ]
16:00:00[[L] 0010 ]
16:00:00[[V] 00000000000000000]
16:00:00[RX <CMD> EBX <RES> 042]
16:00:00[TX <CMD> EBX]
16:00:00[[BLK1] 044:]
16:00:00[[T] 0x000F ]
16:00:00[[L] 0008 ]
16:00:00[[V] ********]
16:00:00[[T] 0x0003 ]
16:00:00[[L] 0002 ]
16:00:00[[V] 30]
16:00:00[[T] 0x0009 ]
16:00:00[[L] 0002 ]
16:00:00[[V] 05]
16:00:00[[T] 0x000A ]
16:00:00[[L] 0010 ]
16:00:00[[V] 00000000000000000]
16:00:00[RX <CMD> EBX <RES> 042]
16:00:00[TX <CMD> EBX]
16:00:00[[BLK1] 044:]
16:00:00[[T] 0x000F ]
16:00:00[[L] 0008 ]
16:00:00[[V] ********]
16:00:00[[T] 0x0003 ]
16:00:00[[L] 0002 ]
16:00:00[[V] 30]
16:00:00[[T] 0x0009 ]
16:00:00[[L] 0002 ]
16:00:00[[V] 06]
16:00:00[[T] 0x000A ]
16:00:00[[L] 0010 ]
16:00:00[[V] 00000000000000000]
16:00:00[RX <CMD> EBX <RES> 042]
16:00:00[TX <CMD> EBX]
16:00:00[[BLK1] 044:]
16:00:00[[T] 0x000F ]
16:00:00[[L] 0008 ]
16:00:00[[V] ********]
16:00:00[[T] 0x0003 ]
16:00:00[[L] 0002 ]
16:00:00[[V] 30]
16:00:00[[T] 0x0009 ]
16:00:00[[L] 0002 ]
16:00:00[[V] 07]
16:00:00[[T] 0x000A ]
16:00:00[[L] 0010 ]
16:00:00[[V] 00000000000000000]
16:00:00[RX <CMD> EBX <RES> 042]
16:00:00[TX <CMD> EBX]
16:00:00[[BLK1] 044:]
16:00:00[[T] 0x000F ]
16:00:00[[L] 0008 ]
16:00:00[[V] ********]
16:00:00[[T] 0x0003 ]
16:00:00[[L] 0002 ]
16:00:00[[V] 30]
16:00:00[[T] 0x0009 ]
16:00:00[[L] 0002 ]
16:00:00[[V] 08]
16:00:00[[T] 0x000A ]
16:00:00[[L] 0010 ]
16:00:00[[V] 00000000000000000]
16:00:00[RX <CMD> EBX <RES> 000]
16:00:00[[BLK1] 026:]
16:00:00[[T] 0x804E ]
16:00:00[[L] 0008 ]
16:00:00[[V] ********]
16:00:00[[T] 0x804C ]
16:00:00[[L] 000A ]
16:00:00[[V] FF0091F0009]
16:00:00[TX <CMD> EBX]
16:00:00[[BLK1] 044:]
16:00:00[[T] 0x000F ]
16:00:00[[L] 0008 ]
16:00:00[[V] ********]
16:00:00[[T] 0x0003 ]
16:00:00[[L] 0002 ]
16:00:00[[V] 30]
16:00:00[[T] 0x0009 ]
16:00:00[[L] 0002 ]
16:00:00[[V] 09]
16:00:00[[T] 0x000A ]
16:00:00[[L] 0010 ]
16:00:00[[V] 00000000000000000]
16:00:00[RX <CMD> EBX <RES> 042]
16:00:00[TX <CMD> EBX]
16:00:00[[BLK1] 044:]
16:00:00[[T] 0x000F ]
16:00:00[[L] 0008 ]
16:00:00[[V] ********]
16:00:00[[T] 0x0003 ]
16:00:00[[L] 0002 ]
16:00:00[[V] 30]
16:00:00[[T] 0x0009 ]
16:00:00[[L] 0002 ]
16:00:00[[V] 10]
16:00:00[[T] 0x000A ]
16:00:00[[L] 0010 ]
16:00:00[[V] 00000000000000000]
16:00:01[RX <CMD> EBX <RES> 000]
16:00:01[[BLK1] 026:]
16:00:01[[T] 0x804E ]
16:00:01[[L] 0008 ]
16:00:01[[V] ********]
16:00:01[[T] 0x804C ]
16:00:01[[L] 000A ]
16:00:01[[V] FFF90128009]
16:00:01[TX <CMD> EBX]
16:00:01[[BLK1] 044:]
16:00:01[[T] 0x000F ]
16:00:01[[L] 0008 ]
16:00:01[[V] ********]
16:00:01[[T] 0x0003 ]
16:00:01[[L] 0002 ]
16:00:01[[V] 30]
16:00:01[[T] 0x0009 ]
16:00:01[[L] 0002 ]
16:00:01[[V] 11]
16:00:01[[T] 0x000A ]
16:00:01[[L] 0010 ]
16:00:01[[V] 00000000000000000]
16:00:01[RX <CMD> EBX <RES> 042]
16:00:01[TX <CMD> EBX]
16:00:01[[BLK1] 044:]
16:00:01[[T] 0x000F ]
16:00:01[[L] 0008 ]
16:00:01[[V] ********]
16:00:01[[T] 0x0003 ]
16:00:01[[L] 0002 ]
16:00:01[[V] 30]
16:00:01[[T] 0x0009 ]
16:00:01[[L] 0002 ]
16:00:01[[V] 12]
16:00:01[[T] 0x000A ]
16:00:01[[L] 0010 ]
16:00:01[[V] 00000000000000000]
16:00:01[RX <CMD> EBX <RES> 042]
16:00:01[TX <CMD> EBX]
16:00:01[[BLK1] 044:]
16:00:01[[T] 0x000F ]
16:00:01[[L] 0008 ]
16:00:01[[V] ********]
16:00:01[[T] 0x0003 ]
16:00:01[[L] 0002 ]
16:00:01[[V] 30]
16:00:01[[T] 0x0009 ]
16:00:01[[L] 0002 ]
16:00:01[[V] 13]
16:00:01[[T] 0x000A ]
16:00:01[[L] 0010 ]
16:00:01[[V] 00000000000000000]
16:00:01[RX <CMD> EBX <RES> 042]
16:00:01[TX <CMD> EBX]
16:00:01[[BLK1] 044:]
16:00:01[[T] 0x000F ]
16:00:01[[L] 0008 ]
16:00:01[[V] ********]
16:00:01[[T] 0x0003 ]
16:00:01[[L] 0002 ]
16:00:01[[V] 30]
16:00:01[[T] 0x0009 ]
16:00:01[[L] 0002 ]
16:00:01[[V] 14]
16:00:01[[T] 0x000A ]
16:00:01[[L] 0010 ]
16:00:01[[V] 00000000000000000]
16:00:01[RX <CMD> EBX <RES> 000]
16:00:01[[BLK1] 026:]
16:00:01[[T] 0x804E ]
16:00:01[[L] 0008 ]
16:00:01[[V] ********]
16:00:01[[T] 0x804C ]
16:00:01[[L] 000A ]
16:00:01[[V] 6320061A009]
16:00:01[TX <CMD> EBX]
16:00:01[[BLK1] 044:]
16:00:01[[T] 0x000F ]
16:00:01[[L] 0008 ]
16:00:01[[V] ********]
16:00:01[[T] 0x0003 ]
16:00:01[[L] 0002 ]
16:00:01[[V] 30]
16:00:01[[T] 0x0009 ]
16:00:01[[L] 0002 ]
16:00:01[[V] 15]
16:00:01[[T] 0x000A ]
16:00:01[[L] 0010 ]
16:00:01[[V] 00000000000000000]
16:00:01[RX <CMD> EBX <RES> 042]
16:00:01[TX <CMD> EBX]
16:00:01[[BLK1] 044:]
16:00:01[[T] 0x000F ]
16:00:01[[L] 0008 ]
16:00:01[[V] ********]
16:00:01[[T] 0x0003 ]
16:00:01[[L] 0002 ]
16:00:01[[V] 30]
16:00:01[[T] 0x0009 ]
16:00:01[[L] 0002 ]
16:00:01[[V] 16]
16:00:01[[T] 0x000A ]
16:00:01[[L] 0010 ]
16:00:01[[V] 00000000000000000]
16:00:01[RX <CMD> EBX <RES> 000]
16:00:01[[BLK1] 026:]
16:00:01[[T] 0x804E ]
16:00:01[[L] 0008 ]
16:00:01[[V] ********]
16:00:01[[T] 0x804C ]
16:00:01[[L] 000A ]
16:00:01[[V] 21100F20009]
16:00:01[TX <CMD> EBX]
16:00:01[[BLK1] 044:]
16:00:01[[T] 0x000F ]
16:00:01[[L] 0008 ]
16:00:01[[V] ********]
16:00:01[[T] 0x0003 ]
16:00:01[[L] 0002 ]
16:00:01[[V] 30]
16:00:01[[T] 0x0009 ]
16:00:01[[L] 0002 ]
16:00:01[[V] 17]
16:00:01[[T] 0x000A ]
16:00:01[[L] 0010 ]
16:00:01[[V] 00000000000000000]
16:00:01[RX <CMD> EBX <RES> 042]
16:00:01[TX <CMD> EBX]
16:00:01[[BLK1] 044:]
16:00:01[[T] 0x000F ]
16:00:01[[L] 0008 ]
16:00:01[[V] ********]
16:00:01[[T] 0x0003 ]
16:00:01[[L] 0002 ]
16:00:01[[V] 30]
16:00:01[[T] 0x0009 ]
16:00:01[[L] 0002 ]
16:00:01[[V] 18]
16:00:01[[T] 0x000A ]
16:00:01[[L] 0010 ]
16:00:01[[V] 00000000000000000]
16:00:02[RX <CMD> EBX <RES> 000]
16:00:02[[BLK1] 026:]
16:00:02[[T] 0x804E ]
16:00:02[[L] 0008 ]
16:00:02[[V] ********]
16:00:02[[T] 0x804C ]
16:00:02[[L] 000A ]
16:00:02[[V] B7610FB6009]
16:00:02[TX <CMD> EBX]
16:00:02[[BLK1] 044:]
16:00:02[[T] 0x000F ]
16:00:02[[L] 0008 ]
16:00:02[[V] ********]
16:00:02[[T] 0x0003 ]
16:00:02[[L] 0002 ]
16:00:02[[V] 30]
16:00:02[[T] 0x0009 ]
16:00:02[[L] 0002 ]
16:00:02[[V] 19]
16:00:02[[T] 0x000A ]
16:00:02[[L] 0010 ]
16:00:02[[V] 00000000000000000]
16:00:02[RX <CMD> EBX <RES> 000]
16:00:02[[BLK1] 026:]
16:00:02[[T] 0x804E ]
16:00:02[[L] 0008 ]
16:00:02[[V] ********]
16:00:02[[T] 0x804C ]
16:00:02[[L] 000A ]
16:00:02[[V] FFF60942009]
16:00:02[TX <CMD> EBX]
16:00:02[[BLK1] 044:]
16:00:02[[T] 0x000F ]
16:00:02[[L] 0008 ]
16:00:02[[V] ********]
16:00:02[[T] 0x0003 ]
16:00:02[[L] 0002 ]
16:00:02[[V] 30]
16:00:02[[T] 0x0009 ]
16:00:02[[L] 0002 ]
16:00:02[[V] 20]
16:00:02[[T] 0x000A ]
16:00:02[[L] 0010 ]
16:00:02[[V] 00000000000000000]
16:00:02[RX <CMD> EBX <RES> 000]
16:00:02[[BLK1] 026:]
16:00:02[[T] 0x804E ]
16:00:02[[L] 0008 ]
16:00:02[[V] ********]
16:00:02[[T] 0x804C ]
16:00:02[[L] 000A ]
16:00:02[[V] FFCFB848009]
16:00:02[TX <CMD> GIX]
16:00:02[[BLK1] 018:]
16:00:02[[T] 0x0001 ]
16:00:02[[L] 000E ]
16:00:02[[V] 808080808080801]
16:00:02[RX <CMD> GIX <RES> 000]
16:00:02[[BLK1] 113:]
16:00:02[[T] 0x8004 ]
16:00:02[[L] 0006 ]
16:00:02[[V] GERTEC]
16:00:02[[T] 0x8003 ]
16:00:02[[L] 000D ]
16:00:02[[V] PPC-930;192MB]
16:00:02[[T] 0x8005 ]
16:00:02[[L] 000A ]
16:00:02[[V] 1200000000]
16:00:02[[T] 0x8006 ]
16:00:02[[L] 0014 ]
16:00:02[[V] 1202.11403.VR0012  @]
16:00:02[[T] 0x8007 ]
16:00:02[[L] 0004 ]
16:00:02[[V] 2.03]
16:00:02[[T] 0x8008 ]
16:00:02[[L] 0010 ]
16:00:02[[V] 001.12 160914   ]
16:00:02[[T] 0x8001 ]
16:00:02[[L] 0010 ]
16:00:02[[V] 7200031906045572]
16:00:02[TX]RMC032    TRANSACAO       CANCELADA   
16:00:04[RX]RMC000
16:00:04[TX]{18}
16:00:04[RX]{04}
16:00:04[TX]CLO032 ***  Muxx  ***   (c)2018 SETIS 
16:00:05[RX]{16}
16:00:05[RX]CLO000{17}
