15:56:41:502 PW_Init(/home/luiz/Projetos/PayGo/pdvLinuxPayGoLibC_DotNetCoreCSharp/PDVS/bin/Debug/PGWebLib)
15:56:41:502 Ultima limpeza: 00/00/1900 00:00:00)
15:56:54:460 ********* Limpeza de logs efetuada
15:56:54:460 PW_iNewTransac(1, 0004.0000.0064.0000)
15:56:54:463 DISCONNECT =================================================================
15:56:54:463 >>LNXSSL_iModemDisconnect
15:56:54:465 PW_iAddParam(21, PDVS)
15:56:54:644 PW_iAddParam(22, 1.0)
15:56:54:645 PW_iAddParam(23, NTK Solutions Ltda)
15:56:54:645 PW_iAddParam(36, 28)
15:56:54:649 PW_iExecTransac(0004.0000.0064.0000) <-2497>
15:57:02:659 PW_iAddParam(246, 324159)
15:57:02:660 PW_iExecTransac(0004.0000.0064.0000) <-2497>
15:57:13:284 PW_iAddParam(17, 60798)
15:57:13:292 PW_iExecTransac(0004.0000.0064.0000) <-2497>
15:57:27:692 PW_iAddParam(28, 20726059000179)
15:57:27:693 PW_iExecTransac(0004.0000.0064.0000) <-2497>
15:57:48:390 PW_iAddParam(27, app.tpgw.ntk.com.br:1)
15:57:48:509 PW_iExecTransac(0004.0000.0064.0000) <-2497>
15:57:48:906 PW_iAddParam(32513, )
15:57:48:934 piStatus = MODSTS_OFF
15:57:48:934 CONNECT ====================================================================
15:57:48:934 Resolvendo o host (app.tpgw.ntk.com.br)
15:57:48:956 Conectando com o host (app.tpgw.ntk.com.br), IP (200.155.8.203:1)
15:57:48:956 CAFile = /home/luiz/Projetos/PayGo/pdvLinuxPayGoLibC_DotNetCoreCSharp/PDVS/bin/Debug/certificado.crt
