15:39:44:898 PW_Init(/home/luiz/Projetos/PayGo/pdvLinuxPayGoLibC_DotNetCoreCSharp/PDVS/bin/Debug/PGWebLib)
15:39:44:898 Ultima limpeza: 00/00/1900 00:00:00)
15:40:12:003 ********* Limpeza de logs efetuada
15:40:12:003 PW_iNewTransac(1, 0004.0000.0064.0000)
15:40:12:040 DISCONNECT =================================================================
15:40:12:041 >>LNXSSL_iModemDisconnect
15:40:12:103 PW_iAddParam(21, PDVS)
15:40:12:306 PW_iAddParam(22, 1.0)
15:40:12:306 PW_iAddParam(23, NTK Solutions Ltda)
15:40:12:306 PW_iAddParam(36, 28)
15:40:12:311 PW_iExecTransac(0004.0000.0064.0000) <-2497>
15:40:34:614 PW_iAddParam(246, 324159)
15:40:34:615 PW_iExecTransac(0004.0000.0064.0000) <-2497>
15:40:45:207 PW_iAddParam(17, 60368)
15:40:45:214 PW_iExecTransac(0004.0000.0064.0000) <-2497>
15:40:59:471 PW_iAddParam(28, 20726059000179)
15:40:59:471 PW_iExecTransac(0004.0000.0064.0000) <-2497>
15:41:22:263 PW_iAddParam(27, app.tpgw.ntk.com.br:17502)
15:41:22:271 PW_iExecTransac(0004.0000.0064.0000) <-2497>
15:41:25:922 PW_iAddParam(32513, 1)
15:41:25:948 PW_iExecTransac(0004.0000.0064.0000) <-2497>
15:41:32:128 PW_iAddParam(32514, 0)
15:43:28:856 PW_Init(/home/luiz/Projetos/PayGo/pdvLinuxPayGoLibC_DotNetCoreCSharp/PDVS/bin/Debug/PGWebLib)
15:43:28:856 Ultima limpeza: 25/10/2019 15:40:11)
15:43:44:417 PW_iNewTransac(1, 0004.0000.0064.0000)
15:43:44:429 DISCONNECT =================================================================
15:43:44:429 >>LNXSSL_iModemDisconnect
15:45:43:887 PW_Init(/home/luiz/Projetos/PayGo/pdvLinuxPayGoLibC_DotNetCoreCSharp/PDVS/bin/Debug/PGWebLib)
15:45:43:887 Ultima limpeza: 25/10/2019 15:40:11)
15:45:47:386 PW_iNewTransac(1, 0004.0000.0064.0000)
15:45:47:387 DISCONNECT =================================================================
15:45:47:387 >>LNXSSL_iModemDisconnect
