15:20:06:245 PW_Init(/home/luiz/Projetos/PayGo/pdvLinuxPayGoLibC_DotNetCoreCSharp/PDVS/bin/Debug/PGWebLib)
15:20:06:245 Ultima limpeza: 00/00/1900 00:00:00)
15:20:28:199 ********* Limpeza de logs efetuada
15:20:28:200 PW_iNewTransac(1, 0004.0000.0064.0000)
15:20:28:201 DISCONNECT =================================================================
15:20:28:201 >>LNXSSL_iModemDisconnect
15:20:28:203 PW_iAddParam(21, PDVS)
15:20:28:395 PW_iAddParam(22, 1.0)
15:20:28:395 PW_iAddParam(23, NTK Solutions Ltda)
15:20:28:395 PW_iAddParam(36, 28)
15:20:28:399 PW_iExecTransac(0004.0000.0064.0000) <-2497>
15:20:54:566 PW_iAddParam(246, 324159)
15:20:54:568 PW_iExecTransac(0004.0000.0064.0000) <-2497>
15:21:22:296 PW_iAddParam(17, 6073)
15:21:22:314 PW_iExecTransac(0004.0000.0064.0000) <-2497>
15:21:37:392 PW_iAddParam(28, 20726059000179)
15:21:37:392 PW_iExecTransac(0004.0000.0064.0000) <-2497>
15:22:02:721 PW_iAddParam(27, app.tpgw.ntk.com.br:17502)
15:22:03:216 PW_iExecTransac(0004.0000.0064.0000) <-2497>
15:22:06:897 PW_iAddParam(32513, 1)
15:22:06:904 PW_iExecTransac(0004.0000.0064.0000) <-2497>
15:22:14:672 PW_iAddParam(32514, 0)
15:22:25:919 [PGWebLib] PP_Treatment Selecionado: [1]
15:22:25:919 piStatus = MODSTS_OFF
15:22:25:919 CONNECT ====================================================================
15:22:25:921 Resolvendo o host (app.tpgw.ntk.com.br)
15:22:25:951 Conectando com o host (app.tpgw.ntk.com.br), IP (200.155.8.203:17502)
15:22:25:952 CAFile = /home/luiz/Projetos/PayGo/pdvLinuxPayGoLibC_DotNetCoreCSharp/PDVS/bin/Debug/certificado.crt
15:22:26:027 depth=1 /C=BR/ST=SAO PAULO/L=SAO PAULO/O=SETIS AUTOMACAO E SISTEMAS LTDA/OU=DESENVOLVIMENTO/CN=SETIS CA TEST/emailAddress=contato@setis.com.br
15:22:26:027 verify return:1
15:22:26:028 depth=0 /C=BR/ST=SAO PAULO/L=SAO PAULO/O=SETIS AUTOMACAO E SISTEMAS LTDA/OU=DESENVOLVIMENTO/CN=*.tpgw.ntk.com.br/emailAddress=contato@setis.com.br
15:22:26:028 verify return:1
15:22:26:139 Certificado auto-assinado
15:22:26:139 Nome do Subject: /C=BR/ST=SAO PAULO/L=SAO PAULO/O=SETIS AUTOMACAO E SISTEMAS LTDA/OU=DESENVOLVIMENTO/CN=*.tpgw.ntk.com.br/emailAddress=contato@setis.com.br
15:22:26:139 Nome do emissor: /C=BR/ST=SAO PAULO/L=SAO PAULO/O=SETIS AUTOMACAO E SISTEMAS LTDA/OU=DESENVOLVIMENTO/CN=SETIS CA TEST/emailAddress=contato@setis.com.br
15:22:26:139 Validacao pelo OpenSSL
15:22:26:139 OpenSSL OK: *.tpgw.ntk.com.br
15:22:26:139 TLSv1.2 connect OK <NEW SESSION>!
15:22:26:140 SSLState = 3 (SSL negotiation finished successfully)

15:22:26:140 STATUS: CONNECTED
15:22:26:140 TX[001784]: 02 24 00 06 ED 00 00 00 00 00 00 01 02 00 07 34 .$.............4
                         01 02                                           ..               
15:22:26:230 select = 1
15:22:26:231 RX[000001]: 02 24 00 00 64 00 00 A8 E3 A0 2B 01 04 00 00 00 .$..d.....+.....
                         07 02 01 81 11 04 36 30 37 33 32 03 70 96 44 41 ......60732.p.DA 
                         04 00 00 00 6D 42 2A 0D 50 4F 4E 54 4F 20 44 45 ....mB*.PONTO DE 
                         20 43 41 50 54 55 52 41 20 4E 41 4F 0D 20 20 20  CAPTURA NAO.    
                         20 20 43 41 44 41 53 54 52 41 44 4F 20 20 20 20   CADASTRADO     
                         20 43 04 00 00 00 02 6A 07 20 19 10 24 15 22 26  C.....j. ..$."& 
                         6B 07 20 19 10 24 18 22 26 6C 01 00 F4 01 00    k. ..$."&l.....  
15:22:26:315 DISCONNECT =================================================================
15:22:26:315 >>LNXSSL_iModemDisconnect
15:22:26:315 PW_iExecTransac(0004.0000.0064.0000) <-2497>
15:22:26:318 PW_iPPRemoveCard()
15:22:28:946 PW_iPPEventLoop OK()
15:22:28:954 PW_iExecTransac(0004.0000.0064.0000) <-2596>
15:22:28:955 0x02=1
15:22:28:955 0x1B=app.tpgw.ntk.com.br:17502
15:22:28:955 0x31=20191024152226
15:22:28:955 0x32=0000709644
15:22:28:955 0x42=PONTO DE CAPTURA NAO     CADASTRADO     
15:22:28:955 0x43=0
15:22:28:955 0x6C=0
15:22:28:955 0x6F=   PROCESSANDO...
15:22:28:955 0x74=      OPERACAO      CANCELADA
15:22:28:955 0x75=    OPERACAO        CANCELADA   
15:22:28:958 0x7F01=1
15:22:28:958 0x7F02=24
15:22:28:958 0x7F0B=0
