15:22:14[TX]{18}
15:22:14[RX]{04}
15:22:14[TX]OPN5230256951B2614256D148E586C384E56395183C13CA15CF1F68A4ECE80E7AC1AAE3335AF804C2D5B7627554E421CFBF38FEFB637DBA275AF5FD58497FF3DECDF95F79F9D7EC6D687FFC6DECE983E52D7E64EB5FE126AE3A1D375B40DCB7881D7ECFBA6EC1A08A7437B1DA60CB9119533E794BC38FA4FDDD122218729389003E422110000711CE6C69081788B3BD2AF18D2E7C37A76300AC3FB23E4107DA72FBC718FDB37291F183C20FA97616A41D4D6591D28EE81C5C8EB89B4936309DE912A8F96ED0E075121E2406BBD9EE2C0AC6BF323D1D5001CF2BD9E56B72FD306E341F99B786697E4794C91FE2AD33EE68E689D917313615D985253EFAC2C968FA46FDDB86B30103E9
15:22:15[RX]OPN0005152562EB6BE62C4511DAD8BC6B4A806F20D0ACC196AF2F45785F0C7699ECCC779557F2018191B4F74607D03B6DA7E78D08C4D608EF0FD98A4ED48BF62C9C87C89AE1898D39BBC284498330BF3943E2D443309063742B68050C3674B60C45D0738A5F361D6F9311C846BC63C893C4E858CB17574A7A8BB8F3B71D938DC1DD17DBE350997C10FBD1B6B55874ED1AB4529A3740C4DB026D7FDBC2142A78C94D2D241B4F18E2BBE78785BC4ED914A88718D202137E87185AD956149411DF76C9B41B448061643A3537E91072C3200BA92CEE2172E5E83A30AAF134EBB390BF3BB3591BE2CE7DBC2801969E9C2820F413A91E8274FD30D7647B7CDC51136F712866A81E775
15:22:15[TX <CMD> GIX]
15:22:15[[BLK1] 008:]
15:22:15[[T] 0x0001 ]
15:22:15[[L] 0004 ]
15:22:15[[V] 80807]
15:22:15[RX <CMD> GIX <RES> 000]
15:22:15[[BLK1] 028:]
15:22:15[[T] 0x8009 ]
15:22:15[[L] 0010 ]
15:22:15[[V] 001.12 160914   ]
15:22:15[[T] 0x8007 ]
15:22:15[[L] 0004 ]
15:22:15[[V] 2.03]
15:22:15[TX <CMD> GIX]
15:22:15[[BLK1] 010:]
15:22:15[[T] 0x0001 ]
15:22:15[[L] 0006 ]
15:22:15[[V] 8180807]
15:22:15[RX <CMD> GIX <RES> 000]
15:22:15[[BLK1] 036:]
15:22:15[[T] 0x8010 ]
15:22:15[[L] 0004 ]
15:22:15[[V] 1.15]
15:22:15[[T] 0x8009 ]
15:22:15[[L] 0010 ]
15:22:15[[V] 001.12 160914   ]
15:22:15[[T] 0x8007 ]
15:22:15[[L] 0004 ]
15:22:15[[V] 2.03]
15:22:15[TX <CMD> GIX]
15:22:15[[BLK1] 018:]
15:22:15[[T] 0x0001 ]
15:22:15[[L] 000E ]
15:22:15[[V] 818181818080835]
15:22:15[RX <CMD> GIX <RES> 000]
15:22:15[[BLK1] 166:]
15:22:15[[T] 0x8010 ]
15:22:15[[L] 0004 ]
15:22:15[[V] 1.15]
15:22:15[[T] 0x8011 ]
15:22:15[[L] 0004 ]
15:22:15[[V] 0010]
15:22:15[[T] 0x8012 ]
15:22:15[[L] 0005 ]
15:22:15[[V] 3.0.0]
15:22:15[[T] 0x8013 ]
15:22:15[[L] 0005 ]
15:22:15[[V] 1.0.0]
15:22:15[[T] 0x8009 ]
15:22:15[[L] 0010 ]
15:22:15[[V] 001.12 160914   ]
15:22:15[[T] 0x8007 ]
15:22:15[[L] 0004 ]
15:22:15[[V] 2.03]
15:22:15[[T] 0x8035 ]
15:22:15[[L] 0064 ]
15:22:15[[V] 0111000010100010111111110000000000000000000000000000000000000000000000000000000000000000000000000000]
15:22:15[TX <CMD> GIX]
15:22:15[[BLK1] 008:]
15:22:15[[T] 0x0001 ]
15:22:15[[L] 0004 ]
15:22:15[[V] 80807]
15:22:15[RX <CMD> GIX <RES> 000]
15:22:15[[BLK1] 028:]
15:22:15[[T] 0x8009 ]
15:22:15[[L] 0010 ]
15:22:15[[V] 001.12 160914   ]
15:22:15[[T] 0x8007 ]
15:22:15[[L] 0004 ]
15:22:15[[V] 2.03]
15:22:15[TX <CMD> GIX]
15:22:15[[BLK1] 008:]
15:22:15[[T] 0x0001 ]
15:22:15[[L] 0004 ]
15:22:15[[V] 80807]
15:22:15[RX <CMD> GIX <RES> 000]
15:22:15[[BLK1] 028:]
15:22:15[[T] 0x8009 ]
15:22:15[[L] 0010 ]
15:22:15[[V] 001.12 160914   ]
15:22:15[[T] 0x8007 ]
15:22:15[[L] 0004 ]
15:22:15[[V] 2.03]
15:22:15[TX <CMD> GIX]
15:22:15[[BLK1] 008:]
15:22:15[[T] 0x0001 ]
15:22:15[[L] 0004 ]
15:22:15[[V] 80807]
15:22:15[RX <CMD> GIX <RES> 000]
15:22:15[[BLK1] 028:]
15:22:15[[T] 0x8009 ]
15:22:15[[L] 0010 ]
15:22:15[[V] 001.12 160914   ]
15:22:15[[T] 0x8007 ]
15:22:15[[L] 0004 ]
15:22:15[[V] 2.03]
15:22:15[TX <CMD> GIX]
15:22:15[[BLK1] 008:]
15:22:15[[T] 0x0001 ]
15:22:15[[L] 0004 ]
15:22:15[[V] 80807]
15:22:15[RX <CMD> GIX <RES> 000]
15:22:15[[BLK1] 028:]
15:22:15[[T] 0x8009 ]
15:22:15[[L] 0010 ]
15:22:15[[V] 001.12 160914   ]
15:22:15[[T] 0x8007 ]
15:22:15[[L] 0004 ]
15:22:15[[V] 2.03]
15:22:15[TX <CMD> GIX]
15:22:15[[BLK1] 008:]
15:22:15[[T] 0x0001 ]
15:22:15[[L] 0004 ]
15:22:15[[V] 80807]
15:22:15[RX <CMD> GIX <RES> 000]
15:22:15[[BLK1] 028:]
15:22:15[[T] 0x8009 ]
15:22:15[[L] 0010 ]
15:22:15[[V] 001.12 160914   ]
15:22:15[[T] 0x8007 ]
15:22:15[[L] 0004 ]
15:22:15[[V] 2.03]
15:22:15[TX <CMD> GIX]
15:22:15[[BLK1] 008:]
15:22:15[[T] 0x0001 ]
15:22:15[[L] 0004 ]
15:22:15[[V] 80807]
15:22:16[RX <CMD> GIX <RES> 000]
15:22:16[[BLK1] 028:]
15:22:16[[T] 0x8009 ]
15:22:16[[L] 0010 ]
15:22:16[[V] 001.12 160914   ]
15:22:16[[T] 0x8007 ]
15:22:16[[L] 0004 ]
15:22:16[[V] 2.03]
15:22:16[TX <CMD> GIX]
15:22:16[[BLK1] 006:]
15:22:16[[T] 0x0001 ]
15:22:16[[L] 0002 ]
15:22:16[[V] 900]
15:22:16[RX <CMD> GIX <RES> 000]
15:22:16[**erro[35] PPS_iAbecsGetTag 9000]
15:22:16[TX <CMD> GIX]
15:22:16[[BLK1] 006:]
15:22:16[[T] 0x0001 ]
15:22:16[[L] 0002 ]
15:22:16[[V] 901]
15:22:16[RX <CMD> GIX <RES> 000]
15:22:16[**erro[35] PPS_iAbecsGetTag 9001]
15:22:16[TX <CMD> GIX]
15:22:16[[BLK1] 006:]
15:22:16[[T] 0x0001 ]
15:22:16[[L] 0002 ]
15:22:16[[V] 902]
15:22:16[RX <CMD> GIX <RES> 000]
15:22:16[**erro[35] PPS_iAbecsGetTag 9002]
15:22:16[TX <CMD> GIX]
15:22:16[[BLK1] 006:]
15:22:16[[T] 0x0001 ]
15:22:16[[L] 0002 ]
15:22:16[[V] 903]
15:22:16[RX <CMD> GIX <RES> 000]
15:22:16[**erro[35] PPS_iAbecsGetTag 9003]
15:22:16[TX <CMD> GIX]
15:22:16[[BLK1] 006:]
15:22:16[[T] 0x0001 ]
15:22:16[[L] 0002 ]
15:22:16[[V] 904]
15:22:16[RX <CMD> GIX <RES> 000]
15:22:16[**erro[35] PPS_iAbecsGetTag 9004]
15:22:16[TX <CMD> GIX]
15:22:16[[BLK1] 006:]
15:22:16[[T] 0x0001 ]
15:22:16[[L] 0002 ]
15:22:16[[V] 905]
15:22:16[RX <CMD> GIX <RES> 000]
15:22:16[**erro[35] PPS_iAbecsGetTag 9005]
15:22:16[TX <CMD> GIX]
15:22:16[[BLK1] 006:]
15:22:16[[T] 0x0001 ]
15:22:16[[L] 0002 ]
15:22:16[[V] 906]
15:22:16[RX <CMD> GIX <RES> 000]
15:22:16[**erro[35] PPS_iAbecsGetTag 9006]
15:22:16[TX <CMD> GIX]
15:22:16[[BLK1] 006:]
15:22:16[[T] 0x0001 ]
15:22:16[[L] 0002 ]
15:22:16[[V] 907]
15:22:16[RX <CMD> GIX <RES> 000]
15:22:16[**erro[35] PPS_iAbecsGetTag 9007]
15:22:16[TX <CMD> GIX]
15:22:16[[BLK1] 006:]
15:22:16[[T] 0x0001 ]
15:22:16[[L] 0002 ]
15:22:16[[V] 908]
15:22:16[RX <CMD> GIX <RES> 000]
15:22:16[**erro[35] PPS_iAbecsGetTag 9008]
15:22:16[TX <CMD> GIX]
15:22:16[[BLK1] 006:]
15:22:16[[T] 0x0001 ]
15:22:16[[L] 0002 ]
15:22:16[[V] 909]
15:22:16[RX <CMD> GIX <RES> 000]
15:22:16[**erro[35] PPS_iAbecsGetTag 9009]
15:22:16[TX <CMD> GIX]
15:22:16[[BLK1] 006:]
15:22:16[[T] 0x0001 ]
15:22:16[[L] 0002 ]
15:22:16[[V] 90A]
15:22:16[RX <CMD> GIX <RES> 000]
15:22:16[**erro[35] PPS_iAbecsGetTag 900A]
15:22:16[TX <CMD> GIX]
15:22:16[[BLK1] 006:]
15:22:16[[T] 0x0001 ]
15:22:16[[L] 0002 ]
15:22:16[[V] 90B]
15:22:16[RX <CMD> GIX <RES> 000]
15:22:16[**erro[35] PPS_iAbecsGetTag 900B]
15:22:16[TX <CMD> GIX]
15:22:16[[BLK1] 006:]
15:22:16[[T] 0x0001 ]
15:22:16[[L] 0002 ]
15:22:16[[V] 90C]
15:22:17[RX <CMD> GIX <RES> 000]
15:22:17[**erro[35] PPS_iAbecsGetTag 900C]
15:22:17[TX <CMD> GIX]
15:22:17[[BLK1] 006:]
15:22:17[[T] 0x0001 ]
15:22:17[[L] 0002 ]
15:22:17[[V] 90D]
15:22:17[RX <CMD> GIX <RES> 000]
15:22:17[**erro[35] PPS_iAbecsGetTag 900D]
15:22:17[TX <CMD> GIX]
15:22:17[[BLK1] 006:]
15:22:17[[T] 0x0001 ]
15:22:17[[L] 0002 ]
15:22:17[[V] 90E]
15:22:17[RX <CMD> GIX <RES> 000]
15:22:17[**erro[35] PPS_iAbecsGetTag 900E]
15:22:17[TX <CMD> GIX]
15:22:17[[BLK1] 006:]
15:22:17[[T] 0x0001 ]
15:22:17[[L] 0002 ]
15:22:17[[V] 90F]
15:22:17[RX <CMD> GIX <RES> 000]
15:22:17[**erro[35] PPS_iAbecsGetTag 900F]
15:22:17[TX <CMD> GIX]
15:22:17[[BLK1] 006:]
15:22:17[[T] 0x0001 ]
15:22:17[[L] 0002 ]
15:22:17[[V] 910]
15:22:17[RX <CMD> GIX <RES> 000]
15:22:17[**erro[35] PPS_iAbecsGetTag 9010]
15:22:17[TX <CMD> GIX]
15:22:17[[BLK1] 006:]
15:22:17[[T] 0x0001 ]
15:22:17[[L] 0002 ]
15:22:17[[V] 911]
15:22:17[RX <CMD> GIX <RES> 000]
15:22:17[**erro[35] PPS_iAbecsGetTag 9011]
15:22:17[TX <CMD> GIX]
15:22:17[[BLK1] 006:]
15:22:17[[T] 0x0001 ]
15:22:17[[L] 0002 ]
15:22:17[[V] 912]
15:22:17[RX <CMD> GIX <RES> 000]
15:22:17[**erro[35] PPS_iAbecsGetTag 9012]
15:22:17[TX <CMD> GIX]
15:22:17[[BLK1] 006:]
15:22:17[[T] 0x0001 ]
15:22:17[[L] 0002 ]
15:22:17[[V] 913]
15:22:17[RX <CMD> GIX <RES> 000]
15:22:17[**erro[35] PPS_iAbecsGetTag 9013]
15:22:17[TX <CMD> GIX]
15:22:17[[BLK1] 006:]
15:22:17[[T] 0x0001 ]
15:22:17[[L] 0002 ]
15:22:17[[V] 914]
15:22:17[RX <CMD> GIX <RES> 000]
15:22:17[**erro[35] PPS_iAbecsGetTag 9014]
15:22:17[TX <CMD> GIX]
15:22:17[[BLK1] 006:]
15:22:17[[T] 0x0001 ]
15:22:17[[L] 0002 ]
15:22:17[[V] 900]
15:22:17[RX <CMD> GIX <RES> 000]
15:22:17[**erro[35] PPS_iAbecsGetTag 9100]
15:22:17[TX <CMD> GIX]
15:22:17[[BLK1] 006:]
15:22:17[[T] 0x0001 ]
15:22:17[[L] 0002 ]
15:22:17[[V] 901]
15:22:17[RX <CMD> GIX <RES> 000]
15:22:17[[BLK1] 014:]
15:22:17[[T] 0x9101 ]
15:22:17[[L] 000A ]
15:22:17[[V] FFF8140A001]
15:22:17[TX <CMD> GIX]
15:22:17[[BLK1] 006:]
15:22:17[[T] 0x0001 ]
15:22:17[[L] 0002 ]
15:22:17[[V] 902]
15:22:18[RX <CMD> GIX <RES> 000]
15:22:18[[BLK1] 014:]
15:22:18[[T] 0x9102 ]
15:22:18[[L] 000A ]
15:22:18[[V] FFF0156E003]
15:22:18[TX <CMD> GIX]
15:22:18[[BLK1] 006:]
15:22:18[[T] 0x0001 ]
15:22:18[[L] 0002 ]
15:22:18[[V] 903]
15:22:18[RX <CMD> GIX <RES> 000]
15:22:18[[BLK1] 014:]
15:22:18[[T] 0x9103 ]
15:22:18[[L] 000A ]
15:22:18[[V] FFF00108001]
15:22:18[TX <CMD> GIX]
15:22:18[[BLK1] 006:]
15:22:18[[T] 0x0001 ]
15:22:18[[L] 0002 ]
15:22:18[[V] 904]
15:22:18[RX <CMD> GIX <RES> 000]
15:22:18[**erro[35] PPS_iAbecsGetTag 9104]
15:22:18[TX <CMD> GIX]
15:22:18[[BLK1] 006:]
15:22:18[[T] 0x0001 ]
15:22:18[[L] 0002 ]
15:22:18[[V] 905]
15:22:18[RX <CMD> GIX <RES> 000]
15:22:18[**erro[35] PPS_iAbecsGetTag 9105]
15:22:18[TX <CMD> GIX]
15:22:18[[BLK1] 006:]
15:22:18[[T] 0x0001 ]
15:22:18[[L] 0002 ]
15:22:18[[V] 906]
15:22:18[RX <CMD> GIX <RES> 000]
15:22:18[**erro[35] PPS_iAbecsGetTag 9106]
15:22:18[TX <CMD> GIX]
15:22:18[[BLK1] 006:]
15:22:18[[T] 0x0001 ]
15:22:18[[L] 0002 ]
15:22:18[[V] 907]
15:22:18[RX <CMD> GIX <RES> 000]
15:22:18[**erro[35] PPS_iAbecsGetTag 9107]
15:22:18[TX <CMD> GIX]
15:22:18[[BLK1] 006:]
15:22:18[[T] 0x0001 ]
15:22:18[[L] 0002 ]
15:22:18[[V] 908]
15:22:18[RX <CMD> GIX <RES> 000]
15:22:18[[BLK1] 014:]
15:22:18[[T] 0x9108 ]
15:22:18[[L] 000A ]
15:22:18[[V] FF0091F0005]
15:22:18[TX <CMD> GIX]
15:22:18[[BLK1] 006:]
15:22:18[[T] 0x0001 ]
15:22:18[[L] 0002 ]
15:22:18[[V] 909]
15:22:18[RX <CMD> GIX <RES> 000]
15:22:18[**erro[35] PPS_iAbecsGetTag 9109]
15:22:18[TX <CMD> GIX]
15:22:18[[BLK1] 006:]
15:22:18[[T] 0x0001 ]
15:22:18[[L] 0002 ]
15:22:18[[V] 90A]
15:22:18[RX <CMD> GIX <RES> 000]
15:22:18[[BLK1] 014:]
15:22:18[[T] 0x910A ]
15:22:18[[L] 000A ]
15:22:18[[V] FFF90128001]
15:22:18[TX <CMD> GIX]
15:22:18[[BLK1] 006:]
15:22:18[[T] 0x0001 ]
15:22:18[[L] 0002 ]
15:22:18[[V] 90B]
15:22:18[RX <CMD> GIX <RES> 000]
15:22:18[**erro[35] PPS_iAbecsGetTag 910B]
15:22:18[TX <CMD> GIX]
15:22:18[[BLK1] 006:]
15:22:18[[T] 0x0001 ]
15:22:18[[L] 0002 ]
15:22:18[[V] 90C]
15:22:18[RX <CMD> GIX <RES> 000]
15:22:18[**erro[35] PPS_iAbecsGetTag 910C]
15:22:18[TX <CMD> GIX]
15:22:18[[BLK1] 006:]
15:22:18[[T] 0x0001 ]
15:22:18[[L] 0002 ]
15:22:18[[V] 90D]
15:22:18[RX <CMD> GIX <RES> 000]
15:22:18[**erro[35] PPS_iAbecsGetTag 910D]
15:22:18[TX <CMD> GIX]
15:22:18[[BLK1] 006:]
15:22:18[[T] 0x0001 ]
15:22:18[[L] 0002 ]
15:22:18[[V] 90E]
15:22:19[RX <CMD> GIX <RES> 000]
15:22:19[[BLK1] 014:]
15:22:19[[T] 0x910E ]
15:22:19[[L] 000A ]
15:22:19[[V] 6320061E001]
15:22:19[TX <CMD> GIX]
15:22:19[[BLK1] 006:]
15:22:19[[T] 0x0001 ]
15:22:19[[L] 0002 ]
15:22:19[[V] 90F]
15:22:19[RX <CMD> GIX <RES> 000]
15:22:19[**erro[35] PPS_iAbecsGetTag 910F]
15:22:19[TX <CMD> GIX]
15:22:19[[BLK1] 006:]
15:22:19[[T] 0x0001 ]
15:22:19[[L] 0002 ]
15:22:19[[V] 910]
15:22:19[RX <CMD> GIX <RES> 000]
15:22:19[[BLK1] 014:]
15:22:19[[T] 0x9110 ]
15:22:19[[L] 000A ]
15:22:19[[V] 21100F22001]
15:22:19[TX <CMD> GIX]
15:22:19[[BLK1] 006:]
15:22:19[[T] 0x0001 ]
15:22:19[[L] 0002 ]
15:22:19[[V] 911]
15:22:19[RX <CMD> GIX <RES> 000]
15:22:19[[BLK1] 014:]
15:22:19[[T] 0x9111 ]
15:22:19[[L] 000A ]
15:22:19[[V] FFF3079C001]
15:22:19[TX <CMD> GIX]
15:22:19[[BLK1] 006:]
15:22:19[[T] 0x0001 ]
15:22:19[[L] 0002 ]
15:22:19[[V] 912]
15:22:19[RX <CMD> GIX <RES> 000]
15:22:19[[BLK1] 014:]
15:22:19[[T] 0x9112 ]
15:22:19[[L] 000A ]
15:22:19[[V] B7610FB6001]
15:22:19[TX <CMD> GIX]
15:22:19[[BLK1] 006:]
15:22:19[[T] 0x0001 ]
15:22:19[[L] 0002 ]
15:22:19[[V] 913]
15:22:19[RX <CMD> GIX <RES> 000]
15:22:19[[BLK1] 014:]
15:22:19[[T] 0x9113 ]
15:22:19[[L] 000A ]
15:22:19[[V] FFF50944001]
15:22:19[TX <CMD> GIX]
15:22:19[[BLK1] 006:]
15:22:19[[T] 0x0001 ]
15:22:19[[L] 0002 ]
15:22:19[[V] 914]
15:22:19[RX <CMD> GIX <RES> 000]
15:22:19[[BLK1] 014:]
15:22:19[[T] 0x9114 ]
15:22:19[[L] 000A ]
15:22:19[[V] FFBFC84A001]
15:22:19[TX <CMD> EBX]
15:22:19[[BLK1] 036:]
15:22:19[[T] 0x000F ]
15:22:19[[L] 0008 ]
15:22:19[[V] ********]
15:22:19[[T] 0x0003 ]
15:22:19[[L] 0002 ]
15:22:19[[V] 00]
15:22:19[[T] 0x0009 ]
15:22:19[[L] 0002 ]
15:22:19[[V] 00]
15:22:19[[T] 0x000A ]
15:22:19[[L] 0008 ]
15:22:19[[V] 000000000]
15:22:19[RX <CMD> EBX <RES> 042]
15:22:19[TX <CMD> EBX]
15:22:19[[BLK1] 036:]
15:22:19[[T] 0x000F ]
15:22:19[[L] 0008 ]
15:22:19[[V] ********]
15:22:19[[T] 0x0003 ]
15:22:19[[L] 0002 ]
15:22:19[[V] 00]
15:22:19[[T] 0x0009 ]
15:22:19[[L] 0002 ]
15:22:19[[V] 01]
15:22:19[[T] 0x000A ]
15:22:19[[L] 0008 ]
15:22:19[[V] 000000000]
15:22:19[RX <CMD> EBX <RES> 042]
15:22:19[TX <CMD> EBX]
15:22:19[[BLK1] 036:]
15:22:19[[T] 0x000F ]
15:22:19[[L] 0008 ]
15:22:19[[V] ********]
15:22:19[[T] 0x0003 ]
15:22:19[[L] 0002 ]
15:22:19[[V] 00]
15:22:19[[T] 0x0009 ]
15:22:19[[L] 0002 ]
15:22:19[[V] 02]
15:22:19[[T] 0x000A ]
15:22:19[[L] 0008 ]
15:22:19[[V] 000000000]
15:22:19[RX <CMD> EBX <RES> 042]
15:22:19[TX <CMD> EBX]
15:22:19[[BLK1] 036:]
15:22:19[[T] 0x000F ]
15:22:19[[L] 0008 ]
15:22:19[[V] ********]
15:22:19[[T] 0x0003 ]
15:22:19[[L] 0002 ]
15:22:19[[V] 00]
15:22:19[[T] 0x0009 ]
15:22:19[[L] 0002 ]
15:22:19[[V] 03]
15:22:19[[T] 0x000A ]
15:22:19[[L] 0008 ]
15:22:19[[V] 000000000]
15:22:19[RX <CMD> EBX <RES> 042]
15:22:19[TX <CMD> EBX]
15:22:19[[BLK1] 036:]
15:22:19[[T] 0x000F ]
15:22:19[[L] 0008 ]
15:22:19[[V] ********]
15:22:19[[T] 0x0003 ]
15:22:19[[L] 0002 ]
15:22:19[[V] 00]
15:22:19[[T] 0x0009 ]
15:22:19[[L] 0002 ]
15:22:19[[V] 04]
15:22:19[[T] 0x000A ]
15:22:19[[L] 0008 ]
15:22:19[[V] 000000000]
15:22:20[RX <CMD> EBX <RES> 042]
15:22:20[TX <CMD> EBX]
15:22:20[[BLK1] 036:]
15:22:20[[T] 0x000F ]
15:22:20[[L] 0008 ]
15:22:20[[V] ********]
15:22:20[[T] 0x0003 ]
15:22:20[[L] 0002 ]
15:22:20[[V] 00]
15:22:20[[T] 0x0009 ]
15:22:20[[L] 0002 ]
15:22:20[[V] 05]
15:22:20[[T] 0x000A ]
15:22:20[[L] 0008 ]
15:22:20[[V] 000000000]
15:22:20[RX <CMD> EBX <RES> 042]
15:22:20[TX <CMD> EBX]
15:22:20[[BLK1] 036:]
15:22:20[[T] 0x000F ]
15:22:20[[L] 0008 ]
15:22:20[[V] ********]
15:22:20[[T] 0x0003 ]
15:22:20[[L] 0002 ]
15:22:20[[V] 00]
15:22:20[[T] 0x0009 ]
15:22:20[[L] 0002 ]
15:22:20[[V] 06]
15:22:20[[T] 0x000A ]
15:22:20[[L] 0008 ]
15:22:20[[V] 000000000]
15:22:20[RX <CMD> EBX <RES> 042]
15:22:20[TX <CMD> EBX]
15:22:20[[BLK1] 036:]
15:22:20[[T] 0x000F ]
15:22:20[[L] 0008 ]
15:22:20[[V] ********]
15:22:20[[T] 0x0003 ]
15:22:20[[L] 0002 ]
15:22:20[[V] 00]
15:22:20[[T] 0x0009 ]
15:22:20[[L] 0002 ]
15:22:20[[V] 07]
15:22:20[[T] 0x000A ]
15:22:20[[L] 0008 ]
15:22:20[[V] 000000000]
15:22:20[RX <CMD> EBX <RES> 042]
15:22:20[TX <CMD> EBX]
15:22:20[[BLK1] 036:]
15:22:20[[T] 0x000F ]
15:22:20[[L] 0008 ]
15:22:20[[V] ********]
15:22:20[[T] 0x0003 ]
15:22:20[[L] 0002 ]
15:22:20[[V] 00]
15:22:20[[T] 0x0009 ]
15:22:20[[L] 0002 ]
15:22:20[[V] 08]
15:22:20[[T] 0x000A ]
15:22:20[[L] 0008 ]
15:22:20[[V] 000000000]
15:22:20[RX <CMD> EBX <RES> 042]
15:22:20[TX <CMD> EBX]
15:22:20[[BLK1] 036:]
15:22:20[[T] 0x000F ]
15:22:20[[L] 0008 ]
15:22:20[[V] ********]
15:22:20[[T] 0x0003 ]
15:22:20[[L] 0002 ]
15:22:20[[V] 00]
15:22:20[[T] 0x0009 ]
15:22:20[[L] 0002 ]
15:22:20[[V] 09]
15:22:20[[T] 0x000A ]
15:22:20[[L] 0008 ]
15:22:20[[V] 000000000]
15:22:20[RX <CMD> EBX <RES> 042]
15:22:20[TX <CMD> EBX]
15:22:20[[BLK1] 036:]
15:22:20[[T] 0x000F ]
15:22:20[[L] 0008 ]
15:22:20[[V] ********]
15:22:20[[T] 0x0003 ]
15:22:20[[L] 0002 ]
15:22:20[[V] 00]
15:22:20[[T] 0x0009 ]
15:22:20[[L] 0002 ]
15:22:20[[V] 10]
15:22:20[[T] 0x000A ]
15:22:20[[L] 0008 ]
15:22:20[[V] 000000000]
15:22:20[RX <CMD> EBX <RES> 042]
15:22:20[TX <CMD> EBX]
15:22:20[[BLK1] 036:]
15:22:20[[T] 0x000F ]
15:22:20[[L] 0008 ]
15:22:20[[V] ********]
15:22:20[[T] 0x0003 ]
15:22:20[[L] 0002 ]
15:22:20[[V] 00]
15:22:20[[T] 0x0009 ]
15:22:20[[L] 0002 ]
15:22:20[[V] 11]
15:22:20[[T] 0x000A ]
15:22:20[[L] 0008 ]
15:22:20[[V] 000000000]
15:22:20[RX <CMD> EBX <RES> 042]
15:22:20[TX <CMD> EBX]
15:22:20[[BLK1] 036:]
15:22:20[[T] 0x000F ]
15:22:20[[L] 0008 ]
15:22:20[[V] ********]
15:22:20[[T] 0x0003 ]
15:22:20[[L] 0002 ]
15:22:20[[V] 00]
15:22:20[[T] 0x0009 ]
15:22:20[[L] 0002 ]
15:22:20[[V] 12]
15:22:20[[T] 0x000A ]
15:22:20[[L] 0008 ]
15:22:20[[V] 000000000]
15:22:20[RX <CMD> EBX <RES> 042]
15:22:20[TX <CMD> EBX]
15:22:20[[BLK1] 036:]
15:22:20[[T] 0x000F ]
15:22:20[[L] 0008 ]
15:22:20[[V] ********]
15:22:20[[T] 0x0003 ]
15:22:20[[L] 0002 ]
15:22:20[[V] 00]
15:22:20[[T] 0x0009 ]
15:22:20[[L] 0002 ]
15:22:20[[V] 13]
15:22:20[[T] 0x000A ]
15:22:20[[L] 0008 ]
15:22:20[[V] 000000000]
15:22:20[RX <CMD> EBX <RES> 042]
15:22:20[TX <CMD> EBX]
15:22:20[[BLK1] 036:]
15:22:20[[T] 0x000F ]
15:22:20[[L] 0008 ]
15:22:20[[V] ********]
15:22:20[[T] 0x0003 ]
15:22:20[[L] 0002 ]
15:22:20[[V] 00]
15:22:20[[T] 0x0009 ]
15:22:20[[L] 0002 ]
15:22:20[[V] 14]
15:22:20[[T] 0x000A ]
15:22:20[[L] 0008 ]
15:22:20[[V] 000000000]
15:22:20[RX <CMD> EBX <RES> 042]
15:22:20[TX <CMD> EBX]
15:22:20[[BLK1] 036:]
15:22:20[[T] 0x000F ]
15:22:20[[L] 0008 ]
15:22:20[[V] ********]
15:22:20[[T] 0x0003 ]
15:22:20[[L] 0002 ]
15:22:20[[V] 00]
15:22:20[[T] 0x0009 ]
15:22:20[[L] 0002 ]
15:22:20[[V] 15]
15:22:20[[T] 0x000A ]
15:22:20[[L] 0008 ]
15:22:20[[V] 000000000]
15:22:20[RX <CMD> EBX <RES> 042]
15:22:20[TX <CMD> EBX]
15:22:20[[BLK1] 036:]
15:22:20[[T] 0x000F ]
15:22:20[[L] 0008 ]
15:22:20[[V] ********]
15:22:20[[T] 0x0003 ]
15:22:20[[L] 0002 ]
15:22:20[[V] 00]
15:22:20[[T] 0x0009 ]
15:22:20[[L] 0002 ]
15:22:20[[V] 16]
15:22:20[[T] 0x000A ]
15:22:20[[L] 0008 ]
15:22:20[[V] 000000000]
15:22:20[RX <CMD> EBX <RES> 042]
15:22:20[TX <CMD> EBX]
15:22:20[[BLK1] 036:]
15:22:20[[T] 0x000F ]
15:22:20[[L] 0008 ]
15:22:20[[V] ********]
15:22:20[[T] 0x0003 ]
15:22:20[[L] 0002 ]
15:22:20[[V] 00]
15:22:20[[T] 0x0009 ]
15:22:20[[L] 0002 ]
15:22:20[[V] 17]
15:22:20[[T] 0x000A ]
15:22:20[[L] 0008 ]
15:22:20[[V] 000000000]
15:22:21[RX <CMD> EBX <RES> 042]
15:22:21[TX <CMD> EBX]
15:22:21[[BLK1] 036:]
15:22:21[[T] 0x000F ]
15:22:21[[L] 0008 ]
15:22:21[[V] ********]
15:22:21[[T] 0x0003 ]
15:22:21[[L] 0002 ]
15:22:21[[V] 00]
15:22:21[[T] 0x0009 ]
15:22:21[[L] 0002 ]
15:22:21[[V] 18]
15:22:21[[T] 0x000A ]
15:22:21[[L] 0008 ]
15:22:21[[V] 000000000]
15:22:21[RX <CMD> EBX <RES> 042]
15:22:21[TX <CMD> EBX]
15:22:21[[BLK1] 036:]
15:22:21[[T] 0x000F ]
15:22:21[[L] 0008 ]
15:22:21[[V] ********]
15:22:21[[T] 0x0003 ]
15:22:21[[L] 0002 ]
15:22:21[[V] 00]
15:22:21[[T] 0x0009 ]
15:22:21[[L] 0002 ]
15:22:21[[V] 19]
15:22:21[[T] 0x000A ]
15:22:21[[L] 0008 ]
15:22:21[[V] 000000000]
15:22:21[RX <CMD> EBX <RES> 042]
15:22:21[TX <CMD> EBX]
15:22:21[[BLK1] 036:]
15:22:21[[T] 0x000F ]
15:22:21[[L] 0008 ]
15:22:21[[V] ********]
15:22:21[[T] 0x0003 ]
15:22:21[[L] 0002 ]
15:22:21[[V] 00]
15:22:21[[T] 0x0009 ]
15:22:21[[L] 0002 ]
15:22:21[[V] 20]
15:22:21[[T] 0x000A ]
15:22:21[[L] 0008 ]
15:22:21[[V] 000000000]
15:22:21[RX <CMD> EBX <RES> 042]
15:22:21[TX <CMD> EBX]
15:22:21[[BLK1] 044:]
15:22:21[[T] 0x000F ]
15:22:21[[L] 0008 ]
15:22:21[[V] ********]
15:22:21[[T] 0x0003 ]
15:22:21[[L] 0002 ]
15:22:21[[V] 10]
15:22:21[[T] 0x0009 ]
15:22:21[[L] 0002 ]
15:22:21[[V] 00]
15:22:21[[T] 0x000A ]
15:22:21[[L] 0010 ]
15:22:21[[V] 00000000000000000]
15:22:21[RX <CMD> EBX <RES> 042]
15:22:21[TX <CMD> EBX]
15:22:21[[BLK1] 044:]
15:22:21[[T] 0x000F ]
15:22:21[[L] 0008 ]
15:22:21[[V] ********]
15:22:21[[T] 0x0003 ]
15:22:21[[L] 0002 ]
15:22:21[[V] 10]
15:22:21[[T] 0x0009 ]
15:22:21[[L] 0002 ]
15:22:21[[V] 01]
15:22:21[[T] 0x000A ]
15:22:21[[L] 0010 ]
15:22:21[[V] 00000000000000000]
15:22:21[RX <CMD> EBX <RES> 042]
15:22:21[TX <CMD> EBX]
15:22:21[[BLK1] 044:]
15:22:21[[T] 0x000F ]
15:22:21[[L] 0008 ]
15:22:21[[V] ********]
15:22:21[[T] 0x0003 ]
15:22:21[[L] 0002 ]
15:22:21[[V] 10]
15:22:21[[T] 0x0009 ]
15:22:21[[L] 0002 ]
15:22:21[[V] 02]
15:22:21[[T] 0x000A ]
15:22:21[[L] 0010 ]
15:22:21[[V] 00000000000000000]
15:22:21[RX <CMD> EBX <RES> 000]
15:22:21[[BLK1] 012:]
15:22:21[[T] 0x804E ]
15:22:21[[L] 0008 ]
15:22:21[[V] ********]
15:22:21[TX <CMD> EBX]
15:22:21[[BLK1] 044:]
15:22:21[[T] 0x000F ]
15:22:21[[L] 0008 ]
15:22:21[[V] ********]
15:22:21[[T] 0x0003 ]
15:22:21[[L] 0002 ]
15:22:21[[V] 10]
15:22:21[[T] 0x0009 ]
15:22:21[[L] 0002 ]
15:22:21[[V] 03]
15:22:21[[T] 0x000A ]
15:22:21[[L] 0010 ]
15:22:21[[V] 00000000000000000]
15:22:21[RX <CMD> EBX <RES> 042]
15:22:21[TX <CMD> EBX]
15:22:21[[BLK1] 044:]
15:22:21[[T] 0x000F ]
15:22:21[[L] 0008 ]
15:22:21[[V] ********]
15:22:21[[T] 0x0003 ]
15:22:21[[L] 0002 ]
15:22:21[[V] 10]
15:22:21[[T] 0x0009 ]
15:22:21[[L] 0002 ]
15:22:21[[V] 04]
15:22:21[[T] 0x000A ]
15:22:21[[L] 0010 ]
15:22:21[[V] 00000000000000000]
15:22:21[RX <CMD> EBX <RES> 000]
15:22:21[[BLK1] 012:]
15:22:21[[T] 0x804E ]
15:22:21[[L] 0008 ]
15:22:21[[V] ********]
15:22:21[TX <CMD> EBX]
15:22:21[[BLK1] 044:]
15:22:21[[T] 0x000F ]
15:22:21[[L] 0008 ]
15:22:21[[V] ********]
15:22:21[[T] 0x0003 ]
15:22:21[[L] 0002 ]
15:22:21[[V] 10]
15:22:21[[T] 0x0009 ]
15:22:21[[L] 0002 ]
15:22:21[[V] 05]
15:22:21[[T] 0x000A ]
15:22:21[[L] 0010 ]
15:22:21[[V] 00000000000000000]
15:22:21[RX <CMD> EBX <RES> 042]
15:22:21[TX <CMD> EBX]
15:22:21[[BLK1] 044:]
15:22:21[[T] 0x000F ]
15:22:21[[L] 0008 ]
15:22:21[[V] ********]
15:22:21[[T] 0x0003 ]
15:22:21[[L] 0002 ]
15:22:21[[V] 10]
15:22:21[[T] 0x0009 ]
15:22:21[[L] 0002 ]
15:22:21[[V] 06]
15:22:21[[T] 0x000A ]
15:22:21[[L] 0010 ]
15:22:21[[V] 00000000000000000]
15:22:21[RX <CMD> EBX <RES> 042]
15:22:21[TX <CMD> EBX]
15:22:21[[BLK1] 044:]
15:22:21[[T] 0x000F ]
15:22:21[[L] 0008 ]
15:22:21[[V] ********]
15:22:21[[T] 0x0003 ]
15:22:21[[L] 0002 ]
15:22:21[[V] 10]
15:22:21[[T] 0x0009 ]
15:22:21[[L] 0002 ]
15:22:21[[V] 07]
15:22:21[[T] 0x000A ]
15:22:21[[L] 0010 ]
15:22:21[[V] 00000000000000000]
15:22:21[RX <CMD> EBX <RES> 042]
15:22:21[TX <CMD> EBX]
15:22:21[[BLK1] 044:]
15:22:21[[T] 0x000F ]
15:22:21[[L] 0008 ]
15:22:21[[V] ********]
15:22:21[[T] 0x0003 ]
15:22:21[[L] 0002 ]
15:22:21[[V] 10]
15:22:21[[T] 0x0009 ]
15:22:21[[L] 0002 ]
15:22:21[[V] 08]
15:22:21[[T] 0x000A ]
15:22:21[[L] 0010 ]
15:22:21[[V] 00000000000000000]
15:22:22[RX <CMD> EBX <RES> 000]
15:22:22[[BLK1] 012:]
15:22:22[[T] 0x804E ]
15:22:22[[L] 0008 ]
15:22:22[[V] ********]
15:22:22[TX <CMD> EBX]
15:22:22[[BLK1] 044:]
15:22:22[[T] 0x000F ]
15:22:22[[L] 0008 ]
15:22:22[[V] ********]
15:22:22[[T] 0x0003 ]
15:22:22[[L] 0002 ]
15:22:22[[V] 10]
15:22:22[[T] 0x0009 ]
15:22:22[[L] 0002 ]
15:22:22[[V] 09]
15:22:22[[T] 0x000A ]
15:22:22[[L] 0010 ]
15:22:22[[V] 00000000000000000]
15:22:22[RX <CMD> EBX <RES> 000]
15:22:22[[BLK1] 012:]
15:22:22[[T] 0x804E ]
15:22:22[[L] 0008 ]
15:22:22[[V] ********]
15:22:22[TX <CMD> EBX]
15:22:22[[BLK1] 044:]
15:22:22[[T] 0x000F ]
15:22:22[[L] 0008 ]
15:22:22[[V] ********]
15:22:22[[T] 0x0003 ]
15:22:22[[L] 0002 ]
15:22:22[[V] 10]
15:22:22[[T] 0x0009 ]
15:22:22[[L] 0002 ]
15:22:22[[V] 10]
15:22:22[[T] 0x000A ]
15:22:22[[L] 0010 ]
15:22:22[[V] 00000000000000000]
15:22:22[RX <CMD> EBX <RES> 000]
15:22:22[[BLK1] 012:]
15:22:22[[T] 0x804E ]
15:22:22[[L] 0008 ]
15:22:22[[V] ********]
15:22:22[TX <CMD> EBX]
15:22:22[[BLK1] 044:]
15:22:22[[T] 0x000F ]
15:22:22[[L] 0008 ]
15:22:22[[V] ********]
15:22:22[[T] 0x0003 ]
15:22:22[[L] 0002 ]
15:22:22[[V] 10]
15:22:22[[T] 0x0009 ]
15:22:22[[L] 0002 ]
15:22:22[[V] 11]
15:22:22[[T] 0x000A ]
15:22:22[[L] 0010 ]
15:22:22[[V] 00000000000000000]
15:22:22[RX <CMD> EBX <RES> 000]
15:22:22[[BLK1] 012:]
15:22:22[[T] 0x804E ]
15:22:22[[L] 0008 ]
15:22:22[[V] ********]
15:22:22[TX <CMD> EBX]
15:22:22[[BLK1] 044:]
15:22:22[[T] 0x000F ]
15:22:22[[L] 0008 ]
15:22:22[[V] ********]
15:22:22[[T] 0x0003 ]
15:22:22[[L] 0002 ]
15:22:22[[V] 10]
15:22:22[[T] 0x0009 ]
15:22:22[[L] 0002 ]
15:22:22[[V] 12]
15:22:22[[T] 0x000A ]
15:22:22[[L] 0010 ]
15:22:22[[V] 00000000000000000]
15:22:22[RX <CMD> EBX <RES> 000]
15:22:22[[BLK1] 012:]
15:22:22[[T] 0x804E ]
15:22:22[[L] 0008 ]
15:22:22[[V] ********]
15:22:22[TX <CMD> EBX]
15:22:22[[BLK1] 044:]
15:22:22[[T] 0x000F ]
15:22:22[[L] 0008 ]
15:22:22[[V] ********]
15:22:22[[T] 0x0003 ]
15:22:22[[L] 0002 ]
15:22:22[[V] 10]
15:22:22[[T] 0x0009 ]
15:22:22[[L] 0002 ]
15:22:22[[V] 13]
15:22:22[[T] 0x000A ]
15:22:22[[L] 0010 ]
15:22:22[[V] 00000000000000000]
15:22:22[RX <CMD> EBX <RES> 000]
15:22:22[[BLK1] 012:]
15:22:22[[T] 0x804E ]
15:22:22[[L] 0008 ]
15:22:22[[V] ********]
15:22:22[TX <CMD> EBX]
15:22:22[[BLK1] 044:]
15:22:22[[T] 0x000F ]
15:22:22[[L] 0008 ]
15:22:22[[V] ********]
15:22:22[[T] 0x0003 ]
15:22:22[[L] 0002 ]
15:22:22[[V] 10]
15:22:22[[T] 0x0009 ]
15:22:22[[L] 0002 ]
15:22:22[[V] 14]
15:22:22[[T] 0x000A ]
15:22:22[[L] 0010 ]
15:22:22[[V] 00000000000000000]
15:22:22[RX <CMD> EBX <RES> 000]
15:22:22[[BLK1] 012:]
15:22:22[[T] 0x804E ]
15:22:22[[L] 0008 ]
15:22:22[[V] ********]
15:22:22[TX <CMD> EBX]
15:22:22[[BLK1] 044:]
15:22:22[[T] 0x000F ]
15:22:22[[L] 0008 ]
15:22:22[[V] ********]
15:22:22[[T] 0x0003 ]
15:22:22[[L] 0002 ]
15:22:22[[V] 10]
15:22:22[[T] 0x0009 ]
15:22:22[[L] 0002 ]
15:22:22[[V] 15]
15:22:22[[T] 0x000A ]
15:22:22[[L] 0010 ]
15:22:22[[V] 00000000000000000]
15:22:22[RX <CMD> EBX <RES> 000]
15:22:22[[BLK1] 012:]
15:22:22[[T] 0x804E ]
15:22:22[[L] 0008 ]
15:22:22[[V] ********]
15:22:22[TX <CMD> EBX]
15:22:22[[BLK1] 044:]
15:22:22[[T] 0x000F ]
15:22:22[[L] 0008 ]
15:22:22[[V] ********]
15:22:22[[T] 0x0003 ]
15:22:22[[L] 0002 ]
15:22:22[[V] 10]
15:22:22[[T] 0x0009 ]
15:22:22[[L] 0002 ]
15:22:22[[V] 16]
15:22:22[[T] 0x000A ]
15:22:22[[L] 0010 ]
15:22:22[[V] 00000000000000000]
15:22:22[RX <CMD> EBX <RES> 000]
15:22:22[[BLK1] 012:]
15:22:22[[T] 0x804E ]
15:22:22[[L] 0008 ]
15:22:22[[V] ********]
15:22:22[TX <CMD> EBX]
15:22:22[[BLK1] 044:]
15:22:22[[T] 0x000F ]
15:22:22[[L] 0008 ]
15:22:22[[V] ********]
15:22:22[[T] 0x0003 ]
15:22:22[[L] 0002 ]
15:22:22[[V] 10]
15:22:22[[T] 0x0009 ]
15:22:22[[L] 0002 ]
15:22:22[[V] 17]
15:22:22[[T] 0x000A ]
15:22:22[[L] 0010 ]
15:22:22[[V] 00000000000000000]
15:22:22[RX <CMD> EBX <RES> 000]
15:22:22[[BLK1] 012:]
15:22:22[[T] 0x804E ]
15:22:22[[L] 0008 ]
15:22:22[[V] ********]
15:22:22[TX <CMD> EBX]
15:22:22[[BLK1] 044:]
15:22:22[[T] 0x000F ]
15:22:22[[L] 0008 ]
15:22:22[[V] ********]
15:22:22[[T] 0x0003 ]
15:22:22[[L] 0002 ]
15:22:22[[V] 10]
15:22:22[[T] 0x0009 ]
15:22:22[[L] 0002 ]
15:22:22[[V] 18]
15:22:22[[T] 0x000A ]
15:22:22[[L] 0010 ]
15:22:22[[V] 00000000000000000]
15:22:22[RX <CMD> EBX <RES> 042]
15:22:22[TX <CMD> EBX]
15:22:22[[BLK1] 044:]
15:22:22[[T] 0x000F ]
15:22:22[[L] 0008 ]
15:22:22[[V] ********]
15:22:22[[T] 0x0003 ]
15:22:22[[L] 0002 ]
15:22:22[[V] 10]
15:22:22[[T] 0x0009 ]
15:22:22[[L] 0002 ]
15:22:22[[V] 19]
15:22:22[[T] 0x000A ]
15:22:22[[L] 0010 ]
15:22:22[[V] 00000000000000000]
15:22:23[RX <CMD> EBX <RES> 000]
15:22:23[[BLK1] 012:]
15:22:23[[T] 0x804E ]
15:22:23[[L] 0008 ]
15:22:23[[V] ********]
15:22:23[TX <CMD> EBX]
15:22:23[[BLK1] 044:]
15:22:23[[T] 0x000F ]
15:22:23[[L] 0008 ]
15:22:23[[V] ********]
15:22:23[[T] 0x0003 ]
15:22:23[[L] 0002 ]
15:22:23[[V] 10]
15:22:23[[T] 0x0009 ]
15:22:23[[L] 0002 ]
15:22:23[[V] 20]
15:22:23[[T] 0x000A ]
15:22:23[[L] 0010 ]
15:22:23[[V] 00000000000000000]
15:22:23[RX <CMD> EBX <RES> 042]
15:22:23[TX <CMD> EBX]
15:22:23[[BLK1] 044:]
15:22:23[[T] 0x000F ]
15:22:23[[L] 0008 ]
15:22:23[[V] ********]
15:22:23[[T] 0x0003 ]
15:22:23[[L] 0002 ]
15:22:23[[V] 30]
15:22:23[[T] 0x0009 ]
15:22:23[[L] 0002 ]
15:22:23[[V] 00]
15:22:23[[T] 0x000A ]
15:22:23[[L] 0010 ]
15:22:23[[V] 00000000000000000]
15:22:23[RX <CMD> EBX <RES> 042]
15:22:23[TX <CMD> EBX]
15:22:23[[BLK1] 044:]
15:22:23[[T] 0x000F ]
15:22:23[[L] 0008 ]
15:22:23[[V] ********]
15:22:23[[T] 0x0003 ]
15:22:23[[L] 0002 ]
15:22:23[[V] 30]
15:22:23[[T] 0x0009 ]
15:22:23[[L] 0002 ]
15:22:23[[V] 01]
15:22:23[[T] 0x000A ]
15:22:23[[L] 0010 ]
15:22:23[[V] 00000000000000000]
15:22:23[RX <CMD> EBX <RES> 000]
15:22:23[[BLK1] 026:]
15:22:23[[T] 0x804E ]
15:22:23[[L] 0008 ]
15:22:23[[V] ********]
15:22:23[[T] 0x804C ]
15:22:23[[L] 000A ]
15:22:23[[V] FFF8140A008]
15:22:23[TX <CMD> EBX]
15:22:23[[BLK1] 044:]
15:22:23[[T] 0x000F ]
15:22:23[[L] 0008 ]
15:22:23[[V] ********]
15:22:23[[T] 0x0003 ]
15:22:23[[L] 0002 ]
15:22:23[[V] 30]
15:22:23[[T] 0x0009 ]
15:22:23[[L] 0002 ]
15:22:23[[V] 02]
15:22:23[[T] 0x000A ]
15:22:23[[L] 0010 ]
15:22:23[[V] 00000000000000000]
15:22:23[RX <CMD> EBX <RES> 042]
15:22:23[TX <CMD> EBX]
15:22:23[[BLK1] 044:]
15:22:23[[T] 0x000F ]
15:22:23[[L] 0008 ]
15:22:23[[V] ********]
15:22:23[[T] 0x0003 ]
15:22:23[[L] 0002 ]
15:22:23[[V] 30]
15:22:23[[T] 0x0009 ]
15:22:23[[L] 0002 ]
15:22:23[[V] 03]
15:22:23[[T] 0x000A ]
15:22:23[[L] 0010 ]
15:22:23[[V] 00000000000000000]
15:22:23[RX <CMD> EBX <RES> 042]
15:22:23[TX <CMD> EBX]
15:22:23[[BLK1] 044:]
15:22:23[[T] 0x000F ]
15:22:23[[L] 0008 ]
15:22:23[[V] ********]
15:22:23[[T] 0x0003 ]
15:22:23[[L] 0002 ]
15:22:23[[V] 30]
15:22:23[[T] 0x0009 ]
15:22:23[[L] 0002 ]
15:22:23[[V] 04]
15:22:23[[T] 0x000A ]
15:22:23[[L] 0010 ]
15:22:23[[V] 00000000000000000]
15:22:23[RX <CMD> EBX <RES> 042]
15:22:23[TX <CMD> EBX]
15:22:23[[BLK1] 044:]
15:22:23[[T] 0x000F ]
15:22:23[[L] 0008 ]
15:22:23[[V] ********]
15:22:23[[T] 0x0003 ]
15:22:23[[L] 0002 ]
15:22:23[[V] 30]
15:22:23[[T] 0x0009 ]
15:22:23[[L] 0002 ]
15:22:23[[V] 05]
15:22:23[[T] 0x000A ]
15:22:23[[L] 0010 ]
15:22:23[[V] 00000000000000000]
15:22:23[RX <CMD> EBX <RES> 042]
15:22:23[TX <CMD> EBX]
15:22:23[[BLK1] 044:]
15:22:23[[T] 0x000F ]
15:22:23[[L] 0008 ]
15:22:23[[V] ********]
15:22:23[[T] 0x0003 ]
15:22:23[[L] 0002 ]
15:22:23[[V] 30]
15:22:23[[T] 0x0009 ]
15:22:23[[L] 0002 ]
15:22:23[[V] 06]
15:22:23[[T] 0x000A ]
15:22:23[[L] 0010 ]
15:22:23[[V] 00000000000000000]
15:22:23[RX <CMD> EBX <RES> 042]
15:22:23[TX <CMD> EBX]
15:22:23[[BLK1] 044:]
15:22:23[[T] 0x000F ]
15:22:23[[L] 0008 ]
15:22:23[[V] ********]
15:22:23[[T] 0x0003 ]
15:22:23[[L] 0002 ]
15:22:23[[V] 30]
15:22:23[[T] 0x0009 ]
15:22:23[[L] 0002 ]
15:22:23[[V] 07]
15:22:23[[T] 0x000A ]
15:22:23[[L] 0010 ]
15:22:23[[V] 00000000000000000]
15:22:23[RX <CMD> EBX <RES> 042]
15:22:23[TX <CMD> EBX]
15:22:23[[BLK1] 044:]
15:22:23[[T] 0x000F ]
15:22:23[[L] 0008 ]
15:22:23[[V] ********]
15:22:23[[T] 0x0003 ]
15:22:23[[L] 0002 ]
15:22:23[[V] 30]
15:22:23[[T] 0x0009 ]
15:22:23[[L] 0002 ]
15:22:23[[V] 08]
15:22:23[[T] 0x000A ]
15:22:23[[L] 0010 ]
15:22:23[[V] 00000000000000000]
15:22:24[RX <CMD> EBX <RES> 000]
15:22:24[[BLK1] 026:]
15:22:24[[T] 0x804E ]
15:22:24[[L] 0008 ]
15:22:24[[V] ********]
15:22:24[[T] 0x804C ]
15:22:24[[L] 000A ]
15:22:24[[V] FF0091F0008]
15:22:24[TX <CMD> EBX]
15:22:24[[BLK1] 044:]
15:22:24[[T] 0x000F ]
15:22:24[[L] 0008 ]
15:22:24[[V] ********]
15:22:24[[T] 0x0003 ]
15:22:24[[L] 0002 ]
15:22:24[[V] 30]
15:22:24[[T] 0x0009 ]
15:22:24[[L] 0002 ]
15:22:24[[V] 09]
15:22:24[[T] 0x000A ]
15:22:24[[L] 0010 ]
15:22:24[[V] 00000000000000000]
15:22:24[RX <CMD> EBX <RES> 042]
15:22:24[TX <CMD> EBX]
15:22:24[[BLK1] 044:]
15:22:24[[T] 0x000F ]
15:22:24[[L] 0008 ]
15:22:24[[V] ********]
15:22:24[[T] 0x0003 ]
15:22:24[[L] 0002 ]
15:22:24[[V] 30]
15:22:24[[T] 0x0009 ]
15:22:24[[L] 0002 ]
15:22:24[[V] 10]
15:22:24[[T] 0x000A ]
15:22:24[[L] 0010 ]
15:22:24[[V] 00000000000000000]
15:22:24[RX <CMD> EBX <RES> 000]
15:22:24[[BLK1] 026:]
15:22:24[[T] 0x804E ]
15:22:24[[L] 0008 ]
15:22:24[[V] ********]
15:22:24[[T] 0x804C ]
15:22:24[[L] 000A ]
15:22:24[[V] FFF90128008]
15:22:24[TX <CMD> EBX]
15:22:24[[BLK1] 044:]
15:22:24[[T] 0x000F ]
15:22:24[[L] 0008 ]
15:22:24[[V] ********]
15:22:24[[T] 0x0003 ]
15:22:24[[L] 0002 ]
15:22:24[[V] 30]
15:22:24[[T] 0x0009 ]
15:22:24[[L] 0002 ]
15:22:24[[V] 11]
15:22:24[[T] 0x000A ]
15:22:24[[L] 0010 ]
15:22:24[[V] 00000000000000000]
15:22:24[RX <CMD> EBX <RES> 042]
15:22:24[TX <CMD> EBX]
15:22:24[[BLK1] 044:]
15:22:24[[T] 0x000F ]
15:22:24[[L] 0008 ]
15:22:24[[V] ********]
15:22:24[[T] 0x0003 ]
15:22:24[[L] 0002 ]
15:22:24[[V] 30]
15:22:24[[T] 0x0009 ]
15:22:24[[L] 0002 ]
15:22:24[[V] 12]
15:22:24[[T] 0x000A ]
15:22:24[[L] 0010 ]
15:22:24[[V] 00000000000000000]
15:22:24[RX <CMD> EBX <RES> 042]
15:22:24[TX <CMD> EBX]
15:22:24[[BLK1] 044:]
15:22:24[[T] 0x000F ]
15:22:24[[L] 0008 ]
15:22:24[[V] ********]
15:22:24[[T] 0x0003 ]
15:22:24[[L] 0002 ]
15:22:24[[V] 30]
15:22:24[[T] 0x0009 ]
15:22:24[[L] 0002 ]
15:22:24[[V] 13]
15:22:24[[T] 0x000A ]
15:22:24[[L] 0010 ]
15:22:24[[V] 00000000000000000]
15:22:24[RX <CMD> EBX <RES> 042]
15:22:24[TX <CMD> EBX]
15:22:24[[BLK1] 044:]
15:22:24[[T] 0x000F ]
15:22:24[[L] 0008 ]
15:22:24[[V] ********]
15:22:24[[T] 0x0003 ]
15:22:24[[L] 0002 ]
15:22:24[[V] 30]
15:22:24[[T] 0x0009 ]
15:22:24[[L] 0002 ]
15:22:24[[V] 14]
15:22:24[[T] 0x000A ]
15:22:24[[L] 0010 ]
15:22:24[[V] 00000000000000000]
15:22:24[RX <CMD> EBX <RES> 000]
15:22:24[[BLK1] 026:]
15:22:24[[T] 0x804E ]
15:22:24[[L] 0008 ]
15:22:24[[V] ********]
15:22:24[[T] 0x804C ]
15:22:24[[L] 000A ]
15:22:24[[V] 6320061A008]
15:22:24[TX <CMD> EBX]
15:22:24[[BLK1] 044:]
15:22:24[[T] 0x000F ]
15:22:24[[L] 0008 ]
15:22:24[[V] ********]
15:22:24[[T] 0x0003 ]
15:22:24[[L] 0002 ]
15:22:24[[V] 30]
15:22:24[[T] 0x0009 ]
15:22:24[[L] 0002 ]
15:22:24[[V] 15]
15:22:24[[T] 0x000A ]
15:22:24[[L] 0010 ]
15:22:24[[V] 00000000000000000]
15:22:24[RX <CMD> EBX <RES> 042]
15:22:24[TX <CMD> EBX]
15:22:24[[BLK1] 044:]
15:22:24[[T] 0x000F ]
15:22:24[[L] 0008 ]
15:22:24[[V] ********]
15:22:24[[T] 0x0003 ]
15:22:24[[L] 0002 ]
15:22:24[[V] 30]
15:22:24[[T] 0x0009 ]
15:22:24[[L] 0002 ]
15:22:24[[V] 16]
15:22:24[[T] 0x000A ]
15:22:24[[L] 0010 ]
15:22:24[[V] 00000000000000000]
15:22:25[RX <CMD> EBX <RES> 000]
15:22:25[[BLK1] 026:]
15:22:25[[T] 0x804E ]
15:22:25[[L] 0008 ]
15:22:25[[V] ********]
15:22:25[[T] 0x804C ]
15:22:25[[L] 000A ]
15:22:25[[V] 21100F20008]
15:22:25[TX <CMD> EBX]
15:22:25[[BLK1] 044:]
15:22:25[[T] 0x000F ]
15:22:25[[L] 0008 ]
15:22:25[[V] ********]
15:22:25[[T] 0x0003 ]
15:22:25[[L] 0002 ]
15:22:25[[V] 30]
15:22:25[[T] 0x0009 ]
15:22:25[[L] 0002 ]
15:22:25[[V] 17]
15:22:25[[T] 0x000A ]
15:22:25[[L] 0010 ]
15:22:25[[V] 00000000000000000]
15:22:25[RX <CMD> EBX <RES> 042]
15:22:25[TX <CMD> EBX]
15:22:25[[BLK1] 044:]
15:22:25[[T] 0x000F ]
15:22:25[[L] 0008 ]
15:22:25[[V] ********]
15:22:25[[T] 0x0003 ]
15:22:25[[L] 0002 ]
15:22:25[[V] 30]
15:22:25[[T] 0x0009 ]
15:22:25[[L] 0002 ]
15:22:25[[V] 18]
15:22:25[[T] 0x000A ]
15:22:25[[L] 0010 ]
15:22:25[[V] 00000000000000000]
15:22:25[RX <CMD> EBX <RES> 000]
15:22:25[[BLK1] 026:]
15:22:25[[T] 0x804E ]
15:22:25[[L] 0008 ]
15:22:25[[V] ********]
15:22:25[[T] 0x804C ]
15:22:25[[L] 000A ]
15:22:25[[V] B7610FB6008]
15:22:25[TX <CMD> EBX]
15:22:25[[BLK1] 044:]
15:22:25[[T] 0x000F ]
15:22:25[[L] 0008 ]
15:22:25[[V] ********]
15:22:25[[T] 0x0003 ]
15:22:25[[L] 0002 ]
15:22:25[[V] 30]
15:22:25[[T] 0x0009 ]
15:22:25[[L] 0002 ]
15:22:25[[V] 19]
15:22:25[[T] 0x000A ]
15:22:25[[L] 0010 ]
15:22:25[[V] 00000000000000000]
15:22:25[RX <CMD> EBX <RES> 000]
15:22:25[[BLK1] 026:]
15:22:25[[T] 0x804E ]
15:22:25[[L] 0008 ]
15:22:25[[V] ********]
15:22:25[[T] 0x804C ]
15:22:25[[L] 000A ]
15:22:25[[V] FFF60942008]
15:22:25[TX <CMD> EBX]
15:22:25[[BLK1] 044:]
15:22:25[[T] 0x000F ]
15:22:25[[L] 0008 ]
15:22:25[[V] ********]
15:22:25[[T] 0x0003 ]
15:22:25[[L] 0002 ]
15:22:25[[V] 30]
15:22:25[[T] 0x0009 ]
15:22:25[[L] 0002 ]
15:22:25[[V] 20]
15:22:25[[T] 0x000A ]
15:22:25[[L] 0010 ]
15:22:25[[V] 00000000000000000]
15:22:25[RX <CMD> EBX <RES> 000]
15:22:25[[BLK1] 026:]
15:22:25[[T] 0x804E ]
15:22:25[[L] 0008 ]
15:22:25[[V] ********]
15:22:25[[T] 0x804C ]
15:22:25[[L] 000A ]
15:22:25[[V] FFCFB848008]
15:22:25[TX <CMD> GIX]
15:22:25[[BLK1] 018:]
15:22:25[[T] 0x0001 ]
15:22:25[[L] 000E ]
15:22:25[[V] 808080808080801]
15:22:25[RX <CMD> GIX <RES> 000]
15:22:25[[BLK1] 113:]
15:22:25[[T] 0x8004 ]
15:22:25[[L] 0006 ]
15:22:25[[V] GERTEC]
15:22:25[[T] 0x8003 ]
15:22:25[[L] 000D ]
15:22:25[[V] PPC-930;192MB]
15:22:25[[T] 0x8005 ]
15:22:25[[L] 000A ]
15:22:25[[V] 1200000000]
15:22:25[[T] 0x8006 ]
15:22:25[[L] 0014 ]
15:22:25[[V] 1202.11403.VR0012  @]
15:22:25[[T] 0x8007 ]
15:22:25[[L] 0004 ]
15:22:25[[V] 2.03]
15:22:25[[T] 0x8008 ]
15:22:25[[L] 0010 ]
15:22:25[[V] 001.12 160914   ]
15:22:25[[T] 0x8001 ]
15:22:25[[L] 0010 ]
15:22:25[[V] 7200031906045572]
15:22:26[TX]RMC032    TRANSACAO       CANCELADA   
15:22:28[RX]RMC000
15:22:28[TX]{18}
15:22:28[RX]{04}
15:22:28[TX]CLO032 ***  Muxx  ***   (c)2018 SETIS 
15:22:28[RX]{16}
15:22:28[RX]CLO000{17}
