10:43:32:816 PW_Init(/home/luiz/Projetos/PayGo/pdvLinuxPayGoLibC_DotNetCoreCSharp/PDVS/bin/Debug/PGWebLib)
10:43:32:816 Ultima limpeza: 11/11/2019 13:54:03)
10:43:34:115 [PGWebLib] PP_Treatment Selecionado: [1]
10:43:41:901 PW_iNewTransac(33, 0004.0000.0064.0000)
10:43:41:912 CONNECT ====================================================================
10:43:41:912 Resolvendo o host (app.tpgw.ntk.com.br)
10:43:41:935 Conectando com o host (app.tpgw.ntk.com.br), IP (200.155.8.203:17502)
10:43:41:936 CAFile = /home/luiz/Projetos/PayGo/pdvLinuxPayGoLibC_DotNetCoreCSharp/PDVS/bin/Debug/certificado.crt
10:43:42:031 depth=1 /C=BR/ST=SAO PAULO/L=SAO PAULO/O=SETIS AUTOMACAO E SISTEMAS LTDA/OU=DESENVOLVIMENTO/CN=SETIS CA TEST/emailAddress=contato@setis.com.br
10:43:42:031 verify return:1
10:43:42:032 depth=0 /C=BR/ST=SAO PAULO/L=SAO PAULO/O=SETIS AUTOMACAO E SISTEMAS LTDA/OU=DESENVOLVIMENTO/CN=*.tpgw.ntk.com.br/emailAddress=contato@setis.com.br
10:43:42:032 verify return:1
10:43:42:117 Certificado auto-assinado
10:43:42:117 Nome do Subject: /C=BR/ST=SAO PAULO/L=SAO PAULO/O=SETIS AUTOMACAO E SISTEMAS LTDA/OU=DESENVOLVIMENTO/CN=*.tpgw.ntk.com.br/emailAddress=contato@setis.com.br
10:43:42:117 Nome do emissor: /C=BR/ST=SAO PAULO/L=SAO PAULO/O=SETIS AUTOMACAO E SISTEMAS LTDA/OU=DESENVOLVIMENTO/CN=SETIS CA TEST/emailAddress=contato@setis.com.br
10:43:42:118 Validacao pelo OpenSSL
10:43:42:118 OpenSSL OK: *.tpgw.ntk.com.br
10:43:42:118 TLSv1.2 connect OK <NEW SESSION>!
10:43:42:202 [PGWebLib] PP_Treatment Selecionado: [1]
10:43:42:202 PW_iAddParam(21, PDVS)
10:43:42:397 PW_iAddParam(22, 1.0)
10:43:42:397 PW_iAddParam(23, NTK Solutions Ltda)
10:43:42:397 PW_iAddParam(36, 28)
10:43:42:564 PW_iAddParam(112, 02)
10:43:42:610 PW_iExecTransac(0004.0000.0064.0000) <-2497>
10:43:45:575 PW_iAddParam(54, 9)
10:43:45:897 PW_iAddParam(53, BIN)
10:43:45:897 PW_iAddParam(135, BIN)
10:43:46:192 [PWOFF_iExecProcOff]=<-2497>, ModoEntradaCartao
10:43:46:214 PW_iExecTransac(0004.0000.0064.0000) <-2497>
10:43:47:594 PW_iAddParam(41, 02)
10:43:47:908 [PWOFF_iExecProcOff]=<-2497>, ModoEntradaCartao
10:43:48:106 PW_iExecTransac(0004.0000.0064.0000) <-2497>
10:43:48:107 PW_iPPGetCard(0)
10:43:57:615 PW_iPPEventLoop OK()
10:43:58:135 [PWOFF_iExecProcOff]=<-2497>, ValorTotal
10:43:58:141 PW_iExecTransac(0004.0000.0064.0000) <-2497>
10:45:05:763 PW_iAddParam(37, 100)
10:45:05:929 [PWOFF_iExecProcOff]=<-2497>, ResOffline
10:45:06:047 PW_iExecTransac(0004.0000.0064.0000) <-2497>
10:45:06:049 PW_iPPGoOnChip(0)
10:45:13:877 PW_iPPEventLoop OK()
10:45:14:048 [PWOFF_iExecProcOff]=PWRET_OK
10:45:14:357 SSLState = 3 (SSL negotiation finished successfully)

10:45:14:357 STATUS: CONNECTED
10:45:14:368 TX[000854]: 02 24 00 03 4B 00 00 00 00 00 00 01 02 00 07 34 .$..K..........4
                         01 02                                           ..               
10:45:14:001 select = 1
10:45:14:001 RX[000001]: 02 24 00 03 13 00 00 4C 10 BD 23 01 04 00 00 00 .$.....L..#.....
                         07 02 01 A1 11 05 36 30 37 39 38 12 05 33 60 46 ......60798..3`F 
                         06 2F 25 02 10 0F 26 02 03 DA 29 04 00 00 00 02 ./%...&...)..... 
                         2A 14 56 49 53 41 20 44 45 42 49 54 4F 20 20 20 *.VISA DEBITO    
                         20 20 20 20 20 20 32 03 91 44 94 35 03 42 49 4E       2..D.5.BIN 
                         36 01 9F 38 0F 30 30 30 30 30 30 30 38 30 39 30 6..8.00000008090 
                         30 30 30 30 41 04 00 00 00 08 42 15 0D 54 52 41 0000A.....B..TRA 
                         4E 53 41 43 41 4F 20 41 55 54 4F 52 49 5A 41 44 NSACAO AUTORIZAD 
                         41 43 04 00 00 01 11 44 07 31 35 36 32 39 31 31 AC.....D.1562911 
                         45 09 30 30 30 30 31 38 32 37 32 46 06 30 31 38 E.000018272F.018 
                         32 37 32 47 02 30 30 40 82 01 DB 1F 8B 08 00 00 272G.00@........ 
                         00 00 00 04 00 DD 53 41 6E DB 30 10 2C DA 9B 00 ......SAn.0.,... 
                         FD 61 CF 06 9C 92 B4 25 59 02 7C 58 51 74 CC 54 .a.....%Y.|XQt.T 
                         22 05 92 16 90 DE 8C B6 87 00 6D 7D 28 D2 07 E4 ".........m}(... 
                         A3 FD 4A 49 29 71 22 47 06 8C 02 3D B4 73 11 44 ..JI)q"G...=.s.D 
                         CE EE CE EE 72 CC 1B FB F0 EE 67 0C 23 B4 78 7B ....r.....g.#.x{ 
                         AD A1 BC 05 E5 3E 8C 6F E2 28 8E E0 14 A5 54 AF .....>.o.(....T. 
                         CE E0 99 D7 49 84 39 08 EB B0 14 B5 E0 B2 11 CA ....I.9......... 
                         E9 09 5E 40 28 68 75 BD 73 52 2B 7B 26 1F 80 D9 ..^@(hu.sR+{&... 
                         21 6C 64 25 14 97 1A 0C 36 DA BE E4 59 D4 BE 83 !ld%....6...Y... 
                         5D AD 61 0A C4 63 41 56 69 1C 09 5E 90 01 2B 92 ].a..cAVi..^..+. 
                         F7 DF 47 8A 13 A6 29 9E CE 4E 3A 5E D2 9C 2E B2 ..G...)..N:^.... 
                         34 49 F3 65 9A 12 96 8D 14 E2 CE AD 93 94 E5 94 4I.e............ 
                         F6 07 BC 5B 87 0C 74 C5 32 E6 7F 2B CD D7 0B 92 ...[..t.2.+.... 
                         B0 DC D7 AE D0 61 41 29 65 43 E8 56 9B F0 BB 4C .....aA)eC.V...L 
                         E8 F2 39 1F DF CA 76 62 DA D0 09 55 E1 F4 60 82 ..9...vb...U..`. 
                         78 83 CA 22 F7 33 70 7E E4 22 C8 EF B0 D6 A6 98 x..".3p~."...... 
                         9C 46 0F 1A BA 1C C7 FA 4E B4 91 1F D1 17 E2 BA .F......N....... 
                         01 2B D4 16 27 8A 9D C5 91 C7 8D E8 F7 84 95 6F .+..'..........o 
                         11 4A 54 5C EB 12 2C 1E 79 27 F3 AD 44 29 9D 9E .JT\..,.y'..D).. 
                         CA D4 03 1F 37 46 16 8C 50 02 23 5E 1C CD 2F 44 ....7F..P.#^../D 
                         1C A5 24 CB 57 F0 94 8C E4 D0 5E 1B B1 09 EF 81 ..$.W.....^..... 
                         0E 0B 8C 23 A5 1B 01 1B 54 0E AD C4 C2 0B AB 65 ...#....T......e 
                         27 0C 48 17 47 5C B5 37 05 30 72 95 B1 F4 8A 24 '.H.G\.7.0r....$ 
                         F9 FB 10 37 CF F2 BE 1B AF 65 36 9B 01 36 A5 F4 ...7.....e6..6.. 
                         0F 5D F8 C0 61 13 D6 9B 00 DB 96 B0 FE 3A 08 76 .]..a........:.v 
                         0F 6F 7F FD 55 E7 05 0C EE E3 F5 20 E6 3C EF 42 .o.U...... .<.B 
                         E7 DD EF 61 73 F7 F9 CB F7 4F 77 07 30 FB 6F 87 ...as....Ow.0.o. 
                         1F 2F 79 76 7F 80 76 7F FF F5 F0 5A 14 FC 99 F3 ./yv.v...Z.... 
                         FE 77 EF 1D AD 07 17 5A E5 1F 7B E2 BF 01 EC EC .w.....Z..{..... 
                         0B 60 5F 06 00 00 03 14 A5 73 C1 CC 60 D2 FE 90 .`_......s..`... 
                         C7 50 EB 4D B4 33 1D B4 63 E6 A4 2E 3B 04 00 00 .P.M.3..c...;... 
                         00 01 4B 0C 56 49 53 41 20 44 45 42 49 54 4F 20 ..K.VISA DEBITO  
                         C0 04 00 00 00 04 61 3C 92 01 0A C9 01 00 CE 30 ......a<.......0 
                         4F 84 82 95 9C 9F 03 9F 06 9F 10 9F 1A 9F 26 9F O.............&. 
                         27 9F 36 9F 37 9A 9F 02 5F 2A 5F 24 9F 34 9F 15 '.6.7..._*_$.4.. 
                         9F 33 5F 28 9F 35 9F 45 9B 9F 12 9F 11 5F 34 50 .3_(.5.E....._4P 
                         D7 02 30 30 6A 07 20 19 11 12 11 45 14 6B 07 20 ..00j. ....E.k.  
                         19 11 12 13 45 14 6C 01 00 F4 01 03 CF 01 08 86 ....E.l......... 
                         0D 56 49 53 41 20 45 4C 45 43 54 52 4F 4E       .VISA ELECTRON   
10:45:15:380 FinishChip(0)
10:45:15:455 DISCONNECT =================================================================
10:45:15:455 >>LNXSSL_iModemDisconnect
10:45:15:500 PW_iExecTransac(0004.0000.0064.0000) <-2497>
10:45:15:501 PW_iPPRemoveCard()
10:45:21:580 PW_iPPEventLoop OK()
10:45:21:745 PW_iExecTransac(0004.0000.0064.0000) <0>
10:45:21:745 0x02=33
10:45:21:745 0x11=60798
10:45:21:745 0x1B=app.tpgw.ntk.com.br:17502
10:45:21:745 0x25=000000000100
10:45:21:745 0x26=986
10:45:21:745 0x29=2
10:45:21:745 0x2A=VISA DEBITO         
10:45:21:745 0x31=20191112114514
10:45:21:745 0x32=0000914494
10:45:21:745 0x35=BIN
10:45:21:745 0x36=9
10:45:21:745 0x38=000000080900000
10:45:21:745 0x3B=1
10:45:21:745 0x42=TRANSACAO AUTORIZADA
10:45:21:745 0x43=1
10:45:21:745 0x44=1562911
10:45:21:745 0x45=000018272
10:45:21:745 0x46=018272
10:45:21:745 0x47=00
10:45:21:745 0x4B=VISA DEBITO 
10:45:21:745 0x53=              PAYGO BY NTK              

                 BIN                  
        VIA - ESTABELECIMENTO         
            NTK SOLUTIONS             
          RUA FIDENCIO RAMOS          
SAO PAULO                     00003086
EC:000000080900000       TERM:80900000

           4191376569466027           
AUT=562911     CV=000018272   DOC=305296
DATA:1112      HORA:114514          CHIP
                  VENDA          
             TRANSACAO TESTE

VALOR:                          100
    TRANSACAO AUTORIZADA COM SENHA    
                                      
       CREDENCIADORA BANCOOB SA       


           DEBITO           
            A0000000032010            

----------------------------------------
60798 0000000009 PGREF:0001562911
NOME FANTASIA: DELIVER IT
CNPJ: 20.726.059/0001-79

   *** AMBIENTE DE TESTES - APP02 ***   

10:45:21:745 0x54=              PAYGO BY NTK              

                 BIN                  
            VIA - CLIENTE             
            NTK SOLUTIONS             
          Rua Fidencio Ramos          
Sao Paulo                     00003086
EC:000000080900000       TERM:80900000


           4191376569466027           
AUT=562911     CV=000018272   DOC=305296
DATA:1112      HORA:114514          CHIP
                  VENDA          
             TRANSACAO TESTE

VALOR:                         100
       CREDENCIADORA BANCOOB SA       


----------------------------------------
60798 0000000009 PGREF:0001562911
NOME FANTASIA: DELIVER IT
CNPJ: 20.726.059/0001-79

   *** AMBIENTE DE TESTES - APP02 ***   

10:45:21:745 0x6C=0
10:45:21:745 0x6F=   PROCESSANDO...
10:45:21:745 0x74=      OPERACAO      CANCELADA
10:45:21:745 0x75=    OPERACAO        CANCELADA   
10:45:21:745 0xC0=4
10:45:21:745 0xC2=0615
10:45:21:745 0xC4=VISA ELECTRON
10:45:21:745 0xCF=8
10:45:21:746 0xF4=3
10:45:21:747 0x7F01=1
10:45:21:747 0x7F02=24
10:45:21:747 0x7F04=191112114515
10:45:21:747 0x7F0B=0
10:45:24:331 [PGWebLib] PP_Treatment Selecionado: [1]
10:45:24:417 [PGWebLib] PP_Treatment Selecionado: [1]
10:45:28:253 PW_iConfirmation(289)
10:45:28:262 PWSRV_iSendConfirmation <914494><1562911><0x121>
10:45:28:365 [PGWebLib] PP_Treatment Selecionado: [1]
10:45:28:373 piStatus = MODSTS_OFF
10:45:28:374 STATUS: MODEM OFF
10:45:28:374 CONNECT ====================================================================
10:45:28:374 Resolvendo o host (app.tpgw.ntk.com.br)
10:45:28:393 Conectando com o host (app.tpgw.ntk.com.br), IP (200.155.8.203:17502)
10:45:28:393 CAFile = /home/luiz/Projetos/PayGo/pdvLinuxPayGoLibC_DotNetCoreCSharp/PDVS/bin/Debug/certificado.crt
10:45:28:470 Certificado auto-assinado
10:45:28:470 Nome do Subject: /C=BR/ST=SAO PAULO/L=SAO PAULO/O=SETIS AUTOMACAO E SISTEMAS LTDA/OU=DESENVOLVIMENTO/CN=*.tpgw.ntk.com.br/emailAddress=contato@setis.com.br
10:45:28:470 Nome do emissor: /C=BR/ST=SAO PAULO/L=SAO PAULO/O=SETIS AUTOMACAO E SISTEMAS LTDA/OU=DESENVOLVIMENTO/CN=SETIS CA TEST/emailAddress=contato@setis.com.br
10:45:28:470 Validacao pelo OpenSSL
10:45:28:470 OpenSSL OK: *.tpgw.ntk.com.br
10:45:28:470 TLSv1.2 connect OK <REUSED SESSION>!
10:45:28:470 SSLState = 3 (SSL negotiation finished successfully)

10:45:28:470 STATUS: CONNECTED
10:45:28:471 TX[000603]: 02 24 00 02 50 00 00 00 00 00 00 01 02 00 07 34 .$..P..........4
                         01 02                                           ..               
10:45:28:765 select = 1
10:45:28:765 RX[000001]: 02 24 00 00 84 00 00 75 2E 91 C7 01 04 00 00 00 .$.....u........
                         07 02 01 80 11 05 36 30 37 39 38 12 05 45 18 98 ......60798..E.. 
                         27 8F 32 03 91 44 95 41 04 00 00 00 01 42 15 0D '.2..D.A.....B.. 
                         54 52 41 4E 53 41 43 41 4F 20 41 55 54 4F 52 49 TRANSACAO AUTORI 
                         5A 41 44 41 43 04 00 00 00 01 03 14 A5 73 C1 CC ZADAC........s.. 
                         60 D2 FE 90 C7 50 EB 4D B4 33 1D B4 63 E6 A4 2E `....P.M.3..c... 
                         64 15 0D 54 52 41 4E 53 41 43 41 4F 20 41 55 54 d..TRANSACAO AUT 
                         4F 52 49 5A 41 44 41 6A 07 20 19 11 12 11 45 28 ORIZADAj. ....E( 
                         6B 07 20 19 11 12 13 45 28 6C 01 00 F4 01 00    k. ....E(l.....  
10:45:28:775 PWSRV_iSendConfirmation OK
10:45:29:123 DISCONNECT =================================================================
10:45:29:123 >>LNXSSL_iModemDisconnect
11:01:00:305 PW_Init(/home/luiz/Projetos/PayGo/pdvLinuxPayGoLibC_DotNetCoreCSharp/PDVS/bin/Debug/PGWebLib)
11:01:00:321 Ultima limpeza: 11/11/2019 13:54:03)
11:01:01:397 [PGWebLib] PP_Treatment Selecionado: [1]
11:01:15:112 PW_iNewTransac(33, 0004.0000.0064.0000)
11:01:15:116 CONNECT ====================================================================
11:01:15:116 Resolvendo o host (app.tpgw.ntk.com.br)
11:01:15:140 Conectando com o host (app.tpgw.ntk.com.br), IP (200.155.8.203:17502)
11:01:15:140 CAFile = /home/luiz/Projetos/PayGo/pdvLinuxPayGoLibC_DotNetCoreCSharp/PDVS/bin/Debug/certificado.crt
11:01:15:321 depth=1 /C=BR/ST=SAO PAULO/L=SAO PAULO/O=SETIS AUTOMACAO E SISTEMAS LTDA/OU=DESENVOLVIMENTO/CN=SETIS CA TEST/emailAddress=contato@setis.com.br
11:01:15:321 verify return:1
11:01:15:322 depth=0 /C=BR/ST=SAO PAULO/L=SAO PAULO/O=SETIS AUTOMACAO E SISTEMAS LTDA/OU=DESENVOLVIMENTO/CN=*.tpgw.ntk.com.br/emailAddress=contato@setis.com.br
11:01:15:322 verify return:1
11:01:15:377 Certificado auto-assinado
11:01:15:377 Nome do Subject: /C=BR/ST=SAO PAULO/L=SAO PAULO/O=SETIS AUTOMACAO E SISTEMAS LTDA/OU=DESENVOLVIMENTO/CN=*.tpgw.ntk.com.br/emailAddress=contato@setis.com.br
11:01:15:378 Nome do emissor: /C=BR/ST=SAO PAULO/L=SAO PAULO/O=SETIS AUTOMACAO E SISTEMAS LTDA/OU=DESENVOLVIMENTO/CN=SETIS CA TEST/emailAddress=contato@setis.com.br
11:01:15:378 Validacao pelo OpenSSL
11:01:15:378 OpenSSL OK: *.tpgw.ntk.com.br
11:01:15:378 TLSv1.2 connect OK <NEW SESSION>!
11:01:15:461 [PGWebLib] PP_Treatment Selecionado: [1]
11:01:15:462 PW_iAddParam(21, PDVS)
11:01:15:673 PW_iAddParam(22, 1.0)
11:01:15:674 PW_iAddParam(23, NTK Solutions Ltda)
11:01:15:674 PW_iAddParam(36, 28)
11:01:15:875 PW_iAddParam(112, 02)
11:01:15:928 PW_iExecTransac(0004.0000.0064.0000) <-2497>
11:01:20:482 PW_iAddParam(54, 9)
11:01:20:666 PW_iAddParam(53, BIN)
11:01:20:666 PW_iAddParam(135, BIN)
11:01:20:971 [PWOFF_iExecProcOff]=<-2497>, ModoEntradaCartao
11:01:21:095 PW_iExecTransac(0004.0000.0064.0000) <-2497>
11:01:24:164 PW_iAddParam(41, 02)
11:01:24:348 [PWOFF_iExecProcOff]=<-2497>, ModoEntradaCartao
11:01:24:462 PW_iExecTransac(0004.0000.0064.0000) <-2497>
11:01:24:464 PW_iPPGetCard(0)
11:01:35:319 PW_iPPEventLoop OK()
11:01:35:861 [PWOFF_iExecProcOff]=<-2497>, ValorTotal
11:01:35:868 PW_iExecTransac(0004.0000.0064.0000) <-2497>
12:47:25:035 PW_Init(/home/luiz/Projetos/PayGo/pdvLinuxPayGoLibC_DotNetCoreCSharp/PDVS/bin/Debug/PGWebLib)
12:47:25:035 Ultima limpeza: 11/11/2019 13:54:03)
12:47:26:078 [PGWebLib] PP_Treatment Selecionado: [1]
12:57:45:485 PW_Init(/home/luiz/Projetos/PayGo/pdvLinuxPayGoLibC_DotNetCoreCSharp/PDVS/bin/Debug/PGWebLib)
12:57:45:485 Ultima limpeza: 11/11/2019 13:54:03)
12:57:46:491 [PGWebLib] PP_Treatment Selecionado: [1]
12:57:50:938 PW_iNewTransac(33, 0004.0000.0064.0000)
12:57:50:939 CONNECT ====================================================================
12:57:50:939 Resolvendo o host (app.tpgw.ntk.com.br)
12:57:50:966 Conectando com o host (app.tpgw.ntk.com.br), IP (200.155.8.203:17502)
12:57:50:966 CAFile = /home/luiz/Projetos/PayGo/pdvLinuxPayGoLibC_DotNetCoreCSharp/PDVS/bin/Debug/certificado.crt
12:57:51:038 depth=1 /C=BR/ST=SAO PAULO/L=SAO PAULO/O=SETIS AUTOMACAO E SISTEMAS LTDA/OU=DESENVOLVIMENTO/CN=SETIS CA TEST/emailAddress=contato@setis.com.br
12:57:51:038 verify return:1
12:57:51:038 depth=0 /C=BR/ST=SAO PAULO/L=SAO PAULO/O=SETIS AUTOMACAO E SISTEMAS LTDA/OU=DESENVOLVIMENTO/CN=*.tpgw.ntk.com.br/emailAddress=contato@setis.com.br
12:57:51:038 verify return:1
12:57:51:092 Certificado auto-assinado
12:57:51:092 Nome do Subject: /C=BR/ST=SAO PAULO/L=SAO PAULO/O=SETIS AUTOMACAO E SISTEMAS LTDA/OU=DESENVOLVIMENTO/CN=*.tpgw.ntk.com.br/emailAddress=contato@setis.com.br
12:57:51:092 Nome do emissor: /C=BR/ST=SAO PAULO/L=SAO PAULO/O=SETIS AUTOMACAO E SISTEMAS LTDA/OU=DESENVOLVIMENTO/CN=SETIS CA TEST/emailAddress=contato@setis.com.br
12:57:51:092 Validacao pelo OpenSSL
12:57:51:092 OpenSSL OK: *.tpgw.ntk.com.br
12:57:51:092 TLSv1.2 connect OK <NEW SESSION>!
12:57:51:173 [PGWebLib] PP_Treatment Selecionado: [1]
12:57:51:174 PW_iAddParam(21, PDVS)
12:57:51:393 PW_iAddParam(22, 1.0)
12:57:51:394 PW_iAddParam(23, NTK Solutions Ltda)
12:57:51:394 PW_iAddParam(36, 28)
12:57:51:547 PW_iAddParam(112, 02)
12:57:51:561 PW_iExecTransac(0004.0000.0064.0000) <-2497>
12:57:53:337 PW_iAddParam(54, 9)
12:57:53:540 PW_iAddParam(53, BIN)
12:57:53:540 PW_iAddParam(135, BIN)
12:57:53:849 [PWOFF_iExecProcOff]=<-2497>, ModoEntradaCartao
12:57:53:960 PW_iExecTransac(0004.0000.0064.0000) <-2497>
12:57:55:381 PW_iAddParam(41, 02)
12:57:55:677 [PWOFF_iExecProcOff]=<-2497>, ModoEntradaCartao
12:57:55:705 PW_iExecTransac(0004.0000.0064.0000) <-2497>
12:57:55:705 PW_iPPGetCard(0)
12:58:15:872 PW_iPPEventLoop OK()
12:58:16:408 [PWOFF_iExecProcOff]=<-2497>, ValorTotal
12:58:16:415 PW_iExecTransac(0004.0000.0064.0000) <-2497>
13:09:18:686 PW_Init(/home/luiz/Projetos/PayGo/pdvLinuxPayGoLibC_DotNetCoreCSharp/PDVS/bin/Debug/PGWebLib)
13:09:18:686 Ultima limpeza: 11/11/2019 13:54:03)
13:09:19:692 [PGWebLib] PP_Treatment Selecionado: [1]
13:09:30:799 PW_iNewTransac(33, 0004.0000.0064.0000)
13:09:30:800 CONNECT ====================================================================
13:09:30:800 Resolvendo o host (app.tpgw.ntk.com.br)
13:09:30:822 Conectando com o host (app.tpgw.ntk.com.br), IP (200.155.8.203:17502)
13:09:30:823 CAFile = /home/luiz/Projetos/PayGo/pdvLinuxPayGoLibC_DotNetCoreCSharp/PDVS/bin/Debug/certificado.crt
13:09:30:895 depth=1 /C=BR/ST=SAO PAULO/L=SAO PAULO/O=SETIS AUTOMACAO E SISTEMAS LTDA/OU=DESENVOLVIMENTO/CN=SETIS CA TEST/emailAddress=contato@setis.com.br
13:09:30:895 verify return:1
13:09:30:896 depth=0 /C=BR/ST=SAO PAULO/L=SAO PAULO/O=SETIS AUTOMACAO E SISTEMAS LTDA/OU=DESENVOLVIMENTO/CN=*.tpgw.ntk.com.br/emailAddress=contato@setis.com.br
13:09:30:896 verify return:1
13:09:30:952 Certificado auto-assinado
13:09:30:952 Nome do Subject: /C=BR/ST=SAO PAULO/L=SAO PAULO/O=SETIS AUTOMACAO E SISTEMAS LTDA/OU=DESENVOLVIMENTO/CN=*.tpgw.ntk.com.br/emailAddress=contato@setis.com.br
13:09:30:952 Nome do emissor: /C=BR/ST=SAO PAULO/L=SAO PAULO/O=SETIS AUTOMACAO E SISTEMAS LTDA/OU=DESENVOLVIMENTO/CN=SETIS CA TEST/emailAddress=contato@setis.com.br
13:09:30:952 Validacao pelo OpenSSL
13:09:30:953 OpenSSL OK: *.tpgw.ntk.com.br
13:09:30:953 TLSv1.2 connect OK <NEW SESSION>!
13:09:31:063 [PGWebLib] PP_Treatment Selecionado: [1]
13:09:31:064 PW_iAddParam(21, PDVS)
13:09:31:259 PW_iAddParam(22, 1.0)
13:09:31:259 PW_iAddParam(23, NTK Solutions Ltda)
13:09:31:259 PW_iAddParam(36, 28)
13:09:31:407 PW_iAddParam(112, 02)
13:09:31:443 PW_iExecTransac(0004.0000.0064.0000) <-2497>
13:09:33:344 PW_iAddParam(54, 9)
13:09:33:570 PW_iAddParam(53, BIN)
13:09:33:570 PW_iAddParam(135, BIN)
13:09:33:862 [PWOFF_iExecProcOff]=<-2497>, ModoEntradaCartao
13:09:33:978 PW_iExecTransac(0004.0000.0064.0000) <-2497>
13:09:35:451 PW_iAddParam(41, 02)
13:09:35:685 [PWOFF_iExecProcOff]=<-2497>, ModoEntradaCartao
13:09:35:783 PW_iExecTransac(0004.0000.0064.0000) <-2497>
13:09:35:784 PW_iPPGetCard(0)
13:09:39:050 PW_iPPEventLoop OK()
13:09:39:564 [PWOFF_iExecProcOff]=<-2497>, ValorTotal
13:09:39:571 PW_iExecTransac(0004.0000.0064.0000) <-2497>
13:18:55:889 PW_Init(/home/luiz/Projetos/PayGo/pdvLinuxPayGoLibC_DotNetCoreCSharp/PDVS/bin/Debug/PGWebLib)
13:18:55:889 Ultima limpeza: 11/11/2019 13:54:03)
13:18:56:942 [PGWebLib] PP_Treatment Selecionado: [1]
13:19:02:321 PW_iNewTransac(33, 0004.0000.0064.0000)
13:19:02:322 CONNECT ====================================================================
13:19:02:322 Resolvendo o host (app.tpgw.ntk.com.br)
13:19:02:344 Conectando com o host (app.tpgw.ntk.com.br), IP (200.155.8.203:17502)
13:19:02:345 CAFile = /home/luiz/Projetos/PayGo/pdvLinuxPayGoLibC_DotNetCoreCSharp/PDVS/bin/Debug/certificado.crt
13:19:02:420 depth=1 /C=BR/ST=SAO PAULO/L=SAO PAULO/O=SETIS AUTOMACAO E SISTEMAS LTDA/OU=DESENVOLVIMENTO/CN=SETIS CA TEST/emailAddress=contato@setis.com.br
13:19:02:420 verify return:1
13:19:02:420 depth=0 /C=BR/ST=SAO PAULO/L=SAO PAULO/O=SETIS AUTOMACAO E SISTEMAS LTDA/OU=DESENVOLVIMENTO/CN=*.tpgw.ntk.com.br/emailAddress=contato@setis.com.br
13:19:02:420 verify return:1
13:19:02:480 Certificado auto-assinado
13:19:02:480 Nome do Subject: /C=BR/ST=SAO PAULO/L=SAO PAULO/O=SETIS AUTOMACAO E SISTEMAS LTDA/OU=DESENVOLVIMENTO/CN=*.tpgw.ntk.com.br/emailAddress=contato@setis.com.br
13:19:02:480 Nome do emissor: /C=BR/ST=SAO PAULO/L=SAO PAULO/O=SETIS AUTOMACAO E SISTEMAS LTDA/OU=DESENVOLVIMENTO/CN=SETIS CA TEST/emailAddress=contato@setis.com.br
13:19:02:480 Validacao pelo OpenSSL
13:19:02:480 OpenSSL OK: *.tpgw.ntk.com.br
13:19:02:480 TLSv1.2 connect OK <NEW SESSION>!
13:19:02:592 [PGWebLib] PP_Treatment Selecionado: [1]
13:19:02:594 PW_iAddParam(21, PDVS)
13:19:02:780 PW_iAddParam(22, 1.0)
13:19:02:780 PW_iAddParam(23, NTK Solutions Ltda)
13:19:02:780 PW_iAddParam(36, 28)
13:19:02:935 PW_iAddParam(112, 02)
13:19:02:942 PW_iExecTransac(0004.0000.0064.0000) <-2497>
13:19:05:409 PW_iAddParam(54, 9)
13:19:05:615 PW_iAddParam(53, BIN)
13:19:05:615 PW_iAddParam(135, BIN)
13:19:05:926 [PWOFF_iExecProcOff]=<-2497>, ModoEntradaCartao
13:19:06:033 PW_iExecTransac(0004.0000.0064.0000) <-2497>
13:19:07:197 PW_iAddParam(41, 02)
13:19:07:439 [PWOFF_iExecProcOff]=<-2497>, ModoEntradaCartao
13:19:07:615 PW_iExecTransac(0004.0000.0064.0000) <-2497>
13:19:07:616 PW_iPPGetCard(0)
13:19:10:686 PW_iPPEventLoop OK()
13:19:11:270 [PWOFF_iExecProcOff]=<-2497>, ValorTotal
13:19:11:276 PW_iExecTransac(0004.0000.0064.0000) <-2497>
13:20:22:512 PW_iAddParam(37, 01000)
13:20:24:178 [PWOFF_iExecProcOff]=<-2497>, ResOffline
13:20:24:184 PW_iExecTransac(0004.0000.0064.0000) <-2497>
13:20:24:184 PW_iPPGoOnChip(0)
13:20:50:034 PW_iPPEventLoop OK()
13:20:50:245 [PWOFF_iExecProcOff]=PWRET_OK
13:20:50:620 SSLState = 3 (SSL negotiation finished successfully)

13:20:50:620 STATUS: CONNECTED
13:20:50:643 TX[000855]: 02 24 00 03 4C 00 00 00 00 00 00 01 02 00 07 34 .$..L..........4
                         01 02                                           ..               
13:20:51:264 select = 1
13:20:51:264 RX[000001]: 02 24 00 03 13 00 00 31 B1 9F DF 01 04 00 00 00 .$.....1........
                         07 02 01 A1 11 05 36 30 37 39 38 12 05 61 93 80 ......60798..a.. 
                         90 2F 25 02 10 00 26 02 03 DA 29 04 00 00 00 02 ./%...&...)..... 
                         2A 14 56 49 53 41 20 44 45 42 49 54 4F 20 20 20 *.VISA DEBITO    
                         20 20 20 20 20 20 32 03 91 44 96 35 03 42 49 4E       2..D.5.BIN 
                         36 01 9F 38 0F 30 30 30 30 30 30 30 38 30 39 30 6..8.00000008090 
                         30 30 30 30 41 04 00 00 00 08 42 15 0D 54 52 41 0000A.....B..TRA 
                         4E 53 41 43 41 4F 20 41 55 54 4F 52 49 5A 41 44 NSACAO AUTORIZAD 
                         41 43 04 00 00 01 11 44 07 31 35 36 32 39 31 38 AC.....D.1562918 
                         45 09 30 30 30 30 31 38 32 37 35 46 06 30 31 38 E.000018275F.018 
                         32 37 35 47 02 30 30 40 82 01 DB 1F 8B 08 00 00 275G.00@........ 
                         00 00 00 04 00 DD 53 3D 6F DB 30 10 2D DA 4D 80 ......S=o.0.-.M. 
                         FE C3 CD 06 9C 92 B4 F5 09 78 38 51 74 CC 54 22 .........x8Qt.T" 
                         05 92 16 90 6E 46 DB 21 40 13 0F 45 D0 3D BF 34 ....nF.!@..E.=.4 
                         3F 25 94 94 C4 91 23 03 46 81 0E ED 5B 08 92 EF ?%....#.F...[... 
                         8E EF EE F8 CC 07 FB F0 E9 77 08 23 34 78 7D A9 .........w.#4x}. 
                         A1 B8 06 E5 BE 8C 6F C2 20 0C E0 18 85 54 EF CE ......o. ....T.. 
                         E0 C0 6B 25 C2 1C 84 75 58 88 4A 70 59 0B E5 F4 ..k%...uX.JpY... 
                         04 AF 43 F7 A0 D5 D5 D6 49 AD EC 89 7C 00 66 8B ..C.....I...|.f. 
                         B0 96 A5 50 5C 6A 30 58 6B FB 96 67 51 FB 0A B6 ...P\j0Xk..gQ... 
                         95 86 29 10 8F 05 49 E3 30 10 3C 27 03 52 92 F5 ..)...I.0.<'.R.. 
                         EB 33 C5 09 53 E7 2F 67 47 15 2F 69 46 17 49 1C .3..S./gG./iF.I. 
                         C5 D9 32 8E 09 4B 46 0A 71 EB 56 51 CC 32 9A F6 ..2..KF.q.VQ.2.. 
                         07 BC 5D 75 19 68 CA 92 C8 6F 4B CD 57 2C 4E 58 ..]u.h...oK.W,NX 
                         9A 84 41 89 0E 73 4A 29 1B 42 37 DA F8 ED 92 91 ..A..sJ).B7..... 
                         88 1C F2 F1 8D 6C 26 BA 0D AD 50 25 4E 37 A6 13 .....l&...P%N7.. 
                         6F 50 59 E4 BE 07 CE B7 5C 74 F2 5B AC B4 C9 27 oPY.....\t.[...' 
                         BB D1 83 F6 65 8E 83 7D 29 DA C8 AF E8 5F E2 BA ....e..})...._.. 
                         06 2B D4 06 27 5E 3B 89 57 1E 37 A2 1F 14 96 BE .+..'^;.W.7..... 
                         46 28 50 71 AD 0B B0 F8 CA 3B 6A 70 29 0A E9 F4 F(Pq.....;jp)... 
                         54 A6 1E F8 3C 32 B2 60 84 12 18 F1 C2 60 7E 26 T...<2.`.....`~& 
                         C2 20 26 49 96 C2 4B 32 92 41 73 69 C4 BA FB 10 . &I..K2.Asi.... 
                         74 98 60 18 28 5D 0B 58 A3 72 68 25 E6 5E 58 25 t.`.(].X.rh%.^X% 
                         5B 61 40 BA 30 E0 AA B9 CA 81 91 8B 84 C5 17 24 [a@.0..........$ 
                         CA 3E 77 71 F3 24 EB AB F1 5A 66 B3 19 60 5D 48 .>wq.$...Zf..`]H 
                         FF D3 85 0F 1C 46 61 BD 0B B0 69 08 EB AF 3B C1 .....Fa...i...;. 
                         EE E1 E3 E3 5F B5 5E 87 C1 7E BC 1A C4 9C E6 9D ...._.^..~...... 
                         69 BD FB 1D AC 6F BE FF B8 FB 76 B3 07 B3 BB DD i....o....v..... 
                         FF 7A CB B3 BB 3D 34 BB FB 9F FB F7 A2 E0 CF AC .z...=4......... 
                         F7 BF 9B EF E0 3D 38 D3 2B FF D8 1F 7F 02 17 E7 .....=8.+...... 
                         A7 AC 61 06 00 00 03 14 A5 73 C1 CC 60 D2 FE 90 ..a......s..`... 
                         C7 50 EB 4D B4 33 1D B4 63 E6 A4 2E 3B 04 00 00 .P.M.3..c...;... 
                         00 01 4B 0C 56 49 53 41 20 44 45 42 49 54 4F 20 ..K.VISA DEBITO  
                         C0 04 00 00 00 04 61 3C 92 01 0A C9 01 00 CE 30 ......a<.......0 
                         4F 84 82 95 9C 9F 03 9F 06 9F 10 9F 1A 9F 26 9F O.............&. 
                         27 9F 36 9F 37 9A 9F 02 5F 2A 5F 24 9F 34 9F 15 '.6.7..._*_$.4.. 
                         9F 33 5F 28 9F 35 9F 45 9B 9F 12 9F 11 5F 34 50 .3_(.5.E....._4P 
                         D7 02 30 30 6A 07 20 19 11 12 14 20 50 6B 07 20 ..00j. .... Pk.  
                         19 11 12 16 20 50 6C 01 00 F4 01 03 CF 01 08 86 .... Pl......... 
                         0D 56 49 53 41 20 45 4C 45 43 54 52 4F 4E       .VISA ELECTRON   
13:20:51:598 FinishChip(0)
13:20:51:634 DISCONNECT =================================================================
13:20:51:635 >>LNXSSL_iModemDisconnect
13:20:51:649 PW_iExecTransac(0004.0000.0064.0000) <-2497>
13:20:51:651 PW_iPPRemoveCard()
13:20:55:085 PW_iPPEventLoop OK()
13:20:55:166 PW_iExecTransac(0004.0000.0064.0000) <0>
13:20:55:167 0x02=33
13:20:55:167 0x11=60798
13:20:55:167 0x1B=app.tpgw.ntk.com.br:17502
13:20:55:167 0x25=000000001000
13:20:55:167 0x26=986
13:20:55:167 0x29=2
13:20:55:167 0x2A=VISA DEBITO         
13:20:55:167 0x31=20191112142050
13:20:55:167 0x32=0000914496
13:20:55:167 0x35=BIN
13:20:55:167 0x36=9
13:20:55:167 0x38=000000080900000
13:20:55:167 0x3B=1
13:20:55:167 0x42=TRANSACAO AUTORIZADA
13:20:55:167 0x43=1
13:20:55:167 0x44=1562918
13:20:55:167 0x45=000018275
13:20:55:167 0x46=018275
13:20:55:167 0x47=00
13:20:55:167 0x4B=VISA DEBITO 
13:20:55:167 0x53=              PAYGO BY NTK              

                 BIN                  
        VIA - ESTABELECIMENTO         
            NTK SOLUTIONS             
          RUA FIDENCIO RAMOS          
SAO PAULO                     00003086
EC:000000080900000       TERM:80900000

           4191376569466027           
AUT=562918     CV=000018275   DOC=267287
DATA:1112      HORA:142050          CHIP
                  VENDA          
             TRANSACAO TESTE

VALOR:                          1000
    TRANSACAO AUTORIZADA COM SENHA    
                                      
       CREDENCIADORA BANCOOB SA       


           DEBITO           
            A0000000032010            

----------------------------------------
60798 0000000009 PGREF:0001562918
NOME FANTASIA: DELIVER IT
CNPJ: 20.726.059/0001-79

   *** AMBIENTE DE TESTES - APP02 ***   

13:20:55:167 0x54=              PAYGO BY NTK              

                 BIN                  
            VIA - CLIENTE             
            NTK SOLUTIONS             
          Rua Fidencio Ramos          
Sao Paulo                     00003086
EC:000000080900000       TERM:80900000


           4191376569466027           
AUT=562918     CV=000018275   DOC=267287
DATA:1112      HORA:142050          CHIP
                  VENDA          
             TRANSACAO TESTE

VALOR:                         1000
       CREDENCIADORA BANCOOB SA       


----------------------------------------
60798 0000000009 PGREF:0001562918
NOME FANTASIA: DELIVER IT
CNPJ: 20.726.059/0001-79

   *** AMBIENTE DE TESTES - APP02 ***   

13:20:55:167 0x6C=0
13:20:55:167 0x6F=   PROCESSANDO...
13:20:55:167 0x74=      OPERACAO      CANCELADA
13:20:55:167 0x75=    OPERACAO        CANCELADA   
13:20:55:167 0xC0=4
13:20:55:167 0xC2=0615
13:20:55:167 0xC4=VISA ELECTRON
13:20:55:167 0xCF=8
13:20:55:167 0xF4=3
13:20:55:167 0x7F01=1
13:20:55:167 0x7F02=24
13:20:55:167 0x7F04=191112142051
13:20:55:167 0x7F0B=0
13:21:05:185 [PGWebLib] PP_Treatment Selecionado: [1]
13:21:05:270 [PGWebLib] PP_Treatment Selecionado: [1]
13:21:10:523 PW_iConfirmation(289)
13:21:10:541 PWSRV_iSendConfirmation <914496><1562918><0x121>
13:21:10:648 [PGWebLib] PP_Treatment Selecionado: [1]
13:21:10:672 piStatus = MODSTS_OFF
13:21:10:673 STATUS: MODEM OFF
13:21:10:673 CONNECT ====================================================================
13:21:10:680 Resolvendo o host (app.tpgw.ntk.com.br)
13:21:10:703 Conectando com o host (app.tpgw.ntk.com.br), IP (200.155.8.203:17502)
13:21:10:703 CAFile = /home/luiz/Projetos/PayGo/pdvLinuxPayGoLibC_DotNetCoreCSharp/PDVS/bin/Debug/certificado.crt
13:21:10:778 Certificado auto-assinado
13:21:10:779 Nome do Subject: /C=BR/ST=SAO PAULO/L=SAO PAULO/O=SETIS AUTOMACAO E SISTEMAS LTDA/OU=DESENVOLVIMENTO/CN=*.tpgw.ntk.com.br/emailAddress=contato@setis.com.br
13:21:10:779 Nome do emissor: /C=BR/ST=SAO PAULO/L=SAO PAULO/O=SETIS AUTOMACAO E SISTEMAS LTDA/OU=DESENVOLVIMENTO/CN=SETIS CA TEST/emailAddress=contato@setis.com.br
13:21:10:779 Validacao pelo OpenSSL
13:21:10:779 OpenSSL OK: *.tpgw.ntk.com.br
13:21:10:779 TLSv1.2 connect OK <REUSED SESSION>!
13:21:10:779 SSLState = 3 (SSL negotiation finished successfully)

13:21:10:780 STATUS: CONNECTED
13:21:10:780 TX[000603]: 02 24 00 02 50 00 00 00 00 00 00 01 02 00 07 34 .$..P..........4
                         01 02                                           ..               
13:21:11:055 select = 1
13:21:11:055 RX[000001]: 02 24 00 00 84 00 00 70 98 35 56 01 04 00 00 00 .$.....p.5V.....
                         07 02 01 80 11 05 36 30 37 39 38 12 05 44 25 05 ......60798..D%. 
                         63 2F 32 03 91 44 97 41 04 00 00 00 01 42 15 0D c/2..D.A.....B.. 
                         54 52 41 4E 53 41 43 41 4F 20 41 55 54 4F 52 49 TRANSACAO AUTORI 
                         5A 41 44 41 43 04 00 00 00 01 03 14 A5 73 C1 CC ZADAC........s.. 
                         60 D2 FE 90 C7 50 EB 4D B4 33 1D B4 63 E6 A4 2E `....P.M.3..c... 
                         64 15 0D 54 52 41 4E 53 41 43 41 4F 20 41 55 54 d..TRANSACAO AUT 
                         4F 52 49 5A 41 44 41 6A 07 20 19 11 12 14 21 10 ORIZADAj. ....!. 
                         6B 07 20 19 11 12 16 21 10 6C 01 00 F4 01 00    k. ....!.l.....  
13:21:11:082 PWSRV_iSendConfirmation OK
13:21:11:428 DISCONNECT =================================================================
13:21:11:428 >>LNXSSL_iModemDisconnect
13:24:02:691 PW_Init(/home/luiz/Projetos/PayGo/pdvLinuxPayGoLibC_DotNetCoreCSharp/PDVS/bin/Debug/PGWebLib)
13:24:02:691 Ultima limpeza: 11/11/2019 13:54:03)
13:24:03:696 [PGWebLib] PP_Treatment Selecionado: [1]
13:24:10:319 PW_iNewTransac(33, 0004.0000.0064.0000)
13:24:10:320 CONNECT ====================================================================
13:24:10:321 Resolvendo o host (app.tpgw.ntk.com.br)
13:24:10:345 Conectando com o host (app.tpgw.ntk.com.br), IP (200.155.8.203:17502)
13:24:10:345 CAFile = /home/luiz/Projetos/PayGo/pdvLinuxPayGoLibC_DotNetCoreCSharp/PDVS/bin/Debug/certificado.crt
13:24:10:418 depth=1 /C=BR/ST=SAO PAULO/L=SAO PAULO/O=SETIS AUTOMACAO E SISTEMAS LTDA/OU=DESENVOLVIMENTO/CN=SETIS CA TEST/emailAddress=contato@setis.com.br
13:24:10:418 verify return:1
13:24:10:418 depth=0 /C=BR/ST=SAO PAULO/L=SAO PAULO/O=SETIS AUTOMACAO E SISTEMAS LTDA/OU=DESENVOLVIMENTO/CN=*.tpgw.ntk.com.br/emailAddress=contato@setis.com.br
13:24:10:418 verify return:1
13:24:10:470 Certificado auto-assinado
13:24:10:470 Nome do Subject: /C=BR/ST=SAO PAULO/L=SAO PAULO/O=SETIS AUTOMACAO E SISTEMAS LTDA/OU=DESENVOLVIMENTO/CN=*.tpgw.ntk.com.br/emailAddress=contato@setis.com.br
13:24:10:470 Nome do emissor: /C=BR/ST=SAO PAULO/L=SAO PAULO/O=SETIS AUTOMACAO E SISTEMAS LTDA/OU=DESENVOLVIMENTO/CN=SETIS CA TEST/emailAddress=contato@setis.com.br
13:24:10:470 Validacao pelo OpenSSL
13:24:10:470 OpenSSL OK: *.tpgw.ntk.com.br
13:24:10:471 TLSv1.2 connect OK <NEW SESSION>!
13:24:10:550 [PGWebLib] PP_Treatment Selecionado: [1]
13:24:10:550 PW_iAddParam(21, PDVS)
13:24:10:738 PW_iAddParam(22, 1.0)
13:24:10:738 PW_iAddParam(23, NTK Solutions Ltda)
13:24:10:738 PW_iAddParam(36, 28)
13:24:10:893 PW_iAddParam(112, 02)
13:24:10:933 PW_iExecTransac(0004.0000.0064.0000) <-2497>
13:24:12:546 PW_iAddParam(54, 9)
13:24:12:731 PW_iAddParam(53, BIN)
13:24:12:731 PW_iAddParam(135, BIN)
13:24:13:064 [PWOFF_iExecProcOff]=<-2497>, ModoEntradaCartao
13:24:13:172 PW_iExecTransac(0004.0000.0064.0000) <-2497>
13:24:14:684 PW_iAddParam(41, 02)
13:24:14:951 [PWOFF_iExecProcOff]=<-2497>, ModoEntradaCartao
13:24:14:965 PW_iExecTransac(0004.0000.0064.0000) <-2497>
13:24:14:965 PW_iPPGetCard(0)
13:24:27:889 PW_iPPEventLoop OK()
13:24:28:408 [PWOFF_iExecProcOff]=<-2497>, ValorTotal
13:24:28:414 PW_iExecTransac(0004.0000.0064.0000) <-2497>
13:25:22:879 PW_iAddParam(37, 01100)
13:25:24:731 [PWOFF_iExecProcOff]=<-2497>, ResOffline
13:25:24:739 PW_iExecTransac(0004.0000.0064.0000) <-2497>
13:25:24:740 PW_iPPGoOnChip(0)
13:25:34:559 PW_iPPEventLoop OK()
13:25:34:732 [PWOFF_iExecProcOff]=PWRET_OK
13:25:35:045 SSLState = 3 (SSL negotiation finished successfully)

13:25:35:045 STATUS: CONNECTED
13:25:35:058 TX[000855]: 02 24 00 03 4C 00 00 00 00 00 00 01 02 00 07 34 .$..L..........4
                         01 02                                           ..               
13:25:35:673 select = 1
13:25:35:673 RX[000001]: 02 24 00 03 12 00 00 6B 4A 49 A8 01 04 00 00 00 .$.....kJI......
                         07 02 01 A1 11 05 36 30 37 39 38 12 05 83 13 11 ......60798..... 
                         29 3F 25 02 11 00 26 02 03 DA 29 04 00 00 00 02 )?%...&...)..... 
                         2A 14 56 49 53 41 20 44 45 42 49 54 4F 20 20 20 *.VISA DEBITO    
                         20 20 20 20 20 20 32 03 91 44 98 35 03 42 49 4E       2..D.5.BIN 
                         36 01 9F 38 0F 30 30 30 30 30 30 30 38 30 39 30 6..8.00000008090 
                         30 30 30 30 41 04 00 00 00 08 42 15 0D 54 52 41 0000A.....B..TRA 
                         4E 53 41 43 41 4F 20 41 55 54 4F 52 49 5A 41 44 NSACAO AUTORIZAD 
                         41 43 04 00 00 01 11 44 07 31 35 36 32 39 32 30 AC.....D.1562920 
                         45 09 30 30 30 30 31 38 32 37 37 46 06 30 31 38 E.000018277F.018 
                         32 37 37 47 02 30 30 40 82 01 DA 1F 8B 08 00 00 277G.00@........ 
                         00 00 00 04 00 DD 53 3D 6F DB 30 10 2D DA 4D 80 ......S=o.0.-.M. 
                         FE C3 CD 06 9C 92 92 F5 09 78 38 51 74 CC 54 22 .........x8Qt.T" 
                         05 92 16 90 6E 46 DB 21 40 5B 0F 45 D0 3D BF B4 ....nF.!@[.E.=.. 
                         3F A5 A4 94 C4 91 23 03 46 81 0E ED 5B 04 91 EF ?.....#.F...[... 
                         EE DE DD F1 E9 37 E6 E1 DD CF 10 26 E8 F0 F6 5A .....7.....&...Z 
                         41 75 0B D2 7E 98 DE 84 41 18 C0 29 2A 21 5F 9D Au..~...A..)*!_. 
                         C1 91 D7 0B 84 25 70 63 B1 E2 0D 67 A2 E5 D2 AA .....%pc...g.... 
                         19 9E 87 2F 68 54 B3 B3 42 49 73 26 1F 80 DE 21 .../hT..BIs&...! 
                         6C 44 CD 25 13 0A 34 B6 CA BC E4 19 54 AE 83 5D lD.%..4.....T..] 
                         A3 60 0E C4 21 26 79 1A 06 9C 95 64 44 4E 8A E1 .`..!&y....dDN.. 
                         FB 48 B1 5C B7 E5 D3 D9 49 C7 2B 5A D0 38 4B 93 .H.\....I.+Z.8K. 
                         B4 58 A5 29 89 B2 89 42 DC D9 75 92 46 45 34 66 .X.)...B..u.FE4f 
                         62 FD DA 67 A0 79 94 79 5E AD D8 3A 4F 69 9C D2 b..g.y.y^..:Oi.. 
                         30 A8 D1 62 49 29 8D C6 D0 AD D2 EE 77 15 25 71 0..bI)......w.%q 
                         72 CC C7 B6 A2 9B 99 36 F4 5C D6 38 3F 18 2F 5E r......6.\.8?./^ 
                         A3 34 C8 DC 0C AC 1B 39 F7 F2 7B 6C 94 2E 67 A7 .4.....9..{l..g. 
                         31 80 52 DF E6 34 D8 B5 A2 B4 F8 88 AE 12 53 2D 1.R..4........S- 
                         18 2E B7 38 53 ED 2C 9E 79 4C F3 61 51 58 BB 1E ...8S.,.yL.aQX.. 
                         A1 42 C9 94 AA C0 E0 33 EF 64 C0 35 AF 84 55 73 .B.....3.d.5..Us 
                         99 06 E0 E3 CA 48 1C 11 4A 60 C2 0B 83 E5 85 08 .....H..J`...... 
                         83 94 64 45 0E 4F C9 48 01 DD B5 E6 1B FF 20 E8 ..dE.O.H...... . 
                         B8 C1 30 90 AA E5 B0 41 69 D1 08 2C 9D B0 46 F4 ..0....Ai..,..F. 
                         5C 83 B0 61 C0 64 77 53 42 44 AE B2 28 BD 22 49 \..a.dwSBD..(."I 
                         F1 DE C7 2D B3 62 E8 C6 69 59 2C 16 80 6D 25 DC ...-.b..iY,..m%. 
                         4B E7 2E 70 5C 85 71 2E C0 AE 23 D1 70 ED 05 DB K..p\.q...#.p... 
                         87 B7 BF FE AA F5 3C 46 FB B1 66 14 73 9E 77 A1 ......<F..f.s.w. 
                         F5 EE F7 B0 B9 FB FC E5 FB A7 BB 03 E8 FD B7 C3 ................ 
                         8F 97 3C B3 3F 40 B7 BF FF 7A 78 2D 0A FE CC 7A ..<.?@...zx-...z 
                         FF BB F9 8E DE 83 0B BD F2 8F BD F1 DF 5F 07 5B ............._.[ 
                         9E 61 06 00 00 03 14 A5 73 C1 CC 60 D2 FE 90 C7 .a......s..`.... 
                         50 EB 4D B4 33 1D B4 63 E6 A4 2E 3B 04 00 00 00 P.M.3..c...;.... 
                         01 4B 0C 56 49 53 41 20 44 45 42 49 54 4F 20 C0 .K.VISA DEBITO . 
                         04 00 00 00 04 61 3C 92 01 0A C9 01 00 CE 30 4F .....a<.......0O 
                         84 82 95 9C 9F 03 9F 06 9F 10 9F 1A 9F 26 9F 27 .............&.' 
                         9F 36 9F 37 9A 9F 02 5F 2A 5F 24 9F 34 9F 15 9F .6.7..._*_$.4... 
                         33 5F 28 9F 35 9F 45 9B 9F 12 9F 11 5F 34 50 D7 3_(.5.E....._4P. 
                         02 30 30 6A 07 20 19 11 12 14 25 35 6B 07 20 19 .00j. ....%5k. . 
                         11 12 16 25 35 6C 01 00 F4 01 03 CF 01 08 86 0D ...%5l.......... 
                         56 49 53 41 20 45 4C 45 43 54 52 4F 4E          VISA ELECTRON    
13:25:36:034 FinishChip(0)
13:25:36:099 DISCONNECT =================================================================
13:25:36:099 >>LNXSSL_iModemDisconnect
13:25:36:122 PW_iExecTransac(0004.0000.0064.0000) <-2497>
13:25:36:122 PW_iPPRemoveCard()
13:25:39:540 PW_iPPEventLoop OK()
13:25:39:586 PW_iExecTransac(0004.0000.0064.0000) <0>
13:25:39:586 0x02=33
13:25:39:586 0x11=60798
13:25:39:586 0x1B=app.tpgw.ntk.com.br:17502
13:25:39:586 0x25=000000001100
13:25:39:586 0x26=986
13:25:39:586 0x29=2
13:25:39:586 0x2A=VISA DEBITO         
13:25:39:586 0x31=20191112142535
13:25:39:586 0x32=0000914498
13:25:39:586 0x35=BIN
13:25:39:586 0x36=9
13:25:39:586 0x38=000000080900000
13:25:39:586 0x3B=1
13:25:39:586 0x42=TRANSACAO AUTORIZADA
13:25:39:586 0x43=1
13:25:39:586 0x44=1562920
13:25:39:586 0x45=000018277
13:25:39:586 0x46=018277
13:25:39:586 0x47=00
13:25:39:587 0x4B=VISA DEBITO 
13:25:39:587 0x53=              PAYGO BY NTK              

                 BIN                  
        VIA - ESTABELECIMENTO         
            NTK SOLUTIONS             
          RUA FIDENCIO RAMOS          
SAO PAULO                     00003086
EC:000000080900000       TERM:80900000

           4191376569466027           
AUT=562920     CV=000018277   DOC=861361
DATA:1112      HORA:142535          CHIP
                  VENDA          
             TRANSACAO TESTE

VALOR:                          1100
    TRANSACAO AUTORIZADA COM SENHA    
                                      
       CREDENCIADORA BANCOOB SA       


           DEBITO           
            A0000000032010            

----------------------------------------
60798 0000000009 PGREF:0001562920
NOME FANTASIA: DELIVER IT
CNPJ: 20.726.059/0001-79

   *** AMBIENTE DE TESTES - APP02 ***   

13:25:39:587 0x54=              PAYGO BY NTK              

                 BIN                  
            VIA - CLIENTE             
            NTK SOLUTIONS             
          Rua Fidencio Ramos          
Sao Paulo                     00003086
EC:000000080900000       TERM:80900000


           4191376569466027           
AUT=562920     CV=000018277   DOC=861361
DATA:1112      HORA:142535          CHIP
                  VENDA          
             TRANSACAO TESTE

VALOR:                         1100
       CREDENCIADORA BANCOOB SA       


----------------------------------------
60798 0000000009 PGREF:0001562920
NOME FANTASIA: DELIVER IT
CNPJ: 20.726.059/0001-79

   *** AMBIENTE DE TESTES - APP02 ***   

13:25:39:587 0x6C=0
13:25:39:587 0x6F=   PROCESSANDO...
13:25:39:587 0x74=      OPERACAO      CANCELADA
13:25:39:587 0x75=    OPERACAO        CANCELADA   
13:25:39:587 0xC0=4
13:25:39:587 0xC2=0615
13:25:39:587 0xC4=VISA ELECTRON
13:25:39:587 0xCF=8
13:25:39:587 0xF4=3
13:25:39:589 0x7F01=1
13:25:39:589 0x7F02=24
13:25:39:589 0x7F04=191112142535
13:25:39:589 0x7F0B=0
13:25:42:850 [PGWebLib] PP_Treatment Selecionado: [1]
13:25:42:951 [PGWebLib] PP_Treatment Selecionado: [1]
13:25:47:480 PW_iConfirmation(289)
13:25:47:595 PWSRV_iSendConfirmation <914498><1562920><0x121>
13:25:47:679 [PGWebLib] PP_Treatment Selecionado: [1]
13:25:47:703 piStatus = MODSTS_OFF
13:25:47:703 STATUS: MODEM OFF
13:25:47:703 CONNECT ====================================================================
13:25:47:703 Resolvendo o host (app.tpgw.ntk.com.br)
13:25:47:725 Conectando com o host (app.tpgw.ntk.com.br), IP (200.155.8.203:17502)
13:25:47:726 CAFile = /home/luiz/Projetos/PayGo/pdvLinuxPayGoLibC_DotNetCoreCSharp/PDVS/bin/Debug/certificado.crt
13:25:47:803 Certificado auto-assinado
13:25:47:803 Nome do Subject: /C=BR/ST=SAO PAULO/L=SAO PAULO/O=SETIS AUTOMACAO E SISTEMAS LTDA/OU=DESENVOLVIMENTO/CN=*.tpgw.ntk.com.br/emailAddress=contato@setis.com.br
13:25:47:803 Nome do emissor: /C=BR/ST=SAO PAULO/L=SAO PAULO/O=SETIS AUTOMACAO E SISTEMAS LTDA/OU=DESENVOLVIMENTO/CN=SETIS CA TEST/emailAddress=contato@setis.com.br
13:25:47:803 Validacao pelo OpenSSL
13:25:47:803 OpenSSL OK: *.tpgw.ntk.com.br
13:25:47:803 TLSv1.2 connect OK <REUSED SESSION>!
13:25:47:816 SSLState = 3 (SSL negotiation finished successfully)

13:25:47:816 STATUS: CONNECTED
13:25:47:816 TX[000603]: 02 24 00 02 50 00 00 00 00 00 00 01 02 00 07 34 .$..P..........4
                         01 02                                           ..               
13:25:48:067 select = 1
13:25:48:067 RX[000001]: 02 24 00 00 84 00 00 D8 CC BF AD 01 04 00 00 00 .$..............
                         07 02 01 80 11 05 36 30 37 39 38 12 05 23 87 19 ......60798..#.. 
                         43 8F 32 03 91 44 99 41 04 00 00 00 01 42 15 0D C.2..D.A.....B.. 
                         54 52 41 4E 53 41 43 41 4F 20 41 55 54 4F 52 49 TRANSACAO AUTORI 
                         5A 41 44 41 43 04 00 00 00 01 03 14 A5 73 C1 CC ZADAC........s.. 
                         60 D2 FE 90 C7 50 EB 4D B4 33 1D B4 63 E6 A4 2E `....P.M.3..c... 
                         64 15 0D 54 52 41 4E 53 41 43 41 4F 20 41 55 54 d..TRANSACAO AUT 
                         4F 52 49 5A 41 44 41 6A 07 20 19 11 12 14 25 47 ORIZADAj. ....%G 
                         6B 07 20 19 11 12 16 25 47 6C 01 00 F4 01 00    k. ....%Gl.....  
13:25:48:096 PWSRV_iSendConfirmation OK
13:25:48:469 DISCONNECT =================================================================
13:25:48:469 >>LNXSSL_iModemDisconnect
13:30:28:404 PW_Init(/home/luiz/Projetos/PayGo/pdvLinuxPayGoLibC_DotNetCoreCSharp/PDVS/bin/Debug/PGWebLib)
13:30:28:428 Ultima limpeza: 11/11/2019 13:54:03)
13:30:29:475 [PGWebLib] PP_Treatment Selecionado: [1]
13:35:22:340 PW_iNewTransac(33, 0004.0000.0064.0000)
13:35:22:414 CONNECT ====================================================================
13:35:22:416 Resolvendo o host (app.tpgw.ntk.com.br)
13:35:22:459 Conectando com o host (app.tpgw.ntk.com.br), IP (200.155.8.203:17502)
13:35:22:462 CAFile = /home/luiz/Projetos/PayGo/pdvLinuxPayGoLibC_DotNetCoreCSharp/PDVS/bin/Debug/certificado.crt
13:35:22:550 depth=1 /C=BR/ST=SAO PAULO/L=SAO PAULO/O=SETIS AUTOMACAO E SISTEMAS LTDA/OU=DESENVOLVIMENTO/CN=SETIS CA TEST/emailAddress=contato@setis.com.br
13:35:22:551 verify return:1
13:35:22:551 depth=0 /C=BR/ST=SAO PAULO/L=SAO PAULO/O=SETIS AUTOMACAO E SISTEMAS LTDA/OU=DESENVOLVIMENTO/CN=*.tpgw.ntk.com.br/emailAddress=contato@setis.com.br
13:35:22:551 verify return:1
13:35:22:606 Certificado auto-assinado
13:35:22:606 Nome do Subject: /C=BR/ST=SAO PAULO/L=SAO PAULO/O=SETIS AUTOMACAO E SISTEMAS LTDA/OU=DESENVOLVIMENTO/CN=*.tpgw.ntk.com.br/emailAddress=contato@setis.com.br
13:35:22:606 Nome do emissor: /C=BR/ST=SAO PAULO/L=SAO PAULO/O=SETIS AUTOMACAO E SISTEMAS LTDA/OU=DESENVOLVIMENTO/CN=SETIS CA TEST/emailAddress=contato@setis.com.br
13:35:22:606 Validacao pelo OpenSSL
13:35:22:606 OpenSSL OK: *.tpgw.ntk.com.br
13:35:22:606 TLSv1.2 connect OK <NEW SESSION>!
13:35:22:708 [PGWebLib] PP_Treatment Selecionado: [1]
13:35:22:708 PW_iAddParam(21, PDVS)
13:35:22:969 PW_iAddParam(22, 1.0)
13:35:22:969 PW_iAddParam(23, NTK Solutions Ltda)
13:35:22:969 PW_iAddParam(36, 28)
13:35:23:276 PW_iAddParam(112, 02)
13:35:23:292 PW_iExecTransac(0004.0000.0064.0000) <-2497>
13:35:25:704 PW_iAddParam(54, 9)
13:35:25:981 PW_iAddParam(53, BIN)
13:35:25:981 PW_iAddParam(135, BIN)
13:35:26:304 [PWOFF_iExecProcOff]=<-2497>, ModoEntradaCartao
13:35:26:342 PW_iExecTransac(0004.0000.0064.0000) <-2497>
13:35:29:393 PW_iAddParam(41, 02)
13:35:29:647 [PWOFF_iExecProcOff]=<-2497>, ModoEntradaCartao
13:35:29:753 PW_iExecTransac(0004.0000.0064.0000) <-2497>
13:35:29:753 PW_iPPGetCard(0)
13:35:32:834 PW_iPPEventLoop OK()
13:35:33:367 [PWOFF_iExecProcOff]=<-2497>, ValorTotal
13:35:33:374 PW_iExecTransac(0004.0000.0064.0000) <-2497>
13:35:46:407 PW_iAddParam(37, 01400)
13:35:47:685 [PWOFF_iExecProcOff]=<-2497>, ResOffline
13:35:47:912 PW_iExecTransac(0004.0000.0064.0000) <-2497>
13:35:47:913 PW_iPPGoOnChip(0)
13:35:53:706 PW_iPPEventLoop OK()
13:35:53:890 [PWOFF_iExecProcOff]=PWRET_OK
13:35:54:220 SSLState = 3 (SSL negotiation finished successfully)

13:35:54:220 STATUS: CONNECTED
13:35:54:232 TX[000855]: 02 24 00 03 4C 00 00 00 00 00 00 01 02 00 07 34 .$..L..........4
                         01 02                                           ..               
13:35:54:938 select = 1
13:35:54:938 RX[000001]: 02 24 00 03 14 00 00 40 82 61 80 01 04 00 00 00 .$.....@.a......
                         07 02 01 A1 11 05 36 30 37 39 38 12 05 61 81 09 ......60798..a.. 
                         48 4F 25 02 14 00 26 02 03 DA 29 04 00 00 00 02 HO%...&...)..... 
                         2A 14 56 49 53 41 20 44 45 42 49 54 4F 20 20 20 *.VISA DEBITO    
                         20 20 20 20 20 20 32 03 91 45 00 35 03 42 49 4E       2..E.5.BIN 
                         36 01 9F 38 0F 30 30 30 30 30 30 30 38 30 39 30 6..8.00000008090 
                         30 30 30 30 41 04 00 00 00 08 42 15 0D 54 52 41 0000A.....B..TRA 
                         4E 53 41 43 41 4F 20 41 55 54 4F 52 49 5A 41 44 NSACAO AUTORIZAD 
                         41 43 04 00 00 01 11 44 07 31 35 36 32 39 32 32 AC.....D.1562922 
                         45 09 30 30 30 30 31 38 32 37 39 46 06 30 31 38 E.000018279F.018 
                         32 37 39 47 02 30 30 40 82 01 DC 1F 8B 08 00 00 279G.00@........ 
                         00 00 00 04 00 DD 53 3D 6F DB 30 10 2D DA 4D 80 ......S=o.0.-.M. 
                         FE C3 CD 06 9C 52 B2 BE 28 C0 C3 89 A2 63 A6 12 .....R..(....c.. 
                         29 90 B4 80 74 33 DA 0E 01 DA 7A 28 82 EE F9 A5 )...t3....z(.... 
                         FD 29 25 A5 24 8E 1C 19 30 0A 74 68 DF 42 90 7C .)%.$...0.th.B.| 
                         BC 7B 77 C7 A7 DF 98 87 77 3F 43 98 A0 C3 DB 6B .{w.....w?C....k 
                         05 D5 2D 48 FB 61 7A 13 06 61 00 A7 A8 84 7C 75 ..-H.az..a....|u 
                         06 47 5E 2F 10 96 C0 8D C5 8A 37 9C 89 96 4B AB .G^/......7...K. 
                         66 78 1E 3E A1 51 CD CE 0A 25 CD 99 78 00 7A 87 fx.>.Q...%..x.z. 
                         B0 11 35 97 4C 28 D0 D8 2A F3 92 67 50 B9 0A 76 ..5.L(..*..gP..v 
                         8D 82 39 10 87 15 29 B2 30 E0 AC 24 23 0A 42 87 ..9...).0..$#.B. 
                         F5 91 62 B9 6E CB A7 B3 93 8A 93 88 46 AB 3C 4B ..b.n.......F.<K 
                         33 9A 64 19 89 F3 89 42 DC D9 75 9A C5 34 8E 87 3.d....B..u..4.. 
                         03 D6 AF 7D 84 A8 88 73 EA B6 B5 62 EB 24 CF F2 ...}...s...b.$.. 
                         22 0F 83 1A 2D 96 51 14 8D 44 D8 2A ED B6 C9 2A "...-.Q..D.*...* 
                         4D 93 63 3C B6 15 DD 4C B7 A1 E7 B2 C6 F9 C6 78 M.c<...L.......x 
                         F1 1A A5 41 E6 7A 60 5D CB B9 97 DF 63 A3 74 39 ...A.z`]....c.t9 
                         DB 8D 01 51 E2 CB 9C 3E 76 A5 28 2D 3E A2 CB C4 ...Q...>v.(->... 
                         54 0B 86 CB 2D CE 64 3B 8B 67 1E D3 7C 18 14 D6 T...-.d;.g..|... 
                         AE 46 A8 50 32 A5 2A 30 F8 CC 3B 69 70 CD 2B 61 .F.P2.*0..;ip.+a 
                         D5 5C A4 01 F8 38 32 B2 8A 49 44 60 C2 0B 83 E5 .\...82..ID`.... 
                         85 08 83 8C E4 B4 80 A7 60 84 42 77 AD F9 C6 7F ........`.Bw... 
                         88 68 9C 60 18 48 D5 72 D8 A0 B4 68 04 96 4E 58 .h.`.H.r...h..NX 
                         23 7A AE 41 D8 30 60 B2 BB 29 21 26 57 79 9C 5D #z.A.0`..)!&Wy.] 
                         91 94 BE F7 EF 96 39 1D AA 71 5A 16 8B 05 60 5B ......9..qZ...`[ 
                         09 F7 D3 B9 7B 38 8E C2 38 17 60 D7 91 78 B8 F6 ....{8..8.`..x.. 
                         82 ED C3 DB 5F 7F D5 7A 1E A3 FD 58 33 8A 39 CF ...._.z...X3.9. 
                         BB D0 7A F7 7B D8 DC 7D FE F2 FD D3 DD 01 F4 FE ..z.{..}........ 
                         DB E1 C7 4B 9E D9 1F A0 DB DF 7F 3D BC 16 05 7F ...K......=... 
                         66 BD FF DD 7C 47 EF C1 85 5E F9 C7 FE F8 6F B6 f...|G...^....o. 
                         82 BD 6F 61 06 00 00 03 14 A5 73 C1 CC 60 D2 FE ..oa......s..`.. 
                         90 C7 50 EB 4D B4 33 1D B4 63 E6 A4 2E 3B 04 00 ..P.M.3..c...;.. 
                         00 00 01 4B 0C 56 49 53 41 20 44 45 42 49 54 4F ...K.VISA DEBITO 
                         20 C0 04 00 00 00 04 61 3C 92 01 0A C9 01 00 CE  ......a<....... 
                         30 4F 84 82 95 9C 9F 03 9F 06 9F 10 9F 1A 9F 26 0O.............& 
                         9F 27 9F 36 9F 37 9A 9F 02 5F 2A 5F 24 9F 34 9F .'.6.7..._*_$.4. 
                         15 9F 33 5F 28 9F 35 9F 45 9B 9F 12 9F 11 5F 34 ..3_(.5.E....._4 
                         50 D7 02 30 30 6A 07 20 19 11 12 14 35 54 6B 07 P..00j. ....5Tk. 
                         20 19 11 12 16 35 54 6C 01 00 F4 01 03 CF 01 08  ....5Tl........ 
                         86 0D 56 49 53 41 20 45 4C 45 43 54 52 4F 4E    ..VISA ELECTRON  
13:35:55:310 FinishChip(0)
13:35:55:370 DISCONNECT =================================================================
13:35:55:370 >>LNXSSL_iModemDisconnect
13:35:55:397 PW_iExecTransac(0004.0000.0064.0000) <-2497>
13:35:55:398 PW_iPPRemoveCard()
13:35:58:819 PW_iPPEventLoop OK()
13:35:58:855 PW_iExecTransac(0004.0000.0064.0000) <0>
13:35:58:855 0x02=33
13:35:58:855 0x11=60798
13:35:58:855 0x1B=app.tpgw.ntk.com.br:17502
13:35:58:855 0x25=000000001400
13:35:58:855 0x26=986
13:35:58:855 0x29=2
13:35:58:855 0x2A=VISA DEBITO         
13:35:58:855 0x31=20191112143554
13:35:58:855 0x32=0000914500
13:35:58:855 0x35=BIN
13:35:58:855 0x36=9
13:35:58:855 0x38=000000080900000
13:35:58:855 0x3B=1
13:35:58:855 0x42=TRANSACAO AUTORIZADA
13:35:58:855 0x43=1
13:35:58:855 0x44=1562922
13:35:58:855 0x45=000018279
13:35:58:855 0x46=018279
13:35:58:855 0x47=00
13:35:58:855 0x4B=VISA DEBITO 
13:35:58:855 0x53=              PAYGO BY NTK              

                 BIN                  
        VIA - ESTABELECIMENTO         
            NTK SOLUTIONS             
          RUA FIDENCIO RAMOS          
SAO PAULO                     00003086
EC:000000080900000       TERM:80900000

           4191376569466027           
AUT=562922     CV=000018279   DOC=476787
DATA:1112      HORA:143554          CHIP
                  VENDA          
             TRANSACAO TESTE

VALOR:                          1400
    TRANSACAO AUTORIZADA COM SENHA    
                                      
       CREDENCIADORA BANCOOB SA       


           DEBITO           
            A0000000032010            

----------------------------------------
60798 0000000009 PGREF:0001562922
NOME FANTASIA: DELIVER IT
CNPJ: 20.726.059/0001-79

   *** AMBIENTE DE TESTES - APP02 ***   

13:35:58:855 0x54=              PAYGO BY NTK              

                 BIN                  
            VIA - CLIENTE             
            NTK SOLUTIONS             
          Rua Fidencio Ramos          
Sao Paulo                     00003086
EC:000000080900000       TERM:80900000


           4191376569466027           
AUT=562922     CV=000018279   DOC=476787
DATA:1112      HORA:143554          CHIP
                  VENDA          
             TRANSACAO TESTE

VALOR:                         1400
       CREDENCIADORA BANCOOB SA       


----------------------------------------
60798 0000000009 PGREF:0001562922
NOME FANTASIA: DELIVER IT
CNPJ: 20.726.059/0001-79

   *** AMBIENTE DE TESTES - APP02 ***   

13:35:58:855 0x6C=0
13:35:58:855 0x6F=   PROCESSANDO...
13:35:58:855 0x74=      OPERACAO      CANCELADA
13:35:58:855 0x75=    OPERACAO        CANCELADA   
13:35:58:855 0xC0=4
13:35:58:855 0xC2=0615
13:35:58:855 0xC4=VISA ELECTRON
13:35:58:855 0xCF=8
13:35:58:855 0xF4=3
13:35:58:857 0x7F01=1
13:35:58:857 0x7F02=24
13:35:58:857 0x7F04=191112143554
13:35:58:857 0x7F0B=0
13:36:06:599 [PGWebLib] PP_Treatment Selecionado: [1]
13:36:06:701 [PGWebLib] PP_Treatment Selecionado: [1]
13:36:10:300 PW_iConfirmation(289)
13:36:10:425 PWSRV_iSendConfirmation <914500><1562922><0x121>
13:36:10:510 [PGWebLib] PP_Treatment Selecionado: [1]
13:36:10:550 piStatus = MODSTS_OFF
13:36:10:550 STATUS: MODEM OFF
13:36:10:550 CONNECT ====================================================================
13:36:10:551 Resolvendo o host (app.tpgw.ntk.com.br)
13:36:10:554 Conectando com o host (app.tpgw.ntk.com.br), IP (200.155.8.203:17502)
13:36:10:554 CAFile = /home/luiz/Projetos/PayGo/pdvLinuxPayGoLibC_DotNetCoreCSharp/PDVS/bin/Debug/certificado.crt
13:36:10:627 Certificado auto-assinado
13:36:10:628 Nome do Subject: /C=BR/ST=SAO PAULO/L=SAO PAULO/O=SETIS AUTOMACAO E SISTEMAS LTDA/OU=DESENVOLVIMENTO/CN=*.tpgw.ntk.com.br/emailAddress=contato@setis.com.br
13:36:10:628 Nome do emissor: /C=BR/ST=SAO PAULO/L=SAO PAULO/O=SETIS AUTOMACAO E SISTEMAS LTDA/OU=DESENVOLVIMENTO/CN=SETIS CA TEST/emailAddress=contato@setis.com.br
13:36:10:628 Validacao pelo OpenSSL
13:36:10:628 OpenSSL OK: *.tpgw.ntk.com.br
13:36:10:628 TLSv1.2 connect OK <REUSED SESSION>!
13:36:10:628 SSLState = 3 (SSL negotiation finished successfully)

13:36:10:628 STATUS: CONNECTED
13:36:10:629 TX[000603]: 02 24 00 02 50 00 00 00 00 00 00 01 02 00 07 34 .$..P..........4
                         01 02                                           ..               
13:36:10:917 select = 1
13:36:10:917 RX[000001]: 02 24 00 00 84 00 00 D7 F1 10 A0 01 04 00 00 00 .$..............
                         07 02 01 80 11 05 36 30 37 39 38 12 05 71 66 58 ......60798..qfX 
                         72 4F 32 03 91 45 01 41 04 00 00 00 01 42 15 0D rO2..E.A.....B.. 
                         54 52 41 4E 53 41 43 41 4F 20 41 55 54 4F 52 49 TRANSACAO AUTORI 
                         5A 41 44 41 43 04 00 00 00 01 03 14 A5 73 C1 CC ZADAC........s.. 
                         60 D2 FE 90 C7 50 EB 4D B4 33 1D B4 63 E6 A4 2E `....P.M.3..c... 
                         64 15 0D 54 52 41 4E 53 41 43 41 4F 20 41 55 54 d..TRANSACAO AUT 
                         4F 52 49 5A 41 44 41 6A 07 20 19 11 12 14 36 10 ORIZADAj. ....6. 
                         6B 07 20 19 11 12 16 36 10 6C 01 00 F4 01 00    k. ....6.l.....  
13:36:10:942 PWSRV_iSendConfirmation OK
13:36:11:321 DISCONNECT =================================================================
13:36:11:321 >>LNXSSL_iModemDisconnect
