18:13:56[TX]{18}
18:13:56[RX]{04}
18:13:56[TX]OPN5230256951B2614256D148E586C384E56395183C13CA15CF1F68A4ECE80E7AC1AAE3335AF804C2D5B7627554E421CFBF38FEFB637DBA275AF5FD58497FF3DECDF95F79F9D7EC6D687FFC6DECE983E52D7E64EB5FE126AE3A1D375B40DCB7881D7ECFBA6EC1A08A7437B1DA60CB9119533E794BC38FA4FDDD122218729389003E422110000711CE6C69081788B3BD2AF18D2E7C37A76300AC3FB23E4107DA72FBC718FDB37291F183C20FA97616A41D4D6591D28EE81C5C8EB89B4936309DE912A8F96ED0E075121E2406BBD9EE2C0AC6BF323D1D5001CF2BD9E56B72FD306E341F99B786697E4794C91FE2AD33EE68E689D917313615D985253EFAC2C968FA46FDDB86B30103E9
18:13:56[RX]OPN0005152567BF6E5E58ECD7A4D45EF915EBDEC94BD138B51D7071237DDF08D3ACFF6A356A2D4B45AA9C4F8D87DE87FF3ADCEB1F01527331331F0B844DBAD694685C77613428651735DAF563A430F19BBC98076A2202822A1C694AD550F2F0B6DA4B5528BB666DE2E9BEF1743DD324E09CF2928CC26B4EEBD238A582DEBA0A26CDDFAEE6D947C393E3D684CA14DD93E8BDB70FE73AB8B3385D660C2C2F0B994C15E9A3FF102E037062F8936B6B509A37D160396872ED7D9E98C020EA158A72EC37A0B93242F40581D16EC64F2F53FDE3AB3E80B59F5353215194B06B0BBC40C50D281C2F9F4919C96B15DE9E100757B97236AFC2F117C72B4394C8B6685FF82BC0C0C087207
18:13:56[TX <CMD> GIX]
18:13:56[[BLK1] 008:]
18:13:56[[T] 0x0001 ]
18:13:56[[L] 0004 ]
18:13:56[[V] 80807]
18:13:56[RX <CMD> GIX <RES> 000]
18:13:56[[BLK1] 028:]
18:13:56[[T] 0x8009 ]
18:13:56[[L] 0010 ]
18:13:56[[V] 001.12 160914   ]
18:13:56[[T] 0x8007 ]
18:13:56[[L] 0004 ]
18:13:56[[V] 2.03]
18:13:56[TX <CMD> GIX]
18:13:56[[BLK1] 010:]
18:13:56[[T] 0x0001 ]
18:13:56[[L] 0006 ]
18:13:56[[V] 8180807]
18:13:56[RX <CMD> GIX <RES> 000]
18:13:56[[BLK1] 036:]
18:13:56[[T] 0x8010 ]
18:13:56[[L] 0004 ]
18:13:56[[V] 1.15]
18:13:56[[T] 0x8009 ]
18:13:56[[L] 0010 ]
18:13:56[[V] 001.12 160914   ]
18:13:56[[T] 0x8007 ]
18:13:56[[L] 0004 ]
18:13:56[[V] 2.03]
18:13:56[TX <CMD> GIX]
18:13:56[[BLK1] 018:]
18:13:56[[T] 0x0001 ]
18:13:56[[L] 000E ]
18:13:56[[V] 818181818080835]
18:13:57[RX <CMD> GIX <RES> 000]
18:13:57[[BLK1] 166:]
18:13:57[[T] 0x8010 ]
18:13:57[[L] 0004 ]
18:13:57[[V] 1.15]
18:13:57[[T] 0x8011 ]
18:13:57[[L] 0004 ]
18:13:57[[V] 0010]
18:13:57[[T] 0x8012 ]
18:13:57[[L] 0005 ]
18:13:57[[V] 3.0.0]
18:13:57[[T] 0x8013 ]
18:13:57[[L] 0005 ]
18:13:57[[V] 1.0.0]
18:13:57[[T] 0x8009 ]
18:13:57[[L] 0010 ]
18:13:57[[V] 001.12 160914   ]
18:13:57[[T] 0x8007 ]
18:13:57[[L] 0004 ]
18:13:57[[V] 2.03]
18:13:57[[T] 0x8035 ]
18:13:57[[L] 0064 ]
18:13:57[[V] 0111000010100010111111110000000000000000000000000000000000000000000000000000000000000000000000000000]
18:13:57[TX <CMD> GIX]
18:13:57[[BLK1] 008:]
18:13:57[[T] 0x0001 ]
18:13:57[[L] 0004 ]
18:13:57[[V] 80807]
18:13:57[RX <CMD> GIX <RES> 000]
18:13:57[[BLK1] 028:]
18:13:57[[T] 0x8009 ]
18:13:57[[L] 0010 ]
18:13:57[[V] 001.12 160914   ]
18:13:57[[T] 0x8007 ]
18:13:57[[L] 0004 ]
18:13:57[[V] 2.03]
18:13:57[TX <CMD> GIX]
18:13:57[[BLK1] 008:]
18:13:57[[T] 0x0001 ]
18:13:57[[L] 0004 ]
18:13:57[[V] 80807]
18:13:57[RX <CMD> GIX <RES> 000]
18:13:57[[BLK1] 028:]
18:13:57[[T] 0x8009 ]
18:13:57[[L] 0010 ]
18:13:57[[V] 001.12 160914   ]
18:13:57[[T] 0x8007 ]
18:13:57[[L] 0004 ]
18:13:57[[V] 2.03]
18:13:57[TX <CMD> GIX]
18:13:57[[BLK1] 008:]
18:13:57[[T] 0x0001 ]
18:13:57[[L] 0004 ]
18:13:57[[V] 80807]
18:13:57[RX <CMD> GIX <RES> 000]
18:13:57[[BLK1] 028:]
18:13:57[[T] 0x8009 ]
18:13:57[[L] 0010 ]
18:13:57[[V] 001.12 160914   ]
18:13:57[[T] 0x8007 ]
18:13:57[[L] 0004 ]
18:13:57[[V] 2.03]
18:13:57[TX <CMD> GIX]
18:13:57[[BLK1] 008:]
18:13:57[[T] 0x0001 ]
18:13:57[[L] 0004 ]
18:13:57[[V] 80807]
18:13:57[RX <CMD> GIX <RES> 000]
18:13:57[[BLK1] 028:]
18:13:57[[T] 0x8009 ]
18:13:57[[L] 0010 ]
18:13:57[[V] 001.12 160914   ]
18:13:57[[T] 0x8007 ]
18:13:57[[L] 0004 ]
18:13:57[[V] 2.03]
18:13:57[TX <CMD> GIX]
18:13:57[[BLK1] 008:]
18:13:57[[T] 0x0001 ]
18:13:57[[L] 0004 ]
18:13:57[[V] 80807]
18:13:57[RX <CMD> GIX <RES> 000]
18:13:57[[BLK1] 028:]
18:13:57[[T] 0x8009 ]
18:13:57[[L] 0010 ]
18:13:57[[V] 001.12 160914   ]
18:13:57[[T] 0x8007 ]
18:13:57[[L] 0004 ]
18:13:57[[V] 2.03]
18:13:57[TX <CMD> GIX]
18:13:57[[BLK1] 008:]
18:13:57[[T] 0x0001 ]
18:13:57[[L] 0004 ]
18:13:57[[V] 80807]
18:13:57[RX <CMD> GIX <RES> 000]
18:13:57[[BLK1] 028:]
18:13:57[[T] 0x8009 ]
18:13:57[[L] 0010 ]
18:13:57[[V] 001.12 160914   ]
18:13:57[[T] 0x8007 ]
18:13:57[[L] 0004 ]
18:13:57[[V] 2.03]
18:13:57[TX <CMD> GIX]
18:13:57[[BLK1] 006:]
18:13:57[[T] 0x0001 ]
18:13:57[[L] 0002 ]
18:13:57[[V] 900]
18:13:57[RX <CMD> GIX <RES> 000]
18:13:57[**erro[35] PPS_iAbecsGetTag 9000]
18:13:57[TX <CMD> GIX]
18:13:57[[BLK1] 006:]
18:13:57[[T] 0x0001 ]
18:13:57[[L] 0002 ]
18:13:57[[V] 901]
18:13:57[RX <CMD> GIX <RES> 000]
18:13:57[**erro[35] PPS_iAbecsGetTag 9001]
18:13:57[TX <CMD> GIX]
18:13:57[[BLK1] 006:]
18:13:57[[T] 0x0001 ]
18:13:57[[L] 0002 ]
18:13:57[[V] 902]
18:13:57[RX <CMD> GIX <RES> 000]
18:13:57[**erro[35] PPS_iAbecsGetTag 9002]
18:13:57[TX <CMD> GIX]
18:13:57[[BLK1] 006:]
18:13:57[[T] 0x0001 ]
18:13:57[[L] 0002 ]
18:13:57[[V] 903]
18:13:57[RX <CMD> GIX <RES> 000]
18:13:57[**erro[35] PPS_iAbecsGetTag 9003]
18:13:57[TX <CMD> GIX]
18:13:57[[BLK1] 006:]
18:13:57[[T] 0x0001 ]
18:13:57[[L] 0002 ]
18:13:57[[V] 904]
18:13:57[RX <CMD> GIX <RES> 000]
18:13:57[**erro[35] PPS_iAbecsGetTag 9004]
18:13:57[TX <CMD> GIX]
18:13:57[[BLK1] 006:]
18:13:57[[T] 0x0001 ]
18:13:57[[L] 0002 ]
18:13:57[[V] 905]
18:13:58[RX <CMD> GIX <RES> 000]
18:13:58[**erro[35] PPS_iAbecsGetTag 9005]
18:13:58[TX <CMD> GIX]
18:13:58[[BLK1] 006:]
18:13:58[[T] 0x0001 ]
18:13:58[[L] 0002 ]
18:13:58[[V] 906]
18:13:58[RX <CMD> GIX <RES> 000]
18:13:58[**erro[35] PPS_iAbecsGetTag 9006]
18:13:58[TX <CMD> GIX]
18:13:58[[BLK1] 006:]
18:13:58[[T] 0x0001 ]
18:13:58[[L] 0002 ]
18:13:58[[V] 907]
18:13:58[RX <CMD> GIX <RES> 000]
18:13:58[**erro[35] PPS_iAbecsGetTag 9007]
18:13:58[TX <CMD> GIX]
18:13:58[[BLK1] 006:]
18:13:58[[T] 0x0001 ]
18:13:58[[L] 0002 ]
18:13:58[[V] 908]
18:13:58[RX <CMD> GIX <RES> 000]
18:13:58[**erro[35] PPS_iAbecsGetTag 9008]
18:13:58[TX <CMD> GIX]
18:13:58[[BLK1] 006:]
18:13:58[[T] 0x0001 ]
18:13:58[[L] 0002 ]
18:13:58[[V] 909]
18:13:58[RX <CMD> GIX <RES> 000]
18:13:58[**erro[35] PPS_iAbecsGetTag 9009]
18:13:58[TX <CMD> GIX]
18:13:58[[BLK1] 006:]
18:13:58[[T] 0x0001 ]
18:13:58[[L] 0002 ]
18:13:58[[V] 90A]
18:13:58[RX <CMD> GIX <RES> 000]
18:13:58[**erro[35] PPS_iAbecsGetTag 900A]
18:13:58[TX <CMD> GIX]
18:13:58[[BLK1] 006:]
18:13:58[[T] 0x0001 ]
18:13:58[[L] 0002 ]
18:13:58[[V] 90B]
18:13:58[RX <CMD> GIX <RES> 000]
18:13:58[**erro[35] PPS_iAbecsGetTag 900B]
18:13:58[TX <CMD> GIX]
18:13:58[[BLK1] 006:]
18:13:58[[T] 0x0001 ]
18:13:58[[L] 0002 ]
18:13:58[[V] 90C]
18:13:58[RX <CMD> GIX <RES> 000]
18:13:58[**erro[35] PPS_iAbecsGetTag 900C]
18:13:58[TX <CMD> GIX]
18:13:58[[BLK1] 006:]
18:13:58[[T] 0x0001 ]
18:13:58[[L] 0002 ]
18:13:58[[V] 90D]
18:13:58[RX <CMD> GIX <RES> 000]
18:13:58[**erro[35] PPS_iAbecsGetTag 900D]
18:13:58[TX <CMD> GIX]
18:13:58[[BLK1] 006:]
18:13:58[[T] 0x0001 ]
18:13:58[[L] 0002 ]
18:13:58[[V] 90E]
18:13:58[RX <CMD> GIX <RES> 000]
18:13:58[**erro[35] PPS_iAbecsGetTag 900E]
18:13:58[TX <CMD> GIX]
18:13:58[[BLK1] 006:]
18:13:58[[T] 0x0001 ]
18:13:58[[L] 0002 ]
18:13:58[[V] 90F]
18:13:58[RX <CMD> GIX <RES> 000]
18:13:58[**erro[35] PPS_iAbecsGetTag 900F]
18:13:58[TX <CMD> GIX]
18:13:58[[BLK1] 006:]
18:13:58[[T] 0x0001 ]
18:13:58[[L] 0002 ]
18:13:58[[V] 910]
18:13:58[RX <CMD> GIX <RES> 000]
18:13:58[**erro[35] PPS_iAbecsGetTag 9010]
18:13:58[TX <CMD> GIX]
18:13:58[[BLK1] 006:]
18:13:58[[T] 0x0001 ]
18:13:58[[L] 0002 ]
18:13:58[[V] 911]
18:13:59[RX <CMD> GIX <RES> 000]
18:13:59[**erro[35] PPS_iAbecsGetTag 9011]
18:13:59[TX <CMD> GIX]
18:13:59[[BLK1] 006:]
18:13:59[[T] 0x0001 ]
18:13:59[[L] 0002 ]
18:13:59[[V] 912]
18:13:59[RX <CMD> GIX <RES> 000]
18:13:59[**erro[35] PPS_iAbecsGetTag 9012]
18:13:59[TX <CMD> GIX]
18:13:59[[BLK1] 006:]
18:13:59[[T] 0x0001 ]
18:13:59[[L] 0002 ]
18:13:59[[V] 913]
18:13:59[RX <CMD> GIX <RES> 000]
18:13:59[**erro[35] PPS_iAbecsGetTag 9013]
18:13:59[TX <CMD> GIX]
18:13:59[[BLK1] 006:]
18:13:59[[T] 0x0001 ]
18:13:59[[L] 0002 ]
18:13:59[[V] 914]
18:13:59[RX <CMD> GIX <RES> 000]
18:13:59[**erro[35] PPS_iAbecsGetTag 9014]
18:13:59[TX <CMD> GIX]
18:13:59[[BLK1] 006:]
18:13:59[[T] 0x0001 ]
18:13:59[[L] 0002 ]
18:13:59[[V] 900]
18:13:59[RX <CMD> GIX <RES> 000]
18:13:59[**erro[35] PPS_iAbecsGetTag 9100]
18:13:59[TX <CMD> GIX]
18:13:59[[BLK1] 006:]
18:13:59[[T] 0x0001 ]
18:13:59[[L] 0002 ]
18:13:59[[V] 901]
18:13:59[RX <CMD> GIX <RES> 000]
18:13:59[[BLK1] 014:]
18:13:59[[T] 0x9101 ]
18:13:59[[L] 000A ]
18:13:59[[V] FFF8140A002]
18:13:59[TX <CMD> GIX]
18:13:59[[BLK1] 006:]
18:13:59[[T] 0x0001 ]
18:13:59[[L] 0002 ]
18:13:59[[V] 902]
18:13:59[RX <CMD> GIX <RES> 000]
18:13:59[[BLK1] 014:]
18:13:59[[T] 0x9102 ]
18:13:59[[L] 000A ]
18:13:59[[V] FFF0156E008]
18:13:59[TX <CMD> GIX]
18:13:59[[BLK1] 006:]
18:13:59[[T] 0x0001 ]
18:13:59[[L] 0002 ]
18:13:59[[V] 903]
18:13:59[RX <CMD> GIX <RES> 000]
18:13:59[[BLK1] 014:]
18:13:59[[T] 0x9103 ]
18:13:59[[L] 000A ]
18:13:59[[V] FFF00108001]
18:13:59[TX <CMD> GIX]
18:13:59[[BLK1] 006:]
18:13:59[[T] 0x0001 ]
18:13:59[[L] 0002 ]
18:13:59[[V] 904]
18:13:59[RX <CMD> GIX <RES> 000]
18:13:59[**erro[35] PPS_iAbecsGetTag 9104]
18:13:59[TX <CMD> GIX]
18:13:59[[BLK1] 006:]
18:13:59[[T] 0x0001 ]
18:13:59[[L] 0002 ]
18:13:59[[V] 905]
18:13:59[RX <CMD> GIX <RES> 000]
18:13:59[**erro[35] PPS_iAbecsGetTag 9105]
18:13:59[TX <CMD> GIX]
18:13:59[[BLK1] 006:]
18:13:59[[T] 0x0001 ]
18:13:59[[L] 0002 ]
18:13:59[[V] 906]
18:13:59[RX <CMD> GIX <RES> 000]
18:13:59[**erro[35] PPS_iAbecsGetTag 9106]
18:13:59[TX <CMD> GIX]
18:13:59[[BLK1] 006:]
18:13:59[[T] 0x0001 ]
18:13:59[[L] 0002 ]
18:13:59[[V] 907]
18:13:59[RX <CMD> GIX <RES> 000]
18:13:59[**erro[35] PPS_iAbecsGetTag 9107]
18:13:59[TX <CMD> GIX]
18:13:59[[BLK1] 006:]
18:13:59[[T] 0x0001 ]
18:13:59[[L] 0002 ]
18:13:59[[V] 908]
18:14:00[RX <CMD> GIX <RES> 000]
18:14:00[[BLK1] 014:]
18:14:00[[T] 0x9108 ]
18:14:00[[L] 000A ]
18:14:00[[V] FF0091F0013]
18:14:00[TX <CMD> GIX]
18:14:00[[BLK1] 006:]
18:14:00[[T] 0x0001 ]
18:14:00[[L] 0002 ]
18:14:00[[V] 909]
18:14:00[RX <CMD> GIX <RES> 000]
18:14:00[**erro[35] PPS_iAbecsGetTag 9109]
18:14:00[TX <CMD> GIX]
18:14:00[[BLK1] 006:]
18:14:00[[T] 0x0001 ]
18:14:00[[L] 0002 ]
18:14:00[[V] 90A]
18:14:00[RX <CMD> GIX <RES> 000]
18:14:00[[BLK1] 014:]
18:14:00[[T] 0x910A ]
18:14:00[[L] 000A ]
18:14:00[[V] FFF90128001]
18:14:00[TX <CMD> GIX]
18:14:00[[BLK1] 006:]
18:14:00[[T] 0x0001 ]
18:14:00[[L] 0002 ]
18:14:00[[V] 90B]
18:14:00[RX <CMD> GIX <RES> 000]
18:14:00[**erro[35] PPS_iAbecsGetTag 910B]
18:14:00[TX <CMD> GIX]
18:14:00[[BLK1] 006:]
18:14:00[[T] 0x0001 ]
18:14:00[[L] 0002 ]
18:14:00[[V] 90C]
18:14:00[RX <CMD> GIX <RES> 000]
18:14:00[**erro[35] PPS_iAbecsGetTag 910C]
18:14:00[TX <CMD> GIX]
18:14:00[[BLK1] 006:]
18:14:00[[T] 0x0001 ]
18:14:00[[L] 0002 ]
18:14:00[[V] 90D]
18:14:00[RX <CMD> GIX <RES> 000]
18:14:00[**erro[35] PPS_iAbecsGetTag 910D]
18:14:00[TX <CMD> GIX]
18:14:00[[BLK1] 006:]
18:14:00[[T] 0x0001 ]
18:14:00[[L] 0002 ]
18:14:00[[V] 90E]
18:14:00[RX <CMD> GIX <RES> 000]
18:14:00[[BLK1] 014:]
18:14:00[[T] 0x910E ]
18:14:00[[L] 000A ]
18:14:00[[V] 6320061E001]
18:14:00[TX <CMD> GIX]
18:14:00[[BLK1] 006:]
18:14:00[[T] 0x0001 ]
18:14:00[[L] 0002 ]
18:14:00[[V] 90F]
18:14:00[RX <CMD> GIX <RES> 000]
18:14:00[**erro[35] PPS_iAbecsGetTag 910F]
18:14:00[TX <CMD> GIX]
18:14:00[[BLK1] 006:]
18:14:00[[T] 0x0001 ]
18:14:00[[L] 0002 ]
18:14:00[[V] 910]
18:14:00[RX <CMD> GIX <RES> 000]
18:14:00[[BLK1] 014:]
18:14:00[[T] 0x9110 ]
18:14:00[[L] 000A ]
18:14:00[[V] 21100F22001]
18:14:00[TX <CMD> GIX]
18:14:00[[BLK1] 006:]
18:14:00[[T] 0x0001 ]
18:14:00[[L] 0002 ]
18:14:00[[V] 911]
18:14:00[RX <CMD> GIX <RES> 000]
18:14:00[[BLK1] 014:]
18:14:00[[T] 0x9111 ]
18:14:00[[L] 000A ]
18:14:00[[V] FFF3079C001]
18:14:00[TX <CMD> GIX]
18:14:00[[BLK1] 006:]
18:14:00[[T] 0x0001 ]
18:14:00[[L] 0002 ]
18:14:00[[V] 912]
18:14:00[RX <CMD> GIX <RES> 000]
18:14:00[[BLK1] 014:]
18:14:00[[T] 0x9112 ]
18:14:00[[L] 000A ]
18:14:00[[V] B7610FB6001]
18:14:00[TX <CMD> GIX]
18:14:00[[BLK1] 006:]
18:14:00[[T] 0x0001 ]
18:14:00[[L] 0002 ]
18:14:00[[V] 913]
18:14:00[RX <CMD> GIX <RES> 000]
18:14:00[[BLK1] 014:]
18:14:00[[T] 0x9113 ]
18:14:00[[L] 000A ]
18:14:00[[V] FFF50944001]
18:14:00[TX <CMD> GIX]
18:14:00[[BLK1] 006:]
18:14:00[[T] 0x0001 ]
18:14:00[[L] 0002 ]
18:14:00[[V] 914]
18:14:01[RX <CMD> GIX <RES> 000]
18:14:01[[BLK1] 014:]
18:14:01[[T] 0x9114 ]
18:14:01[[L] 000A ]
18:14:01[[V] FFBFC84A001]
18:14:01[TX <CMD> EBX]
18:14:01[[BLK1] 036:]
18:14:01[[T] 0x000F ]
18:14:01[[L] 0008 ]
18:14:01[[V] ********]
18:14:01[[T] 0x0003 ]
18:14:01[[L] 0002 ]
18:14:01[[V] 00]
18:14:01[[T] 0x0009 ]
18:14:01[[L] 0002 ]
18:14:01[[V] 00]
18:14:01[[T] 0x000A ]
18:14:01[[L] 0008 ]
18:14:01[[V] 000000000]
18:14:01[RX <CMD> EBX <RES> 042]
18:14:01[TX <CMD> EBX]
18:14:01[[BLK1] 036:]
18:14:01[[T] 0x000F ]
18:14:01[[L] 0008 ]
18:14:01[[V] ********]
18:14:01[[T] 0x0003 ]
18:14:01[[L] 0002 ]
18:14:01[[V] 00]
18:14:01[[T] 0x0009 ]
18:14:01[[L] 0002 ]
18:14:01[[V] 01]
18:14:01[[T] 0x000A ]
18:14:01[[L] 0008 ]
18:14:01[[V] 000000000]
18:14:01[RX <CMD> EBX <RES> 042]
18:14:01[TX <CMD> EBX]
18:14:01[[BLK1] 036:]
18:14:01[[T] 0x000F ]
18:14:01[[L] 0008 ]
18:14:01[[V] ********]
18:14:01[[T] 0x0003 ]
18:14:01[[L] 0002 ]
18:14:01[[V] 00]
18:14:01[[T] 0x0009 ]
18:14:01[[L] 0002 ]
18:14:01[[V] 02]
18:14:01[[T] 0x000A ]
18:14:01[[L] 0008 ]
18:14:01[[V] 000000000]
18:14:01[RX <CMD> EBX <RES> 042]
18:14:01[TX <CMD> EBX]
18:14:01[[BLK1] 036:]
18:14:01[[T] 0x000F ]
18:14:01[[L] 0008 ]
18:14:01[[V] ********]
18:14:01[[T] 0x0003 ]
18:14:01[[L] 0002 ]
18:14:01[[V] 00]
18:14:01[[T] 0x0009 ]
18:14:01[[L] 0002 ]
18:14:01[[V] 03]
18:14:01[[T] 0x000A ]
18:14:01[[L] 0008 ]
18:14:01[[V] 000000000]
18:14:01[RX <CMD> EBX <RES> 042]
18:14:01[TX <CMD> EBX]
18:14:01[[BLK1] 036:]
18:14:01[[T] 0x000F ]
18:14:01[[L] 0008 ]
18:14:01[[V] ********]
18:14:01[[T] 0x0003 ]
18:14:01[[L] 0002 ]
18:14:01[[V] 00]
18:14:01[[T] 0x0009 ]
18:14:01[[L] 0002 ]
18:14:01[[V] 04]
18:14:01[[T] 0x000A ]
18:14:01[[L] 0008 ]
18:14:01[[V] 000000000]
18:14:01[RX <CMD> EBX <RES> 042]
18:14:01[TX <CMD> EBX]
18:14:01[[BLK1] 036:]
18:14:01[[T] 0x000F ]
18:14:01[[L] 0008 ]
18:14:01[[V] ********]
18:14:01[[T] 0x0003 ]
18:14:01[[L] 0002 ]
18:14:01[[V] 00]
18:14:01[[T] 0x0009 ]
18:14:01[[L] 0002 ]
18:14:01[[V] 05]
18:14:01[[T] 0x000A ]
18:14:01[[L] 0008 ]
18:14:01[[V] 000000000]
18:14:01[RX <CMD> EBX <RES> 042]
18:14:01[TX <CMD> EBX]
18:14:01[[BLK1] 036:]
18:14:01[[T] 0x000F ]
18:14:01[[L] 0008 ]
18:14:01[[V] ********]
18:14:01[[T] 0x0003 ]
18:14:01[[L] 0002 ]
18:14:01[[V] 00]
18:14:01[[T] 0x0009 ]
18:14:01[[L] 0002 ]
18:14:01[[V] 06]
18:14:01[[T] 0x000A ]
18:14:01[[L] 0008 ]
18:14:01[[V] 000000000]
18:14:01[RX <CMD> EBX <RES> 042]
18:14:01[TX <CMD> EBX]
18:14:01[[BLK1] 036:]
18:14:01[[T] 0x000F ]
18:14:01[[L] 0008 ]
18:14:01[[V] ********]
18:14:01[[T] 0x0003 ]
18:14:01[[L] 0002 ]
18:14:01[[V] 00]
18:14:01[[T] 0x0009 ]
18:14:01[[L] 0002 ]
18:14:01[[V] 07]
18:14:01[[T] 0x000A ]
18:14:01[[L] 0008 ]
18:14:01[[V] 000000000]
18:14:01[RX <CMD> EBX <RES> 042]
18:14:01[TX <CMD> EBX]
18:14:01[[BLK1] 036:]
18:14:01[[T] 0x000F ]
18:14:01[[L] 0008 ]
18:14:01[[V] ********]
18:14:01[[T] 0x0003 ]
18:14:01[[L] 0002 ]
18:14:01[[V] 00]
18:14:01[[T] 0x0009 ]
18:14:01[[L] 0002 ]
18:14:01[[V] 08]
18:14:01[[T] 0x000A ]
18:14:01[[L] 0008 ]
18:14:01[[V] 000000000]
18:14:01[RX <CMD> EBX <RES> 042]
18:14:01[TX <CMD> EBX]
18:14:01[[BLK1] 036:]
18:14:01[[T] 0x000F ]
18:14:01[[L] 0008 ]
18:14:01[[V] ********]
18:14:01[[T] 0x0003 ]
18:14:01[[L] 0002 ]
18:14:01[[V] 00]
18:14:01[[T] 0x0009 ]
18:14:01[[L] 0002 ]
18:14:01[[V] 09]
18:14:01[[T] 0x000A ]
18:14:01[[L] 0008 ]
18:14:01[[V] 000000000]
18:14:01[RX <CMD> EBX <RES> 042]
18:14:01[TX <CMD> EBX]
18:14:01[[BLK1] 036:]
18:14:01[[T] 0x000F ]
18:14:01[[L] 0008 ]
18:14:01[[V] ********]
18:14:01[[T] 0x0003 ]
18:14:01[[L] 0002 ]
18:14:01[[V] 00]
18:14:01[[T] 0x0009 ]
18:14:01[[L] 0002 ]
18:14:01[[V] 10]
18:14:01[[T] 0x000A ]
18:14:01[[L] 0008 ]
18:14:01[[V] 000000000]
18:14:01[RX <CMD> EBX <RES> 042]
18:14:01[TX <CMD> EBX]
18:14:01[[BLK1] 036:]
18:14:01[[T] 0x000F ]
18:14:01[[L] 0008 ]
18:14:01[[V] ********]
18:14:01[[T] 0x0003 ]
18:14:01[[L] 0002 ]
18:14:01[[V] 00]
18:14:01[[T] 0x0009 ]
18:14:01[[L] 0002 ]
18:14:01[[V] 11]
18:14:01[[T] 0x000A ]
18:14:01[[L] 0008 ]
18:14:01[[V] 000000000]
18:14:01[RX <CMD> EBX <RES> 042]
18:14:01[TX <CMD> EBX]
18:14:01[[BLK1] 036:]
18:14:01[[T] 0x000F ]
18:14:01[[L] 0008 ]
18:14:01[[V] ********]
18:14:01[[T] 0x0003 ]
18:14:01[[L] 0002 ]
18:14:01[[V] 00]
18:14:01[[T] 0x0009 ]
18:14:01[[L] 0002 ]
18:14:01[[V] 12]
18:14:01[[T] 0x000A ]
18:14:01[[L] 0008 ]
18:14:01[[V] 000000000]
18:14:02[RX <CMD> EBX <RES> 042]
18:14:02[TX <CMD> EBX]
18:14:02[[BLK1] 036:]
18:14:02[[T] 0x000F ]
18:14:02[[L] 0008 ]
18:14:02[[V] ********]
18:14:02[[T] 0x0003 ]
18:14:02[[L] 0002 ]
18:14:02[[V] 00]
18:14:02[[T] 0x0009 ]
18:14:02[[L] 0002 ]
18:14:02[[V] 13]
18:14:02[[T] 0x000A ]
18:14:02[[L] 0008 ]
18:14:02[[V] 000000000]
18:14:02[RX <CMD> EBX <RES> 042]
18:14:02[TX <CMD> EBX]
18:14:02[[BLK1] 036:]
18:14:02[[T] 0x000F ]
18:14:02[[L] 0008 ]
18:14:02[[V] ********]
18:14:02[[T] 0x0003 ]
18:14:02[[L] 0002 ]
18:14:02[[V] 00]
18:14:02[[T] 0x0009 ]
18:14:02[[L] 0002 ]
18:14:02[[V] 14]
18:14:02[[T] 0x000A ]
18:14:02[[L] 0008 ]
18:14:02[[V] 000000000]
18:14:02[RX <CMD> EBX <RES> 042]
18:14:02[TX <CMD> EBX]
18:14:02[[BLK1] 036:]
18:14:02[[T] 0x000F ]
18:14:02[[L] 0008 ]
18:14:02[[V] ********]
18:14:02[[T] 0x0003 ]
18:14:02[[L] 0002 ]
18:14:02[[V] 00]
18:14:02[[T] 0x0009 ]
18:14:02[[L] 0002 ]
18:14:02[[V] 15]
18:14:02[[T] 0x000A ]
18:14:02[[L] 0008 ]
18:14:02[[V] 000000000]
18:14:02[RX <CMD> EBX <RES> 042]
18:14:02[TX <CMD> EBX]
18:14:02[[BLK1] 036:]
18:14:02[[T] 0x000F ]
18:14:02[[L] 0008 ]
18:14:02[[V] ********]
18:14:02[[T] 0x0003 ]
18:14:02[[L] 0002 ]
18:14:02[[V] 00]
18:14:02[[T] 0x0009 ]
18:14:02[[L] 0002 ]
18:14:02[[V] 16]
18:14:02[[T] 0x000A ]
18:14:02[[L] 0008 ]
18:14:02[[V] 000000000]
18:14:02[RX <CMD> EBX <RES> 042]
18:14:02[TX <CMD> EBX]
18:14:02[[BLK1] 036:]
18:14:02[[T] 0x000F ]
18:14:02[[L] 0008 ]
18:14:02[[V] ********]
18:14:02[[T] 0x0003 ]
18:14:02[[L] 0002 ]
18:14:02[[V] 00]
18:14:02[[T] 0x0009 ]
18:14:02[[L] 0002 ]
18:14:02[[V] 17]
18:14:02[[T] 0x000A ]
18:14:02[[L] 0008 ]
18:14:02[[V] 000000000]
18:14:02[RX <CMD> EBX <RES> 042]
18:14:02[TX <CMD> EBX]
18:14:02[[BLK1] 036:]
18:14:02[[T] 0x000F ]
18:14:02[[L] 0008 ]
18:14:02[[V] ********]
18:14:02[[T] 0x0003 ]
18:14:02[[L] 0002 ]
18:14:02[[V] 00]
18:14:02[[T] 0x0009 ]
18:14:02[[L] 0002 ]
18:14:02[[V] 18]
18:14:02[[T] 0x000A ]
18:14:02[[L] 0008 ]
18:14:02[[V] 000000000]
18:14:02[RX <CMD> EBX <RES> 042]
18:14:02[TX <CMD> EBX]
18:14:02[[BLK1] 036:]
18:14:02[[T] 0x000F ]
18:14:02[[L] 0008 ]
18:14:02[[V] ********]
18:14:02[[T] 0x0003 ]
18:14:02[[L] 0002 ]
18:14:02[[V] 00]
18:14:02[[T] 0x0009 ]
18:14:02[[L] 0002 ]
18:14:02[[V] 19]
18:14:02[[T] 0x000A ]
18:14:02[[L] 0008 ]
18:14:02[[V] 000000000]
18:14:02[RX <CMD> EBX <RES> 042]
18:14:02[TX <CMD> EBX]
18:14:02[[BLK1] 036:]
18:14:02[[T] 0x000F ]
18:14:02[[L] 0008 ]
18:14:02[[V] ********]
18:14:02[[T] 0x0003 ]
18:14:02[[L] 0002 ]
18:14:02[[V] 00]
18:14:02[[T] 0x0009 ]
18:14:02[[L] 0002 ]
18:14:02[[V] 20]
18:14:02[[T] 0x000A ]
18:14:02[[L] 0008 ]
18:14:02[[V] 000000000]
18:14:02[RX <CMD> EBX <RES> 042]
18:14:02[TX <CMD> EBX]
18:14:02[[BLK1] 044:]
18:14:02[[T] 0x000F ]
18:14:02[[L] 0008 ]
18:14:02[[V] ********]
18:14:02[[T] 0x0003 ]
18:14:02[[L] 0002 ]
18:14:02[[V] 10]
18:14:02[[T] 0x0009 ]
18:14:02[[L] 0002 ]
18:14:02[[V] 00]
18:14:02[[T] 0x000A ]
18:14:02[[L] 0010 ]
18:14:02[[V] 00000000000000000]
18:14:02[RX <CMD> EBX <RES> 042]
18:14:02[TX <CMD> EBX]
18:14:02[[BLK1] 044:]
18:14:02[[T] 0x000F ]
18:14:02[[L] 0008 ]
18:14:02[[V] ********]
18:14:02[[T] 0x0003 ]
18:14:02[[L] 0002 ]
18:14:02[[V] 10]
18:14:02[[T] 0x0009 ]
18:14:02[[L] 0002 ]
18:14:02[[V] 01]
18:14:02[[T] 0x000A ]
18:14:02[[L] 0010 ]
18:14:02[[V] 00000000000000000]
18:14:02[RX <CMD> EBX <RES> 042]
18:14:02[TX <CMD> EBX]
18:14:02[[BLK1] 044:]
18:14:02[[T] 0x000F ]
18:14:02[[L] 0008 ]
18:14:02[[V] ********]
18:14:02[[T] 0x0003 ]
18:14:02[[L] 0002 ]
18:14:02[[V] 10]
18:14:02[[T] 0x0009 ]
18:14:02[[L] 0002 ]
18:14:02[[V] 02]
18:14:02[[T] 0x000A ]
18:14:02[[L] 0010 ]
18:14:02[[V] 00000000000000000]
18:14:02[RX <CMD> EBX <RES> 000]
18:14:02[[BLK1] 012:]
18:14:02[[T] 0x804E ]
18:14:02[[L] 0008 ]
18:14:02[[V] ********]
18:14:02[TX <CMD> EBX]
18:14:02[[BLK1] 044:]
18:14:02[[T] 0x000F ]
18:14:02[[L] 0008 ]
18:14:02[[V] ********]
18:14:02[[T] 0x0003 ]
18:14:02[[L] 0002 ]
18:14:02[[V] 10]
18:14:02[[T] 0x0009 ]
18:14:02[[L] 0002 ]
18:14:02[[V] 03]
18:14:02[[T] 0x000A ]
18:14:02[[L] 0010 ]
18:14:02[[V] 00000000000000000]
18:14:03[RX <CMD> EBX <RES> 042]
18:14:03[TX <CMD> EBX]
18:14:03[[BLK1] 044:]
18:14:03[[T] 0x000F ]
18:14:03[[L] 0008 ]
18:14:03[[V] ********]
18:14:03[[T] 0x0003 ]
18:14:03[[L] 0002 ]
18:14:03[[V] 10]
18:14:03[[T] 0x0009 ]
18:14:03[[L] 0002 ]
18:14:03[[V] 04]
18:14:03[[T] 0x000A ]
18:14:03[[L] 0010 ]
18:14:03[[V] 00000000000000000]
18:14:03[RX <CMD> EBX <RES> 000]
18:14:03[[BLK1] 012:]
18:14:03[[T] 0x804E ]
18:14:03[[L] 0008 ]
18:14:03[[V] ********]
18:14:03[TX <CMD> EBX]
18:14:03[[BLK1] 044:]
18:14:03[[T] 0x000F ]
18:14:03[[L] 0008 ]
18:14:03[[V] ********]
18:14:03[[T] 0x0003 ]
18:14:03[[L] 0002 ]
18:14:03[[V] 10]
18:14:03[[T] 0x0009 ]
18:14:03[[L] 0002 ]
18:14:03[[V] 05]
18:14:03[[T] 0x000A ]
18:14:03[[L] 0010 ]
18:14:03[[V] 00000000000000000]
18:14:03[RX <CMD> EBX <RES> 042]
18:14:03[TX <CMD> EBX]
18:14:03[[BLK1] 044:]
18:14:03[[T] 0x000F ]
18:14:03[[L] 0008 ]
18:14:03[[V] ********]
18:14:03[[T] 0x0003 ]
18:14:03[[L] 0002 ]
18:14:03[[V] 10]
18:14:03[[T] 0x0009 ]
18:14:03[[L] 0002 ]
18:14:03[[V] 06]
18:14:03[[T] 0x000A ]
18:14:03[[L] 0010 ]
18:14:03[[V] 00000000000000000]
18:14:03[RX <CMD> EBX <RES> 042]
18:14:03[TX <CMD> EBX]
18:14:03[[BLK1] 044:]
18:14:03[[T] 0x000F ]
18:14:03[[L] 0008 ]
18:14:03[[V] ********]
18:14:03[[T] 0x0003 ]
18:14:03[[L] 0002 ]
18:14:03[[V] 10]
18:14:03[[T] 0x0009 ]
18:14:03[[L] 0002 ]
18:14:03[[V] 07]
18:14:03[[T] 0x000A ]
18:14:03[[L] 0010 ]
18:14:03[[V] 00000000000000000]
18:14:03[RX <CMD> EBX <RES> 042]
18:14:03[TX <CMD> EBX]
18:14:03[[BLK1] 044:]
18:14:03[[T] 0x000F ]
18:14:03[[L] 0008 ]
18:14:03[[V] ********]
18:14:03[[T] 0x0003 ]
18:14:03[[L] 0002 ]
18:14:03[[V] 10]
18:14:03[[T] 0x0009 ]
18:14:03[[L] 0002 ]
18:14:03[[V] 08]
18:14:03[[T] 0x000A ]
18:14:03[[L] 0010 ]
18:14:03[[V] 00000000000000000]
18:14:03[RX <CMD> EBX <RES> 000]
18:14:03[[BLK1] 012:]
18:14:03[[T] 0x804E ]
18:14:03[[L] 0008 ]
18:14:03[[V] ********]
18:14:03[TX <CMD> EBX]
18:14:03[[BLK1] 044:]
18:14:03[[T] 0x000F ]
18:14:03[[L] 0008 ]
18:14:03[[V] ********]
18:14:03[[T] 0x0003 ]
18:14:03[[L] 0002 ]
18:14:03[[V] 10]
18:14:03[[T] 0x0009 ]
18:14:03[[L] 0002 ]
18:14:03[[V] 09]
18:14:03[[T] 0x000A ]
18:14:03[[L] 0010 ]
18:14:03[[V] 00000000000000000]
18:14:03[RX <CMD> EBX <RES> 000]
18:14:03[[BLK1] 012:]
18:14:03[[T] 0x804E ]
18:14:03[[L] 0008 ]
18:14:03[[V] ********]
18:14:03[TX <CMD> EBX]
18:14:03[[BLK1] 044:]
18:14:03[[T] 0x000F ]
18:14:03[[L] 0008 ]
18:14:03[[V] ********]
18:14:03[[T] 0x0003 ]
18:14:03[[L] 0002 ]
18:14:03[[V] 10]
18:14:03[[T] 0x0009 ]
18:14:03[[L] 0002 ]
18:14:03[[V] 10]
18:14:03[[T] 0x000A ]
18:14:03[[L] 0010 ]
18:14:03[[V] 00000000000000000]
18:14:03[RX <CMD> EBX <RES> 000]
18:14:03[[BLK1] 012:]
18:14:03[[T] 0x804E ]
18:14:03[[L] 0008 ]
18:14:03[[V] ********]
18:14:03[TX <CMD> EBX]
18:14:03[[BLK1] 044:]
18:14:03[[T] 0x000F ]
18:14:03[[L] 0008 ]
18:14:03[[V] ********]
18:14:03[[T] 0x0003 ]
18:14:03[[L] 0002 ]
18:14:03[[V] 10]
18:14:03[[T] 0x0009 ]
18:14:03[[L] 0002 ]
18:14:03[[V] 11]
18:14:03[[T] 0x000A ]
18:14:03[[L] 0010 ]
18:14:03[[V] 00000000000000000]
18:14:03[RX <CMD> EBX <RES> 000]
18:14:03[[BLK1] 012:]
18:14:03[[T] 0x804E ]
18:14:03[[L] 0008 ]
18:14:03[[V] ********]
18:14:03[TX <CMD> EBX]
18:14:03[[BLK1] 044:]
18:14:03[[T] 0x000F ]
18:14:03[[L] 0008 ]
18:14:03[[V] ********]
18:14:03[[T] 0x0003 ]
18:14:03[[L] 0002 ]
18:14:03[[V] 10]
18:14:03[[T] 0x0009 ]
18:14:03[[L] 0002 ]
18:14:03[[V] 12]
18:14:03[[T] 0x000A ]
18:14:03[[L] 0010 ]
18:14:03[[V] 00000000000000000]
18:14:03[RX <CMD> EBX <RES> 000]
18:14:03[[BLK1] 012:]
18:14:03[[T] 0x804E ]
18:14:03[[L] 0008 ]
18:14:03[[V] ********]
18:14:03[TX <CMD> EBX]
18:14:03[[BLK1] 044:]
18:14:03[[T] 0x000F ]
18:14:03[[L] 0008 ]
18:14:03[[V] ********]
18:14:03[[T] 0x0003 ]
18:14:03[[L] 0002 ]
18:14:03[[V] 10]
18:14:03[[T] 0x0009 ]
18:14:03[[L] 0002 ]
18:14:03[[V] 13]
18:14:03[[T] 0x000A ]
18:14:03[[L] 0010 ]
18:14:03[[V] 00000000000000000]
18:14:03[RX <CMD> EBX <RES> 000]
18:14:03[[BLK1] 012:]
18:14:03[[T] 0x804E ]
18:14:03[[L] 0008 ]
18:14:03[[V] ********]
18:14:03[TX <CMD> EBX]
18:14:03[[BLK1] 044:]
18:14:03[[T] 0x000F ]
18:14:03[[L] 0008 ]
18:14:03[[V] ********]
18:14:03[[T] 0x0003 ]
18:14:03[[L] 0002 ]
18:14:03[[V] 10]
18:14:03[[T] 0x0009 ]
18:14:03[[L] 0002 ]
18:14:03[[V] 14]
18:14:03[[T] 0x000A ]
18:14:03[[L] 0010 ]
18:14:03[[V] 00000000000000000]
18:14:03[RX <CMD> EBX <RES> 000]
18:14:03[[BLK1] 012:]
18:14:03[[T] 0x804E ]
18:14:03[[L] 0008 ]
18:14:03[[V] ********]
18:14:03[TX <CMD> EBX]
18:14:03[[BLK1] 044:]
18:14:03[[T] 0x000F ]
18:14:03[[L] 0008 ]
18:14:03[[V] ********]
18:14:03[[T] 0x0003 ]
18:14:03[[L] 0002 ]
18:14:03[[V] 10]
18:14:03[[T] 0x0009 ]
18:14:03[[L] 0002 ]
18:14:03[[V] 15]
18:14:03[[T] 0x000A ]
18:14:03[[L] 0010 ]
18:14:03[[V] 00000000000000000]
18:14:04[RX <CMD> EBX <RES> 000]
18:14:04[[BLK1] 012:]
18:14:04[[T] 0x804E ]
18:14:04[[L] 0008 ]
18:14:04[[V] ********]
18:14:04[TX <CMD> EBX]
18:14:04[[BLK1] 044:]
18:14:04[[T] 0x000F ]
18:14:04[[L] 0008 ]
18:14:04[[V] ********]
18:14:04[[T] 0x0003 ]
18:14:04[[L] 0002 ]
18:14:04[[V] 10]
18:14:04[[T] 0x0009 ]
18:14:04[[L] 0002 ]
18:14:04[[V] 16]
18:14:04[[T] 0x000A ]
18:14:04[[L] 0010 ]
18:14:04[[V] 00000000000000000]
18:14:04[RX <CMD> EBX <RES> 000]
18:14:04[[BLK1] 012:]
18:14:04[[T] 0x804E ]
18:14:04[[L] 0008 ]
18:14:04[[V] ********]
18:14:04[TX <CMD> EBX]
18:14:04[[BLK1] 044:]
18:14:04[[T] 0x000F ]
18:14:04[[L] 0008 ]
18:14:04[[V] ********]
18:14:04[[T] 0x0003 ]
18:14:04[[L] 0002 ]
18:14:04[[V] 10]
18:14:04[[T] 0x0009 ]
18:14:04[[L] 0002 ]
18:14:04[[V] 17]
18:14:04[[T] 0x000A ]
18:14:04[[L] 0010 ]
18:14:04[[V] 00000000000000000]
18:14:04[RX <CMD> EBX <RES> 000]
18:14:04[[BLK1] 012:]
18:14:04[[T] 0x804E ]
18:14:04[[L] 0008 ]
18:14:04[[V] ********]
18:14:04[TX <CMD> EBX]
18:14:04[[BLK1] 044:]
18:14:04[[T] 0x000F ]
18:14:04[[L] 0008 ]
18:14:04[[V] ********]
18:14:04[[T] 0x0003 ]
18:14:04[[L] 0002 ]
18:14:04[[V] 10]
18:14:04[[T] 0x0009 ]
18:14:04[[L] 0002 ]
18:14:04[[V] 18]
18:14:04[[T] 0x000A ]
18:14:04[[L] 0010 ]
18:14:04[[V] 00000000000000000]
18:14:04[RX <CMD> EBX <RES> 042]
18:14:04[TX <CMD> EBX]
18:14:04[[BLK1] 044:]
18:14:04[[T] 0x000F ]
18:14:04[[L] 0008 ]
18:14:04[[V] ********]
18:14:04[[T] 0x0003 ]
18:14:04[[L] 0002 ]
18:14:04[[V] 10]
18:14:04[[T] 0x0009 ]
18:14:04[[L] 0002 ]
18:14:04[[V] 19]
18:14:04[[T] 0x000A ]
18:14:04[[L] 0010 ]
18:14:04[[V] 00000000000000000]
18:14:04[RX <CMD> EBX <RES> 000]
18:14:04[[BLK1] 012:]
18:14:04[[T] 0x804E ]
18:14:04[[L] 0008 ]
18:14:04[[V] ********]
18:14:04[TX <CMD> EBX]
18:14:04[[BLK1] 044:]
18:14:04[[T] 0x000F ]
18:14:04[[L] 0008 ]
18:14:04[[V] ********]
18:14:04[[T] 0x0003 ]
18:14:04[[L] 0002 ]
18:14:04[[V] 10]
18:14:04[[T] 0x0009 ]
18:14:04[[L] 0002 ]
18:14:04[[V] 20]
18:14:04[[T] 0x000A ]
18:14:04[[L] 0010 ]
18:14:04[[V] 00000000000000000]
18:14:04[RX <CMD> EBX <RES> 042]
18:14:04[TX <CMD> EBX]
18:14:04[[BLK1] 044:]
18:14:04[[T] 0x000F ]
18:14:04[[L] 0008 ]
18:14:04[[V] ********]
18:14:04[[T] 0x0003 ]
18:14:04[[L] 0002 ]
18:14:04[[V] 30]
18:14:04[[T] 0x0009 ]
18:14:04[[L] 0002 ]
18:14:04[[V] 00]
18:14:04[[T] 0x000A ]
18:14:04[[L] 0010 ]
18:14:04[[V] 00000000000000000]
18:14:04[RX <CMD> EBX <RES> 042]
18:14:04[TX <CMD> EBX]
18:14:04[[BLK1] 044:]
18:14:04[[T] 0x000F ]
18:14:04[[L] 0008 ]
18:14:04[[V] ********]
18:14:04[[T] 0x0003 ]
18:14:04[[L] 0002 ]
18:14:04[[V] 30]
18:14:04[[T] 0x0009 ]
18:14:04[[L] 0002 ]
18:14:04[[V] 01]
18:14:04[[T] 0x000A ]
18:14:04[[L] 0010 ]
18:14:04[[V] 00000000000000000]
18:14:04[RX <CMD> EBX <RES> 000]
18:14:04[[BLK1] 026:]
18:14:04[[T] 0x804E ]
18:14:04[[L] 0008 ]
18:14:04[[V] ********]
18:14:04[[T] 0x804C ]
18:14:04[[L] 000A ]
18:14:04[[V] FFF8140A017]
18:14:04[TX <CMD> EBX]
18:14:04[[BLK1] 044:]
18:14:04[[T] 0x000F ]
18:14:04[[L] 0008 ]
18:14:04[[V] ********]
18:14:04[[T] 0x0003 ]
18:14:04[[L] 0002 ]
18:14:04[[V] 30]
18:14:04[[T] 0x0009 ]
18:14:04[[L] 0002 ]
18:14:04[[V] 02]
18:14:04[[T] 0x000A ]
18:14:04[[L] 0010 ]
18:14:04[[V] 00000000000000000]
18:14:04[RX <CMD> EBX <RES> 042]
18:14:04[TX <CMD> EBX]
18:14:04[[BLK1] 044:]
18:14:04[[T] 0x000F ]
18:14:04[[L] 0008 ]
18:14:04[[V] ********]
18:14:04[[T] 0x0003 ]
18:14:04[[L] 0002 ]
18:14:04[[V] 30]
18:14:04[[T] 0x0009 ]
18:14:04[[L] 0002 ]
18:14:04[[V] 03]
18:14:04[[T] 0x000A ]
18:14:04[[L] 0010 ]
18:14:04[[V] 00000000000000000]
18:14:04[RX <CMD> EBX <RES> 042]
18:14:04[TX <CMD> EBX]
18:14:04[[BLK1] 044:]
18:14:04[[T] 0x000F ]
18:14:04[[L] 0008 ]
18:14:04[[V] ********]
18:14:04[[T] 0x0003 ]
18:14:04[[L] 0002 ]
18:14:04[[V] 30]
18:14:04[[T] 0x0009 ]
18:14:04[[L] 0002 ]
18:14:04[[V] 04]
18:14:04[[T] 0x000A ]
18:14:04[[L] 0010 ]
18:14:04[[V] 00000000000000000]
18:14:04[RX <CMD> EBX <RES> 042]
18:14:04[TX <CMD> EBX]
18:14:04[[BLK1] 044:]
18:14:04[[T] 0x000F ]
18:14:04[[L] 0008 ]
18:14:04[[V] ********]
18:14:04[[T] 0x0003 ]
18:14:04[[L] 0002 ]
18:14:04[[V] 30]
18:14:04[[T] 0x0009 ]
18:14:04[[L] 0002 ]
18:14:04[[V] 05]
18:14:04[[T] 0x000A ]
18:14:04[[L] 0010 ]
18:14:04[[V] 00000000000000000]
18:14:05[RX <CMD> EBX <RES> 042]
18:14:05[TX <CMD> EBX]
18:14:05[[BLK1] 044:]
18:14:05[[T] 0x000F ]
18:14:05[[L] 0008 ]
18:14:05[[V] ********]
18:14:05[[T] 0x0003 ]
18:14:05[[L] 0002 ]
18:14:05[[V] 30]
18:14:05[[T] 0x0009 ]
18:14:05[[L] 0002 ]
18:14:05[[V] 06]
18:14:05[[T] 0x000A ]
18:14:05[[L] 0010 ]
18:14:05[[V] 00000000000000000]
18:14:05[RX <CMD> EBX <RES> 042]
18:14:05[TX <CMD> EBX]
18:14:05[[BLK1] 044:]
18:14:05[[T] 0x000F ]
18:14:05[[L] 0008 ]
18:14:05[[V] ********]
18:14:05[[T] 0x0003 ]
18:14:05[[L] 0002 ]
18:14:05[[V] 30]
18:14:05[[T] 0x0009 ]
18:14:05[[L] 0002 ]
18:14:05[[V] 07]
18:14:05[[T] 0x000A ]
18:14:05[[L] 0010 ]
18:14:05[[V] 00000000000000000]
18:14:05[RX <CMD> EBX <RES> 042]
18:14:05[TX <CMD> EBX]
18:14:05[[BLK1] 044:]
18:14:05[[T] 0x000F ]
18:14:05[[L] 0008 ]
18:14:05[[V] ********]
18:14:05[[T] 0x0003 ]
18:14:05[[L] 0002 ]
18:14:05[[V] 30]
18:14:05[[T] 0x0009 ]
18:14:05[[L] 0002 ]
18:14:05[[V] 08]
18:14:05[[T] 0x000A ]
18:14:05[[L] 0010 ]
18:14:05[[V] 00000000000000000]
18:14:05[RX <CMD> EBX <RES> 000]
18:14:05[[BLK1] 026:]
18:14:05[[T] 0x804E ]
18:14:05[[L] 0008 ]
18:14:05[[V] ********]
18:14:05[[T] 0x804C ]
18:14:05[[L] 000A ]
18:14:05[[V] FF0091F0017]
18:14:05[TX <CMD> EBX]
18:14:05[[BLK1] 044:]
18:14:05[[T] 0x000F ]
18:14:05[[L] 0008 ]
18:14:05[[V] ********]
18:14:05[[T] 0x0003 ]
18:14:05[[L] 0002 ]
18:14:05[[V] 30]
18:14:05[[T] 0x0009 ]
18:14:05[[L] 0002 ]
18:14:05[[V] 09]
18:14:05[[T] 0x000A ]
18:14:05[[L] 0010 ]
18:14:05[[V] 00000000000000000]
18:14:05[RX <CMD> EBX <RES> 042]
18:14:05[TX <CMD> EBX]
18:14:05[[BLK1] 044:]
18:14:05[[T] 0x000F ]
18:14:05[[L] 0008 ]
18:14:05[[V] ********]
18:14:05[[T] 0x0003 ]
18:14:05[[L] 0002 ]
18:14:05[[V] 30]
18:14:05[[T] 0x0009 ]
18:14:05[[L] 0002 ]
18:14:05[[V] 10]
18:14:05[[T] 0x000A ]
18:14:05[[L] 0010 ]
18:14:05[[V] 00000000000000000]
18:14:05[RX <CMD> EBX <RES> 000]
18:14:05[[BLK1] 026:]
18:14:05[[T] 0x804E ]
18:14:05[[L] 0008 ]
18:14:05[[V] ********]
18:14:05[[T] 0x804C ]
18:14:05[[L] 000A ]
18:14:05[[V] FFF90128017]
18:14:05[TX <CMD> EBX]
18:14:05[[BLK1] 044:]
18:14:05[[T] 0x000F ]
18:14:05[[L] 0008 ]
18:14:05[[V] ********]
18:14:05[[T] 0x0003 ]
18:14:05[[L] 0002 ]
18:14:05[[V] 30]
18:14:05[[T] 0x0009 ]
18:14:05[[L] 0002 ]
18:14:05[[V] 11]
18:14:05[[T] 0x000A ]
18:14:05[[L] 0010 ]
18:14:05[[V] 00000000000000000]
18:14:05[RX <CMD> EBX <RES> 042]
18:14:05[TX <CMD> EBX]
18:14:05[[BLK1] 044:]
18:14:05[[T] 0x000F ]
18:14:05[[L] 0008 ]
18:14:05[[V] ********]
18:14:05[[T] 0x0003 ]
18:14:05[[L] 0002 ]
18:14:05[[V] 30]
18:14:05[[T] 0x0009 ]
18:14:05[[L] 0002 ]
18:14:05[[V] 12]
18:14:05[[T] 0x000A ]
18:14:05[[L] 0010 ]
18:14:05[[V] 00000000000000000]
18:14:05[RX <CMD> EBX <RES> 042]
18:14:05[TX <CMD> EBX]
18:14:05[[BLK1] 044:]
18:14:05[[T] 0x000F ]
18:14:05[[L] 0008 ]
18:14:05[[V] ********]
18:14:05[[T] 0x0003 ]
18:14:05[[L] 0002 ]
18:14:05[[V] 30]
18:14:05[[T] 0x0009 ]
18:14:05[[L] 0002 ]
18:14:05[[V] 13]
18:14:05[[T] 0x000A ]
18:14:05[[L] 0010 ]
18:14:05[[V] 00000000000000000]
18:14:05[RX <CMD> EBX <RES> 042]
18:14:05[TX <CMD> EBX]
18:14:05[[BLK1] 044:]
18:14:05[[T] 0x000F ]
18:14:05[[L] 0008 ]
18:14:05[[V] ********]
18:14:05[[T] 0x0003 ]
18:14:05[[L] 0002 ]
18:14:05[[V] 30]
18:14:05[[T] 0x0009 ]
18:14:05[[L] 0002 ]
18:14:05[[V] 14]
18:14:05[[T] 0x000A ]
18:14:05[[L] 0010 ]
18:14:05[[V] 00000000000000000]
18:14:06[RX <CMD> EBX <RES> 000]
18:14:06[[BLK1] 026:]
18:14:06[[T] 0x804E ]
18:14:06[[L] 0008 ]
18:14:06[[V] ********]
18:14:06[[T] 0x804C ]
18:14:06[[L] 000A ]
18:14:06[[V] 6320061A017]
18:14:06[TX <CMD> EBX]
18:14:06[[BLK1] 044:]
18:14:06[[T] 0x000F ]
18:14:06[[L] 0008 ]
18:14:06[[V] ********]
18:14:06[[T] 0x0003 ]
18:14:06[[L] 0002 ]
18:14:06[[V] 30]
18:14:06[[T] 0x0009 ]
18:14:06[[L] 0002 ]
18:14:06[[V] 15]
18:14:06[[T] 0x000A ]
18:14:06[[L] 0010 ]
18:14:06[[V] 00000000000000000]
18:14:06[RX <CMD> EBX <RES> 042]
18:14:06[TX <CMD> EBX]
18:14:06[[BLK1] 044:]
18:14:06[[T] 0x000F ]
18:14:06[[L] 0008 ]
18:14:06[[V] ********]
18:14:06[[T] 0x0003 ]
18:14:06[[L] 0002 ]
18:14:06[[V] 30]
18:14:06[[T] 0x0009 ]
18:14:06[[L] 0002 ]
18:14:06[[V] 16]
18:14:06[[T] 0x000A ]
18:14:06[[L] 0010 ]
18:14:06[[V] 00000000000000000]
18:14:06[RX <CMD> EBX <RES> 000]
18:14:06[[BLK1] 026:]
18:14:06[[T] 0x804E ]
18:14:06[[L] 0008 ]
18:14:06[[V] ********]
18:14:06[[T] 0x804C ]
18:14:06[[L] 000A ]
18:14:06[[V] 21100F20017]
18:14:06[TX <CMD> EBX]
18:14:06[[BLK1] 044:]
18:14:06[[T] 0x000F ]
18:14:06[[L] 0008 ]
18:14:06[[V] ********]
18:14:06[[T] 0x0003 ]
18:14:06[[L] 0002 ]
18:14:06[[V] 30]
18:14:06[[T] 0x0009 ]
18:14:06[[L] 0002 ]
18:14:06[[V] 17]
18:14:06[[T] 0x000A ]
18:14:06[[L] 0010 ]
18:14:06[[V] 00000000000000000]
18:14:06[RX <CMD> EBX <RES> 042]
18:14:06[TX <CMD> EBX]
18:14:06[[BLK1] 044:]
18:14:06[[T] 0x000F ]
18:14:06[[L] 0008 ]
18:14:06[[V] ********]
18:14:06[[T] 0x0003 ]
18:14:06[[L] 0002 ]
18:14:06[[V] 30]
18:14:06[[T] 0x0009 ]
18:14:06[[L] 0002 ]
18:14:06[[V] 18]
18:14:06[[T] 0x000A ]
18:14:06[[L] 0010 ]
18:14:06[[V] 00000000000000000]
18:14:06[RX <CMD> EBX <RES> 000]
18:14:06[[BLK1] 026:]
18:14:06[[T] 0x804E ]
18:14:06[[L] 0008 ]
18:14:06[[V] ********]
18:14:06[[T] 0x804C ]
18:14:06[[L] 000A ]
18:14:06[[V] B7610FB6017]
18:14:06[TX <CMD> EBX]
18:14:06[[BLK1] 044:]
18:14:06[[T] 0x000F ]
18:14:06[[L] 0008 ]
18:14:06[[V] ********]
18:14:06[[T] 0x0003 ]
18:14:06[[L] 0002 ]
18:14:06[[V] 30]
18:14:06[[T] 0x0009 ]
18:14:06[[L] 0002 ]
18:14:06[[V] 19]
18:14:06[[T] 0x000A ]
18:14:06[[L] 0010 ]
18:14:06[[V] 00000000000000000]
18:14:06[RX <CMD> EBX <RES> 000]
18:14:06[[BLK1] 026:]
18:14:06[[T] 0x804E ]
18:14:06[[L] 0008 ]
18:14:06[[V] ********]
18:14:06[[T] 0x804C ]
18:14:06[[L] 000A ]
18:14:06[[V] FFF60942017]
18:14:06[TX <CMD> EBX]
18:14:06[[BLK1] 044:]
18:14:06[[T] 0x000F ]
18:14:06[[L] 0008 ]
18:14:06[[V] ********]
18:14:06[[T] 0x0003 ]
18:14:06[[L] 0002 ]
18:14:06[[V] 30]
18:14:06[[T] 0x0009 ]
18:14:06[[L] 0002 ]
18:14:06[[V] 20]
18:14:06[[T] 0x000A ]
18:14:06[[L] 0010 ]
18:14:06[[V] 00000000000000000]
18:14:06[RX <CMD> EBX <RES> 000]
18:14:06[[BLK1] 026:]
18:14:06[[T] 0x804E ]
18:14:06[[L] 0008 ]
18:14:06[[V] ********]
18:14:06[[T] 0x804C ]
18:14:06[[L] 000A ]
18:14:06[[V] FFCFB848017]
18:14:06[TX <CMD> GIX]
18:14:06[[BLK1] 018:]
18:14:06[[T] 0x0001 ]
18:14:06[[L] 000E ]
18:14:06[[V] 808080808080801]
18:14:06[RX <CMD> GIX <RES> 000]
18:14:06[[BLK1] 113:]
18:14:06[[T] 0x8004 ]
18:14:06[[L] 0006 ]
18:14:06[[V] GERTEC]
18:14:06[[T] 0x8003 ]
18:14:06[[L] 000D ]
18:14:06[[V] PPC-930;192MB]
18:14:06[[T] 0x8005 ]
18:14:06[[L] 000A ]
18:14:06[[V] 1200000000]
18:14:06[[T] 0x8006 ]
18:14:06[[L] 0014 ]
18:14:06[[V] 1202.11403.VR0012  @]
18:14:06[[T] 0x8007 ]
18:14:06[[L] 0004 ]
18:14:06[[V] 2.03]
18:14:06[[T] 0x8008 ]
18:14:06[[L] 0010 ]
18:14:06[[V] 001.12 160914   ]
18:14:06[[T] 0x8001 ]
18:14:06[[L] 0010 ]
18:14:06[[V] 7200031906045572]
18:14:11[TX]RMC032  TRANSACAO OK                  
18:14:13[RX]RMC000
18:14:13[TX]{18}
18:14:13[RX]{04}
18:14:13[TX]CLO032** Pay&Go Web ** (c) 2019 SETIS 
18:14:14[RX]{16}
18:14:14[RX]CLO000{17}
18:14:17[TX]{18}
18:14:17[RX]{04}
18:14:17[TX]OPN5230256951B2614256D148E586C384E56395183C13CA15CF1F68A4ECE80E7AC1AAE3335AF804C2D5B7627554E421CFBF38FEFB637DBA275AF5FD58497FF3DECDF95F79F9D7EC6D687FFC6DECE983E52D7E64EB5FE126AE3A1D375B40DCB7881D7ECFBA6EC1A08A7437B1DA60CB9119533E794BC38FA4FDDD122218729389003E422110000711CE6C69081788B3BD2AF18D2E7C37A76300AC3FB23E4107DA72FBC718FDB37291F183C20FA97616A41D4D6591D28EE81C5C8EB89B4936309DE912A8F96ED0E075121E2406BBD9EE2C0AC6BF323D1D5001CF2BD9E56B72FD306E341F99B786697E4794C91FE2AD33EE68E689D917313615D985253EFAC2C968FA46FDDB86B30103E9
18:14:18[RX]OPN0005152566F84446572C5C32250ABCBA13AEA749E8592AE58592ED06F0EDF678630C51E5BA9D6673653CE11AE13B5672D3DF6E253674A03BDE6093D0F43E4951B8CEDF6DAB0C2BCCE627153C9D416F594503FC9A0A0EB199EEA517BD04A94328E800AEECBA3351865AE40CF2A44D7D3A8FDF99580B8C43CD8DC7AAD6512C386D4973D09CF3C6FD19E6011D2F508E5053667FB093BE081783DEB8061BC80EDF3EF6E85949649EDF2E70AD35C661FE207C1E384A2E3D411B11D6FF19C78040C37EB1F670D0761F72EDAFED82F49137EC2C876B4CDB56E54FCF6B979969EE4579AEB0599F3ACBA5312D1DDC45A9130F2F96F41E39AB66FAFE0F313DD4C556EDB7347AD48DCD8
18:14:18[TX <CMD> GIX]
18:14:18[[BLK1] 018:]
18:14:18[[T] 0x0001 ]
18:14:18[[L] 000E ]
18:14:18[[V] 808080808080801]
18:14:18[RX <CMD> GIX <RES> 000]
18:14:18[[BLK1] 113:]
18:14:18[[T] 0x8004 ]
18:14:18[[L] 0006 ]
18:14:18[[V] GERTEC]
18:14:18[[T] 0x8003 ]
18:14:18[[L] 000D ]
18:14:18[[V] PPC-930;192MB]
18:14:18[[T] 0x8005 ]
18:14:18[[L] 000A ]
18:14:18[[V] 1200000000]
18:14:18[[T] 0x8006 ]
18:14:18[[L] 0014 ]
18:14:18[[V] 1202.11403.VR0012  @]
18:14:18[[T] 0x8007 ]
18:14:18[[L] 0004 ]
18:14:18[[V] 2.03]
18:14:18[[T] 0x8008 ]
18:14:18[[L] 0010 ]
18:14:18[[V] 001.12 160914   ]
18:14:18[[T] 0x8001 ]
18:14:18[[L] 0010 ]
18:14:18[[V] 7200031906045572]
18:14:18[TX <CMD> GIX]
18:14:18[[BLK1] 018:]
18:14:18[[T] 0x0001 ]
18:14:18[[L] 000E ]
18:14:18[[V] 808080808080801]
18:14:18[RX <CMD> GIX <RES> 000]
18:14:18[[BLK1] 113:]
18:14:18[[T] 0x8004 ]
18:14:18[[L] 0006 ]
18:14:18[[V] GERTEC]
18:14:18[[T] 0x8003 ]
18:14:18[[L] 000D ]
18:14:18[[V] PPC-930;192MB]
18:14:18[[T] 0x8005 ]
18:14:18[[L] 000A ]
18:14:18[[V] 1200000000]
18:14:18[[T] 0x8006 ]
18:14:18[[L] 0014 ]
18:14:18[[V] 1202.11403.VR0012  @]
18:14:18[[T] 0x8007 ]
18:14:18[[L] 0004 ]
18:14:18[[V] 2.03]
18:14:18[[T] 0x8008 ]
18:14:18[[L] 0010 ]
18:14:18[[V] 001.12 160914   ]
18:14:18[[T] 0x8001 ]
18:14:18[[L] 0010 ]
18:14:18[[V] 7200031906045572]
18:14:27[TX <CMD> GIX]
18:14:27[[BLK1] 018:]
18:14:27[[T] 0x0001 ]
18:14:27[[L] 000E ]
18:14:27[[V] 808080808080801]
18:14:27[RX <CMD> GIX <RES> 000]
18:14:27[[BLK1] 113:]
18:14:27[[T] 0x8004 ]
18:14:27[[L] 0006 ]
18:14:27[[V] GERTEC]
18:14:27[[T] 0x8003 ]
18:14:27[[L] 000D ]
18:14:27[[V] PPC-930;192MB]
18:14:27[[T] 0x8005 ]
18:14:27[[L] 000A ]
18:14:27[[V] 1200000000]
18:14:27[[T] 0x8006 ]
18:14:27[[L] 0014 ]
18:14:27[[V] 1202.11403.VR0012  @]
18:14:27[[T] 0x8007 ]
18:14:27[[L] 0004 ]
18:14:27[[V] 2.03]
18:14:27[[T] 0x8008 ]
18:14:27[[L] 0010 ]
18:14:27[[V] 001.12 160914   ]
18:14:27[[T] 0x8001 ]
18:14:27[[L] 0010 ]
18:14:27[[V] 7200031906045572]
18:14:28[TX]RMC032  TRANSACAO OK                  
18:14:30[RX]RMC000
18:14:30[TX]{18}
18:14:30[RX]{04}
18:14:30[TX]CLO032** Pay&Go Web ** (c) 2019 SETIS 
18:14:30[RX]{16}
18:14:30[RX]CLO000{17}
18:14:32[TX]{18}
18:14:32[RX]{04}
18:14:32[TX]OPN5230256951B2614256D148E586C384E56395183C13CA15CF1F68A4ECE80E7AC1AAE3335AF804C2D5B7627554E421CFBF38FEFB637DBA275AF5FD58497FF3DECDF95F79F9D7EC6D687FFC6DECE983E52D7E64EB5FE126AE3A1D375B40DCB7881D7ECFBA6EC1A08A7437B1DA60CB9119533E794BC38FA4FDDD122218729389003E422110000711CE6C69081788B3BD2AF18D2E7C37A76300AC3FB23E4107DA72FBC718FDB37291F183C20FA97616A41D4D6591D28EE81C5C8EB89B4936309DE912A8F96ED0E075121E2406BBD9EE2C0AC6BF323D1D5001CF2BD9E56B72FD306E341F99B786697E4794C91FE2AD33EE68E689D917313615D985253EFAC2C968FA46FDDB86B30103E9
18:14:32[RX]OPN0005152566D6187076E6C73667202ECC7024DAF6ABC5896F738028D9814D9FAAE781E8BC68CE5555A450E39E92AFB270685C1B19DF4F975D921088EEF0FB48088593964D739B688E28FDE264BDCE21B17B57478187149709ED5B97E19DB138C0BFBB8EEA956E3E92D02F05CB681BD8DC9BE9CF0A0D6CB7CEC50BF631F543BCB7C3556201959B6C84062D9ED14C161DA837C4DEFF7B2CE8A6515245087B296F3D29CD28747A8518131750B44B51A2001DA59111CFE6F82DCEE9F47C377C6A43502CE0A974F0B964F6881F93F7B96A01F7DAF1996BCDD7F7767913C5364F1A1C4CEB26EBF559500B79ACCBD85C706D11630EE343CAB73CB79F33FB70A0B730DD5615A6F99FD
18:14:32[TX <CMD> GIX]
18:14:32[[BLK1] 018:]
18:14:32[[T] 0x0001 ]
18:14:32[[L] 000E ]
18:14:32[[V] 808080808080801]
18:14:33[RX <CMD> GIX <RES> 000]
18:14:33[[BLK1] 113:]
18:14:33[[T] 0x8004 ]
18:14:33[[L] 0006 ]
18:14:33[[V] GERTEC]
18:14:33[[T] 0x8003 ]
18:14:33[[L] 000D ]
18:14:33[[V] PPC-930;192MB]
18:14:33[[T] 0x8005 ]
18:14:33[[L] 000A ]
18:14:33[[V] 1200000000]
18:14:33[[T] 0x8006 ]
18:14:33[[L] 0014 ]
18:14:33[[V] 1202.11403.VR0012  @]
18:14:33[[T] 0x8007 ]
18:14:33[[L] 0004 ]
18:14:33[[V] 2.03]
18:14:33[[T] 0x8008 ]
18:14:33[[L] 0010 ]
18:14:33[[V] 001.12 160914   ]
18:14:33[[T] 0x8001 ]
18:14:33[[L] 0010 ]
18:14:33[[V] 7200031906045572]
18:14:33[TX <CMD> GIX]
18:14:33[[BLK1] 018:]
18:14:33[[T] 0x0001 ]
18:14:33[[L] 000E ]
18:14:33[[V] 808080808080801]
18:14:33[RX <CMD> GIX <RES> 000]
18:14:33[[BLK1] 113:]
18:14:33[[T] 0x8004 ]
18:14:33[[L] 0006 ]
18:14:33[[V] GERTEC]
18:14:33[[T] 0x8003 ]
18:14:33[[L] 000D ]
18:14:33[[V] PPC-930;192MB]
18:14:33[[T] 0x8005 ]
18:14:33[[L] 000A ]
18:14:33[[V] 1200000000]
18:14:33[[T] 0x8006 ]
18:14:33[[L] 0014 ]
18:14:33[[V] 1202.11403.VR0012  @]
18:14:33[[T] 0x8007 ]
18:14:33[[L] 0004 ]
18:14:33[[V] 2.03]
18:14:33[[T] 0x8008 ]
18:14:33[[L] 0010 ]
18:14:33[[V] 001.12 160914   ]
18:14:33[[T] 0x8001 ]
18:14:33[[L] 0010 ]
18:14:33[[V] 7200031906045572]
18:14:45[TX <CMD> GIX]
18:14:45[[BLK1] 018:]
18:14:45[[T] 0x0001 ]
18:14:45[[L] 000E ]
18:14:45[[V] 808080808080801]
18:14:45[RX <CMD> GIX <RES> 000]
18:14:45[[BLK1] 113:]
18:14:45[[T] 0x8004 ]
18:14:45[[L] 0006 ]
18:14:45[[V] GERTEC]
18:14:45[[T] 0x8003 ]
18:14:45[[L] 000D ]
18:14:45[[V] PPC-930;192MB]
18:14:45[[T] 0x8005 ]
18:14:45[[L] 000A ]
18:14:45[[V] 1200000000]
18:14:45[[T] 0x8006 ]
18:14:45[[L] 0014 ]
18:14:45[[V] 1202.11403.VR0012  @]
18:14:45[[T] 0x8007 ]
18:14:45[[L] 0004 ]
18:14:45[[V] 2.03]
18:14:45[[T] 0x8008 ]
18:14:45[[L] 0010 ]
18:14:45[[V] 001.12 160914   ]
18:14:45[[T] 0x8001 ]
18:14:45[[L] 0010 ]
18:14:45[[V] 7200031906045572]
18:14:51[TX <CMD> GIX]
18:14:51[[BLK1] 006:]
18:14:51[[T] 0x0001 ]
18:14:51[[L] 0002 ]
18:14:51[[V] 902]
18:14:51[RX <CMD> GIX <RES> 000]
18:14:51[[BLK1] 014:]
18:14:51[[T] 0x9302 ]
18:14:51[[L] 000A ]
18:14:51[[V] 0BC392AF74]
18:14:52[TX]DSP032  ATUALIZANDO       TABELAS     
18:14:52[RX]DSP000
18:14:52[TX <CMD> GIX]
18:14:52[[BLK1] 018:]
18:14:52[[T] 0x0001 ]
18:14:52[[L] 000E ]
18:14:52[[V] 808080808080801]
18:14:52[RX <CMD> GIX <RES> 000]
18:14:52[[BLK1] 113:]
18:14:52[[T] 0x8004 ]
18:14:52[[L] 0006 ]
18:14:52[[V] GERTEC]
18:14:52[[T] 0x8003 ]
18:14:52[[L] 000D ]
18:14:52[[V] PPC-930;192MB]
18:14:52[[T] 0x8005 ]
18:14:52[[L] 000A ]
18:14:52[[V] 1200000000]
18:14:52[[T] 0x8006 ]
18:14:52[[L] 0014 ]
18:14:52[[V] 1202.11403.VR0012  @]
18:14:52[[T] 0x8007 ]
18:14:52[[L] 0004 ]
18:14:52[[V] 2.03]
18:14:52[[T] 0x8008 ]
18:14:52[[L] 0010 ]
18:14:52[[V] 001.12 160914   ]
18:14:52[[T] 0x8001 ]
18:14:52[[L] 0010 ]
18:14:52[[V] 7200031906045572]
18:14:52[TX]TLI01202B5C1C470C4
18:14:53[RX]TLI020
18:14:53[TX <CMD> GIX]
18:14:53[[BLK1] 018:]
18:14:53[[T] 0x0001 ]
18:14:53[[L] 000E ]
18:14:53[[V] 808080808080801]
18:14:53[RX <CMD> GIX <RES> 000]
18:14:53[[BLK1] 113:]
18:14:53[[T] 0x8004 ]
18:14:53[[L] 0006 ]
18:14:53[[V] GERTEC]
18:14:53[[T] 0x8003 ]
18:14:53[[L] 000D ]
18:14:53[[V] PPC-930;192MB]
18:14:53[[T] 0x8005 ]
18:14:53[[L] 000A ]
18:14:53[[V] 1200000000]
18:14:53[[T] 0x8006 ]
18:14:53[[L] 0014 ]
18:14:53[[V] 1202.11403.VR0012  @]
18:14:53[[T] 0x8007 ]
18:14:53[[L] 0004 ]
18:14:53[[V] 2.03]
18:14:53[[T] 0x8008 ]
18:14:53[[L] 0010 ]
18:14:53[[V] 001.12 160914   ]
18:14:53[[T] 0x8001 ]
18:14:53[[L] 0010 ]
18:14:53[[V] 7200031906045572]
18:14:53[TX]TLR316013141020107A000000004101000000000000000000001                0300020002000207698620207260590001790000   60749E0F0C8FF80B0F00122FE50BCA0000000000000FE50BCF80000000000R1405F5E0FF0000138800001389000009F02065F2A029A039C0195059F3704FFFFFFFFFF9F3704FFFFFFFFFFFFFFFFFFFFFFFFFFFFFFFFFFY1Z1Y3Z3FC509C88000000000000FC509C8800
18:14:53[RX]TLR000
18:14:53[TX]TLR316013141020207A000000004306000000000000000000002                0300020002000207698620207260590001790000   60749E0D0C8FF80B0F00122FE50BCA0000000000000FE50BCF80000000000R1405F5E0FF0000000000001389000009F02065F2A029A039C0195059F3704FFFFFFFFFF9F3704FFFFFFFFFFFFFFFFFFFFFFFFFFFFFFFFFFY1Z1Y3Z3FC501C88000000800000FC501C8800
18:14:53[RX]TLR000
18:14:53[TX]TLR316013141020407A000000003101000000000000000000001                03008C0084008D07698620207260590001790000   60749E0F0C8FF80B0F00122D84000A8000010000000D84004F80000000000R1205F5E0FF0000138800001389000009F02065F2A029A039C0195059F3704FFFFFFFFFF9F3704FFFFFFFFFFFFFFFFFFFFFFFFFFFFFFFFFFY1Z1Y3Z3D84000A8000010000000D84004F800
18:14:53[RX]TLR000
18:14:53[TX]TLR316013141020507A000000003201000000000000000000002                03008C0084008D07698620207260590001790000   60749E0F0C8FF80B0F00122D84000A8000010000000D84004F80000000000R1205F5E0FF0000000000001389000009F02065F2A029A039C0195059F3704FFFFFFFFFF9F3704FFFFFFFFFFFFFFFFFFFFFFFFFFFFFFFFFFY1Z1Y3Z3D84000A8000010000000D84004F800
18:14:53[RX]TLR000
18:14:53[TX]TLR316013141020607A000000427101000000000000000000001                0300020002000207698620207260590001790000   60749E0F0C8FF80B0F00122FC50BCA0000000000000FC50BCF80000000000R00000000000000000000000000000009F02065F2A029A039C0195059F3704FFFFFFFFFF9F3704FFFFFFFFFFFFFFFFFFFFFFFFFFFFFFFFFFY1Z1Y3Z3000000000000000000000000000000
18:14:53[RX]TLR000
18:14:53[TX]TLR316013141020707A000000152301000000000000000000001                0300010001000107698620207260590001790000   60749E0F0C8FF80B0F00122DC000020000010000000FCE09CF80000000000R00000000000000000000000000000009F02065F2A029A039C0195059F3704FFFFFFFFFF9F3704FFFFFFFFFFFFFFFFFFFFFFFFFFFFFFFFFFY1Z1Y3Z3000000000000000000000000000000
18:14:53[RX]TLR000
18:14:53[TX]TLR316013141020809A000000003050762100000000000000001                03008C0084008D07698620207260590001790000   60749E0F0C8FF80B0F00122D84000A8004040180000D84004F80000000000R00000000000000000000000000000009F02065F2A029A039C0195059F3704FFFFFFFFFF9F3704FFFFFFFFFFFFFFFFFFFFFFFFFFFFFFFFFFY1Z1Y3Z3000000000000000000000000000000
18:14:53[RX]TLR000
18:14:53[TX]TLR316013141020909A000000003050762200000000000000002                03008C0084008D07698620207260590001790000   60749E0F0C8FF80B0F00122D84000A8004040180000D84004F80000000000R00000000000000000000000000000009F02065F2A029A039C0195059F3704FFFFFFFFFF9F3704FFFFFFFFFFFFFFFFFFFFFFFFFFFFFFFFFFY1Z1Y3Z3000000000000000000000000000000
18:14:53[RX]TLR000
18:14:53[TX]TLR316013141021007A00000038800B000000000000000000002                0300020002000207698620207260590001790000   60749E0D0C8FF80B0F00122CC58BC80000000000000CC78FCF80000000000R00000000000000000000000000000009F02065F2A029A039C0195059F3704FFFFFFFFFF9F3704FFFFFFFFFFFFFFFFFFFFFFFFFFFFFFFFFFY1Z1Y3Z3000000000000000000000000000000
18:14:53[RX]TLR000
18:14:53[TX]TLR316013141021107A00000038800B100000000000000000002                0300020002000207698620207260590001790000   60749E0D0C8FF80B0F00122CC58BC80000000000000CC78FCF80000000000R00000000000000000000000000000009F02065F2A029A039C0195059F3704FFFFFFFFFF9F3704FFFFFFFFFFFFFFFFFFFFFFFFFFFFFFFFFFY1Z1Y3Z3000000000000000000000000000000
18:14:54[RX]TLR000
18:14:54[TX]TLR316013141021207A00000038800B200000000000000000002                0300020002000207698620207260590001790000   60749E0D0C8FF80B0F00122CC58BC80000000000000CC78FCF80000000000R00000000000000000000000000000009F02065F2A029A039C0195059F3704FFFFFFFFFF9F3704FFFFFFFFFFFFFFFFFFFFFFFFFFFFFFFFFFY1Z1Y3Z3000000000000000000000000000000
18:14:54[RX]TLR000
18:14:54[TX]TLR316013141021307A00000038800B300000000000000000002                0300020002000207698620207260590001790000   60749E0D0C8FF80B0F00122CC58BC80000000000000CC78FCF80000000000R00000000000000000000000000000009F02065F2A029A039C0195059F3704FFFFFFFFFF9F3704FFFFFFFFFFFFFFFFFFFFFFFFFFFFFFFFFFY1Z1Y3Z3000000000000000000000000000000
18:14:54[RX]TLR000
18:14:54[TX]TLR316013141021407A000000537202000000000000000000002                0300030002000007698620207260590001790000   60749E040C8FF80B0F00122F87088E8001010000000F8F888F80000000000R0000000000000000000000000000000000000000000000000000000000000FFFFFFFFFF9F3704FFFFFFFFFFFFFFFFFFFFFFFFFFFFFFFFFFY1Z1Y3Z3000000000000000000000000000000
18:14:54[RX]TLR000
18:14:54[TX]TLR316013141021507A000000537201000000000000000000002                0300030002000007698620207260590001790000   60749E040C8FF80B0F00122F87088E8001010000000F8F888F80000000000R0000000000000000000000000000000000000000000000000000000000000FFFFFFFFFF9F3704FFFFFFFFFFFFFFFFFFFFFFFFFFFFFFFFFFY1Z1Y3Z3000000000000000000000000000000
18:14:54[RX]TLR000
18:14:54[TX]TLR316013141021607A000000442101000000000000000000001                0300020002000207698620207260590001790000   60749E0D0C8FF80B0F00122F85080E8000000000000F85080F80000000000R00000000000000000000000000000009F02065F2A029A039C0195059F3704FFFFFFFFFF9F3704FFFFFFFFFFFFFFFFFFFFFFFFFFFFFFFFFFY1Z1Y3Z3000000000000000000000000000000
18:14:54[RX]TLR000
18:14:54[TX]TLR316013141021707A000000442201000000000000000000002                0300020002000207698620207260590001790000   60749E0F0C8FF80B0F00122F85080E8000000000000F85080F80000000000R00000000000000000000000000000009F02065F2A029A039C0195059F3704FFFFFFFFFF9F3704FFFFFFFFFFFFFFFFFFFFFFFFFFFFFFFFFFY1Z1Y3Z3000000000000000000000000000000
18:14:54[RX]TLR000
18:14:54[TX]TLR316013141021807A000000555B12000000000000000000001                0300030002000107698620207260590001790000   60749E040C8FF80B0F00122F87088E8000000000000F8F8FCE80000000000R0000000000000000000000000000000000000000000000000000000000000FFFFFFFFFF9F3704FFFFFFFFFFFFFFFFFFFFFFFFFFFFFFFFFFY1Z1Y3Z3000000000000000000000000000000
18:14:54[RX]TLR000
18:14:54[TX]TLR316013141021907A000000555B11000000000000000000002                0300030002000107698620207260590001790000   60749E040C8FF80B0F00122F87088E8000000000000F8F8FCE80000000000R0000000000000000000000000000000000000000000000000000000000000FFFFFFFFFF9F3704FFFFFFFFFFFFFFFFFFFFFFFFFFFFFFFFFFY1Z1Y3Z3000000000000000000000000000000
18:14:54[RX]TLR000
18:14:54[TX]TLR316013141022007A000000557603100000000000000000002                0300030002000007698620207260590001790000   60749E040C8FF80B0F00122FCE824F8000010180000FCE824F80000000000R0000000000000000000000000000000000000000000000000000000000000FFFFFFFFFF9F3704FFFFFFFFFFFFFFFFFFFFFFFFFFFFFFFFFFY1Z1Y3Z3000000000000000000000000000000
18:14:54[RX]TLR000
18:14:54[TX]TLR316013141022107A000000557602700000000000000000002                0300030002000007698620207260590001790000   60749E040C8FF80B0F00122FCE824F8000010180000FCE824F80000000000R0000000000000000000000000000000000000000000000000000000000000FFFFFFFFFF9F3704FFFFFFFFFFFFFFFFFFFFFFFFFFFFFFFFFFY1Z1Y3Z3000000000000000000000000000000
18:14:54[RX]TLR000
18:14:54[TX]TLR316013141022207A000000557602800000000000000000002                0300030002000007698620207260590001790000   60749E040C8FF80B0F00122FCE824F8000010180000FCE824F80000000000R0000000000000000000000000000000000000000000000000000000000000FFFFFFFFFF9F3704FFFFFFFFFFFFFFFFFFFFFFFFFFFFFFFFFFY1Z1Y3Z3000000000000000000000000000000
18:14:54[RX]TLR000
18:14:54[TX]TLR316013141022307A000000557603000000000000000000002                0300030002000007698620207260590001790000   60749E040C8FF80B0F00122FCE824F8000010180000FCE824F80000000000R0000000000000000000000000000000000000000000000000000000000000FFFFFFFFFF9F3704FFFFFFFFFFFFFFFFFFFFFFFFFFFFFFFFFFY1Z1Y3Z3000000000000000000000000000000
18:14:55[RX]TLR000
18:14:55[TX]TLR316013141022407A000000557603400000000000000000002                0300030002000007698620207260590001790000   60749E040C8FF80B0F00122FCE824F8000010180000FCE824F80000000000R0000000000000000000000000000000000000000000000000000000000000FFFFFFFFFF9F3704FFFFFFFFFFFFFFFFFFFFFFFFFFFFFFFFFFY1Z1Y3Z3000000000000000000000000000000
18:14:55[RX]TLR000
18:14:55[TX]TLR316013141022507A000000065101000000000000000000001                0302000200020007698620207260590001790000   60749E0F0C8FF80B0F00122FC6024A8000010000000FC60ACF80000000000R0000000000000000000000000000000000000000000000000000000000000FFFFFFFFFF9F3704FFFFFFFFFFFFFFFFFFFFFFFFFFFFFFFFFFY1Z1Y3Z3000000000000000000000000000000
18:14:55[RX]TLR000
18:14:55[TX]TLR316013141022606A000000025010000000000000000000001                0300010001000107698620207260590001790000   60749E0F0C8FF80B0F00122DC50FC98000010000000DE00FC980000000000R0000000000000000000000000000000FFFFFFFFFFFFFFFFFFFFFFFFFFFFFFFFFFFFFFFF9F3704FFFFFFFFFFFFFFFFFFFFFFFFFFFFFFFFFFY1Z1Y3Z3000000000000000000000000000000
18:14:55[RX]TLR000
18:14:55[TX]TLR316013141022707A000000494101000000000000000000001                0300830084008407698620207260590001790000   60749E0F0C8FF80B0F00122D84000A8000010000000D84004F80000000000R0000000000000000000000000000000FFFFFFFFFFFFFFFFFFFFFFFFFFFFFFFFFFFFFFFF9F3704FFFFFFFFFFFFFFFFFFFFFFFFFFFFFFFFFFY1Z1Y3Z3000000000000000000000000000000
18:14:55[RX]TLR000
18:14:55[TX]TLR316013141022807A000000494201000000000000000000002                0300830084008407698620207260590001790000   60749E0F0C8FF80B0F00122D84000A8000010000000D84004F80000000000R0000000000000000000000000000000FFFFFFFFFFFFFFFFFFFFFFFFFFFFFFFFFFFFFFFF9F3704FFFFFFFFFFFFFFFFFFFFFFFFFFFFFFFFFFY1Z1Y3Z3000000000000000000000000000000
18:14:55[RX]TLR000
18:14:55[TX]TLR316013141022907A000000459301000000000000000000002                0300030003000307698620207260590001790000   60749E0D0C8FF80B0F00122F87088E8000000000000F8F8FCE80000000000R0000000000000000000000000000000FFFFFFFFFFFFFFFFFFFFFFFFFFFFFFFFFFFFFFFF9F3704FFFFFFFFFFFFFFFFFFFFFFFFFFFFFFFFFFY1Z1Y3Z3000000000000000000000000000000
18:14:55[RX]TLR000
18:14:55[TX]TLR316013141023007A000000459101000000000000000000001                0300030003000307698620207260590001790000   60749E0F0C8FF80B0F00122F87088E8000000000000F8F8FCE80000000000R0000000000000000000000000000000FFFFFFFFFFFFFFFFFFFFFFFFFFFFFFFFFFFFFFFF9F3704FFFFFFFFFFFFFFFFFFFFFFFFFFFFFFFFFFY1Z1Y3Z3000000000000000000000000000000
18:14:55[RX]TLR000
18:14:55[TX]TLR316013141023107A000000442301000000000000000000002                0300020002000207698620207260590001790000   60749E0F0C8FF80B0F00122F85080E8000000000000F85080F80000000000R00000000000000000000000000000009F02065F2A029A039C0195059F3704FFFFFFFFFF9F3704FFFFFFFFFFFFFFFFFFFFFFFFFFFFFFFFFFY1Z1Y3Z3000000000000000000000000000000
18:14:55[RX]TLR000
18:14:55[TX]TLR316013141023207A000000555E43000000000000000000002                0300010002000307698620207260590001790000   60749E0F0C8FF80B0F00122F87088E8000000000000F8F8FCE80000000000R0000000000000000000000000000000FFFFFFFFFFFFFFFFFFFFFFFFFFFFFFFFFFFFFFFF9F3704FFFFFFFFFFFFFFFFFFFFFFFFFFFFFFFFFFY1Z1Y3Z3000000000000000000000000000000
18:14:56[RX]TLR000
18:14:56[TX]TLR316013141023307A000000555C13000000000000000000002                0300010002000307698620207260590001790000   60749E060C8FF80B0F00122F87088E8000000000000F8F8FCE80000000000R0000000000000000000000000000000FFFFFFFFFFFFFFFFFFFFFFFFFFFFFFFFFFFFFFFF9F3704FFFFFFFFFFFFFFFFFFFFFFFFFFFFFFFFFFY1Z1Y3Z3000000000000000000000000000000
18:14:56[RX]TLR000
18:14:56[TX]TLR316013141023407A000000653101000000000000000000001                0300010002000307698620207260590001790000   60749E060C8FF80B0F00122FCF8FCE8601010000000FCF8FCE80000000000R0000000000000000000000000000000FFFFFFFFFFFFFFFFFFFFFFFFFFFFFFFFFFFFFFFF9F3704FFFFFFFFFFFFFFFFFFFFFFFFFFFFFFFFFFY1Z1Y3Z3000000000000000000000000000000
18:14:56[RX]TLR000
18:14:56[TX]TLR316013141023507A000000589100100000000000000000002                0300020002000207698620207260590001790000   60749E0F0C8FF80B0F00122F85080E8000000000000F85080F80000000000R0000000000000000000000000000000FFFFFFFFFFFFFFFFFFFFFFFFFFFFFFFFFFFFFFFF9F3704FFFFFFFFFFFFFFFFFFFFFFFFFFFFFFFFFFY1Z1Y3Z3000000000000000000000000000000
18:14:56[RX]TLR000
18:14:56[TX]TLR316013141023607A000000589400100000000000000000002                0300020002000207698620207260590001790000   60749E0F0C8FF80B0F00122F85080E8000000000000F85080F80000000000R0000000000000000000000000000000FFFFFFFFFFFFFFFFFFFFFFFFFFFFFFFFFFFFFFFF9F3704FFFFFFFFFFFFFFFFFFFFFFFFFFFFFFFFFFY1Z1Y3Z3000000000000000000000000000000
18:14:56[RX]TLR000
18:14:56[TX]TLR316013141023707A000000589200100000000000000000002                0300020002000207698620207260590001790000   60749E0F0C8FF80B0F00122F85080E8000000000000F85080F80000000000R0000000000000000000000000000000FFFFFFFFFFFFFFFFFFFFFFFFFFFFFFFFFFFFFFFF9F3704FFFFFFFFFFFFFFFFFFFFFFFFFFFFFFFFFFY1Z1Y3Z3000000000000000000000000000000
18:14:56[RX]TLR000
18:14:56[TX]TLR316013141023809A000000003050760100000000000000001                03008C0084008D07698620207260590001790000   60749E0F0C8FF80B0F00122D84000A8000010000000D84004F80000000000R0000000000000000000000000000000FFFFFFFFFFFFFFFFFFFFFFFFFFFFFFFFFFFFFFFF9F3704FFFFFFFFFFFFFFFFFFFFFFFFFFFFFFFFFFY1Z1Y3Z3000000000000000000000000000000
18:14:56[RX]TLR000
18:14:56[TX]TLR316013141023909A000000003050760200000000000000002                03008C0084008D07698620207260590001790000   60749E0F0C8FF80B0F00122D84000A8000010000000D84004F80000000000R0000000000000000000000000000000FFFFFFFFFFFFFFFFFFFFFFFFFFFFFFFFFFFFFFFF9F3704FFFFFFFFFFFFFFFFFFFFFFFFFFFFFFFFFFY1Z1Y3Z3000000000000000000000000000000
18:14:56[RX]TLR000
18:14:56[TX]TLR316013141024007A000000442301100000000000000000002                0300020002000207698620207260590001790000   60749E0F0C8FF80B0F00122F85080E8000000000000F85080F80000000000R00000000000000000000000000000009F02065F2A029A039C0195059F3704FFFFFFFFFF9F3704FFFFFFFFFFFFFFFFFFFFFFFFFFFFFFFFFFY1Z1Y3Z3000000000000000000000000000000
18:14:56[RX]TLR000
18:14:56[TX]TLR316013141024107A000000555E44000000000000000000002                0300010002000307698620207260590001790000   60749E0F0C8FF80B0F00122F87088E8000000000000F8F8FCE80000000000R0000000000000000000000000000000FFFFFFFFFFFFFFFFFFFFFFFFFFFFFFFFFFFFFFFF9F3704FFFFFFFFFFFFFFFFFFFFFFFFFFFFFFFFFFY1Z1Y3Z3000000000000000000000000000000
18:14:56[RX]TLR000
18:14:56[TX]TLR316013141024207A000000555E53000000000000000000002                0300010002000307698620207260590001790000   60749E0F0C8FF80B0F00122FCF8FCE8601010000000FCF8FCE80000000000R0000000000000000000000000000000FFFFFFFFFFFFFFFFFFFFFFFFFFFFFFFFFFFFFFFF9F3704FFFFFFFFFFFFFFFFFFFFFFFFFFFFFFFFFFY1Z1Y3Z3000000000000000000000000000000
18:14:56[RX]TLR000
18:14:56[TX]TLR316013141024307A000000555E54000000000000000000002                0300010002000307698620207260590001790000   60749E0F0C8FF80B0F00122FCF8FCE8601010000000FCF8FCE80000000000R0000000000000000000000000000000FFFFFFFFFFFFFFFFFFFFFFFFFFFFFFFFFFFFFFFF9F3704FFFFFFFFFFFFFFFFFFFFFFFFFFFFFFFFFFY1Z1Y3Z3000000000000000000000000000000
18:14:56[RX]TLR000
18:14:56[TX]TLR316013141024407A000000555E55200000000000000000002                0300010002000307698620207260590001790000   60749E0F0C8FF80B0F00122FCF8FCE8601010000000FCF8FCE80000000000R0000000000000000000000000000000FFFFFFFFFFFFFFFFFFFFFFFFFFFFFFFFFFFFFFFF9F3704FFFFFFFFFFFFFFFFFFFFFFFFFFFFFFFFFFY1Z1Y3Z3000000000000000000000000000000
18:14:57[RX]TLR000
18:14:57[TX]TLR316013141024507A000000555E55300000000000000000002                0300010002000307698620207260590001790000   60749E0F0C8FF80B0F00122FCF8FCE8601010000000FCF8FCE80000000000R0000000000000000000000000000000FFFFFFFFFFFFFFFFFFFFFFFFFFFFFFFFFFFFFFFF9F3704FFFFFFFFFFFFFFFFFFFFFFFFFFFFFFFFFFY1Z1Y3Z3000000000000000000000000000000
18:14:57[RX]TLR000
18:14:57[TX]TLR316013141024607A000000555E56000000000000000000002                0300010002000307698620207260590001790000   60749E0F0C8FF80B0F00122FCF8FCE8601010000000FCF8FCE80000000000R0000000000000000000000000000000FFFFFFFFFFFFFFFFFFFFFFFFFFFFFFFFFFFFFFFF9F3704FFFFFFFFFFFFFFFFFFFFFFFFFFFFFFFFFFY1Z1Y3Z3000000000000000000000000000000
18:14:57[RX]TLR000
18:14:57[TX]TLR316013141024707A000000728101000000000000000000001                0300010002000307698620207260590001790000   60749E060C8FF80B0F00122F87088E8000000000000F8F8FCE80000000000R0000000000000000000000000000000FFFFFFFFFFFFFFFFFFFFFFFFFFFFFFFFFFFFFFFF9F3704FFFFFFFFFFFFFFFFFFFFFFFFFFFFFFFFFFY1Z1Y3Z3000000000000000000000000000000
18:14:57[RX]TLR000
18:14:57[TX]TLR316013141024807A000000555E45000000000000000000002                0300010002000307698620207260590001790000   60749E0F0C8FF80B0F00122F87088E8000000000000F8F8FCE80000000000R0000000000000000000000000000000FFFFFFFFFFFFFFFFFFFFFFFFFFFFFFFFFFFFFFFF9F3704FFFFFFFFFFFFFFFFFFFFFFFFFFFFFFFFFFY1Z1Y3Z3000000000000000000000000000000
18:14:57[RX]TLR000
18:14:57[TX]TLR316013141024907A000000555C14000000000000000000002                0300010002000307698620207260590001790000   60749E0F0C8FF80B0F00122F87088E8000000000000F8F8FCE80000000000R0000000000000000000000000000000FFFFFFFFFFFFFFFFFFFFFFFFFFFFFFFFFFFFFFFF9F3704FFFFFFFFFFFFFFFFFFFFFFFFFFFFFFFFFFY1Z1Y3Z3000000000000000000000000000000
18:14:57[RX]TLR000
18:14:57[TX]TLR316013141025007A000000555C11000000000000000000001                0300010002000307698620207260590001790000   60749E060C8FF80B0F00122F87088E8000000000000F8F8FCE80000000000R0000000000000000000000000000000FFFFFFFFFFFFFFFFFFFFFFFFFFFFFFFFFFFFFFFF9F3704FFFFFFFFFFFFFFFFFFFFFFFFFFFFFFFFFFY1Z1Y3Z3000000000000000000000000000000
18:14:57[RX]TLR000
18:14:57[TX]TLR6130161120201A00000000404001030000144A6DA428387A502D7DDFB7A74D3F412BE762627197B25435B7A81716A700157DDD06F7CC99D6CA28C2470527E2C03616B9C59217357C2674F583B3BA5C7DCF2838692D023E3562420B4615C439CA97C44DC9A249CFCE7B3BFB22F68228C3AF13329AA4A613CF8DD853502373D62E49AB256D2BC17120E54AEDCED6D96A4287ACC5C04677D4A5A320DB8BEE2F775E5FEC5000000000000000000000000000000000000000000000000000000000000000000000000000000000000000000000000000000000000000000000000000000000000000000000000000000000000000000000000000000000000000000000000000000000000000000000000000000000000000000000000000000000000000000000000000000000000000000000000000
18:14:57[RX]TLR000
18:14:57[TX]TLR6130161120202A00000000405001030000176B8048ABC30C90D976336543E3FD7091C8FE4800DF820ED55E7E94813ED00555B573FECA3D84AF6131A651D66CFF4284FB13B635EDD0EE40176D8BF04B7FD1C7BACF9AC7327DFAA8AA72D10DB3B8E70B2DDD811CB4196525EA386ACC33C0D9D4575916469C4E4F53E8E1C912CC618CB22DDE7C3568E90022E6BBA770202E4522A2DD623D180E215BD1D1507FE3DC90CA310D27B3EFCCD8F83DE3052CAD1E48938C68D095AAC91B5F37E28BB49EC7ED59700000000000000000000000000000000000000000000000000000000000000000000000000000000000000000000000000000000000000000000000000000000000000000000000000000000000000000000000000000000000000000000000000000000000000000000000000000000000
18:14:57[RX]TLR000
18:14:57[TX]TLR6130161120203A00000000406001030000248CB26FC830B43785B2BCE37C81ED334622F9622F4C89AAE641046B2353433883F307FB7C974162DA72F7A4EC75D9D657336865B8D3023D3D645667625C9A07A6B7A137CF0C64198AE38FC238006FB2603F41F4F3BB9DA1347270F2F5D8C606E420958C5F7D50A71DE30142F70DE468889B5E3A08695B938A50FC980393A9CBCE44AD2D64F630BB33AD3F5F5FD495D31F37818C1D94071342E07F1BEC2194F6035BA5DED3936500EB82DFDA6E8AFB655B1EF3D0D7EBF86B66DD9F29F6B1D324FE8B26CE38AB2013DD13F611E7A594D675C4432350EA244CC34F3873CBA06592987A1D7E852ADC22EF5A2EE28132031E48F74037E3B34AB747F00000000000000000000000000000000000000000000000000000000000000000000000000000000000
18:14:58[RX]TLR000
18:14:58[TX]TLR6130161120204A00000000308001030000176D9FD6ED75D51D0E30664BD157023EAA1FFA871E4DA65672B863D255E81E137A51DE4F72BCC9E44ACE12127F87E263D3AF9DD9CF35CA4A7B01E907000BA85D24954C2FCA3074825DDD4C0C8F186CB020F683E02F2DEAD3969133F06F7845166ACEB57CA0FC2603445469811D293BFEFBAFAB57631B3DD91E796BF850A25012F1AE38F05AA5C4D6D03B1DC2E568612785938BBC9B3CD3A910C1DA55A5A9218ACE0F7A21287752682F15832A678D6E1ED0B00000000000000000000000000000000000000000000000000000000000000000000000000000000000000000000000000000000000000000000000000000000000000000000000000000000000000000000000000000000000000000000000000000000000000000000000000000000000
18:14:58[RX]TLR000
18:14:58[TX]TLR6130161120205A000000003090010300002489D912248DE0A4E39C1A7DDE3F6D2588992C1A4095AFBD1824D1BA74847F2BC4926D2EFD904B4B54954CD189A54C5D1179654F8F9B0D2AB5F0357EB642FEDA95D3912C6576945FAB897E7062CAA44A4AA06B8FE6E3DBA18AF6AE3738E30429EE9BE03427C9D64F695FA8CAB4BFE376853EA34AD1D76BFCAD15908C077FFE6DC5521ECEF5D278A96E26F57359FFAEDA19434B937F1AD999DC5C41EB11935B44C18100E857F431A4A5A6BB65114F174C2D7B59FDF237D6BB1DD0916E644D709DED56481477C75D95CDD68254615F7740EC07F330AC5D67BCD75BF23D28A140826C026DBDE971A37CD3EF9B8DF644AC385010501EFC6509D7A4100000000000000000000000000000000000000000000000000000000000000000000000000000000000
18:14:58[RX]TLR000
18:14:58[TX]TLR6130161120206A00000042701001030000144E32D3DB7BAFE4E5423880FB49AF6250250B91AB818139F26A67D11982440A28685256E31002EDE3A50EC9709EF20116ABA6B9E3E99F3F6CCDE397BDCE4A2AC18BCEA4EEF842BB600D12A4005F355DF03E550CFA79E4F6FDAD2DA758EF74CC69E6B60E0A2A836070532516AD23E96B93C1DAACA9DEADC81ABEB5FD6BA4480E628D059431BF15C4B28585733A82E1B45C1000000000000000000000000000000000000000000000000000000000000000000000000000000000000000000000000000000000000000000000000000000000000000000000000000000000000000000000000000000000000000000000000000000000000000000000000000000000000000000000000000000000000000000000000000000000000000000000000000
18:14:58[RX]TLR000
18:14:58[TX]TLR6130161120207A00000042702001030000176BC1AFCF29BDA4CDDC2A07F8695C327364E9E7D9EF8484B5D0D320C2555E2B65C305371663142A7557C0F873006EC88388AAC620F45B1EE6B64335D268F68B0A19BEB187DEA342BE1C960729EADD8F053001C80BF4AADEF36B11B598972F5A9ADBF6C65C3F95378F835D8183AA3DBA15792F9AEC74CA0C4461A4A276C398D4D221119FEF8B272C03BA222D69D47DDFBCCDFE523B9122808228D6E3465C10D101630916934859B3289119378D7E77E5AE900000000000000000000000000000000000000000000000000000000000000000000000000000000000000000000000000000000000000000000000000000000000000000000000000000000000000000000000000000000000000000000000000000000000000000000000000000000000
18:14:58[RX]TLR000
18:14:58[TX]TLR6130161120208A000000152010010300001288D1727AB9DC852453193EA0810B110F2A3FD304BE258338AC2650FA2A040FA10301EA53DF18FD9F40F55C44FE0EE7C7223BC649B8F9328925707776CB86F3AC37D1B22300D0083B49350E09ABB4B62A96363B01E4180E158EADDD6878E85A6C9D56509BF68F0400AFFBC441DDCCDAF9163C4AACEB2C3E1EC13699D23CDA9D3AD00000000000000000000000000000000000000000000000000000000000000000000000000000000000000000000000000000000000000000000000000000000000000000000000000000000000000000000000000000000000000000000000000000000000000000000000000000000000000000000000000000000000000000000000000000000000000000000000000000000000000000000000000000000000
18:14:58[RX]TLR000
18:14:58[TX]TLR6130161120209A00000015203001030000144BF321241BDBF3585FFF2ACB89772EBD18F2C872159EAA4BC179FB03A1B850A1A758FA2C6849F48D4C4FF47E02A575FC13E8EB77AC37135030C5600369B5567D3A7AAF02015115E987E6BE566B4B4CC03A4E2B16CD9051667C2CD0EEF4D76D27A6F745E8BBEB45498ED8C30E2616DB4DBDA4BAF8D71990CDC22A8A387ACB21DD88E2CC27962B31FBD786BBB55F9E0B041000000000000000000000000000000000000000000000000000000000000000000000000000000000000000000000000000000000000000000000000000000000000000000000000000000000000000000000000000000000000000000000000000000000000000000000000000000000000000000000000000000000000000000000000000000000000000000000000000
18:14:58[RX]TLR000
18:14:58[TX]TLR6130161120210A000000152040010300001768EEEC0D6D3857FD558285E49B623B109E6774E06E9476FE1B2FB273685B5A235E955810ADDB5CDCC2CB6E1A97A07089D7FDE0A548BDC622145CA2DE3C73D6B14F284B3DC1FA056FC0FB2818BCD7C852F0C97963169F01483CE1A63F0BF899D412AB67C5BBDC8B4F6FB9ABB57E95125363DBD8F5EBAA9B74ADB93202050341833DEE8E38D28BD175C83A6EA720C262682BEABEA8E955FE67BD9C2EFF7CB9A9F45DD5BDA4A1EEFB148BC44FFF68D9329FD00000000000000000000000000000000000000000000000000000000000000000000000000000000000000000000000000000000000000000000000000000000000000000000000000000000000000000000000000000000000000000000000000000000000000000000000000000000000
18:14:58[RX]TLR000
18:14:58[TX]TLR6130161120211A00000015205001030000248E1200E9F4428EB71A526D6BB44C957F18F27B20BACE978061CCEF23532DBEBFAF654A149701C14E6A2A7C2ECAC4C92135BE3E9258331DDB0967C3D1D375B996F25B77811CCCC06A153B4CE6990A51A0258EA8437EDBEB701CB1F335993E3F48458BC1194BAD29BF683D5F3ECB984E31B7B9D2F6D947B39DEDE0279EE45B47F2F3D4EEEF93F9261F8F5A571AFBFB569C150370A78F6683D687CB677777B2E7ABEFCFC8F5F93501736997E8310EE0FD87AFAC5DA772BA277F88B44459FCA563555017CD0D66771437F8B6608AA1A665F88D846403E4C41AFEEDB9729C2B2511CFE228B50C1B152B2A60BBF61D8913E086210023A3AA499E42300000000000000000000000000000000000000000000000000000000000000000000000000000000000
18:14:58[RX]TLR000
18:14:58[TX]TLR6130161120212A000000388020010300002488C1CB1A139B95087455684F9AE2AA6FBA31BA504122DB7C194E8BE0B9AB9A9025DBB8FAFEA1AF9EE8A21CB66296611536863D43520407A57F01216CDB313679B47522821FF783C5B0BE31857EBFBA11A737940E3008D521EA019E17B559C93E21224B0B8651E7B6FD622BCC47FE62266261528CF3F130AF948B5C9087D6C6F28EEAAA73F0013EC1394C582A3F540F697443BA1E2F3D03378CB0C9122F7786821C76FF2D6FBFC827164CF609F0B26151F04C6B6A0675B3113225BD4FFB61FE230D2BBB2C335F5BDFCE30ECAA012AF180799FBC62BF8E02A17ABBB6BED510496529000ACF34EEB0F09AF438A9E7EE22FF16746DB2AD04CA7D100000000000000000000000000000000000000000000000000000000000000000000000000000000000
18:14:59[RX]TLR000
18:14:59[TX]TLR6130161120213A00000053710003010001176C72A09CD16611507AC2AA75F38757A4B50BF319FFC014C7755E4FE1B56ADFC33188C625D6F3B9456B107A2489A966FF501850E6C3C64CD2C7A9F3C0307FB36D880916B49B84AD2FD8D4C0F5199B09C56EF81B590C9D3D23E1B7A45403939CD5D1BBBDE39EDB2581101503AAD4D4ADED1CA531C74AE4825D304919B677AB5DD7C23237CC67538AB1A315B1AE092F24654F8384BA71BC349CC5FFADF576E8AFB84D1C1CBBAE2C9C8D4A08FE8271E282DEF00000000000000000000000000000000000000000000000000000000000000000000000000000000000000000000000000000000000000000000000000000000000000000000000000000000000000000000000000000000000000000000000000000000000000000000000000000000000
18:14:59[RX]TLR000
18:14:59[TX]TLR6130161120214A00000053711003010001176AF17659A353B5E21498A5A7F5F3C23016B64793A20B8401039292D6D032FCA0870121CABA506CE8AD20742A61FD52EF7982DFA5C83B97BB7A0F5896D9DC0803AB05049943809F5B196827498263A98B5355C2582412E3E831732E32B4340395A83F200383D70AF4C58361B780E6DF8D0706E8A450ED1737433D4C39156A6DE18FC82612D888516B3AC8CF1060A14AAC2718D99BBC5425CEE8A32E7DF18754866B284DA602FDBED9D03BEDE06905EDB9B00000000000000000000000000000000000000000000000000000000000000000000000000000000000000000000000000000000000000000000000000000000000000000000000000000000000000000000000000000000000000000000000000000000000000000000000000000000000
18:14:59[RX]TLR000
18:14:59[TX]TLR6130161120215A00000044201003010001176CCFE36E1F7B63F174C52116977C579A93550F8892E45CFF9C453691FA3E8C0319AFC1477FD58A40065557A9C65028D1FFE853CD2F61B91487F488AFCD154639BABC1AB56379C49BE0F777E425C2D73C6149216304D31AA39BB15FBE84C3F171D042328049CED633B1B25A799308CCD16DDBC37DE00AA186B243CA20A8A36EE7FE171A079B51B94CA22FA0AF0EDE8345C4A2C2EC580D351D4A5890DB9673836BB24318ACCCBA96F9ED3339F5FEE05B42900000000000000000000000000000000000000000000000000000000000000000000000000000000000000000000000000000000000000000000000000000000000000000000000000000000000000000000000000000000000000000000000000000000000000000000000000000000000
18:14:59[RX]TLR000
18:14:59[TX]TLR6130161120216A00000044202003010001248B1C70B540AB632FA7A9587B1D5C0B146F3D6421501EDA78A494C586A21835703442EF116B58ED772EAC51B7F0D614F37E355612EC99482EF6A3E4CD3DB37117BCD73F78107EE899F303E9659F3DF2BB72D4811D18D9ECCDCE033949771C0455FDB36DEFDCA45A77014C28AE882042756140486406B14EB53CE04F20D5B47A3E4AAD955975DE49F56E483CA5431137DC948B9D45E5F1E2C28D7C3F8632A2AB5DD4794A03645FFACB481701167D5B105976C2C0132BBBC4F28C34BCDACC96E9E43440E51B3155C3DCFFFE6A6025AB9C2F34DAA8712A1173530A0C0CF9E2199A8A7B88F95347108AA8E31F9C7110F714D2D6570E35E6FF50DDB00000000000000000000000000000000000000000000000000000000000000000000000000000000000
18:14:59[RX]TLR000
18:14:59[TX]TLR6130161120217A00000055510003010001176C2C70441B08547562C3E311D6DAF742B160F4730BA5FBD304EA4FC6F03432758A16D97F96770690D0688AADB50A6AEF5B8372A91A9E7DC13B4AF1980C865EC879B5B4D8979EE48EA62A629D5E32586915BF174C43871ECD9CFD46EDCDA52BCF94E1B62012219492E0D817D9E39878A6F43DE54ED53E58BC900A4A0D14C419E517F1F0BC267E71C428AD73F9776283A6E31669167D079786CF13274E3F85D866F1885B53375A8D49B2ED96EB271FDB27900000000000000000000000000000000000000000000000000000000000000000000000000000000000000000000000000000000000000000000000000000000000000000000000000000000000000000000000000000000000000000000000000000000000000000000000000000000000
18:14:59[RX]TLR000
18:14:59[TX]TLR6130161120218A00000055511003010001248C2F56D084C2C28D96545B3FF747A6A1F1DFF5C0B1D87E4824B876F1B55178D58ED1DD00D22F7324761ADBA006E749F693B9B669D0F8F5E35E1DED8DA0689AA2C29A3E5734EACC7A05240CF668B494DF015D52F2D77065CAA593A71A421D6925DBCD688121C71E10A0E683C9385640B696B0169B7A9D593FEB32170E9B57CB8316F20E96AB674E64FC2B0575546E30C1184D9C2F43260DB8BEF2619B37301A90D106DFA562BA031B5A7370807C0A396A8D136C47BF3C83229F913E71AC7AFB2BBF4527D3C716AE9277CA51DD8E1D56CBDB075CF064C751698CF129791A00FB74E310827D862DE90E8DE4EC8E247325DD3EC7D28299F767C5B00000000000000000000000000000000000000000000000000000000000000000000000000000000000
18:14:59[RX]TLR000
18:14:59[TX]TLR6130161120219A00000055701001030000176A7FEF3C1B8D3FA9FC12BFF691D855820C0C7700694843D692305D5700BD39894FC5977AB5BC60853FB6F840469C8734CE87BB4D458E51C8930AE3D910B7F6BB82AAE072BC0A6ECEA138BC128AE555860E17595B70C0DB4720B2929DBC51F75691A54922E768991E71044D045B2C03252B24B6613683B0CC6B35802FFAFE3D91E658A6DE46BED1D7BEF7ADE31F409C5FCC9F60FB456583E472EDBED8F6826E49F9A80D3BAFA40F053DDBCB43B6864AEF500000000000000000000000000000000000000000000000000000000000000000000000000000000000000000000000000000000000000000000000000000000000000000000000000000000000000000000000000000000000000000000000000000000000000000000000000000000000
18:14:59[RX]TLR000
18:14:59[TX]TLR6130161120220A0000000651000103000014499B63464EE0B4957E4FD23BF923D12B61469B8FFF8814346B2ED6A780F8988EA9CF0433BC1E655F05EFA66D0C98098F25B659D7A25B8478A36E489760D071F54CDF7416948ED733D816349DA2AADDA227EE45936203CBF628CD033AABA5E5A6E4AE37FBACB4611B4113ED427529C636F6C3304F8ABDD6D9AD660516AE87F7F2DDF1D2FA44C164727E56BBC9BA23C0285000000000000000000000000000000000000000000000000000000000000000000000000000000000000000000000000000000000000000000000000000000000000000000000000000000000000000000000000000000000000000000000000000000000000000000000000000000000000000000000000000000000000000000000000000000000000000000000000000
18:14:59[RX]TLR000
18:14:59[TX]TLR6130161120221A00000006512001030000176ADF05CD4C5B490B087C3467B0F3043750438848461288BFEFD6198DD576DC3AD7A7CFA07DBA128C247A8EAB30DC3A30B02FCD7F1C8167965463626FEFF8AB1AA61A4B9AEF09EE12B009842A1ABA01ADB4A2B170668781EC92B60F605FD12B2B2A6F1FE734BE510F60DC5D189E401451B62B4E06851EC20EBFF4522AACC2E9CDC89BC5D8CDE5D633CFD77220FF6BBD4A9B441473CC3C6FEFC8D13E57C3DE97E1269FA19F655215B23563ED1D1860D868100000000000000000000000000000000000000000000000000000000000000000000000000000000000000000000000000000000000000000000000000000000000000000000000000000000000000000000000000000000000000000000000000000000000000000000000000000000000
18:15:00[RX]TLR000
18:15:00[TX]TLR6130161120222A00000006514001030000248AEED55B9EE00E1ECEB045F61D2DA9A66AB637B43FB5CDBDB22A2FBB25BE061E937E38244EE5132F530144A3F268907D8FD648863F5A96FED7E42089E93457ADC0E1BC89C58A0DB72675FBC47FEE9FF33C16ADE6D341936B06B6A6F5EF6F66A4EDD981DF75DA8399C3053F430ECA342437C23AF423A211AC9F58EAF09B0F837DE9D86C7109DB1646561AA5AF0289AF5514AC64BC2D9D36A179BB8A7971E2BFA03A9E4B847FD3D63524D43A0E8003547B94A8A75E519DF3177D0A60BC0B4BAB1EA59A2CBB4D2D62354E926E9C7D3BE4181E81BA60F8285A896D17DA8C3242481B6C405769A39D547C74ED9FF95A70A796046B5EFF36682DC2900000000000000000000000000000000000000000000000000000000000000000000000000000000000
18:15:00[RX]TLR000
18:15:00[TX]TLR6130161120223A0000000250E001030000144AA94A8C6DAD24F9BA56A27C09B01020819568B81A026BE9FD0A3416CA9A71166ED5084ED91CED47DD457DB7E6CBCD53E560BC5DF48ABC380993B6D549F5196CFA77DFB20A0296188E969A2772E8C4141665F8BB2516BA2C7B5FC91F8DA04E8D512EB0F6411516FB86FC021CE7E969DA94D33937909A53A57F907C40C22009DA7532CB3BE509AE173B39AD6A01BA5BB85000000000000000000000000000000000000000000000000000000000000000000000000000000000000000000000000000000000000000000000000000000000000000000000000000000000000000000000000000000000000000000000000000000000000000000000000000000000000000000000000000000000000000000000000000000000000000000000000000
18:15:00[RX]TLR000
18:15:00[TX]TLR6130161120224A0000000250F001030000176C8D5AC27A5E1FB89978C7C6479AF993AB3800EB243996FBB2AE26B67B23AC482C4B746005A51AFA7D2D83E894F591A2357B30F85B85627FF15DA12290F70F05766552BA11AD34B7109FA49DE29DCB0109670875A17EA95549E92347B948AA1F045756DE56B707E3863E59A6CBE99C1272EF65FB66CBB4CFF070F36029DD76218B21242645B51CA752AF37E70BE1A84FF31079DC0048E928883EC4FADD497A719385C2BBBEBC5A66AA5E5655D18034EC500000000000000000000000000000000000000000000000000000000000000000000000000000000000000000000000000000000000000000000000000000000000000000000000000000000000000000000000000000000000000000000000000000000000000000000000000000000000
18:15:00[RX]TLR000
18:15:00[TX]TLR6130161120225A00000002510001030000248CF98DFEDB3D3727965EE7797723355E0751C81D2D3DF4D18EBAB9FB9D49F38C8C4A826B99DC9DEA3F01043D4BF22AC3550E2962A59639B1332156422F788B9C16D40135EFD1BA94147750575E636B6EBC618734C91C1D1BF3EDC2A46A43901668E0FFC136774080E888044F6A1E65DC9AAA8928DACBEB0DB55EA3514686C6A732CEF55EE27CF877F110652694A0E3484C855D882AE191674E25C296205BBB599455176FDD7BBC549F27BA5FE35336F7E29E68D783973199436633C67EE5A680F05160ED12D1665EC83D1997F10FD05BBDBF9433E8F797AEE3E9F02A34228ACE927ABE62B8B9281AD08D3DF5C7379685045D7BA5FCDE5863700000000000000000000000000000000000000000000000000000000000000000000000000000000000
18:15:00[RX]TLR000
18:15:00[TX]TLR6130161120226A00000049401001030000144AAE2752517E82EFD0041A8CA6DA1C993D0961152E4F92E61448492D881D3AF055DF03CB87A4E9B72AF4D29A3FA2403E7D00BDC93CDD5746AD82BC7C4A7C9C1827578D3E391A6BEB5CA36A668BD20DB29360D479FC75CC84FDC78FE9A4C6BF754A26AB0C3153468DC87C8C244F54CC0650214835825BBE7B96985891DFA0804865C9ED562384DED56280B3B8E8176857B000000000000000000000000000000000000000000000000000000000000000000000000000000000000000000000000000000000000000000000000000000000000000000000000000000000000000000000000000000000000000000000000000000000000000000000000000000000000000000000000000000000000000000000000000000000000000000000000000
18:15:00[RX]TLR000
18:15:00[TX]TLR6130161120227A00000049402001030000176BE300EA002D9720E759152B2E843D0FB1F3BA2535B1CA3AA29131571D56AB4676ECEA552C31EA85257B4B6B146D6F9505311EA14B88F4034669A3E674B7C9D2E6D47C62CA65EB7709D287AF9E2E20AB5D0CBD73C56A55990EABFD871D79A3C20BD710C0FB005FABAE6503D5DB19B6747CFDEFDF739E4C217F1959DB97FD8501C7A5BDB71D8FC506BDBABB83ACF33F44F8D8B9CD72F50BE0FBB1B141927BF4C0618F93EC1A48B2583ADF1B01EAD23FD3900000000000000000000000000000000000000000000000000000000000000000000000000000000000000000000000000000000000000000000000000000000000000000000000000000000000000000000000000000000000000000000000000000000000000000000000000000000000
18:15:00[RX]TLR000
18:15:00[TX]TLR6130161120228A00000049403001030000248DAF1A9708C22EBACE93B1067D0DDE5AF1948DA0D9785D7AB7A04B0FBA4089B96A2616C3A7AB3D9A97032EC12218B70576E54506B922DD373E37A47BD5FB72B9D10C5DD450DB6C92454672F20AAA1C8F0AC7B9ABC71D8A1E9D0DB7B4EDD7C01AD3479EAD0A2389B86B95B186A54F6CE1E463701FE675A2CB9639A03FA271812A2552C886D0A7CD9B3D8269AD63E61C98407E914C7FA5B85E952C1F9C3BDF6E1841F3015FD8D76D0463631C8B058D1A765AD6E25210F6BD8ACB70F5A3A262DEC513A07903A86704B6F44F4E28C850AC8F1DB0E29BF57FB68729E67FAAA453B46C484E5490B027965BC0DE6B538F8B0E261BEFD1BA89C06AB5100000000000000000000000000000000000000000000000000000000000000000000000000000000000
18:15:01[RX]TLR000
18:15:01[TX]TLR6130161120229A00000045914003010001176E5F5BCE3C76E567E5DC9375BC7250D1CD4E0C30070F5DFDDA23AA614649281395D88F43770B8F3529D29C908EEB35A182AB7FA3D9289ACAA7E2569BD23E18B9D61C8B74D1345A86027F18392366B1A2D76C6289D2B4AA424D12DFD28C2E23FFD1847A99C4F4CBAD0D7D64AD6DF9118D8D863F32280CC44A000633AD0AB612251C9CE343582E62BEB2A56947275BAE58741862A6486F7F97279FBA698373EBD4E13F5F7F0EBB35AD3F9736F3C085F55CD00000000000000000000000000000000000000000000000000000000000000000000000000000000000000000000000000000000000000000000000000000000000000000000000000000000000000000000000000000000000000000000000000000000000000000000000000000000000
18:15:01[RX]TLR000
18:15:01[TX]TLR6130161120230A00000065301001030000176D262CF2ECE04368CF9C3DB73C51885A872C1F2344D4331C3ADD64456CC1EAA92B44FA460227DA9C1A26B62AC7C9581E79F21A3DB5B1D73A55A7D36B3392AD81BECA34036F994F7FAC73478338D553E7686A8C7DB8F26BFAE78C5D9DB073C78F2057958C40EC68E8C18C80017C0232D55618BE34F95A12EE6F202896C963B2394BF4D2971890805FC6D9497166F9AC82905EB4FC15BF09BBA54D67047370C28E6BFAE5FD6A3642838310075B44401034F00000000000000000000000000000000000000000000000000000000000000000000000000000000000000000000000000000000000000000000000000000000000000000000000000000000000000000000000000000000000000000000000000000000000000000000000000000000000
18:15:01[RX]TLR000
18:15:01[TX]TLR6130161120231A00000065302001030000248F5E31AA88D51BF9B4479B9330D7DC5D1889FADEA8BEAE672EB05A6F730B2D04999E52916ADDDCF8A19C2450B0260222071D2870DA6F783031C234B8BC41D534059FE686190C4108D347C36170E492187A92F698B5DB59C5A32C004C8706D1D16CB22116F52DD2F966FC47FC36C00F07B68DE2B8EF02EDF84DFB0006DE6990D7EF67756C1F07785170D37E82A358D95D83E0C7F414D03AE1E76DD357C68E82968158632059BCE340B117E1D69EBB857430A20BCE2EDB4F6D7A5468EA0D4AA1377B565645365CB4B6CB72E0D4AF86CFB34F0AD18380833302C103E53D256D5402950B53245EA402FEB8B557AD00FD7412016EDD33A165E449B00000000000000000000000000000000000000000000000000000000000000000000000000000000000
18:15:01[RX]TLR000
18:15:01[TX]TLE
18:15:02[RX]TLE000
18:15:03[TX <CMD> GIX]
18:15:03[[BLK1] 006:]
18:15:03[[T] 0x0001 ]
18:15:03[[L] 0002 ]
18:15:03[[V] 902]
18:15:03[RX <CMD> GIX <RES> 000]
18:15:03[[BLK1] 014:]
18:15:03[[T] 0x9302 ]
18:15:03[[L] 000A ]
18:15:03[[V] B5C1C470C4]
18:15:03[TX <CMD> GCX]
18:15:03[[BLK1] 063:]
18:15:03[[T] 0x0010 ]
18:15:03[[L] 0002 ]
18:15:03[[V] 02]
18:15:03[[T] 0x0011 ]
18:15:03[[L] 0002 ]
18:15:03[[V] 02]
18:15:03[[T] 0x0013 ]
18:15:03[[L] 000C ]
18:15:03[[V] 000000000000]
18:15:03[[T] 0x0015 ]
18:15:03[[L] 0006 ]
18:15:03[[V] 191113]
18:15:03[[T] 0x0016 ]
18:15:03[[L] 0006 ]
18:15:03[[V] 181451]
18:15:03[[T] 0x0017 ]
18:15:03[[L] 0005 ]
18:15:03[[V] 10000]
18:15:03[[T] 0x0004 ]
18:15:03[[L] 0002 ]
18:15:03[[V] 530]
18:15:14[RX]NTM000032SELECIONADO:    DEBITO          
18:15:16[RX <CMD> GCX <RES> 000]
18:15:16[[BLK1] 129:]
18:15:16[[T] 0x804F ]
18:15:16[[L] 0002 ]
18:15:16[[V] 03]
18:15:16[[T] 0x8051 ]
18:15:16[[L] 0006 ]
18:15:16[[V] 020502]
18:15:16[[T] 0x8052 ]
18:15:16[[L] 0010 ]
18:15:16[[V] ****************]
18:15:16[[T] 0x8042 ]
18:15:16[[L] 0018 ]
18:15:16[[V] ************************]
18:15:16[[T] 0x8053 ]
18:15:16[[L] 0002 ]
18:15:16[[V] 00]
18:15:16[[T] 0x8055 ]
18:15:16[[L] 0013 ]
18:15:16[[V] CARLOS ALBERTO LIVI]
18:15:16[[T] 0x805B ]
18:15:16[[L] 0006 ]
18:15:16[[V] DEBITO]
18:15:16[[T] 0x805C ]
18:15:16[[L] 0003 ]
18:15:16[[V] 076]
18:15:16[[T] 0x805D ]
18:15:16[[L] 0006 ]
18:15:16[[V] 150630]
18:15:16[[T] 0x8054 ]
18:15:16[[L] 0005 ]
18:15:16[[V] 530006]
18:15:16[TX <CMD> GTK]
18:15:16[[BLK1] 008:]
18:15:16[[T] 0x0007 ]
18:15:16[[L] 0004 ]
18:15:16[[V] 1010]
18:15:16[RX <CMD> GTK <RES> 000]
18:15:16[[BLK1] 035:]
18:15:16[[T] 0x804A ]
18:15:16[[L] 0008 ]
18:15:16[[V] ********]
18:15:16[[T] 0x8045 ]
18:15:16[[L] 0013 ]
18:15:16[[V] *******************]
18:15:16[TX]DSP032 PROCESSANDO...                 
18:15:16[RX]DSP000
18:15:16[TX]DSP032 PROCESSANDO...                 
18:15:17[RX]DSP000
18:15:34[TX <CMD> EBX]
18:15:34[[BLK1] 044:]
18:15:34[[T] 0x000F ]
18:15:34[[L] 0008 ]
18:15:34[[V] ********]
18:15:34[[T] 0x0003 ]
18:15:34[[L] 0002 ]
18:15:34[[V] 10]
18:15:34[[T] 0x0009 ]
18:15:34[[L] 0002 ]
18:15:34[[V] 02]
18:15:34[[T] 0x000A ]
18:15:34[[L] 0010 ]
18:15:34[[V] CD53B10856059821A]
18:15:34[RX <CMD> EBX <RES> 000]
18:15:34[[BLK1] 012:]
18:15:34[[T] 0x804E ]
18:15:34[[L] 0008 ]
18:15:34[[V] ********]
18:15:34[TX <CMD> GOX]
18:15:34[[BLK1] 109:]
18:15:34[[T] 0x0010 ]
18:15:34[[L] 0002 ]
18:15:34[[V] 02]
18:15:34[[T] 0x0013 ]
18:15:34[[L] 000C ]
18:15:34[[V] 000000001600]
18:15:34[[T] 0x0018 ]
18:15:34[[L] 0005 ]
18:15:34[[V] 00000]
18:15:34[[T] 0x0002 ]
18:15:34[[L] 0001 ]
18:15:34[[V] 3]
18:15:34[[T] 0x0009 ]
18:15:34[[L] 0002 ]
18:15:34[[V] 02]
18:15:34[[T] 0x000C ]
18:15:34[[L] 0001 ]
18:15:34[[V] 30]
18:15:34[[T] 0x001A ]
18:15:34[[L] 000A ]
18:15:34[[V] 00000000000]
18:15:34[[T] 0x0004 ]
18:15:34[[L] 002C ]
18:15:34[[V] 929291939399990528919093939053969053890968917]
18:15:35[RX]NTM000032SOLICITE A SENHA                
18:15:41[RX <CMD> GOX <RES> 000]
18:15:41[[BLK1] 183:]
18:15:41[[T] 0x8056 ]
18:15:41[[L] 0006 ]
18:15:41[[V] 202000]
18:15:41[[T] 0x8057 ]
18:15:41[[L] 0008 ]
18:15:41[[V] 7E84D6A2D]
18:15:41[[T] 0x804C ]
18:15:41[[L] 000A ]
18:15:41[[V] FFF0156E008]
18:15:41[[T] 0x8054 ]
18:15:41[[L] 008F ]
18:15:41[[V] 920771FC42492089100000AB0930BE499300590440809011190090000001052008805091007900000000930000930EFC900A0000215300530081000000000040100010900F880500]
18:15:41[TX]DSP032 PROCESSANDO...                 
18:15:41[RX]DSP000
18:15:42[TX <CMD> EBX]
18:15:42[[BLK1] 044:]
18:15:42[[T] 0x000F ]
18:15:42[[L] 0008 ]
18:15:42[[V] ********]
18:15:42[[T] 0x0003 ]
18:15:42[[L] 0002 ]
18:15:42[[V] 10]
18:15:42[[T] 0x0009 ]
18:15:42[[L] 0002 ]
18:15:42[[V] 02]
18:15:42[[T] 0x000A ]
18:15:42[[L] 0010 ]
18:15:42[[V] CD53B10856059821A]
18:15:42[RX <CMD> EBX <RES> 000]
18:15:42[[BLK1] 012:]
18:15:42[[T] 0x804E ]
18:15:42[[L] 0008 ]
18:15:42[[V] ********]
18:15:43[TX <CMD> FCX]
18:15:43[[BLK1] 050:]
18:15:43[[T] 0x0019 ]
18:15:43[[L] 0004 ]
18:15:43[[V] 0000]
18:15:43[[T] 0x001C ]
18:15:43[[L] 0002 ]
18:15:43[[V] 00]
18:15:43[[T] 0x0004 ]
18:15:43[[L] 0020 ]
18:15:43[[V] 92929193939999052891909393905396E]
18:15:44[RX <CMD> FCX <RES> 000]
18:15:44[[BLK1] 121:]
18:15:44[[T] 0x8058 ]
18:15:44[[L] 0003 ]
18:15:44[[V] 000]
18:15:44[[T] 0x8054 ]
18:15:44[[L] 006E ]
18:15:44[[V] 92000FF5485920491000006B0930BE499300590440809011190090000001052008805091007900000000930000930EFC900A00002153000]
18:15:44[TX]RMC032  TRANSACAO OK                  
18:15:47[RX]RMC000
18:15:49[TX <CMD> GIX]
18:15:49[[BLK1] 018:]
18:15:49[[T] 0x0001 ]
18:15:49[[L] 000E ]
18:15:49[[V] 808080808080801]
18:15:49[RX <CMD> GIX <RES> 000]
18:15:49[[BLK1] 113:]
18:15:49[[T] 0x8004 ]
18:15:49[[L] 0006 ]
18:15:49[[V] GERTEC]
18:15:49[[T] 0x8003 ]
18:15:49[[L] 000D ]
18:15:49[[V] PPC-930;192MB]
18:15:49[[T] 0x8005 ]
18:15:49[[L] 000A ]
18:15:49[[V] 1200000000]
18:15:49[[T] 0x8006 ]
18:15:49[[L] 0014 ]
18:15:49[[V] 1202.11403.VR0012  @]
18:15:49[[T] 0x8007 ]
18:15:49[[L] 0004 ]
18:15:49[[V] 2.03]
18:15:49[[T] 0x8008 ]
18:15:49[[L] 0010 ]
18:15:49[[V] 001.12 160914   ]
18:15:49[[T] 0x8001 ]
18:15:49[[L] 0010 ]
18:15:49[[V] 7200031906045572]
18:15:49[TX <CMD> GIX]
18:15:49[[BLK1] 018:]
18:15:49[[T] 0x0001 ]
18:15:49[[L] 000E ]
18:15:49[[V] 808080808080801]
18:15:49[RX <CMD> GIX <RES> 000]
18:15:49[[BLK1] 113:]
18:15:49[[T] 0x8004 ]
18:15:49[[L] 0006 ]
18:15:49[[V] GERTEC]
18:15:49[[T] 0x8003 ]
18:15:49[[L] 000D ]
18:15:49[[V] PPC-930;192MB]
18:15:49[[T] 0x8005 ]
18:15:49[[L] 000A ]
18:15:49[[V] 1200000000]
18:15:49[[T] 0x8006 ]
18:15:49[[L] 0014 ]
18:15:49[[V] 1202.11403.VR0012  @]
18:15:49[[T] 0x8007 ]
18:15:49[[L] 0004 ]
18:15:49[[V] 2.03]
18:15:49[[T] 0x8008 ]
18:15:49[[L] 0010 ]
18:15:49[[V] 001.12 160914   ]
18:15:49[[T] 0x8001 ]
18:15:49[[L] 0010 ]
18:15:49[[V] 7200031906045572]
18:15:53[TX <CMD> GIX]
18:15:53[[BLK1] 018:]
18:15:53[[T] 0x0001 ]
18:15:53[[L] 000E ]
18:15:53[[V] 808080808080801]
18:15:53[RX <CMD> GIX <RES> 000]
18:15:53[[BLK1] 113:]
18:15:53[[T] 0x8004 ]
18:15:53[[L] 0006 ]
18:15:53[[V] GERTEC]
18:15:53[[T] 0x8003 ]
18:15:53[[L] 000D ]
18:15:53[[V] PPC-930;192MB]
18:15:53[[T] 0x8005 ]
18:15:53[[L] 000A ]
18:15:53[[V] 1200000000]
18:15:53[[T] 0x8006 ]
18:15:53[[L] 0014 ]
18:15:53[[V] 1202.11403.VR0012  @]
18:15:53[[T] 0x8007 ]
18:15:53[[L] 0004 ]
18:15:53[[V] 2.03]
18:15:53[[T] 0x8008 ]
18:15:53[[L] 0010 ]
18:15:53[[V] 001.12 160914   ]
18:15:53[[T] 0x8001 ]
18:15:53[[L] 0010 ]
18:15:53[[V] 7200031906045572]
18:15:54[TX]{18}
18:15:54[RX]{04}
18:15:54[TX]CLO032** Pay&Go Web ** (c) 2019 SETIS 
18:15:54[RX]{16}
18:15:54[RX]CLO000{17}
18:16:28[TX]{18}
18:16:28[RX]{04}
18:16:28[TX]OPN5230256951B2614256D148E586C384E56395183C13CA15CF1F68A4ECE80E7AC1AAE3335AF804C2D5B7627554E421CFBF38FEFB637DBA275AF5FD58497FF3DECDF95F79F9D7EC6D687FFC6DECE983E52D7E64EB5FE126AE3A1D375B40DCB7881D7ECFBA6EC1A08A7437B1DA60CB9119533E794BC38FA4FDDD122218729389003E422110000711CE6C69081788B3BD2AF18D2E7C37A76300AC3FB23E4107DA72FBC718FDB37291F183C20FA97616A41D4D6591D28EE81C5C8EB89B4936309DE912A8F96ED0E075121E2406BBD9EE2C0AC6BF323D1D5001CF2BD9E56B72FD306E341F99B786697E4794C91FE2AD33EE68E689D917313615D985253EFAC2C968FA46FDDB86B30103E9
18:16:29[RX]OPN0005152563CDDADF06A4A2DEC5B0F9774C8249A3738637DC75D282E2284CD722EAB9D860F3E22B625BE4164378C8AC406F26BD92277C37F86CA1EB5BD620EB840C39D27EC8CEFEBF96D988ABD33436BE41366D36134E092B3D6F63AA4FCF872CCA69D1DE5691AA28FDB9757EB95565FF8C3749B4E4345E96D982C84FA661BE762C9FAF0A8CBD559A536D7C017B2F5C40013B6D1E765CD70991F7046C756C55D93AE908CA7541A242F0AF3C76D7164A8AAB8A7FF80C7FE739A53CE8E8F9BEE5B83425308666A828A72AAAFB5D3DC2AF58004C3FCEB51117AE2AD6CC6226AE165A825D07156BACF7FF37B0948615BBD64906232DB9BFE40DA9BCD09E4951F3F8C73C097CF5A
18:16:29[TX <CMD> GIX]
18:16:29[[BLK1] 018:]
18:16:29[[T] 0x0001 ]
18:16:29[[L] 000E ]
18:16:29[[V] 808080808080801]
18:16:29[RX <CMD> GIX <RES> 000]
18:16:29[[BLK1] 113:]
18:16:29[[T] 0x8004 ]
18:16:29[[L] 0006 ]
18:16:29[[V] GERTEC]
18:16:29[[T] 0x8003 ]
18:16:29[[L] 000D ]
18:16:29[[V] PPC-930;192MB]
18:16:29[[T] 0x8005 ]
18:16:29[[L] 000A ]
18:16:29[[V] 1200000000]
18:16:29[[T] 0x8006 ]
18:16:29[[L] 0014 ]
18:16:29[[V] 1202.11403.VR0012  @]
18:16:29[[T] 0x8007 ]
18:16:29[[L] 0004 ]
18:16:29[[V] 2.03]
18:16:29[[T] 0x8008 ]
18:16:29[[L] 0010 ]
18:16:29[[V] 001.12 160914   ]
18:16:29[[T] 0x8001 ]
18:16:29[[L] 0010 ]
18:16:29[[V] 7200031906045572]
18:19:10[TX]RMC032    TRANSACAO       CANCELADA   
18:19:12[RX]RMC000
18:19:12[TX]{18}
18:19:12[RX]{04}
18:19:12[TX]CLO032** Pay&Go Web ** (c) 2019 SETIS 
18:19:12[RX]{16}
18:19:12[RX]CLO000{17}
18:19:37[TX]{18}
18:19:37[RX]{04}
18:19:37[TX]OPN5230256951B2614256D148E586C384E56395183C13CA15CF1F68A4ECE80E7AC1AAE3335AF804C2D5B7627554E421CFBF38FEFB637DBA275AF5FD58497FF3DECDF95F79F9D7EC6D687FFC6DECE983E52D7E64EB5FE126AE3A1D375B40DCB7881D7ECFBA6EC1A08A7437B1DA60CB9119533E794BC38FA4FDDD122218729389003E422110000711CE6C69081788B3BD2AF18D2E7C37A76300AC3FB23E4107DA72FBC718FDB37291F183C20FA97616A41D4D6591D28EE81C5C8EB89B4936309DE912A8F96ED0E075121E2406BBD9EE2C0AC6BF323D1D5001CF2BD9E56B72FD306E341F99B786697E4794C91FE2AD33EE68E689D917313615D985253EFAC2C968FA46FDDB86B30103E9
18:19:37[RX]OPN0005152568F478CECEC0E2FE2EBC5F7A07EC3F0EFA019F1EE265A697871CB0880B668C3B7FAC83172FFE4B09AA8151D900F731319C02A87FC603EC51E4805977A4412B11F0E3C66A12E4EE5A5497C29353A6BC7884A7EBAD105519C4E2ACEFAB9A33B48DF9D487B8A268E6DC27E82C783EF128762E5F55649C8E4B613ABFC9EA1CF0DDF8195856D1D1596121D6D2A255BA6D30B870835A8D1644E53016D9B8095FF3E9D4A502AD9D908A34D7AACED540512DDAB58D62BC9DDCB1FFA6C96514EBD618E10D3F7E30E1742C404F043A74836B0146BBA619B6B52DC406F5E88382B326719A69B9431AF0E56707AB70153E34CF983929AB1F44C6530926BBF711A349B0290DC49
18:19:37[TX <CMD> GIX]
18:19:37[[BLK1] 018:]
18:19:37[[T] 0x0001 ]
18:19:37[[L] 000E ]
18:19:37[[V] 808080808080801]
18:19:37[RX <CMD> GIX <RES> 000]
18:19:37[[BLK1] 113:]
18:19:37[[T] 0x8004 ]
18:19:37[[L] 0006 ]
18:19:37[[V] GERTEC]
18:19:37[[T] 0x8003 ]
18:19:37[[L] 000D ]
18:19:37[[V] PPC-930;192MB]
18:19:37[[T] 0x8005 ]
18:19:37[[L] 000A ]
18:19:37[[V] 1200000000]
18:19:37[[T] 0x8006 ]
18:19:37[[L] 0014 ]
18:19:37[[V] 1202.11403.VR0012  @]
18:19:37[[T] 0x8007 ]
18:19:37[[L] 0004 ]
18:19:37[[V] 2.03]
18:19:37[[T] 0x8008 ]
18:19:37[[L] 0010 ]
18:19:37[[V] 001.12 160914   ]
18:19:37[[T] 0x8001 ]
18:19:37[[L] 0010 ]
18:19:37[[V] 7200031906045572]
18:19:37[TX <CMD> GIX]
18:19:37[[BLK1] 018:]
18:19:37[[T] 0x0001 ]
18:19:37[[L] 000E ]
18:19:37[[V] 808080808080801]
18:19:37[RX <CMD> GIX <RES> 000]
18:19:37[[BLK1] 113:]
18:19:37[[T] 0x8004 ]
18:19:37[[L] 0006 ]
18:19:37[[V] GERTEC]
18:19:37[[T] 0x8003 ]
18:19:37[[L] 000D ]
18:19:37[[V] PPC-930;192MB]
18:19:37[[T] 0x8005 ]
18:19:37[[L] 000A ]
18:19:37[[V] 1200000000]
18:19:37[[T] 0x8006 ]
18:19:37[[L] 0014 ]
18:19:37[[V] 1202.11403.VR0012  @]
18:19:37[[T] 0x8007 ]
18:19:37[[L] 0004 ]
18:19:37[[V] 2.03]
18:19:37[[T] 0x8008 ]
18:19:37[[L] 0010 ]
18:19:37[[V] 001.12 160914   ]
18:19:37[[T] 0x8001 ]
18:19:37[[L] 0010 ]
18:19:37[[V] 7200031906045572]
18:30:21[TX]{18}
18:30:21[RX]{04}
18:30:21[TX]CLO032** Pay&Go Web ** (c) 2019 SETIS 
18:30:21[RX]{16}
18:30:21[RX]CLO000{17}
18:49:10[TX]{18}
18:49:10[RX]{04}
18:49:10[TX]OPN5230256951B2614256D148E586C384E56395183C13CA15CF1F68A4ECE80E7AC1AAE3335AF804C2D5B7627554E421CFBF38FEFB637DBA275AF5FD58497FF3DECDF95F79F9D7EC6D687FFC6DECE983E52D7E64EB5FE126AE3A1D375B40DCB7881D7ECFBA6EC1A08A7437B1DA60CB9119533E794BC38FA4FDDD122218729389003E422110000711CE6C69081788B3BD2AF18D2E7C37A76300AC3FB23E4107DA72FBC718FDB37291F183C20FA97616A41D4D6591D28EE81C5C8EB89B4936309DE912A8F96ED0E075121E2406BBD9EE2C0AC6BF323D1D5001CF2BD9E56B72FD306E341F99B786697E4794C91FE2AD33EE68E689D917313615D985253EFAC2C968FA46FDDB86B30103E9
18:49:10[RX]OPN0005152568DB779B031D51306A4504683CFF24B1351C218DABF1C12EFB092B52C556604C2788DE259DD8A9300EB140D0FC2A205467A7BF8262C9C85E6F1F166ED011C5631F3D06918EAC2DAC6564E45AB05B9A6115019832AFC29986621967E8BBD0EB51AE1E482A96BF42AD86B9FCD0CBCC3BC9841B75D2CBB929171E91394DF2819A40B65A96BE0A9D30AE6C3D113CD7AF5832A96F39BC6296629FD525113F5DEC2DAEAC32E186C548387BE608E3EFC303997F2F77705A6E2371D95933A33C78742CF67E4C6670538E5B0D3579877FD4E93CEF7321618ADCB8D78DAE36DD689003782818F6C97E54D889EE01618C38F12378D7AFE81A58255825D816AC9ADB5BBED2AAB
18:49:10[TX]{18}
18:49:10[RX]{04}
18:49:10[TX]CLO032** Pay&Go Web ** (c) 2019 SETIS 
18:49:10[RX]{16}
18:49:10[RX]CLO000{17}
18:49:11[TX]{18}
18:49:11[RX]{04}
18:49:11[TX]OPN5230256951B2614256D148E586C384E56395183C13CA15CF1F68A4ECE80E7AC1AAE3335AF804C2D5B7627554E421CFBF38FEFB637DBA275AF5FD58497FF3DECDF95F79F9D7EC6D687FFC6DECE983E52D7E64EB5FE126AE3A1D375B40DCB7881D7ECFBA6EC1A08A7437B1DA60CB9119533E794BC38FA4FDDD122218729389003E422110000711CE6C69081788B3BD2AF18D2E7C37A76300AC3FB23E4107DA72FBC718FDB37291F183C20FA97616A41D4D6591D28EE81C5C8EB89B4936309DE912A8F96ED0E075121E2406BBD9EE2C0AC6BF323D1D5001CF2BD9E56B72FD306E341F99B786697E4794C91FE2AD33EE68E689D917313615D985253EFAC2C968FA46FDDB86B30103E9
18:49:11[RX]OPN0005152566D30CD7058C6B39880E921A9930F24070D4226CCB1F0DD9F51687B9923579F673AE0AAD65F21CF359746CF0FE49D79177D7627F6E3EB8C66C6E64C6ED399CF6F659BEDA9AA3146CA343C87D357D59A2DF6A551AAC8CE30240267D719B4A6E14F88028E69D6BE5A66D0700DDDA05B9C4E96F4FFE1F08DFA4B142F12F63062B87966D1545516CEDB699D463F60603EE72478ACE89669F9A3813D58BB1D50A0A3AC3539021778B4EA6B52DCAEF5214C8925EDBD546B40C865715179CBB68A518269C0910FE268C7A6184721D3DFAFF47562235E282F3315E595E86F0AA0F9404A1D28E9FA950EACC4ABF787957BE35F6DB45401A9EDC7FCBBA9984E9310F0D4924B
18:49:11[TX <CMD> GIX]
18:49:11[[BLK1] 018:]
18:49:11[[T] 0x0001 ]
18:49:11[[L] 000E ]
18:49:11[[V] 808080808080801]
18:49:11[RX <CMD> GIX <RES> 000]
18:49:11[[BLK1] 113:]
18:49:11[[T] 0x8004 ]
18:49:11[[L] 0006 ]
18:49:11[[V] GERTEC]
18:49:11[[T] 0x8003 ]
18:49:11[[L] 000D ]
18:49:11[[V] PPC-930;192MB]
18:49:11[[T] 0x8005 ]
18:49:11[[L] 000A ]
18:49:11[[V] 1200000000]
18:49:11[[T] 0x8006 ]
18:49:11[[L] 0014 ]
18:49:11[[V] 1202.11403.VR0012  @]
18:49:11[[T] 0x8007 ]
18:49:11[[L] 0004 ]
18:49:11[[V] 2.03]
18:49:11[[T] 0x8008 ]
18:49:11[[L] 0010 ]
18:49:11[[V] 001.12 160914   ]
18:49:11[[T] 0x8001 ]
18:49:11[[L] 0010 ]
18:49:11[[V] 7200031906045572]
18:49:20[TX <CMD> GIX]
18:49:20[[BLK1] 018:]
18:49:20[[T] 0x0001 ]
18:49:20[[L] 000E ]
18:49:20[[V] 808080808080801]
18:49:20[RX <CMD> GIX <RES> 000]
18:49:20[[BLK1] 113:]
18:49:20[[T] 0x8004 ]
18:49:20[[L] 0006 ]
18:49:20[[V] GERTEC]
18:49:20[[T] 0x8003 ]
18:49:20[[L] 000D ]
18:49:20[[V] PPC-930;192MB]
18:49:20[[T] 0x8005 ]
18:49:20[[L] 000A ]
18:49:20[[V] 1200000000]
18:49:20[[T] 0x8006 ]
18:49:20[[L] 0014 ]
18:49:20[[V] 1202.11403.VR0012  @]
18:49:20[[T] 0x8007 ]
18:49:20[[L] 0004 ]
18:49:20[[V] 2.03]
18:49:20[[T] 0x8008 ]
18:49:20[[L] 0010 ]
18:49:20[[V] 001.12 160914   ]
18:49:20[[T] 0x8001 ]
18:49:20[[L] 0010 ]
18:49:20[[V] 7200031906045572]
18:50:04[TX]RMC032    TRANSACAO       CANCELADA   
18:50:06[RX]RMC000
18:50:06[TX]{18}
18:50:06[RX]{04}
18:50:06[TX]CLO032** Pay&Go Web ** (c) 2019 SETIS 
18:50:06[RX]{16}
18:50:06[RX]CLO000{17}
