17:29:00[TX]{18}
17:29:00[RX]{04}
17:29:00[TX]OPN5230256951B2614256D148E586C384E56395183C13CA15CF1F68A4ECE80E7AC1AAE3335AF804C2D5B7627554E421CFBF38FEFB637DBA275AF5FD58497FF3DECDF95F79F9D7EC6D687FFC6DECE983E52D7E64EB5FE126AE3A1D375B40DCB7881D7ECFBA6EC1A08A7437B1DA60CB9119533E794BC38FA4FDDD122218729389003E422110000711CE6C69081788B3BD2AF18D2E7C37A76300AC3FB23E4107DA72FBC718FDB37291F183C20FA97616A41D4D6591D28EE81C5C8EB89B4936309DE912A8F96ED0E075121E2406BBD9EE2C0AC6BF323D1D5001CF2BD9E56B72FD306E341F99B786697E4794C91FE2AD33EE68E689D917313615D985253EFAC2C968FA46FDDB86B30103E9
17:29:00[RX]OPN0005152566618106D5E46F244EBC06618277CBDC6DFF1DAEBE6921F4FF20EE0B5378EA9FF08D06A71B5B7EBF93C10E0059B6A8515E3E36EFF742B84E35D9DFA943BA90FE1AAC0535E434307B2AEBA64F30077BC012DDA11FE96D1AA7E002AE39D7CECF56D27F8048F4256442F50DEF903CD3DA7CE1DFCBCCF267A20DA52ED87D475100219A21A892A5C121B628F6D6FBECF70124AF6B53322494D0D02C3910BE56D4A120735BFBC00343B0856BD549F9BD18B64F6D26CC2B83532E1B2B35DBD7F6AE7729B2DE5CD99C292AC066988AC65BE96BD737669F9630BE43B8D3B094832CF5A6602CDB6830CF891BE7D8B6B2355A413EAD4BCFD1F8858A1E32294C1DD66AA3E61A5
17:29:00[TX <CMD> GIX]
17:29:00[[BLK1] 008:]
17:29:00[[T] 0x0001 ]
17:29:00[[L] 0004 ]
17:29:00[[V] 80807]
17:29:00[RX <CMD> GIX <RES> 000]
17:29:00[[BLK1] 028:]
17:29:00[[T] 0x8009 ]
17:29:00[[L] 0010 ]
17:29:00[[V] 001.12 160914   ]
17:29:00[[T] 0x8007 ]
17:29:00[[L] 0004 ]
17:29:00[[V] 2.03]
17:29:00[TX <CMD> GIX]
17:29:00[[BLK1] 010:]
17:29:00[[T] 0x0001 ]
17:29:00[[L] 0006 ]
17:29:00[[V] 8180807]
17:29:00[RX <CMD> GIX <RES> 000]
17:29:00[[BLK1] 036:]
17:29:00[[T] 0x8010 ]
17:29:00[[L] 0004 ]
17:29:00[[V] 1.15]
17:29:00[[T] 0x8009 ]
17:29:00[[L] 0010 ]
17:29:00[[V] 001.12 160914   ]
17:29:00[[T] 0x8007 ]
17:29:00[[L] 0004 ]
17:29:00[[V] 2.03]
17:29:00[TX <CMD> GIX]
17:29:00[[BLK1] 018:]
17:29:00[[T] 0x0001 ]
17:29:00[[L] 000E ]
17:29:00[[V] 818181818080835]
17:29:00[RX <CMD> GIX <RES> 000]
17:29:00[[BLK1] 166:]
17:29:00[[T] 0x8010 ]
17:29:00[[L] 0004 ]
17:29:00[[V] 1.15]
17:29:00[[T] 0x8011 ]
17:29:00[[L] 0004 ]
17:29:00[[V] 0010]
17:29:00[[T] 0x8012 ]
17:29:00[[L] 0005 ]
17:29:00[[V] 3.0.0]
17:29:00[[T] 0x8013 ]
17:29:00[[L] 0005 ]
17:29:00[[V] 1.0.0]
17:29:00[[T] 0x8009 ]
17:29:00[[L] 0010 ]
17:29:00[[V] 001.12 160914   ]
17:29:00[[T] 0x8007 ]
17:29:00[[L] 0004 ]
17:29:00[[V] 2.03]
17:29:00[[T] 0x8035 ]
17:29:00[[L] 0064 ]
17:29:00[[V] 0111000010100010111111110000000000000000000000000000000000000000000000000000000000000000000000000000]
17:29:00[TX <CMD> GIX]
17:29:00[[BLK1] 008:]
17:29:00[[T] 0x0001 ]
17:29:00[[L] 0004 ]
17:29:00[[V] 80807]
17:29:01[RX <CMD> GIX <RES> 000]
17:29:01[[BLK1] 028:]
17:29:01[[T] 0x8009 ]
17:29:01[[L] 0010 ]
17:29:01[[V] 001.12 160914   ]
17:29:01[[T] 0x8007 ]
17:29:01[[L] 0004 ]
17:29:01[[V] 2.03]
17:29:01[TX <CMD> GIX]
17:29:01[[BLK1] 008:]
17:29:01[[T] 0x0001 ]
17:29:01[[L] 0004 ]
17:29:01[[V] 80807]
17:29:01[RX <CMD> GIX <RES> 000]
17:29:01[[BLK1] 028:]
17:29:01[[T] 0x8009 ]
17:29:01[[L] 0010 ]
17:29:01[[V] 001.12 160914   ]
17:29:01[[T] 0x8007 ]
17:29:01[[L] 0004 ]
17:29:01[[V] 2.03]
17:29:01[TX <CMD> GIX]
17:29:01[[BLK1] 008:]
17:29:01[[T] 0x0001 ]
17:29:01[[L] 0004 ]
17:29:01[[V] 80807]
17:29:01[RX <CMD> GIX <RES> 000]
17:29:01[[BLK1] 028:]
17:29:01[[T] 0x8009 ]
17:29:01[[L] 0010 ]
17:29:01[[V] 001.12 160914   ]
17:29:01[[T] 0x8007 ]
17:29:01[[L] 0004 ]
17:29:01[[V] 2.03]
17:29:01[TX <CMD> GIX]
17:29:01[[BLK1] 008:]
17:29:01[[T] 0x0001 ]
17:29:01[[L] 0004 ]
17:29:01[[V] 80807]
17:29:01[RX <CMD> GIX <RES> 000]
17:29:01[[BLK1] 028:]
17:29:01[[T] 0x8009 ]
17:29:01[[L] 0010 ]
17:29:01[[V] 001.12 160914   ]
17:29:01[[T] 0x8007 ]
17:29:01[[L] 0004 ]
17:29:01[[V] 2.03]
17:29:01[TX <CMD> GIX]
17:29:01[[BLK1] 008:]
17:29:01[[T] 0x0001 ]
17:29:01[[L] 0004 ]
17:29:01[[V] 80807]
17:29:01[RX <CMD> GIX <RES> 000]
17:29:01[[BLK1] 028:]
17:29:01[[T] 0x8009 ]
17:29:01[[L] 0010 ]
17:29:01[[V] 001.12 160914   ]
17:29:01[[T] 0x8007 ]
17:29:01[[L] 0004 ]
17:29:01[[V] 2.03]
17:29:01[TX <CMD> GIX]
17:29:01[[BLK1] 008:]
17:29:01[[T] 0x0001 ]
17:29:01[[L] 0004 ]
17:29:01[[V] 80807]
17:29:01[RX <CMD> GIX <RES> 000]
17:29:01[[BLK1] 028:]
17:29:01[[T] 0x8009 ]
17:29:01[[L] 0010 ]
17:29:01[[V] 001.12 160914   ]
17:29:01[[T] 0x8007 ]
17:29:01[[L] 0004 ]
17:29:01[[V] 2.03]
17:29:01[TX <CMD> GIX]
17:29:01[[BLK1] 006:]
17:29:01[[T] 0x0001 ]
17:29:01[[L] 0002 ]
17:29:01[[V] 900]
17:29:01[RX <CMD> GIX <RES> 000]
17:29:01[**erro[35] PPS_iAbecsGetTag 9000]
17:29:01[TX <CMD> GIX]
17:29:01[[BLK1] 006:]
17:29:01[[T] 0x0001 ]
17:29:01[[L] 0002 ]
17:29:01[[V] 901]
17:29:01[RX <CMD> GIX <RES> 000]
17:29:01[**erro[35] PPS_iAbecsGetTag 9001]
17:29:01[TX <CMD> GIX]
17:29:01[[BLK1] 006:]
17:29:01[[T] 0x0001 ]
17:29:01[[L] 0002 ]
17:29:01[[V] 902]
17:29:01[RX <CMD> GIX <RES> 000]
17:29:01[**erro[35] PPS_iAbecsGetTag 9002]
17:29:01[TX <CMD> GIX]
17:29:01[[BLK1] 006:]
17:29:01[[T] 0x0001 ]
17:29:01[[L] 0002 ]
17:29:01[[V] 903]
17:29:01[RX <CMD> GIX <RES> 000]
17:29:01[**erro[35] PPS_iAbecsGetTag 9003]
17:29:01[TX <CMD> GIX]
17:29:01[[BLK1] 006:]
17:29:01[[T] 0x0001 ]
17:29:01[[L] 0002 ]
17:29:01[[V] 904]
17:29:01[RX <CMD> GIX <RES> 000]
17:29:01[**erro[35] PPS_iAbecsGetTag 9004]
17:29:01[TX <CMD> GIX]
17:29:01[[BLK1] 006:]
17:29:01[[T] 0x0001 ]
17:29:01[[L] 0002 ]
17:29:01[[V] 905]
17:29:01[RX <CMD> GIX <RES> 000]
17:29:01[**erro[35] PPS_iAbecsGetTag 9005]
17:29:01[TX <CMD> GIX]
17:29:01[[BLK1] 006:]
17:29:01[[T] 0x0001 ]
17:29:01[[L] 0002 ]
17:29:01[[V] 906]
17:29:01[RX <CMD> GIX <RES> 000]
17:29:01[**erro[35] PPS_iAbecsGetTag 9006]
17:29:01[TX <CMD> GIX]
17:29:01[[BLK1] 006:]
17:29:01[[T] 0x0001 ]
17:29:01[[L] 0002 ]
17:29:01[[V] 907]
17:29:02[RX <CMD> GIX <RES> 000]
17:29:02[**erro[35] PPS_iAbecsGetTag 9007]
17:29:02[TX <CMD> GIX]
17:29:02[[BLK1] 006:]
17:29:02[[T] 0x0001 ]
17:29:02[[L] 0002 ]
17:29:02[[V] 908]
17:29:02[RX <CMD> GIX <RES> 000]
17:29:02[**erro[35] PPS_iAbecsGetTag 9008]
17:29:02[TX <CMD> GIX]
17:29:02[[BLK1] 006:]
17:29:02[[T] 0x0001 ]
17:29:02[[L] 0002 ]
17:29:02[[V] 909]
17:29:02[RX <CMD> GIX <RES> 000]
17:29:02[**erro[35] PPS_iAbecsGetTag 9009]
17:29:02[TX <CMD> GIX]
17:29:02[[BLK1] 006:]
17:29:02[[T] 0x0001 ]
17:29:02[[L] 0002 ]
17:29:02[[V] 90A]
17:29:02[RX <CMD> GIX <RES> 000]
17:29:02[**erro[35] PPS_iAbecsGetTag 900A]
17:29:02[TX <CMD> GIX]
17:29:02[[BLK1] 006:]
17:29:02[[T] 0x0001 ]
17:29:02[[L] 0002 ]
17:29:02[[V] 90B]
17:29:02[RX <CMD> GIX <RES> 000]
17:29:02[**erro[35] PPS_iAbecsGetTag 900B]
17:29:02[TX <CMD> GIX]
17:29:02[[BLK1] 006:]
17:29:02[[T] 0x0001 ]
17:29:02[[L] 0002 ]
17:29:02[[V] 90C]
17:29:02[RX <CMD> GIX <RES> 000]
17:29:02[**erro[35] PPS_iAbecsGetTag 900C]
17:29:02[TX <CMD> GIX]
17:29:02[[BLK1] 006:]
17:29:02[[T] 0x0001 ]
17:29:02[[L] 0002 ]
17:29:02[[V] 90D]
17:29:02[RX <CMD> GIX <RES> 000]
17:29:02[**erro[35] PPS_iAbecsGetTag 900D]
17:29:02[TX <CMD> GIX]
17:29:02[[BLK1] 006:]
17:29:02[[T] 0x0001 ]
17:29:02[[L] 0002 ]
17:29:02[[V] 90E]
17:29:02[RX <CMD> GIX <RES> 000]
17:29:02[**erro[35] PPS_iAbecsGetTag 900E]
17:29:02[TX <CMD> GIX]
17:29:02[[BLK1] 006:]
17:29:02[[T] 0x0001 ]
17:29:02[[L] 0002 ]
17:29:02[[V] 90F]
17:29:02[RX <CMD> GIX <RES> 000]
17:29:02[**erro[35] PPS_iAbecsGetTag 900F]
17:29:02[TX <CMD> GIX]
17:29:02[[BLK1] 006:]
17:29:02[[T] 0x0001 ]
17:29:02[[L] 0002 ]
17:29:02[[V] 910]
17:29:02[RX <CMD> GIX <RES> 000]
17:29:02[**erro[35] PPS_iAbecsGetTag 9010]
17:29:02[TX <CMD> GIX]
17:29:02[[BLK1] 006:]
17:29:02[[T] 0x0001 ]
17:29:02[[L] 0002 ]
17:29:02[[V] 911]
17:29:02[RX <CMD> GIX <RES> 000]
17:29:02[**erro[35] PPS_iAbecsGetTag 9011]
17:29:02[TX <CMD> GIX]
17:29:02[[BLK1] 006:]
17:29:02[[T] 0x0001 ]
17:29:02[[L] 0002 ]
17:29:02[[V] 912]
17:29:02[RX <CMD> GIX <RES> 000]
17:29:02[**erro[35] PPS_iAbecsGetTag 9012]
17:29:02[TX <CMD> GIX]
17:29:02[[BLK1] 006:]
17:29:02[[T] 0x0001 ]
17:29:02[[L] 0002 ]
17:29:02[[V] 913]
17:29:03[RX <CMD> GIX <RES> 000]
17:29:03[**erro[35] PPS_iAbecsGetTag 9013]
17:29:03[TX <CMD> GIX]
17:29:03[[BLK1] 006:]
17:29:03[[T] 0x0001 ]
17:29:03[[L] 0002 ]
17:29:03[[V] 914]
17:29:03[RX <CMD> GIX <RES> 000]
17:29:03[**erro[35] PPS_iAbecsGetTag 9014]
17:29:03[TX <CMD> GIX]
17:29:03[[BLK1] 006:]
17:29:03[[T] 0x0001 ]
17:29:03[[L] 0002 ]
17:29:03[[V] 900]
17:29:03[RX <CMD> GIX <RES> 000]
17:29:03[**erro[35] PPS_iAbecsGetTag 9100]
17:29:03[TX <CMD> GIX]
17:29:03[[BLK1] 006:]
17:29:03[[T] 0x0001 ]
17:29:03[[L] 0002 ]
17:29:03[[V] 901]
17:29:03[RX <CMD> GIX <RES> 000]
17:29:03[[BLK1] 014:]
17:29:03[[T] 0x9101 ]
17:29:03[[L] 000A ]
17:29:03[[V] FFF8140A001]
17:29:03[TX <CMD> GIX]
17:29:03[[BLK1] 006:]
17:29:03[[T] 0x0001 ]
17:29:03[[L] 0002 ]
17:29:03[[V] 902]
17:29:03[RX <CMD> GIX <RES> 000]
17:29:03[[BLK1] 014:]
17:29:03[[T] 0x9102 ]
17:29:03[[L] 000A ]
17:29:03[[V] FFF0156E003]
17:29:03[TX <CMD> GIX]
17:29:03[[BLK1] 006:]
17:29:03[[T] 0x0001 ]
17:29:03[[L] 0002 ]
17:29:03[[V] 903]
17:29:03[RX <CMD> GIX <RES> 000]
17:29:03[[BLK1] 014:]
17:29:03[[T] 0x9103 ]
17:29:03[[L] 000A ]
17:29:03[[V] FFF00108001]
17:29:03[TX <CMD> GIX]
17:29:03[[BLK1] 006:]
17:29:03[[T] 0x0001 ]
17:29:03[[L] 0002 ]
17:29:03[[V] 904]
17:29:03[RX <CMD> GIX <RES> 000]
17:29:03[**erro[35] PPS_iAbecsGetTag 9104]
17:29:03[TX <CMD> GIX]
17:29:03[[BLK1] 006:]
17:29:03[[T] 0x0001 ]
17:29:03[[L] 0002 ]
17:29:03[[V] 905]
17:29:03[RX <CMD> GIX <RES> 000]
17:29:03[**erro[35] PPS_iAbecsGetTag 9105]
17:29:03[TX <CMD> GIX]
17:29:03[[BLK1] 006:]
17:29:03[[T] 0x0001 ]
17:29:03[[L] 0002 ]
17:29:03[[V] 906]
17:29:03[RX <CMD> GIX <RES> 000]
17:29:03[**erro[35] PPS_iAbecsGetTag 9106]
17:29:03[TX <CMD> GIX]
17:29:03[[BLK1] 006:]
17:29:03[[T] 0x0001 ]
17:29:03[[L] 0002 ]
17:29:03[[V] 907]
17:29:03[RX <CMD> GIX <RES> 000]
17:29:03[**erro[35] PPS_iAbecsGetTag 9107]
17:29:03[TX <CMD> GIX]
17:29:03[[BLK1] 006:]
17:29:03[[T] 0x0001 ]
17:29:03[[L] 0002 ]
17:29:03[[V] 908]
17:29:03[RX <CMD> GIX <RES> 000]
17:29:03[[BLK1] 014:]
17:29:03[[T] 0x9108 ]
17:29:03[[L] 000A ]
17:29:03[[V] FF0091F0005]
17:29:03[TX <CMD> GIX]
17:29:03[[BLK1] 006:]
17:29:03[[T] 0x0001 ]
17:29:03[[L] 0002 ]
17:29:03[[V] 909]
17:29:03[RX <CMD> GIX <RES> 000]
17:29:03[**erro[35] PPS_iAbecsGetTag 9109]
17:29:03[TX <CMD> GIX]
17:29:03[[BLK1] 006:]
17:29:03[[T] 0x0001 ]
17:29:03[[L] 0002 ]
17:29:03[[V] 90A]
17:29:04[RX <CMD> GIX <RES> 000]
17:29:04[[BLK1] 014:]
17:29:04[[T] 0x910A ]
17:29:04[[L] 000A ]
17:29:04[[V] FFF90128001]
17:29:04[TX <CMD> GIX]
17:29:04[[BLK1] 006:]
17:29:04[[T] 0x0001 ]
17:29:04[[L] 0002 ]
17:29:04[[V] 90B]
17:29:04[RX <CMD> GIX <RES> 000]
17:29:04[**erro[35] PPS_iAbecsGetTag 910B]
17:29:04[TX <CMD> GIX]
17:29:04[[BLK1] 006:]
17:29:04[[T] 0x0001 ]
17:29:04[[L] 0002 ]
17:29:04[[V] 90C]
17:29:04[RX <CMD> GIX <RES> 000]
17:29:04[**erro[35] PPS_iAbecsGetTag 910C]
17:29:04[TX <CMD> GIX]
17:29:04[[BLK1] 006:]
17:29:04[[T] 0x0001 ]
17:29:04[[L] 0002 ]
17:29:04[[V] 90D]
17:29:04[RX <CMD> GIX <RES> 000]
17:29:04[**erro[35] PPS_iAbecsGetTag 910D]
17:29:04[TX <CMD> GIX]
17:29:04[[BLK1] 006:]
17:29:04[[T] 0x0001 ]
17:29:04[[L] 0002 ]
17:29:04[[V] 90E]
17:29:04[RX <CMD> GIX <RES> 000]
17:29:04[[BLK1] 014:]
17:29:04[[T] 0x910E ]
17:29:04[[L] 000A ]
17:29:04[[V] 6320061E001]
17:29:04[TX <CMD> GIX]
17:29:04[[BLK1] 006:]
17:29:04[[T] 0x0001 ]
17:29:04[[L] 0002 ]
17:29:04[[V] 90F]
17:29:04[RX <CMD> GIX <RES> 000]
17:29:04[**erro[35] PPS_iAbecsGetTag 910F]
17:29:04[TX <CMD> GIX]
17:29:04[[BLK1] 006:]
17:29:04[[T] 0x0001 ]
17:29:04[[L] 0002 ]
17:29:04[[V] 910]
17:29:04[RX <CMD> GIX <RES> 000]
17:29:04[[BLK1] 014:]
17:29:04[[T] 0x9110 ]
17:29:04[[L] 000A ]
17:29:04[[V] 21100F22001]
17:29:04[TX <CMD> GIX]
17:29:04[[BLK1] 006:]
17:29:04[[T] 0x0001 ]
17:29:04[[L] 0002 ]
17:29:04[[V] 911]
17:29:04[RX <CMD> GIX <RES> 000]
17:29:04[[BLK1] 014:]
17:29:04[[T] 0x9111 ]
17:29:04[[L] 000A ]
17:29:04[[V] FFF3079C001]
17:29:04[TX <CMD> GIX]
17:29:04[[BLK1] 006:]
17:29:04[[T] 0x0001 ]
17:29:04[[L] 0002 ]
17:29:04[[V] 912]
17:29:04[RX <CMD> GIX <RES> 000]
17:29:04[[BLK1] 014:]
17:29:04[[T] 0x9112 ]
17:29:04[[L] 000A ]
17:29:04[[V] B7610FB6001]
17:29:04[TX <CMD> GIX]
17:29:04[[BLK1] 006:]
17:29:04[[T] 0x0001 ]
17:29:04[[L] 0002 ]
17:29:04[[V] 913]
17:29:04[RX <CMD> GIX <RES> 000]
17:29:04[[BLK1] 014:]
17:29:04[[T] 0x9113 ]
17:29:04[[L] 000A ]
17:29:04[[V] FFF50944001]
17:29:04[TX <CMD> GIX]
17:29:04[[BLK1] 006:]
17:29:04[[T] 0x0001 ]
17:29:04[[L] 0002 ]
17:29:04[[V] 914]
17:29:04[RX <CMD> GIX <RES> 000]
17:29:04[[BLK1] 014:]
17:29:04[[T] 0x9114 ]
17:29:04[[L] 000A ]
17:29:04[[V] FFBFC84A001]
17:29:04[TX <CMD> EBX]
17:29:04[[BLK1] 036:]
17:29:04[[T] 0x000F ]
17:29:04[[L] 0008 ]
17:29:04[[V] ********]
17:29:04[[T] 0x0003 ]
17:29:04[[L] 0002 ]
17:29:04[[V] 00]
17:29:04[[T] 0x0009 ]
17:29:04[[L] 0002 ]
17:29:04[[V] 00]
17:29:04[[T] 0x000A ]
17:29:04[[L] 0008 ]
17:29:04[[V] 000000000]
17:29:04[RX <CMD> EBX <RES> 042]
17:29:04[TX <CMD> EBX]
17:29:04[[BLK1] 036:]
17:29:04[[T] 0x000F ]
17:29:04[[L] 0008 ]
17:29:04[[V] ********]
17:29:04[[T] 0x0003 ]
17:29:04[[L] 0002 ]
17:29:04[[V] 00]
17:29:04[[T] 0x0009 ]
17:29:04[[L] 0002 ]
17:29:04[[V] 01]
17:29:04[[T] 0x000A ]
17:29:04[[L] 0008 ]
17:29:04[[V] 000000000]
17:29:05[RX <CMD> EBX <RES> 042]
17:29:05[TX <CMD> EBX]
17:29:05[[BLK1] 036:]
17:29:05[[T] 0x000F ]
17:29:05[[L] 0008 ]
17:29:05[[V] ********]
17:29:05[[T] 0x0003 ]
17:29:05[[L] 0002 ]
17:29:05[[V] 00]
17:29:05[[T] 0x0009 ]
17:29:05[[L] 0002 ]
17:29:05[[V] 02]
17:29:05[[T] 0x000A ]
17:29:05[[L] 0008 ]
17:29:05[[V] 000000000]
17:29:05[RX <CMD> EBX <RES> 042]
17:29:05[TX <CMD> EBX]
17:29:05[[BLK1] 036:]
17:29:05[[T] 0x000F ]
17:29:05[[L] 0008 ]
17:29:05[[V] ********]
17:29:05[[T] 0x0003 ]
17:29:05[[L] 0002 ]
17:29:05[[V] 00]
17:29:05[[T] 0x0009 ]
17:29:05[[L] 0002 ]
17:29:05[[V] 03]
17:29:05[[T] 0x000A ]
17:29:05[[L] 0008 ]
17:29:05[[V] 000000000]
17:29:05[RX <CMD> EBX <RES> 042]
17:29:05[TX <CMD> EBX]
17:29:05[[BLK1] 036:]
17:29:05[[T] 0x000F ]
17:29:05[[L] 0008 ]
17:29:05[[V] ********]
17:29:05[[T] 0x0003 ]
17:29:05[[L] 0002 ]
17:29:05[[V] 00]
17:29:05[[T] 0x0009 ]
17:29:05[[L] 0002 ]
17:29:05[[V] 04]
17:29:05[[T] 0x000A ]
17:29:05[[L] 0008 ]
17:29:05[[V] 000000000]
17:29:05[RX <CMD> EBX <RES> 042]
17:29:05[TX <CMD> EBX]
17:29:05[[BLK1] 036:]
17:29:05[[T] 0x000F ]
17:29:05[[L] 0008 ]
17:29:05[[V] ********]
17:29:05[[T] 0x0003 ]
17:29:05[[L] 0002 ]
17:29:05[[V] 00]
17:29:05[[T] 0x0009 ]
17:29:05[[L] 0002 ]
17:29:05[[V] 05]
17:29:05[[T] 0x000A ]
17:29:05[[L] 0008 ]
17:29:05[[V] 000000000]
17:29:05[RX <CMD> EBX <RES> 042]
17:29:05[TX <CMD> EBX]
17:29:05[[BLK1] 036:]
17:29:05[[T] 0x000F ]
17:29:05[[L] 0008 ]
17:29:05[[V] ********]
17:29:05[[T] 0x0003 ]
17:29:05[[L] 0002 ]
17:29:05[[V] 00]
17:29:05[[T] 0x0009 ]
17:29:05[[L] 0002 ]
17:29:05[[V] 06]
17:29:05[[T] 0x000A ]
17:29:05[[L] 0008 ]
17:29:05[[V] 000000000]
17:29:05[RX <CMD> EBX <RES> 042]
17:29:05[TX <CMD> EBX]
17:29:05[[BLK1] 036:]
17:29:05[[T] 0x000F ]
17:29:05[[L] 0008 ]
17:29:05[[V] ********]
17:29:05[[T] 0x0003 ]
17:29:05[[L] 0002 ]
17:29:05[[V] 00]
17:29:05[[T] 0x0009 ]
17:29:05[[L] 0002 ]
17:29:05[[V] 07]
17:29:05[[T] 0x000A ]
17:29:05[[L] 0008 ]
17:29:05[[V] 000000000]
17:29:05[RX <CMD> EBX <RES> 042]
17:29:05[TX <CMD> EBX]
17:29:05[[BLK1] 036:]
17:29:05[[T] 0x000F ]
17:29:05[[L] 0008 ]
17:29:05[[V] ********]
17:29:05[[T] 0x0003 ]
17:29:05[[L] 0002 ]
17:29:05[[V] 00]
17:29:05[[T] 0x0009 ]
17:29:05[[L] 0002 ]
17:29:05[[V] 08]
17:29:05[[T] 0x000A ]
17:29:05[[L] 0008 ]
17:29:05[[V] 000000000]
17:29:05[RX <CMD> EBX <RES> 042]
17:29:05[TX <CMD> EBX]
17:29:05[[BLK1] 036:]
17:29:05[[T] 0x000F ]
17:29:05[[L] 0008 ]
17:29:05[[V] ********]
17:29:05[[T] 0x0003 ]
17:29:05[[L] 0002 ]
17:29:05[[V] 00]
17:29:05[[T] 0x0009 ]
17:29:05[[L] 0002 ]
17:29:05[[V] 09]
17:29:05[[T] 0x000A ]
17:29:05[[L] 0008 ]
17:29:05[[V] 000000000]
17:29:05[RX <CMD> EBX <RES> 042]
17:29:05[TX <CMD> EBX]
17:29:05[[BLK1] 036:]
17:29:05[[T] 0x000F ]
17:29:05[[L] 0008 ]
17:29:05[[V] ********]
17:29:05[[T] 0x0003 ]
17:29:05[[L] 0002 ]
17:29:05[[V] 00]
17:29:05[[T] 0x0009 ]
17:29:05[[L] 0002 ]
17:29:05[[V] 10]
17:29:05[[T] 0x000A ]
17:29:05[[L] 0008 ]
17:29:05[[V] 000000000]
17:29:05[RX <CMD> EBX <RES> 042]
17:29:05[TX <CMD> EBX]
17:29:05[[BLK1] 036:]
17:29:05[[T] 0x000F ]
17:29:05[[L] 0008 ]
17:29:05[[V] ********]
17:29:05[[T] 0x0003 ]
17:29:05[[L] 0002 ]
17:29:05[[V] 00]
17:29:05[[T] 0x0009 ]
17:29:05[[L] 0002 ]
17:29:05[[V] 11]
17:29:05[[T] 0x000A ]
17:29:05[[L] 0008 ]
17:29:05[[V] 000000000]
17:29:05[RX <CMD> EBX <RES> 042]
17:29:05[TX <CMD> EBX]
17:29:05[[BLK1] 036:]
17:29:05[[T] 0x000F ]
17:29:05[[L] 0008 ]
17:29:05[[V] ********]
17:29:05[[T] 0x0003 ]
17:29:05[[L] 0002 ]
17:29:05[[V] 00]
17:29:05[[T] 0x0009 ]
17:29:05[[L] 0002 ]
17:29:05[[V] 12]
17:29:05[[T] 0x000A ]
17:29:05[[L] 0008 ]
17:29:05[[V] 000000000]
17:29:05[RX <CMD> EBX <RES> 042]
17:29:05[TX <CMD> EBX]
17:29:05[[BLK1] 036:]
17:29:05[[T] 0x000F ]
17:29:05[[L] 0008 ]
17:29:05[[V] ********]
17:29:05[[T] 0x0003 ]
17:29:05[[L] 0002 ]
17:29:05[[V] 00]
17:29:05[[T] 0x0009 ]
17:29:05[[L] 0002 ]
17:29:05[[V] 13]
17:29:05[[T] 0x000A ]
17:29:05[[L] 0008 ]
17:29:05[[V] 000000000]
17:29:05[RX <CMD> EBX <RES> 042]
17:29:05[TX <CMD> EBX]
17:29:05[[BLK1] 036:]
17:29:05[[T] 0x000F ]
17:29:05[[L] 0008 ]
17:29:05[[V] ********]
17:29:05[[T] 0x0003 ]
17:29:05[[L] 0002 ]
17:29:05[[V] 00]
17:29:05[[T] 0x0009 ]
17:29:05[[L] 0002 ]
17:29:05[[V] 14]
17:29:05[[T] 0x000A ]
17:29:05[[L] 0008 ]
17:29:05[[V] 000000000]
17:29:06[RX <CMD> EBX <RES> 042]
17:29:06[TX <CMD> EBX]
17:29:06[[BLK1] 036:]
17:29:06[[T] 0x000F ]
17:29:06[[L] 0008 ]
17:29:06[[V] ********]
17:29:06[[T] 0x0003 ]
17:29:06[[L] 0002 ]
17:29:06[[V] 00]
17:29:06[[T] 0x0009 ]
17:29:06[[L] 0002 ]
17:29:06[[V] 15]
17:29:06[[T] 0x000A ]
17:29:06[[L] 0008 ]
17:29:06[[V] 000000000]
17:29:06[RX <CMD> EBX <RES> 042]
17:29:06[TX <CMD> EBX]
17:29:06[[BLK1] 036:]
17:29:06[[T] 0x000F ]
17:29:06[[L] 0008 ]
17:29:06[[V] ********]
17:29:06[[T] 0x0003 ]
17:29:06[[L] 0002 ]
17:29:06[[V] 00]
17:29:06[[T] 0x0009 ]
17:29:06[[L] 0002 ]
17:29:06[[V] 16]
17:29:06[[T] 0x000A ]
17:29:06[[L] 0008 ]
17:29:06[[V] 000000000]
17:29:06[RX <CMD> EBX <RES> 042]
17:29:06[TX <CMD> EBX]
17:29:06[[BLK1] 036:]
17:29:06[[T] 0x000F ]
17:29:06[[L] 0008 ]
17:29:06[[V] ********]
17:29:06[[T] 0x0003 ]
17:29:06[[L] 0002 ]
17:29:06[[V] 00]
17:29:06[[T] 0x0009 ]
17:29:06[[L] 0002 ]
17:29:06[[V] 17]
17:29:06[[T] 0x000A ]
17:29:06[[L] 0008 ]
17:29:06[[V] 000000000]
17:29:06[RX <CMD> EBX <RES> 042]
17:29:06[TX <CMD> EBX]
17:29:06[[BLK1] 036:]
17:29:06[[T] 0x000F ]
17:29:06[[L] 0008 ]
17:29:06[[V] ********]
17:29:06[[T] 0x0003 ]
17:29:06[[L] 0002 ]
17:29:06[[V] 00]
17:29:06[[T] 0x0009 ]
17:29:06[[L] 0002 ]
17:29:06[[V] 18]
17:29:06[[T] 0x000A ]
17:29:06[[L] 0008 ]
17:29:06[[V] 000000000]
17:29:06[RX <CMD> EBX <RES> 042]
17:29:06[TX <CMD> EBX]
17:29:06[[BLK1] 036:]
17:29:06[[T] 0x000F ]
17:29:06[[L] 0008 ]
17:29:06[[V] ********]
17:29:06[[T] 0x0003 ]
17:29:06[[L] 0002 ]
17:29:06[[V] 00]
17:29:06[[T] 0x0009 ]
17:29:06[[L] 0002 ]
17:29:06[[V] 19]
17:29:06[[T] 0x000A ]
17:29:06[[L] 0008 ]
17:29:06[[V] 000000000]
17:29:06[RX <CMD> EBX <RES> 042]
17:29:06[TX <CMD> EBX]
17:29:06[[BLK1] 036:]
17:29:06[[T] 0x000F ]
17:29:06[[L] 0008 ]
17:29:06[[V] ********]
17:29:06[[T] 0x0003 ]
17:29:06[[L] 0002 ]
17:29:06[[V] 00]
17:29:06[[T] 0x0009 ]
17:29:06[[L] 0002 ]
17:29:06[[V] 20]
17:29:06[[T] 0x000A ]
17:29:06[[L] 0008 ]
17:29:06[[V] 000000000]
17:29:06[RX <CMD> EBX <RES> 042]
17:29:06[TX <CMD> EBX]
17:29:06[[BLK1] 044:]
17:29:06[[T] 0x000F ]
17:29:06[[L] 0008 ]
17:29:06[[V] ********]
17:29:06[[T] 0x0003 ]
17:29:06[[L] 0002 ]
17:29:06[[V] 10]
17:29:06[[T] 0x0009 ]
17:29:06[[L] 0002 ]
17:29:06[[V] 00]
17:29:06[[T] 0x000A ]
17:29:06[[L] 0010 ]
17:29:06[[V] 00000000000000000]
17:29:06[RX <CMD> EBX <RES> 042]
17:29:06[TX <CMD> EBX]
17:29:06[[BLK1] 044:]
17:29:06[[T] 0x000F ]
17:29:06[[L] 0008 ]
17:29:06[[V] ********]
17:29:06[[T] 0x0003 ]
17:29:06[[L] 0002 ]
17:29:06[[V] 10]
17:29:06[[T] 0x0009 ]
17:29:06[[L] 0002 ]
17:29:06[[V] 01]
17:29:06[[T] 0x000A ]
17:29:06[[L] 0010 ]
17:29:06[[V] 00000000000000000]
17:29:06[RX <CMD> EBX <RES> 042]
17:29:06[TX <CMD> EBX]
17:29:06[[BLK1] 044:]
17:29:06[[T] 0x000F ]
17:29:06[[L] 0008 ]
17:29:06[[V] ********]
17:29:06[[T] 0x0003 ]
17:29:06[[L] 0002 ]
17:29:06[[V] 10]
17:29:06[[T] 0x0009 ]
17:29:06[[L] 0002 ]
17:29:06[[V] 02]
17:29:06[[T] 0x000A ]
17:29:06[[L] 0010 ]
17:29:06[[V] 00000000000000000]
17:29:06[RX <CMD> EBX <RES> 000]
17:29:06[[BLK1] 012:]
17:29:06[[T] 0x804E ]
17:29:06[[L] 0008 ]
17:29:06[[V] ********]
17:29:06[TX <CMD> EBX]
17:29:06[[BLK1] 044:]
17:29:06[[T] 0x000F ]
17:29:06[[L] 0008 ]
17:29:06[[V] ********]
17:29:06[[T] 0x0003 ]
17:29:06[[L] 0002 ]
17:29:06[[V] 10]
17:29:06[[T] 0x0009 ]
17:29:06[[L] 0002 ]
17:29:06[[V] 03]
17:29:06[[T] 0x000A ]
17:29:06[[L] 0010 ]
17:29:06[[V] 00000000000000000]
17:29:06[RX <CMD> EBX <RES> 042]
17:29:06[TX <CMD> EBX]
17:29:06[[BLK1] 044:]
17:29:06[[T] 0x000F ]
17:29:06[[L] 0008 ]
17:29:06[[V] ********]
17:29:06[[T] 0x0003 ]
17:29:06[[L] 0002 ]
17:29:06[[V] 10]
17:29:06[[T] 0x0009 ]
17:29:06[[L] 0002 ]
17:29:06[[V] 04]
17:29:06[[T] 0x000A ]
17:29:06[[L] 0010 ]
17:29:06[[V] 00000000000000000]
17:29:06[RX <CMD> EBX <RES> 000]
17:29:06[[BLK1] 012:]
17:29:06[[T] 0x804E ]
17:29:06[[L] 0008 ]
17:29:06[[V] ********]
17:29:06[TX <CMD> EBX]
17:29:06[[BLK1] 044:]
17:29:06[[T] 0x000F ]
17:29:06[[L] 0008 ]
17:29:06[[V] ********]
17:29:06[[T] 0x0003 ]
17:29:06[[L] 0002 ]
17:29:06[[V] 10]
17:29:06[[T] 0x0009 ]
17:29:06[[L] 0002 ]
17:29:06[[V] 05]
17:29:06[[T] 0x000A ]
17:29:06[[L] 0010 ]
17:29:06[[V] 00000000000000000]
17:29:07[RX <CMD> EBX <RES> 042]
17:29:07[TX <CMD> EBX]
17:29:07[[BLK1] 044:]
17:29:07[[T] 0x000F ]
17:29:07[[L] 0008 ]
17:29:07[[V] ********]
17:29:07[[T] 0x0003 ]
17:29:07[[L] 0002 ]
17:29:07[[V] 10]
17:29:07[[T] 0x0009 ]
17:29:07[[L] 0002 ]
17:29:07[[V] 06]
17:29:07[[T] 0x000A ]
17:29:07[[L] 0010 ]
17:29:07[[V] 00000000000000000]
17:29:07[RX <CMD> EBX <RES> 042]
17:29:07[TX <CMD> EBX]
17:29:07[[BLK1] 044:]
17:29:07[[T] 0x000F ]
17:29:07[[L] 0008 ]
17:29:07[[V] ********]
17:29:07[[T] 0x0003 ]
17:29:07[[L] 0002 ]
17:29:07[[V] 10]
17:29:07[[T] 0x0009 ]
17:29:07[[L] 0002 ]
17:29:07[[V] 07]
17:29:07[[T] 0x000A ]
17:29:07[[L] 0010 ]
17:29:07[[V] 00000000000000000]
17:29:07[RX <CMD> EBX <RES> 042]
17:29:07[TX <CMD> EBX]
17:29:07[[BLK1] 044:]
17:29:07[[T] 0x000F ]
17:29:07[[L] 0008 ]
17:29:07[[V] ********]
17:29:07[[T] 0x0003 ]
17:29:07[[L] 0002 ]
17:29:07[[V] 10]
17:29:07[[T] 0x0009 ]
17:29:07[[L] 0002 ]
17:29:07[[V] 08]
17:29:07[[T] 0x000A ]
17:29:07[[L] 0010 ]
17:29:07[[V] 00000000000000000]
17:29:07[RX <CMD> EBX <RES> 000]
17:29:07[[BLK1] 012:]
17:29:07[[T] 0x804E ]
17:29:07[[L] 0008 ]
17:29:07[[V] ********]
17:29:07[TX <CMD> EBX]
17:29:07[[BLK1] 044:]
17:29:07[[T] 0x000F ]
17:29:07[[L] 0008 ]
17:29:07[[V] ********]
17:29:07[[T] 0x0003 ]
17:29:07[[L] 0002 ]
17:29:07[[V] 10]
17:29:07[[T] 0x0009 ]
17:29:07[[L] 0002 ]
17:29:07[[V] 09]
17:29:07[[T] 0x000A ]
17:29:07[[L] 0010 ]
17:29:07[[V] 00000000000000000]
17:29:07[RX <CMD> EBX <RES> 000]
17:29:07[[BLK1] 012:]
17:29:07[[T] 0x804E ]
17:29:07[[L] 0008 ]
17:29:07[[V] ********]
17:29:07[TX <CMD> EBX]
17:29:07[[BLK1] 044:]
17:29:07[[T] 0x000F ]
17:29:07[[L] 0008 ]
17:29:07[[V] ********]
17:29:07[[T] 0x0003 ]
17:29:07[[L] 0002 ]
17:29:07[[V] 10]
17:29:07[[T] 0x0009 ]
17:29:07[[L] 0002 ]
17:29:07[[V] 10]
17:29:07[[T] 0x000A ]
17:29:07[[L] 0010 ]
17:29:07[[V] 00000000000000000]
17:29:07[RX <CMD> EBX <RES> 000]
17:29:07[[BLK1] 012:]
17:29:07[[T] 0x804E ]
17:29:07[[L] 0008 ]
17:29:07[[V] ********]
17:29:07[TX <CMD> EBX]
17:29:07[[BLK1] 044:]
17:29:07[[T] 0x000F ]
17:29:07[[L] 0008 ]
17:29:07[[V] ********]
17:29:07[[T] 0x0003 ]
17:29:07[[L] 0002 ]
17:29:07[[V] 10]
17:29:07[[T] 0x0009 ]
17:29:07[[L] 0002 ]
17:29:07[[V] 11]
17:29:07[[T] 0x000A ]
17:29:07[[L] 0010 ]
17:29:07[[V] 00000000000000000]
17:29:07[RX <CMD> EBX <RES> 000]
17:29:07[[BLK1] 012:]
17:29:07[[T] 0x804E ]
17:29:07[[L] 0008 ]
17:29:07[[V] ********]
17:29:07[TX <CMD> EBX]
17:29:07[[BLK1] 044:]
17:29:07[[T] 0x000F ]
17:29:07[[L] 0008 ]
17:29:07[[V] ********]
17:29:07[[T] 0x0003 ]
17:29:07[[L] 0002 ]
17:29:07[[V] 10]
17:29:07[[T] 0x0009 ]
17:29:07[[L] 0002 ]
17:29:07[[V] 12]
17:29:07[[T] 0x000A ]
17:29:07[[L] 0010 ]
17:29:07[[V] 00000000000000000]
17:29:07[RX <CMD> EBX <RES> 000]
17:29:07[[BLK1] 012:]
17:29:07[[T] 0x804E ]
17:29:07[[L] 0008 ]
17:29:07[[V] ********]
17:29:07[TX <CMD> EBX]
17:29:07[[BLK1] 044:]
17:29:07[[T] 0x000F ]
17:29:07[[L] 0008 ]
17:29:07[[V] ********]
17:29:07[[T] 0x0003 ]
17:29:07[[L] 0002 ]
17:29:07[[V] 10]
17:29:07[[T] 0x0009 ]
17:29:07[[L] 0002 ]
17:29:07[[V] 13]
17:29:07[[T] 0x000A ]
17:29:07[[L] 0010 ]
17:29:07[[V] 00000000000000000]
17:29:07[RX <CMD> EBX <RES> 000]
17:29:07[[BLK1] 012:]
17:29:07[[T] 0x804E ]
17:29:07[[L] 0008 ]
17:29:07[[V] ********]
17:29:07[TX <CMD> EBX]
17:29:07[[BLK1] 044:]
17:29:07[[T] 0x000F ]
17:29:07[[L] 0008 ]
17:29:07[[V] ********]
17:29:07[[T] 0x0003 ]
17:29:07[[L] 0002 ]
17:29:07[[V] 10]
17:29:07[[T] 0x0009 ]
17:29:07[[L] 0002 ]
17:29:07[[V] 14]
17:29:07[[T] 0x000A ]
17:29:07[[L] 0010 ]
17:29:07[[V] 00000000000000000]
17:29:07[RX <CMD> EBX <RES> 000]
17:29:07[[BLK1] 012:]
17:29:07[[T] 0x804E ]
17:29:07[[L] 0008 ]
17:29:07[[V] ********]
17:29:07[TX <CMD> EBX]
17:29:07[[BLK1] 044:]
17:29:07[[T] 0x000F ]
17:29:07[[L] 0008 ]
17:29:07[[V] ********]
17:29:07[[T] 0x0003 ]
17:29:07[[L] 0002 ]
17:29:07[[V] 10]
17:29:07[[T] 0x0009 ]
17:29:07[[L] 0002 ]
17:29:07[[V] 15]
17:29:07[[T] 0x000A ]
17:29:07[[L] 0010 ]
17:29:07[[V] 00000000000000000]
17:29:07[RX <CMD> EBX <RES> 000]
17:29:07[[BLK1] 012:]
17:29:07[[T] 0x804E ]
17:29:07[[L] 0008 ]
17:29:07[[V] ********]
17:29:07[TX <CMD> EBX]
17:29:07[[BLK1] 044:]
17:29:07[[T] 0x000F ]
17:29:07[[L] 0008 ]
17:29:07[[V] ********]
17:29:07[[T] 0x0003 ]
17:29:07[[L] 0002 ]
17:29:07[[V] 10]
17:29:07[[T] 0x0009 ]
17:29:07[[L] 0002 ]
17:29:07[[V] 16]
17:29:07[[T] 0x000A ]
17:29:07[[L] 0010 ]
17:29:07[[V] 00000000000000000]
17:29:08[RX <CMD> EBX <RES> 000]
17:29:08[[BLK1] 012:]
17:29:08[[T] 0x804E ]
17:29:08[[L] 0008 ]
17:29:08[[V] ********]
17:29:08[TX <CMD> EBX]
17:29:08[[BLK1] 044:]
17:29:08[[T] 0x000F ]
17:29:08[[L] 0008 ]
17:29:08[[V] ********]
17:29:08[[T] 0x0003 ]
17:29:08[[L] 0002 ]
17:29:08[[V] 10]
17:29:08[[T] 0x0009 ]
17:29:08[[L] 0002 ]
17:29:08[[V] 17]
17:29:08[[T] 0x000A ]
17:29:08[[L] 0010 ]
17:29:08[[V] 00000000000000000]
17:29:08[RX <CMD> EBX <RES> 000]
17:29:08[[BLK1] 012:]
17:29:08[[T] 0x804E ]
17:29:08[[L] 0008 ]
17:29:08[[V] ********]
17:29:08[TX <CMD> EBX]
17:29:08[[BLK1] 044:]
17:29:08[[T] 0x000F ]
17:29:08[[L] 0008 ]
17:29:08[[V] ********]
17:29:08[[T] 0x0003 ]
17:29:08[[L] 0002 ]
17:29:08[[V] 10]
17:29:08[[T] 0x0009 ]
17:29:08[[L] 0002 ]
17:29:08[[V] 18]
17:29:08[[T] 0x000A ]
17:29:08[[L] 0010 ]
17:29:08[[V] 00000000000000000]
17:29:08[RX <CMD> EBX <RES> 042]
17:29:08[TX <CMD> EBX]
17:29:08[[BLK1] 044:]
17:29:08[[T] 0x000F ]
17:29:08[[L] 0008 ]
17:29:08[[V] ********]
17:29:08[[T] 0x0003 ]
17:29:08[[L] 0002 ]
17:29:08[[V] 10]
17:29:08[[T] 0x0009 ]
17:29:08[[L] 0002 ]
17:29:08[[V] 19]
17:29:08[[T] 0x000A ]
17:29:08[[L] 0010 ]
17:29:08[[V] 00000000000000000]
17:29:08[RX <CMD> EBX <RES> 000]
17:29:08[[BLK1] 012:]
17:29:08[[T] 0x804E ]
17:29:08[[L] 0008 ]
17:29:08[[V] ********]
17:29:08[TX <CMD> EBX]
17:29:08[[BLK1] 044:]
17:29:08[[T] 0x000F ]
17:29:08[[L] 0008 ]
17:29:08[[V] ********]
17:29:08[[T] 0x0003 ]
17:29:08[[L] 0002 ]
17:29:08[[V] 10]
17:29:08[[T] 0x0009 ]
17:29:08[[L] 0002 ]
17:29:08[[V] 20]
17:29:08[[T] 0x000A ]
17:29:08[[L] 0010 ]
17:29:08[[V] 00000000000000000]
17:29:08[RX <CMD> EBX <RES> 042]
17:29:08[TX <CMD> EBX]
17:29:08[[BLK1] 044:]
17:29:08[[T] 0x000F ]
17:29:08[[L] 0008 ]
17:29:08[[V] ********]
17:29:08[[T] 0x0003 ]
17:29:08[[L] 0002 ]
17:29:08[[V] 30]
17:29:08[[T] 0x0009 ]
17:29:08[[L] 0002 ]
17:29:08[[V] 00]
17:29:08[[T] 0x000A ]
17:29:08[[L] 0010 ]
17:29:08[[V] 00000000000000000]
17:29:08[RX <CMD> EBX <RES> 042]
17:29:08[TX <CMD> EBX]
17:29:08[[BLK1] 044:]
17:29:08[[T] 0x000F ]
17:29:08[[L] 0008 ]
17:29:08[[V] ********]
17:29:08[[T] 0x0003 ]
17:29:08[[L] 0002 ]
17:29:08[[V] 30]
17:29:08[[T] 0x0009 ]
17:29:08[[L] 0002 ]
17:29:08[[V] 01]
17:29:08[[T] 0x000A ]
17:29:08[[L] 0010 ]
17:29:08[[V] 00000000000000000]
17:29:08[RX <CMD> EBX <RES> 000]
17:29:08[[BLK1] 026:]
17:29:08[[T] 0x804E ]
17:29:08[[L] 0008 ]
17:29:08[[V] ********]
17:29:08[[T] 0x804C ]
17:29:08[[L] 000A ]
17:29:08[[V] FFF8140A00D]
17:29:08[TX <CMD> EBX]
17:29:08[[BLK1] 044:]
17:29:08[[T] 0x000F ]
17:29:08[[L] 0008 ]
17:29:08[[V] ********]
17:29:08[[T] 0x0003 ]
17:29:08[[L] 0002 ]
17:29:08[[V] 30]
17:29:08[[T] 0x0009 ]
17:29:08[[L] 0002 ]
17:29:08[[V] 02]
17:29:08[[T] 0x000A ]
17:29:08[[L] 0010 ]
17:29:08[[V] 00000000000000000]
17:29:08[RX <CMD> EBX <RES> 042]
17:29:08[TX <CMD> EBX]
17:29:08[[BLK1] 044:]
17:29:08[[T] 0x000F ]
17:29:08[[L] 0008 ]
17:29:08[[V] ********]
17:29:08[[T] 0x0003 ]
17:29:08[[L] 0002 ]
17:29:08[[V] 30]
17:29:08[[T] 0x0009 ]
17:29:08[[L] 0002 ]
17:29:08[[V] 03]
17:29:08[[T] 0x000A ]
17:29:08[[L] 0010 ]
17:29:08[[V] 00000000000000000]
17:29:08[RX <CMD> EBX <RES> 042]
17:29:08[TX <CMD> EBX]
17:29:08[[BLK1] 044:]
17:29:08[[T] 0x000F ]
17:29:08[[L] 0008 ]
17:29:08[[V] ********]
17:29:08[[T] 0x0003 ]
17:29:08[[L] 0002 ]
17:29:08[[V] 30]
17:29:08[[T] 0x0009 ]
17:29:08[[L] 0002 ]
17:29:08[[V] 04]
17:29:08[[T] 0x000A ]
17:29:08[[L] 0010 ]
17:29:08[[V] 00000000000000000]
17:29:08[RX <CMD> EBX <RES> 042]
17:29:08[TX <CMD> EBX]
17:29:08[[BLK1] 044:]
17:29:08[[T] 0x000F ]
17:29:08[[L] 0008 ]
17:29:08[[V] ********]
17:29:08[[T] 0x0003 ]
17:29:08[[L] 0002 ]
17:29:08[[V] 30]
17:29:08[[T] 0x0009 ]
17:29:08[[L] 0002 ]
17:29:08[[V] 05]
17:29:08[[T] 0x000A ]
17:29:08[[L] 0010 ]
17:29:08[[V] 00000000000000000]
17:29:08[RX <CMD> EBX <RES> 042]
17:29:08[TX <CMD> EBX]
17:29:08[[BLK1] 044:]
17:29:08[[T] 0x000F ]
17:29:08[[L] 0008 ]
17:29:08[[V] ********]
17:29:08[[T] 0x0003 ]
17:29:08[[L] 0002 ]
17:29:08[[V] 30]
17:29:08[[T] 0x0009 ]
17:29:08[[L] 0002 ]
17:29:08[[V] 06]
17:29:08[[T] 0x000A ]
17:29:08[[L] 0010 ]
17:29:08[[V] 00000000000000000]
17:29:09[RX <CMD> EBX <RES> 042]
17:29:09[TX <CMD> EBX]
17:29:09[[BLK1] 044:]
17:29:09[[T] 0x000F ]
17:29:09[[L] 0008 ]
17:29:09[[V] ********]
17:29:09[[T] 0x0003 ]
17:29:09[[L] 0002 ]
17:29:09[[V] 30]
17:29:09[[T] 0x0009 ]
17:29:09[[L] 0002 ]
17:29:09[[V] 07]
17:29:09[[T] 0x000A ]
17:29:09[[L] 0010 ]
17:29:09[[V] 00000000000000000]
17:29:09[RX <CMD> EBX <RES> 042]
17:29:09[TX <CMD> EBX]
17:29:09[[BLK1] 044:]
17:29:09[[T] 0x000F ]
17:29:09[[L] 0008 ]
17:29:09[[V] ********]
17:29:09[[T] 0x0003 ]
17:29:09[[L] 0002 ]
17:29:09[[V] 30]
17:29:09[[T] 0x0009 ]
17:29:09[[L] 0002 ]
17:29:09[[V] 08]
17:29:09[[T] 0x000A ]
17:29:09[[L] 0010 ]
17:29:09[[V] 00000000000000000]
17:29:09[RX <CMD> EBX <RES> 000]
17:29:09[[BLK1] 026:]
17:29:09[[T] 0x804E ]
17:29:09[[L] 0008 ]
17:29:09[[V] ********]
17:29:09[[T] 0x804C ]
17:29:09[[L] 000A ]
17:29:09[[V] FF0091F000D]
17:29:09[TX <CMD> EBX]
17:29:09[[BLK1] 044:]
17:29:09[[T] 0x000F ]
17:29:09[[L] 0008 ]
17:29:09[[V] ********]
17:29:09[[T] 0x0003 ]
17:29:09[[L] 0002 ]
17:29:09[[V] 30]
17:29:09[[T] 0x0009 ]
17:29:09[[L] 0002 ]
17:29:09[[V] 09]
17:29:09[[T] 0x000A ]
17:29:09[[L] 0010 ]
17:29:09[[V] 00000000000000000]
17:29:09[RX <CMD> EBX <RES> 042]
17:29:09[TX <CMD> EBX]
17:29:09[[BLK1] 044:]
17:29:09[[T] 0x000F ]
17:29:09[[L] 0008 ]
17:29:09[[V] ********]
17:29:09[[T] 0x0003 ]
17:29:09[[L] 0002 ]
17:29:09[[V] 30]
17:29:09[[T] 0x0009 ]
17:29:09[[L] 0002 ]
17:29:09[[V] 10]
17:29:09[[T] 0x000A ]
17:29:09[[L] 0010 ]
17:29:09[[V] 00000000000000000]
17:29:09[RX <CMD> EBX <RES> 000]
17:29:09[[BLK1] 026:]
17:29:09[[T] 0x804E ]
17:29:09[[L] 0008 ]
17:29:09[[V] ********]
17:29:09[[T] 0x804C ]
17:29:09[[L] 000A ]
17:29:09[[V] FFF9012800D]
17:29:09[TX <CMD> EBX]
17:29:09[[BLK1] 044:]
17:29:09[[T] 0x000F ]
17:29:09[[L] 0008 ]
17:29:09[[V] ********]
17:29:09[[T] 0x0003 ]
17:29:09[[L] 0002 ]
17:29:09[[V] 30]
17:29:09[[T] 0x0009 ]
17:29:09[[L] 0002 ]
17:29:09[[V] 11]
17:29:09[[T] 0x000A ]
17:29:09[[L] 0010 ]
17:29:09[[V] 00000000000000000]
17:29:09[RX <CMD> EBX <RES> 042]
17:29:09[TX <CMD> EBX]
17:29:09[[BLK1] 044:]
17:29:09[[T] 0x000F ]
17:29:09[[L] 0008 ]
17:29:09[[V] ********]
17:29:09[[T] 0x0003 ]
17:29:09[[L] 0002 ]
17:29:09[[V] 30]
17:29:09[[T] 0x0009 ]
17:29:09[[L] 0002 ]
17:29:09[[V] 12]
17:29:09[[T] 0x000A ]
17:29:09[[L] 0010 ]
17:29:09[[V] 00000000000000000]
17:29:09[RX <CMD> EBX <RES> 042]
17:29:09[TX <CMD> EBX]
17:29:09[[BLK1] 044:]
17:29:09[[T] 0x000F ]
17:29:09[[L] 0008 ]
17:29:09[[V] ********]
17:29:09[[T] 0x0003 ]
17:29:09[[L] 0002 ]
17:29:09[[V] 30]
17:29:09[[T] 0x0009 ]
17:29:09[[L] 0002 ]
17:29:09[[V] 13]
17:29:09[[T] 0x000A ]
17:29:09[[L] 0010 ]
17:29:09[[V] 00000000000000000]
17:29:09[RX <CMD> EBX <RES> 042]
17:29:09[TX <CMD> EBX]
17:29:09[[BLK1] 044:]
17:29:09[[T] 0x000F ]
17:29:09[[L] 0008 ]
17:29:09[[V] ********]
17:29:09[[T] 0x0003 ]
17:29:09[[L] 0002 ]
17:29:09[[V] 30]
17:29:09[[T] 0x0009 ]
17:29:09[[L] 0002 ]
17:29:09[[V] 14]
17:29:09[[T] 0x000A ]
17:29:09[[L] 0010 ]
17:29:09[[V] 00000000000000000]
17:29:10[RX <CMD> EBX <RES> 000]
17:29:10[[BLK1] 026:]
17:29:10[[T] 0x804E ]
17:29:10[[L] 0008 ]
17:29:10[[V] ********]
17:29:10[[T] 0x804C ]
17:29:10[[L] 000A ]
17:29:10[[V] 6320061A00D]
17:29:10[TX <CMD> EBX]
17:29:10[[BLK1] 044:]
17:29:10[[T] 0x000F ]
17:29:10[[L] 0008 ]
17:29:10[[V] ********]
17:29:10[[T] 0x0003 ]
17:29:10[[L] 0002 ]
17:29:10[[V] 30]
17:29:10[[T] 0x0009 ]
17:29:10[[L] 0002 ]
17:29:10[[V] 15]
17:29:10[[T] 0x000A ]
17:29:10[[L] 0010 ]
17:29:10[[V] 00000000000000000]
17:29:10[RX <CMD> EBX <RES> 042]
17:29:10[TX <CMD> EBX]
17:29:10[[BLK1] 044:]
17:29:10[[T] 0x000F ]
17:29:10[[L] 0008 ]
17:29:10[[V] ********]
17:29:10[[T] 0x0003 ]
17:29:10[[L] 0002 ]
17:29:10[[V] 30]
17:29:10[[T] 0x0009 ]
17:29:10[[L] 0002 ]
17:29:10[[V] 16]
17:29:10[[T] 0x000A ]
17:29:10[[L] 0010 ]
17:29:10[[V] 00000000000000000]
17:29:10[RX <CMD> EBX <RES> 000]
17:29:10[[BLK1] 026:]
17:29:10[[T] 0x804E ]
17:29:10[[L] 0008 ]
17:29:10[[V] ********]
17:29:10[[T] 0x804C ]
17:29:10[[L] 000A ]
17:29:10[[V] 21100F2000D]
17:29:10[TX <CMD> EBX]
17:29:10[[BLK1] 044:]
17:29:10[[T] 0x000F ]
17:29:10[[L] 0008 ]
17:29:10[[V] ********]
17:29:10[[T] 0x0003 ]
17:29:10[[L] 0002 ]
17:29:10[[V] 30]
17:29:10[[T] 0x0009 ]
17:29:10[[L] 0002 ]
17:29:10[[V] 17]
17:29:10[[T] 0x000A ]
17:29:10[[L] 0010 ]
17:29:10[[V] 00000000000000000]
17:29:10[RX <CMD> EBX <RES> 042]
17:29:10[TX <CMD> EBX]
17:29:10[[BLK1] 044:]
17:29:10[[T] 0x000F ]
17:29:10[[L] 0008 ]
17:29:10[[V] ********]
17:29:10[[T] 0x0003 ]
17:29:10[[L] 0002 ]
17:29:10[[V] 30]
17:29:10[[T] 0x0009 ]
17:29:10[[L] 0002 ]
17:29:10[[V] 18]
17:29:10[[T] 0x000A ]
17:29:10[[L] 0010 ]
17:29:10[[V] 00000000000000000]
17:29:10[RX <CMD> EBX <RES> 000]
17:29:10[[BLK1] 026:]
17:29:10[[T] 0x804E ]
17:29:10[[L] 0008 ]
17:29:10[[V] ********]
17:29:10[[T] 0x804C ]
17:29:10[[L] 000A ]
17:29:10[[V] B7610FB600D]
17:29:10[TX <CMD> EBX]
17:29:10[[BLK1] 044:]
17:29:10[[T] 0x000F ]
17:29:10[[L] 0008 ]
17:29:10[[V] ********]
17:29:10[[T] 0x0003 ]
17:29:10[[L] 0002 ]
17:29:10[[V] 30]
17:29:10[[T] 0x0009 ]
17:29:10[[L] 0002 ]
17:29:10[[V] 19]
17:29:10[[T] 0x000A ]
17:29:10[[L] 0010 ]
17:29:10[[V] 00000000000000000]
17:29:10[RX <CMD> EBX <RES> 000]
17:29:10[[BLK1] 026:]
17:29:10[[T] 0x804E ]
17:29:10[[L] 0008 ]
17:29:10[[V] ********]
17:29:10[[T] 0x804C ]
17:29:10[[L] 000A ]
17:29:10[[V] FFF6094200D]
17:29:10[TX <CMD> EBX]
17:29:10[[BLK1] 044:]
17:29:10[[T] 0x000F ]
17:29:10[[L] 0008 ]
17:29:10[[V] ********]
17:29:10[[T] 0x0003 ]
17:29:10[[L] 0002 ]
17:29:10[[V] 30]
17:29:10[[T] 0x0009 ]
17:29:10[[L] 0002 ]
17:29:10[[V] 20]
17:29:10[[T] 0x000A ]
17:29:10[[L] 0010 ]
17:29:10[[V] 00000000000000000]
17:29:10[RX <CMD> EBX <RES> 000]
17:29:10[[BLK1] 026:]
17:29:10[[T] 0x804E ]
17:29:10[[L] 0008 ]
17:29:10[[V] ********]
17:29:10[[T] 0x804C ]
17:29:10[[L] 000A ]
17:29:10[[V] FFCFB84800D]
17:29:10[TX <CMD> GIX]
17:29:10[[BLK1] 018:]
17:29:10[[T] 0x0001 ]
17:29:10[[L] 000E ]
17:29:10[[V] 808080808080801]
17:29:10[RX <CMD> GIX <RES> 000]
17:29:10[[BLK1] 113:]
17:29:10[[T] 0x8004 ]
17:29:10[[L] 0006 ]
17:29:10[[V] GERTEC]
17:29:10[[T] 0x8003 ]
17:29:10[[L] 000D ]
17:29:10[[V] PPC-930;192MB]
17:29:10[[T] 0x8005 ]
17:29:10[[L] 000A ]
17:29:10[[V] 1200000000]
17:29:10[[T] 0x8006 ]
17:29:10[[L] 0014 ]
17:29:10[[V] 1202.11403.VR0012  @]
17:29:10[[T] 0x8007 ]
17:29:10[[L] 0004 ]
17:29:10[[V] 2.03]
17:29:10[[T] 0x8008 ]
17:29:10[[L] 0010 ]
17:29:10[[V] 001.12 160914   ]
17:29:10[[T] 0x8001 ]
17:29:10[[L] 0010 ]
17:29:10[[V] 7200031906045572]
17:29:41[TX]RMC032  TRANSACAO OK                  
17:29:43[RX]RMC000
17:29:43[TX]{18}
17:29:43[RX]{04}
17:29:43[TX]CLO032** Pay&Go Web ** (c) 2019 SETIS 
17:29:43[RX]{16}
17:29:43[RX]CLO000{17}
17:32:49[TX]{18}
17:32:49[RX]{04}
17:32:49[TX]OPN5230256951B2614256D148E586C384E56395183C13CA15CF1F68A4ECE80E7AC1AAE3335AF804C2D5B7627554E421CFBF38FEFB637DBA275AF5FD58497FF3DECDF95F79F9D7EC6D687FFC6DECE983E52D7E64EB5FE126AE3A1D375B40DCB7881D7ECFBA6EC1A08A7437B1DA60CB9119533E794BC38FA4FDDD122218729389003E422110000711CE6C69081788B3BD2AF18D2E7C37A76300AC3FB23E4107DA72FBC718FDB37291F183C20FA97616A41D4D6591D28EE81C5C8EB89B4936309DE912A8F96ED0E075121E2406BBD9EE2C0AC6BF323D1D5001CF2BD9E56B72FD306E341F99B786697E4794C91FE2AD33EE68E689D917313615D985253EFAC2C968FA46FDDB86B30103E9
17:32:49[RX]OPN000515256069D902C56C7FA70F74B4D2BDAC774C61E7203E047E5D5C8A409BB40E21566AE1DDF595737B2F82CDA45020418E27DC8D0E97DD3D7F2CD9E45F4267669D48738A8D34DA01CB04FC463A0DDDDA2323362A062AC165D2462C94F8F0D4208671E1895F5537C3177AE71E3EE4F12497283F9F84329DD4985480A2999791E6DC7E4E1EAA2A187997A172C5FBECFB71553B5BACBEC233DBADAE0AA10E40D800F43B9EC07A5481E1847CCB5E6790E8AB9C6E61A6EDB67784DDC794406CFF65046356CA75D77282D8BB81A6D0D67A40EAEB5330EB486DDAAA0E13A4730B9746AE295D92525EBB0C2457DE50F6670C278AF036B4B8F2D3C77E68F08699BCC73972F6FBD10
17:32:49[TX]{18}
17:32:49[RX]{04}
17:32:49[TX]CLO032** Pay&Go Web ** (c) 2019 SETIS 
17:32:50[RX]{16}
17:32:50[RX]CLO000{17}
