14:15:16[TX]{18}
14:15:16[RX]{04}
14:15:16[TX]OPN5230256951B2614256D148E586C384E56395183C13CA15CF1F68A4ECE80E7AC1AAE3335AF804C2D5B7627554E421CFBF38FEFB637DBA275AF5FD58497FF3DECDF95F79F9D7EC6D687FFC6DECE983E52D7E64EB5FE126AE3A1D375B40DCB7881D7ECFBA6EC1A08A7437B1DA60CB9119533E794BC38FA4FDDD122218729389003E422110000711CE6C69081788B3BD2AF18D2E7C37A76300AC3FB23E4107DA72FBC718FDB37291F183C20FA97616A41D4D6591D28EE81C5C8EB89B4936309DE912A8F96ED0E075121E2406BBD9EE2C0AC6BF323D1D5001CF2BD9E56B72FD306E341F99B786697E4794C91FE2AD33EE68E689D917313615D985253EFAC2C968FA46FDDB86B30103E9
14:15:16[RX]OPN0005152566BB7E35553F12F0010DA8E24546E8C8D243F2DBB3AA36BF09C6C55BD7951ACE256621CF73253D3A162AFF57555BD5E0A47A965EDA33DDB07F4407A371C07A03A7318BB960A132ADC27482AE20976E0C204EF6F7F1B4B7474D46DC61130FC8AA7DCA6F34AD4965BD5C596D907E14465FE322A06212F479A0E2FADF31A80007B8DFC8176F5D732E7D3F7CC4C19BFCDDAAFF9F11AAC8CF750786F3C8A3CE34A18BE47650486F13FA0D786DFC83CCC191356CC6534F29903E3578605C3246589DEDAA3F29DE86F6CDA8EB1A4747BD6A9FC19CFF3E5403D4B5C3AF51D4BADD028EBF6F91A1B6548C94D31E77F80338DBF00B9D91458022E90D49F8124F28C6C21FEEF
14:15:16[TX]{18}
14:15:16[RX]{04}
14:15:16[TX]CLO032** Pay&Go Web ** (c) 2019 SETIS 
14:15:16[RX]{16}
14:15:16[RX]CLO000{17}
14:15:17[TX]{18}
14:15:17[RX]{04}
14:15:17[TX]OPN5230256951B2614256D148E586C384E56395183C13CA15CF1F68A4ECE80E7AC1AAE3335AF804C2D5B7627554E421CFBF38FEFB637DBA275AF5FD58497FF3DECDF95F79F9D7EC6D687FFC6DECE983E52D7E64EB5FE126AE3A1D375B40DCB7881D7ECFBA6EC1A08A7437B1DA60CB9119533E794BC38FA4FDDD122218729389003E422110000711CE6C69081788B3BD2AF18D2E7C37A76300AC3FB23E4107DA72FBC718FDB37291F183C20FA97616A41D4D6591D28EE81C5C8EB89B4936309DE912A8F96ED0E075121E2406BBD9EE2C0AC6BF323D1D5001CF2BD9E56B72FD306E341F99B786697E4794C91FE2AD33EE68E689D917313615D985253EFAC2C968FA46FDDB86B30103E9
14:15:17[RX]OPN000515256838166C81902B8FDEBFDF6A16D5A864FBE4F0AB8A8CF894062EFF6BD5E5A4143D247D99DF338F1A47EE122A1CD6BF05C3F42D22341D2B1D22DFD9FDF99F31D1F4EE3D232B00EBC3C1967AB1F285E70FED847D938D5762C8CCAA43D731DE5C2B7B2DA400A055F5D6C2FB1DB3FF425477291665EAF28DF870E813E8FABFD210A09DA26ADBDB9C44EE960523D1BFACFD40DC866E2938FF66D64DEF742A1D13ACB6412ADCCDFBFBED64F02F94F79D957CF51F3ED8861351592A6E0FC97BBB5E5FF14CFDE73FA0F684696DFE131607CAC96611A7A898B9FD82F80996C8DB3F8F6D3ACD8BCF638AC8A929FE7657BC8906B3ED7C4F5F0074867D391BE700AA95B1E96EF
14:15:17[TX <CMD> GIX]
14:15:17[[BLK1] 018:]
14:15:17[[T] 0x0001 ]
14:15:17[[L] 000E ]
14:15:17[[V] 808080808080801]
14:15:17[RX <CMD> GIX <RES> 000]
14:15:17[[BLK1] 113:]
14:15:17[[T] 0x8004 ]
14:15:17[[L] 0006 ]
14:15:17[[V] GERTEC]
14:15:17[[T] 0x8003 ]
14:15:17[[L] 000D ]
14:15:17[[V] PPC-930;192MB]
14:15:17[[T] 0x8005 ]
14:15:17[[L] 000A ]
14:15:17[[V] 1200000000]
14:15:17[[T] 0x8006 ]
14:15:17[[L] 0014 ]
14:15:17[[V] 1202.11403.VR0012  @]
14:15:17[[T] 0x8007 ]
14:15:17[[L] 0004 ]
14:15:17[[V] 2.03]
14:15:17[[T] 0x8008 ]
14:15:17[[L] 0010 ]
14:15:17[[V] 001.12 160914   ]
14:15:17[[T] 0x8001 ]
14:15:17[[L] 0010 ]
14:15:17[[V] 7200031906045572]
14:15:34[TX <CMD> GIX]
14:15:34[[BLK1] 018:]
14:15:34[[T] 0x0001 ]
14:15:34[[L] 000E ]
14:15:34[[V] 808080808080801]
14:15:34[RX <CMD> GIX <RES> 000]
14:15:34[[BLK1] 113:]
14:15:34[[T] 0x8004 ]
14:15:34[[L] 0006 ]
14:15:34[[V] GERTEC]
14:15:34[[T] 0x8003 ]
14:15:34[[L] 000D ]
14:15:34[[V] PPC-930;192MB]
14:15:34[[T] 0x8005 ]
14:15:34[[L] 000A ]
14:15:34[[V] 1200000000]
14:15:34[[T] 0x8006 ]
14:15:34[[L] 0014 ]
14:15:34[[V] 1202.11403.VR0012  @]
14:15:34[[T] 0x8007 ]
14:15:34[[L] 0004 ]
14:15:34[[V] 2.03]
14:15:34[[T] 0x8008 ]
14:15:34[[L] 0010 ]
14:15:34[[V] 001.12 160914   ]
14:15:34[[T] 0x8001 ]
14:15:34[[L] 0010 ]
14:15:34[[V] 7200031906045572]
14:15:35[TX]RMC032  TRANSACAO OK                  
14:15:37[RX]RMC000
14:15:37[TX]{18}
14:15:37[RX]{04}
14:15:37[TX]CLO032** Pay&Go Web ** (c) 2019 SETIS 
14:15:37[RX]{16}
14:15:37[RX]CLO000{17}
14:15:40[TX]{18}
14:15:40[RX]{04}
14:15:40[TX]OPN5230256951B2614256D148E586C384E56395183C13CA15CF1F68A4ECE80E7AC1AAE3335AF804C2D5B7627554E421CFBF38FEFB637DBA275AF5FD58497FF3DECDF95F79F9D7EC6D687FFC6DECE983E52D7E64EB5FE126AE3A1D375B40DCB7881D7ECFBA6EC1A08A7437B1DA60CB9119533E794BC38FA4FDDD122218729389003E422110000711CE6C69081788B3BD2AF18D2E7C37A76300AC3FB23E4107DA72FBC718FDB37291F183C20FA97616A41D4D6591D28EE81C5C8EB89B4936309DE912A8F96ED0E075121E2406BBD9EE2C0AC6BF323D1D5001CF2BD9E56B72FD306E341F99B786697E4794C91FE2AD33EE68E689D917313615D985253EFAC2C968FA46FDDB86B30103E9
14:15:41[RX]OPN0005152563DAD9A6DD0EC8DA996059FFFD8C2C11524A4B135735014770F7973ABF3B63F933C58A06327330626A49CD656F1D78A738798BA4F798986491BFA447774D633C32C98CDAFDF7AC908F5686CA89A4EEBC6DB6149FDC90F72708DCAB73121C7749E8CDF59524888CC152F656532F9099488D7725039695C22ABD4DF06CB0D491B5C2C3EDD854777659DA30B01A018A997EDAEF999F56543E58733C6C22A54C2D364D32DCB3B4C58F8B5A47C6F34935694E0AEABC04A8B7C22F11EA720F121DC9EC8DE5EA1BE5CBEEA4E45642F65F84D760E3F3406D7F998D53DC5112AA2D71E4F127FBE600B044739A141B5AE308873C312C5E7B9337C0D30C2323D57DCE0BE8E99
14:15:41[TX <CMD> GIX]
14:15:41[[BLK1] 018:]
14:15:41[[T] 0x0001 ]
14:15:41[[L] 000E ]
14:15:41[[V] 808080808080801]
14:15:41[RX <CMD> GIX <RES> 000]
14:15:41[[BLK1] 113:]
14:15:41[[T] 0x8004 ]
14:15:41[[L] 0006 ]
14:15:41[[V] GERTEC]
14:15:41[[T] 0x8003 ]
14:15:41[[L] 000D ]
14:15:41[[V] PPC-930;192MB]
14:15:41[[T] 0x8005 ]
14:15:41[[L] 000A ]
14:15:41[[V] 1200000000]
14:15:41[[T] 0x8006 ]
14:15:41[[L] 0014 ]
14:15:41[[V] 1202.11403.VR0012  @]
14:15:41[[T] 0x8007 ]
14:15:41[[L] 0004 ]
14:15:41[[V] 2.03]
14:15:41[[T] 0x8008 ]
14:15:41[[L] 0010 ]
14:15:41[[V] 001.12 160914   ]
14:15:41[[T] 0x8001 ]
14:15:41[[L] 0010 ]
14:15:41[[V] 7200031906045572]
14:15:41[TX <CMD> GIX]
14:15:41[[BLK1] 018:]
14:15:41[[T] 0x0001 ]
14:15:41[[L] 000E ]
14:15:41[[V] 808080808080801]
14:15:41[RX <CMD> GIX <RES> 000]
14:15:41[[BLK1] 113:]
14:15:41[[T] 0x8004 ]
14:15:41[[L] 0006 ]
14:15:41[[V] GERTEC]
14:15:41[[T] 0x8003 ]
14:15:41[[L] 000D ]
14:15:41[[V] PPC-930;192MB]
14:15:41[[T] 0x8005 ]
14:15:41[[L] 000A ]
14:15:41[[V] 1200000000]
14:15:41[[T] 0x8006 ]
14:15:41[[L] 0014 ]
14:15:41[[V] 1202.11403.VR0012  @]
14:15:41[[T] 0x8007 ]
14:15:41[[L] 0004 ]
14:15:41[[V] 2.03]
14:15:41[[T] 0x8008 ]
14:15:41[[L] 0010 ]
14:15:41[[V] 001.12 160914   ]
14:15:41[[T] 0x8001 ]
14:15:41[[L] 0010 ]
14:15:41[[V] 7200031906045572]
14:15:59[TX <CMD> GCD]
14:15:59[[BLK1] 021:]
14:15:59[[T] 0x000B ]
14:15:59[[L] 0002 ]
14:15:59[[V] 003]
14:15:59[[T] 0x000D ]
14:15:59[[L] 0001 ]
14:15:59[[V] 01]
14:15:59[[T] 0x000E ]
14:15:59[[L] 0001 ]
14:15:59[[V] 05]
14:15:59[[T] 0x000C ]
14:15:59[[L] 0001 ]
14:15:59[[V] 1E]
14:16:08[RX <CMD> GCD <RES> 000]
14:16:08[[BLK1] 009:]
14:16:08[[T] 0x804D ]
14:16:08[[L] 0005 ]
14:16:08[[V] 12345]
14:16:08[TX]{18}
14:16:08[RX]{04}
14:16:08[TX]CLO032** Pay&Go Web ** (c) 2019 SETIS 
14:16:08[RX]{16}
14:16:08[RX]CLO000{17}
14:16:14[TX]{18}
14:16:14[RX]{04}
14:16:14[TX]OPN5230256951B2614256D148E586C384E56395183C13CA15CF1F68A4ECE80E7AC1AAE3335AF804C2D5B7627554E421CFBF38FEFB637DBA275AF5FD58497FF3DECDF95F79F9D7EC6D687FFC6DECE983E52D7E64EB5FE126AE3A1D375B40DCB7881D7ECFBA6EC1A08A7437B1DA60CB9119533E794BC38FA4FDDD122218729389003E422110000711CE6C69081788B3BD2AF18D2E7C37A76300AC3FB23E4107DA72FBC718FDB37291F183C20FA97616A41D4D6591D28EE81C5C8EB89B4936309DE912A8F96ED0E075121E2406BBD9EE2C0AC6BF323D1D5001CF2BD9E56B72FD306E341F99B786697E4794C91FE2AD33EE68E689D917313615D985253EFAC2C968FA46FDDB86B30103E9
14:16:15[RX]OPN0005152563261D911F71329F7938CBF47D8EBEB4EFC9CEA6F19D87D2A2CA87B97E6CCC606E043E580E3BD343975E9554101AC02B5AAA94826ABE9F156D891426BBD0A119D889CD70193E4AD67C1CE331FD01ABEC286D481CA00108E428FCD9B2FD2A64AA65EF4F2D726A37AF93562E3D0C08F030D684CC8ADFFB382260A7D162E1DD0E520AB2DDD5593F51BF1464186DF035E5DA61C38C96919A33927781BBBEB2A2135D9CA5FA1B00D67BD47072837C56B2991A9745921FEF52769841083B546FB7872096AD25F8D58668A06AC89F7CA7E43C273C1752F3AE09DE9EDB54414C416C9F24564D754E8A8EF47E019AD0D3391BEADB890367FB24DAA523D06CEB88E7FFD07FC
14:16:15[TX <CMD> GIX]
14:16:15[[BLK1] 018:]
14:16:15[[T] 0x0001 ]
14:16:15[[L] 000E ]
14:16:15[[V] 808080808080801]
14:16:15[RX <CMD> GIX <RES> 000]
14:16:15[[BLK1] 113:]
14:16:15[[T] 0x8004 ]
14:16:15[[L] 0006 ]
14:16:15[[V] GERTEC]
14:16:15[[T] 0x8003 ]
14:16:15[[L] 000D ]
14:16:15[[V] PPC-930;192MB]
14:16:15[[T] 0x8005 ]
14:16:15[[L] 000A ]
14:16:15[[V] 1200000000]
14:16:15[[T] 0x8006 ]
14:16:15[[L] 0014 ]
14:16:15[[V] 1202.11403.VR0012  @]
14:16:15[[T] 0x8007 ]
14:16:15[[L] 0004 ]
14:16:15[[V] 2.03]
14:16:15[[T] 0x8008 ]
14:16:15[[L] 0010 ]
14:16:15[[V] 001.12 160914   ]
14:16:15[[T] 0x8001 ]
14:16:15[[L] 0010 ]
14:16:15[[V] 7200031906045572]
14:16:25[TX]{18}
14:16:25[RX]{04}
14:16:25[TX]CLO032** Pay&Go Web ** (c) 2019 SETIS 
14:16:25[RX]{16}
14:16:25[RX]CLO000{17}
