10:23:04[TX]{18}
10:23:04[RX]{04}
10:23:04[TX]OPN5230256951B2614256D148E586C384E56395183C13CA15CF1F68A4ECE80E7AC1AAE3335AF804C2D5B7627554E421CFBF38FEFB637DBA275AF5FD58497FF3DECDF95F79F9D7EC6D687FFC6DECE983E52D7E64EB5FE126AE3A1D375B40DCB7881D7ECFBA6EC1A08A7437B1DA60CB9119533E794BC38FA4FDDD122218729389003E422110000711CE6C69081788B3BD2AF18D2E7C37A76300AC3FB23E4107DA72FBC718FDB37291F183C20FA97616A41D4D6591D28EE81C5C8EB89B4936309DE912A8F96ED0E075121E2406BBD9EE2C0AC6BF323D1D5001CF2BD9E56B72FD306E341F99B786697E4794C91FE2AD33EE68E689D917313615D985253EFAC2C968FA46FDDB86B30103E9
10:23:04[RX]OPN0005152562110F869E593879C5F3DF86E9A85C99D7D3B3F988436B9706383EF6C47850BC9A31C7624CD7189E24753FC9D7120E2EE16C4FA5A975455A2AAA31728D5C0F85271C468F8F365B3E909B8C1CED8FC40F84E19EC380026DD8AE5403C8F223C875A99CEE16D36A6AAA9F17441372E73A9DF766BFA072BD4EEE412D3AD173EFF95A386438E11164355AE71B9E853D290D1DC94611FE1239AB5ED093065D16E036876746B9BFD05470112B1362D7F5C65D536B4ECB3D4DC249C344F4512D045717D306D31FC68AC091C299A6F6C85FBAC3F71C0CDA8677CC28665031596FD1D34C4F204FCE9A5EA0E591DA3844DCE2012F4F6AC3D361E142F580AF9CD0B0445A475F8
10:23:04[TX]{18}
10:23:04[RX]{04}
10:23:04[TX]CLO032** Pay&Go Web ** (c) 2019 SETIS 
10:23:04[RX]{16}
10:23:04[RX]CLO000{17}
10:23:04[TX]{18}
10:23:04[RX]{04}
10:23:04[TX]OPN5230256951B2614256D148E586C384E56395183C13CA15CF1F68A4ECE80E7AC1AAE3335AF804C2D5B7627554E421CFBF38FEFB637DBA275AF5FD58497FF3DECDF95F79F9D7EC6D687FFC6DECE983E52D7E64EB5FE126AE3A1D375B40DCB7881D7ECFBA6EC1A08A7437B1DA60CB9119533E794BC38FA4FDDD122218729389003E422110000711CE6C69081788B3BD2AF18D2E7C37A76300AC3FB23E4107DA72FBC718FDB37291F183C20FA97616A41D4D6591D28EE81C5C8EB89B4936309DE912A8F96ED0E075121E2406BBD9EE2C0AC6BF323D1D5001CF2BD9E56B72FD306E341F99B786697E4794C91FE2AD33EE68E689D917313615D985253EFAC2C968FA46FDDB86B30103E9
10:23:05[RX]OPN0005152568C4748127D4369D40E2755F92EAB387AF3312CC39DF95C5103474BABE906ED2D75FF88ADAACB44F06DD778927A568B024416FA8D86704122E2B9B615AF58635F2DDC82D95F5EE536531413B93682A5FB55E31CB65790BA2376BFA6C37225D319CDCB02BFFC38DA2A9A5E1BA122F2786BDF0137AB0F3CF2ADABDA9D6DCA801CD066DE895918D6185D2C6F74B9F04CFBDEA8641D1253E583A7F00CE2C3C1D81EBB8DEC3CD405EFE8B8B6A1D0B78F69DDEDA50B521BAA750211126E29AAD57099AE03F9DD3AA2DF6F9319924DCC4FE2DE533F14AC57A10181FE635D56E6C6444B2E754002F69880AD6A3A9E706EE0819421B1F289CAF3F5569F19C9A49FA4425910
10:23:05[TX <CMD> GIX]
10:23:05[[BLK1] 018:]
10:23:05[[T] 0x0001 ]
10:23:05[[L] 000E ]
10:23:05[[V] 808080808080801]
10:23:05[RX <CMD> GIX <RES> 000]
10:23:05[[BLK1] 113:]
10:23:05[[T] 0x8004 ]
10:23:05[[L] 0006 ]
10:23:05[[V] GERTEC]
10:23:05[[T] 0x8003 ]
10:23:05[[L] 000D ]
10:23:05[[V] PPC-930;192MB]
10:23:05[[T] 0x8005 ]
10:23:05[[L] 000A ]
10:23:05[[V] 1200000000]
10:23:05[[T] 0x8006 ]
10:23:05[[L] 0014 ]
10:23:05[[V] 1202.11403.VR0012  @]
10:23:05[[T] 0x8007 ]
10:23:05[[L] 0004 ]
10:23:05[[V] 2.03]
10:23:05[[T] 0x8008 ]
10:23:05[[L] 0010 ]
10:23:05[[V] 001.12 160914   ]
10:23:05[[T] 0x8001 ]
10:23:05[[L] 0010 ]
10:23:05[[V] 7200031906045572]
10:23:20[TX <CMD> GIX]
10:23:20[[BLK1] 018:]
10:23:20[[T] 0x0001 ]
10:23:20[[L] 000E ]
10:23:20[[V] 808080808080801]
10:23:20[RX <CMD> GIX <RES> 000]
10:23:20[[BLK1] 113:]
10:23:20[[T] 0x8004 ]
10:23:20[[L] 0006 ]
10:23:20[[V] GERTEC]
10:23:20[[T] 0x8003 ]
10:23:20[[L] 000D ]
10:23:20[[V] PPC-930;192MB]
10:23:20[[T] 0x8005 ]
10:23:20[[L] 000A ]
10:23:20[[V] 1200000000]
10:23:20[[T] 0x8006 ]
10:23:20[[L] 0014 ]
10:23:20[[V] 1202.11403.VR0012  @]
10:23:20[[T] 0x8007 ]
10:23:20[[L] 0004 ]
10:23:20[[V] 2.03]
10:23:20[[T] 0x8008 ]
10:23:20[[L] 0010 ]
10:23:20[[V] 001.12 160914   ]
10:23:20[[T] 0x8001 ]
10:23:20[[L] 0010 ]
10:23:20[[V] 7200031906045572]
10:25:24[TX]RMC032    TRANSACAO       CANCELADA   
10:25:26[RX]RMC000
10:25:26[TX]{18}
10:25:26[RX]{04}
10:25:26[TX]CLO032** Pay&Go Web ** (c) 2019 SETIS 
10:25:26[RX]{16}
10:25:26[RX]CLO000{17}
10:25:32[TX]{18}
10:25:32[RX]{04}
10:25:32[TX]OPN5230256951B2614256D148E586C384E56395183C13CA15CF1F68A4ECE80E7AC1AAE3335AF804C2D5B7627554E421CFBF38FEFB637DBA275AF5FD58497FF3DECDF95F79F9D7EC6D687FFC6DECE983E52D7E64EB5FE126AE3A1D375B40DCB7881D7ECFBA6EC1A08A7437B1DA60CB9119533E794BC38FA4FDDD122218729389003E422110000711CE6C69081788B3BD2AF18D2E7C37A76300AC3FB23E4107DA72FBC718FDB37291F183C20FA97616A41D4D6591D28EE81C5C8EB89B4936309DE912A8F96ED0E075121E2406BBD9EE2C0AC6BF323D1D5001CF2BD9E56B72FD306E341F99B786697E4794C91FE2AD33EE68E689D917313615D985253EFAC2C968FA46FDDB86B30103E9
10:25:32[RX]OPN0005152567142A3147E92F3E04FA7CD7D4FE4CD9D30F89F4510288DBF9F62303713FC6107052F7263374CFBD5A2818DA12501DDD7A0260147CD4D64F72F6C21D895DA6301D13803FAFBD478E03203ADDDD5A1F85B82E4F61DAC4796BA386E57E0F5A6EE336734A8243AA216FB0F9F9BC5AD451273C69783F7616E40B07933F2C277E0BB05EF32AD64E31ACCCDFC0B9CE76F0AD4F8AC38BD5C20FEED19E8B47FB822A60918668DFA94FD939E1D7C05C1721FB3D91DC66C5EC8054442DF4D6152BD803AD63C7B6B7AD06A569C21EACDB65168FD44E3C7228FF061F4C124284C4D485D139463787F2F9325782D257A20EF170138CBB093EC3C428736C056FC817BE1A2BBB7E7
10:25:32[TX <CMD> GIX]
10:25:32[[BLK1] 018:]
10:25:32[[T] 0x0001 ]
10:25:32[[L] 000E ]
10:25:32[[V] 808080808080801]
10:25:32[RX <CMD> GIX <RES> 000]
10:25:32[[BLK1] 113:]
10:25:32[[T] 0x8004 ]
10:25:32[[L] 0006 ]
10:25:32[[V] GERTEC]
10:25:32[[T] 0x8003 ]
10:25:32[[L] 000D ]
10:25:32[[V] PPC-930;192MB]
10:25:32[[T] 0x8005 ]
10:25:32[[L] 000A ]
10:25:32[[V] 1200000000]
10:25:32[[T] 0x8006 ]
10:25:32[[L] 0014 ]
10:25:32[[V] 1202.11403.VR0012  @]
10:25:32[[T] 0x8007 ]
10:25:32[[L] 0004 ]
10:25:32[[V] 2.03]
10:25:32[[T] 0x8008 ]
10:25:32[[L] 0010 ]
10:25:32[[V] 001.12 160914   ]
10:25:32[[T] 0x8001 ]
10:25:32[[L] 0010 ]
10:25:32[[V] 7200031906045572]
10:25:32[TX <CMD> GIX]
10:25:32[[BLK1] 018:]
10:25:32[[T] 0x0001 ]
10:25:32[[L] 000E ]
10:25:32[[V] 808080808080801]
10:25:32[RX <CMD> GIX <RES> 000]
10:25:32[[BLK1] 113:]
10:25:32[[T] 0x8004 ]
10:25:32[[L] 0006 ]
10:25:32[[V] GERTEC]
10:25:32[[T] 0x8003 ]
10:25:32[[L] 000D ]
10:25:32[[V] PPC-930;192MB]
10:25:32[[T] 0x8005 ]
10:25:32[[L] 000A ]
10:25:32[[V] 1200000000]
10:25:32[[T] 0x8006 ]
10:25:32[[L] 0014 ]
10:25:32[[V] 1202.11403.VR0012  @]
10:25:32[[T] 0x8007 ]
10:25:32[[L] 0004 ]
10:25:32[[V] 2.03]
10:25:32[[T] 0x8008 ]
10:25:32[[L] 0010 ]
10:25:32[[V] 001.12 160914   ]
10:25:32[[T] 0x8001 ]
10:25:32[[L] 0010 ]
10:25:32[[V] 7200031906045572]
18:40:56[TX]{18}
18:40:56[RX]{04}
18:40:56[TX]OPN5230256951B2614256D148E586C384E56395183C13CA15CF1F68A4ECE80E7AC1AAE3335AF804C2D5B7627554E421CFBF38FEFB637DBA275AF5FD58497FF3DECDF95F79F9D7EC6D687FFC6DECE983E52D7E64EB5FE126AE3A1D375B40DCB7881D7ECFBA6EC1A08A7437B1DA60CB9119533E794BC38FA4FDDD122218729389003E422110000711CE6C69081788B3BD2AF18D2E7C37A76300AC3FB23E4107DA72FBC718FDB37291F183C20FA97616A41D4D6591D28EE81C5C8EB89B4936309DE912A8F96ED0E075121E2406BBD9EE2C0AC6BF323D1D5001CF2BD9E56B72FD306E341F99B786697E4794C91FE2AD33EE68E689D917313615D985253EFAC2C968FA46FDDB86B30103E9
18:40:56[RX]OPN00051525648B9675EBD453255C3A6D0D492D03394A1EA6EBBC8A394398AC5813C6E37F980D02E7C0CA81A708844FA750AC3C3D738CD1CB88EAF14B3234D0CB4F1ECBB099A4DA923EBC99FC3745A5C7869750B070380CFD042F5AB60873575A381A050DA2EFB09EE2D876D542BB3CCC62F65DDEEB17ACA976ECEF303C6F29E1EF6B2EDA9AAF886EB8CB2B2FE2C057041E2395BEBAE5250F5AEBD410FC896D19ECFEE35B5B71388D430DD535E4DC5D5A55140A4A2BC0F4433AE9D081E343EDC70B8A649E8E7FA4A9FB3FF869C3BC5F82D92AEAB584BF756815B67FEB1FCBBDF2B129E79DF89C0436E6133278D76F0FC09BB069E9259629C0E277A55D9BF4083D4C86C6AAB83
18:40:56[TX]{18}
18:40:56[RX]{04}
18:40:56[TX]CLO032** Pay&Go Web ** (c) 2019 SETIS 
18:40:56[RX]{16}
18:40:56[RX]CLO000{17}
18:40:56[TX]{18}
18:40:56[RX]{04}
18:40:56[TX]OPN5230256951B2614256D148E586C384E56395183C13CA15CF1F68A4ECE80E7AC1AAE3335AF804C2D5B7627554E421CFBF38FEFB637DBA275AF5FD58497FF3DECDF95F79F9D7EC6D687FFC6DECE983E52D7E64EB5FE126AE3A1D375B40DCB7881D7ECFBA6EC1A08A7437B1DA60CB9119533E794BC38FA4FDDD122218729389003E422110000711CE6C69081788B3BD2AF18D2E7C37A76300AC3FB23E4107DA72FBC718FDB37291F183C20FA97616A41D4D6591D28EE81C5C8EB89B4936309DE912A8F96ED0E075121E2406BBD9EE2C0AC6BF323D1D5001CF2BD9E56B72FD306E341F99B786697E4794C91FE2AD33EE68E689D917313615D985253EFAC2C968FA46FDDB86B30103E9
18:40:57[RX]OPN000515256453F4B2BB20E3D7751FAEC65DADF508372AB222D1440382BA37135EC5D7F86B3548C57F7220E167557C49A1B0981CD47D1474F7EFBC30F21CCF7948E43F00C2FEE2DE307F6708498272F9DD5D77E3806BC59102776ABAB7EFED9C55117A4406B74906761C2C240C3EEE7352D8B71644BEC7C7686CA3AB293CCD8D8D2971BE6A0EF0CE9E88531185FC47308998130D926786FA711D47824869C1DDC489A863BC0219EB2382F62913AE1D9D422D33F994FEEA26FCDB9CB80FF761E7368B28663842D60E57FCCFE548D7C18E1541A9EBE7F63742FCF6D4FB6041089EB6DA80606CD30F7ACC8EC82242D360535245A7EA168BFD1998E8D766961A1C715A6D4FA6B8A
18:40:57[TX <CMD> GIX]
18:40:57[[BLK1] 018:]
18:40:57[[T] 0x0001 ]
18:40:57[[L] 000E ]
18:40:57[[V] 808080808080801]
18:40:57[RX <CMD> GIX <RES> 000]
18:40:57[[BLK1] 113:]
18:40:57[[T] 0x8004 ]
18:40:57[[L] 0006 ]
18:40:57[[V] GERTEC]
18:40:57[[T] 0x8003 ]
18:40:57[[L] 000D ]
18:40:57[[V] PPC-930;192MB]
18:40:57[[T] 0x8005 ]
18:40:57[[L] 000A ]
18:40:57[[V] 1200000000]
18:40:57[[T] 0x8006 ]
18:40:57[[L] 0014 ]
18:40:57[[V] 1202.11403.VR0012  @]
18:40:57[[T] 0x8007 ]
18:40:57[[L] 0004 ]
18:40:57[[V] 2.03]
18:40:57[[T] 0x8008 ]
18:40:57[[L] 0010 ]
18:40:57[[V] 001.12 160914   ]
18:40:57[[T] 0x8001 ]
18:40:57[[L] 0010 ]
18:40:57[[V] 7200031906045572]
18:41:40[TX <CMD> GCD]
18:41:40[[BLK1] 021:]
18:41:40[[T] 0x000B ]
18:41:40[[L] 0002 ]
18:41:40[[V] 001]
18:41:40[[T] 0x000D ]
18:41:40[[L] 0001 ]
18:41:40[[V] 01]
18:41:40[[T] 0x000E ]
18:41:40[[L] 0001 ]
18:41:40[[V] 01]
18:41:40[[T] 0x000C ]
18:41:40[[L] 0001 ]
18:41:40[[V] 1E]
18:41:50[RX <CMD> GCD <RES> 000]
18:41:50[[BLK1] 005:]
18:41:50[[T] 0x804D ]
18:41:50[[L] 0001 ]
18:41:50[[V] 5]
18:41:50[TX]{18}
18:41:50[RX]{04}
18:41:50[TX]CLO032** Pay&Go Web ** (c) 2019 SETIS 
18:41:50[RX]{16}
18:41:50[RX]CLO000{17}
18:42:13[TX]{18}
18:42:13[RX]{04}
18:42:13[TX]OPN5230256951B2614256D148E586C384E56395183C13CA15CF1F68A4ECE80E7AC1AAE3335AF804C2D5B7627554E421CFBF38FEFB637DBA275AF5FD58497FF3DECDF95F79F9D7EC6D687FFC6DECE983E52D7E64EB5FE126AE3A1D375B40DCB7881D7ECFBA6EC1A08A7437B1DA60CB9119533E794BC38FA4FDDD122218729389003E422110000711CE6C69081788B3BD2AF18D2E7C37A76300AC3FB23E4107DA72FBC718FDB37291F183C20FA97616A41D4D6591D28EE81C5C8EB89B4936309DE912A8F96ED0E075121E2406BBD9EE2C0AC6BF323D1D5001CF2BD9E56B72FD306E341F99B786697E4794C91FE2AD33EE68E689D917313615D985253EFAC2C968FA46FDDB86B30103E9
18:42:13[RX]OPN0005152562A4035AAFA2F6E4476231C052B5B6A217D4E4BC923B10EC9C0D0E4BB02124310D37717DD74512641070DBDC1BF58953C3D914797ED0A9332F2FD7C118386860843B184FEE5E2B2B75BA8D46F6ED6B80CB667DD1DA885EDA4438DEC977BCB035680FB37A6372D9EF266A04118315B2C0B68FF1B82612059A13B373C65468E48C77887254E42B8DF813298FFDFC71BC5F4698A29F987BA02006D479EE63DAA2423CAC54FA0582668AB0C646243001CB11AEDF8C25FB36B94EF954A696BF3E566EBFCBC484D4716A08AD01A82E430F1C6D6EDF089079FBD8E1E22A8E0000B5B85777DAD93A03B290DB3C1C0EAE9AB8F3430113E97C39174C33C211EEB2DCBD02D2D
18:42:13[TX <CMD> GIX]
18:42:13[[BLK1] 018:]
18:42:13[[T] 0x0001 ]
18:42:13[[L] 000E ]
18:42:13[[V] 808080808080801]
18:42:13[RX <CMD> GIX <RES> 000]
18:42:13[[BLK1] 113:]
18:42:13[[T] 0x8004 ]
18:42:13[[L] 0006 ]
18:42:13[[V] GERTEC]
18:42:13[[T] 0x8003 ]
18:42:13[[L] 000D ]
18:42:13[[V] PPC-930;192MB]
18:42:13[[T] 0x8005 ]
18:42:13[[L] 000A ]
18:42:13[[V] 1200000000]
18:42:13[[T] 0x8006 ]
18:42:13[[L] 0014 ]
18:42:13[[V] 1202.11403.VR0012  @]
18:42:13[[T] 0x8007 ]
18:42:13[[L] 0004 ]
18:42:13[[V] 2.03]
18:42:13[[T] 0x8008 ]
18:42:13[[L] 0010 ]
18:42:13[[V] 001.12 160914   ]
18:42:13[[T] 0x8001 ]
18:42:13[[L] 0010 ]
18:42:13[[V] 7200031906045572]
18:42:15[TX]RMC032  TRANSACAO OK                  
18:42:17[RX]RMC000
18:42:17[TX]{18}
18:42:17[RX]{04}
18:42:17[TX]CLO032** Pay&Go Web ** (c) 2019 SETIS 
18:42:18[RX]{16}
18:42:18[RX]CLO000{17}
18:42:23[TX]{18}
18:42:23[RX]{04}
18:42:23[TX]OPN5230256951B2614256D148E586C384E56395183C13CA15CF1F68A4ECE80E7AC1AAE3335AF804C2D5B7627554E421CFBF38FEFB637DBA275AF5FD58497FF3DECDF95F79F9D7EC6D687FFC6DECE983E52D7E64EB5FE126AE3A1D375B40DCB7881D7ECFBA6EC1A08A7437B1DA60CB9119533E794BC38FA4FDDD122218729389003E422110000711CE6C69081788B3BD2AF18D2E7C37A76300AC3FB23E4107DA72FBC718FDB37291F183C20FA97616A41D4D6591D28EE81C5C8EB89B4936309DE912A8F96ED0E075121E2406BBD9EE2C0AC6BF323D1D5001CF2BD9E56B72FD306E341F99B786697E4794C91FE2AD33EE68E689D917313615D985253EFAC2C968FA46FDDB86B30103E9
18:42:23[RX]OPN00051525683BC9536B39CB2670C6BB10CA29848322AC380B119C4E9B67650243759337D706771B53DC7774BDD104A4F8138BD6592313D47523970953ECB081440B5A37891189653DC55134A7DA1913FBB896E5F25A5A312EE3617DA6162B900CAC1CF7AC4D537354608B73D0713C60D716F9728E6DC0B0CCA09C892D38229A96FA41326E79A3863183DCE26D77C2C148AA19251FD2879B97BADD2F48B0A9CDA2CE0E990A839838875BE247F5678F9D5ABA354FACDB6710ED782244462A023A37F682DE25AA092EC34F7B6CEBFE16610078660B43536254FBA920E6F44AC372F0D8A903E102DC2A531F5BC837D70BD99D0F9F9470FD4B6D63C4D04543FAE1358AFF329D650
18:42:23[TX <CMD> GIX]
18:42:23[[BLK1] 018:]
18:42:23[[T] 0x0001 ]
18:42:23[[L] 000E ]
18:42:23[[V] 808080808080801]
18:42:23[RX <CMD> GIX <RES> 000]
18:42:23[[BLK1] 113:]
18:42:23[[T] 0x8004 ]
18:42:23[[L] 0006 ]
18:42:23[[V] GERTEC]
18:42:23[[T] 0x8003 ]
18:42:23[[L] 000D ]
18:42:23[[V] PPC-930;192MB]
18:42:23[[T] 0x8005 ]
18:42:23[[L] 000A ]
18:42:23[[V] 1200000000]
18:42:23[[T] 0x8006 ]
18:42:23[[L] 0014 ]
18:42:23[[V] 1202.11403.VR0012  @]
18:42:23[[T] 0x8007 ]
18:42:23[[L] 0004 ]
18:42:23[[V] 2.03]
18:42:23[[T] 0x8008 ]
18:42:23[[L] 0010 ]
18:42:23[[V] 001.12 160914   ]
18:42:23[[T] 0x8001 ]
18:42:23[[L] 0010 ]
18:42:23[[V] 7200031906045572]
18:42:23[TX <CMD> GIX]
18:42:23[[BLK1] 018:]
18:42:23[[T] 0x0001 ]
18:42:23[[L] 000E ]
18:42:23[[V] 808080808080801]
18:42:23[RX <CMD> GIX <RES> 000]
18:42:23[[BLK1] 113:]
18:42:23[[T] 0x8004 ]
18:42:23[[L] 0006 ]
18:42:23[[V] GERTEC]
18:42:23[[T] 0x8003 ]
18:42:23[[L] 000D ]
18:42:23[[V] PPC-930;192MB]
18:42:23[[T] 0x8005 ]
18:42:23[[L] 000A ]
18:42:23[[V] 1200000000]
18:42:23[[T] 0x8006 ]
18:42:23[[L] 0014 ]
18:42:23[[V] 1202.11403.VR0012  @]
18:42:23[[T] 0x8007 ]
18:42:23[[L] 0004 ]
18:42:23[[V] 2.03]
18:42:23[[T] 0x8008 ]
18:42:23[[L] 0010 ]
18:42:23[[V] 001.12 160914   ]
18:42:23[[T] 0x8001 ]
18:42:23[[L] 0010 ]
18:42:23[[V] 7200031906045572]
18:43:08[TX <CMD> GCD]
18:43:08[[BLK1] 021:]
18:43:08[[T] 0x000B ]
18:43:08[[L] 0002 ]
18:43:08[[V] 002]
18:43:08[[T] 0x000D ]
18:43:08[[L] 0001 ]
18:43:08[[V] 01]
18:43:08[[T] 0x000E ]
18:43:08[[L] 0001 ]
18:43:08[[V] 02]
18:43:08[[T] 0x000C ]
18:43:08[[L] 0001 ]
18:43:08[[V] 1E]
18:43:17[RX <CMD> GCD <RES> 000]
18:43:17[[BLK1] 006:]
18:43:17[[T] 0x804D ]
18:43:17[[L] 0002 ]
18:43:17[[V] 51]
18:43:17[TX]{18}
18:43:17[RX]{04}
18:43:17[TX]CLO032** Pay&Go Web ** (c) 2019 SETIS 
18:43:18[RX]{16}
18:43:18[RX]CLO000{17}
18:44:02[TX]{18}
18:44:02[RX]{04}
18:44:02[TX]OPN5230256951B2614256D148E586C384E56395183C13CA15CF1F68A4ECE80E7AC1AAE3335AF804C2D5B7627554E421CFBF38FEFB637DBA275AF5FD58497FF3DECDF95F79F9D7EC6D687FFC6DECE983E52D7E64EB5FE126AE3A1D375B40DCB7881D7ECFBA6EC1A08A7437B1DA60CB9119533E794BC38FA4FDDD122218729389003E422110000711CE6C69081788B3BD2AF18D2E7C37A76300AC3FB23E4107DA72FBC718FDB37291F183C20FA97616A41D4D6591D28EE81C5C8EB89B4936309DE912A8F96ED0E075121E2406BBD9EE2C0AC6BF323D1D5001CF2BD9E56B72FD306E341F99B786697E4794C91FE2AD33EE68E689D917313615D985253EFAC2C968FA46FDDB86B30103E9
18:44:03[RX]OPN0005152566BA56D16C8BF729B532F60945CCC82C7704969EB731D84380E4B100E94916A0B33FB83CE8E8FCFE37200887B72ED494F20CC32F7D3B42749D8E19B34009822985AF0BF02CB6942012D49E7E9D43ABEADC4D7CF3E77F01624838B76EBEAF46F2A6BF5E35C2D62069BB4FC68A55F2F4A3FE8721634313B72AC5CF6B9A0F21CB08242903BAC7EA30727D766EB822AD7151E2C2CE49C987C3B5A1DDE37AC88620996F4B9CD6228A03F9A1F4B3581827950C060C1729E88E9CD3973BEA3AC8D01BE31E2B880E90707245208440DE572E23922213C2E9F7B8BFBD2DF5745FD92D289125C3FE265212BD7240F8CF67E696FC2E7E5CDD12C841878277A61E2F92012B8DC
18:44:03[TX <CMD> GCD]
18:44:03[[BLK1] 021:]
18:44:03[[T] 0x000B ]
18:44:03[[L] 0002 ]
18:44:03[[V] 009]
18:44:03[[T] 0x000D ]
18:44:03[[L] 0001 ]
18:44:03[[V] 01]
18:44:03[[T] 0x000E ]
18:44:03[[L] 0001 ]
18:44:03[[V] 08]
18:44:03[[T] 0x000C ]
18:44:03[[L] 0001 ]
18:44:03[[V] 1E]
18:44:21[RX <CMD> GCD <RES> 000]
18:44:21[[BLK1] 012:]
18:44:21[[T] 0x804D ]
18:44:21[[L] 0008 ]
18:44:21[[V] 12345678]
18:44:21[TX]{18}
18:44:21[RX]{04}
18:44:21[TX]CLO032** Pay&Go Web ** (c) 2019 SETIS 
18:44:21[RX]{16}
18:44:21[RX]CLO000{17}
18:46:04[TX]{18}
18:46:04[RX]{04}
18:46:04[TX]OPN5230256951B2614256D148E586C384E56395183C13CA15CF1F68A4ECE80E7AC1AAE3335AF804C2D5B7627554E421CFBF38FEFB637DBA275AF5FD58497FF3DECDF95F79F9D7EC6D687FFC6DECE983E52D7E64EB5FE126AE3A1D375B40DCB7881D7ECFBA6EC1A08A7437B1DA60CB9119533E794BC38FA4FDDD122218729389003E422110000711CE6C69081788B3BD2AF18D2E7C37A76300AC3FB23E4107DA72FBC718FDB37291F183C20FA97616A41D4D6591D28EE81C5C8EB89B4936309DE912A8F96ED0E075121E2406BBD9EE2C0AC6BF323D1D5001CF2BD9E56B72FD306E341F99B786697E4794C91FE2AD33EE68E689D917313615D985253EFAC2C968FA46FDDB86B30103E9
18:46:04[RX]OPN0005152567E7BF7B7A075E2B9DC6173AA3F1206F63937FA341C28500253DEFA0F4E5A68109A59059F595E732AD61AAA4DF3AEDDD225C8307E9094BB50E0257C99416C4E3701A90DD8CC1ADCAF3D7CE7926EF5B5F3CE204D09DCFDA2C3F78C3797F992D21F223407065CCF54433B0D0EB421BCF51760315E274251126CDDA7A1DE9FDEC9E247FEB4559313FE65660940AFB07AA6EF86E86A2D71570BC3849A2F994C9A1972F645C68DAA1A8448394AADB13A57079331133D8AF4BE88C52ED130FE0C5E7BD78AF3DC06F07718358DE847CB35E82F681A12B237551649290883197E18FB3AA1B4A8090509C08A1419968AA1DDFBE89935E60081A89054F950FE3C4AFFC0A814
18:46:04[TX <CMD> GIX]
18:46:04[[BLK1] 018:]
18:46:04[[T] 0x0001 ]
18:46:04[[L] 000E ]
18:46:04[[V] 808080808080801]
18:46:04[RX <CMD> GIX <RES> 000]
18:46:04[[BLK1] 113:]
18:46:04[[T] 0x8004 ]
18:46:04[[L] 0006 ]
18:46:04[[V] GERTEC]
18:46:04[[T] 0x8003 ]
18:46:04[[L] 000D ]
18:46:04[[V] PPC-930;192MB]
18:46:04[[T] 0x8005 ]
18:46:04[[L] 000A ]
18:46:04[[V] 1200000000]
18:46:04[[T] 0x8006 ]
18:46:04[[L] 0014 ]
18:46:04[[V] 1202.11403.VR0012  @]
18:46:04[[T] 0x8007 ]
18:46:04[[L] 0004 ]
18:46:04[[V] 2.03]
18:46:04[[T] 0x8008 ]
18:46:04[[L] 0010 ]
18:46:04[[V] 001.12 160914   ]
18:46:04[[T] 0x8001 ]
18:46:04[[L] 0010 ]
18:46:04[[V] 7200031906045572]
18:46:24[TX]RMC032    TRANSACAO       CANCELADA   
18:46:26[RX]RMC000
18:46:26[TX]{18}
18:46:26[RX]{04}
18:46:26[TX]CLO032** Pay&Go Web ** (c) 2019 SETIS 
18:46:27[RX]{16}
18:46:27[RX]CLO000{17}
18:46:44[TX]{18}
18:46:44[RX]{04}
18:46:44[TX]OPN5230256951B2614256D148E586C384E56395183C13CA15CF1F68A4ECE80E7AC1AAE3335AF804C2D5B7627554E421CFBF38FEFB637DBA275AF5FD58497FF3DECDF95F79F9D7EC6D687FFC6DECE983E52D7E64EB5FE126AE3A1D375B40DCB7881D7ECFBA6EC1A08A7437B1DA60CB9119533E794BC38FA4FDDD122218729389003E422110000711CE6C69081788B3BD2AF18D2E7C37A76300AC3FB23E4107DA72FBC718FDB37291F183C20FA97616A41D4D6591D28EE81C5C8EB89B4936309DE912A8F96ED0E075121E2406BBD9EE2C0AC6BF323D1D5001CF2BD9E56B72FD306E341F99B786697E4794C91FE2AD33EE68E689D917313615D985253EFAC2C968FA46FDDB86B30103E9
18:46:44[RX]OPN00051525650A056BFD213EAE0D1A8996B30E1750A6A3F757F3249A6AA7453BFB2E4345F63614567DF7BA4EB972AB57557B0580B1053D5BB7EBB4E138734B0224D9D04E04F5E9017BA8B217FBDA4C1C32E81EC19BCFC4612CA14BDCAA22F9E7F26D99CE78F66E4E2A0148B27BAE8354B53D63605ACFB584F4109DCF9D75F8C0BC7A3982BC12EC80BBED5BBE6539D0BB447F0921C08E495C728F2C5E641E8A6AB81B7C0219C8D1A57B3F439D863E83FED16B1D9EC41B6D20E9423A412B536D0BF60A0CC4DC181C14B9128FBECD753018021F8BFAA2DBFBC41C21449B709B4B4A64BBC84E2ABEE1A0C82128281D93E38EB0F396ACF3EC9EA428CD39F78646C5A47421164E027
18:46:44[TX <CMD> GIX]
18:46:44[[BLK1] 018:]
18:46:44[[T] 0x0001 ]
18:46:44[[L] 000E ]
18:46:44[[V] 808080808080801]
18:46:44[RX <CMD> GIX <RES> 000]
18:46:44[[BLK1] 113:]
18:46:44[[T] 0x8004 ]
18:46:44[[L] 0006 ]
18:46:44[[V] GERTEC]
18:46:44[[T] 0x8003 ]
18:46:44[[L] 000D ]
18:46:44[[V] PPC-930;192MB]
18:46:44[[T] 0x8005 ]
18:46:44[[L] 000A ]
18:46:44[[V] 1200000000]
18:46:44[[T] 0x8006 ]
18:46:44[[L] 0014 ]
18:46:44[[V] 1202.11403.VR0012  @]
18:46:44[[T] 0x8007 ]
18:46:44[[L] 0004 ]
18:46:44[[V] 2.03]
18:46:44[[T] 0x8008 ]
18:46:44[[L] 0010 ]
18:46:44[[V] 001.12 160914   ]
18:46:44[[T] 0x8001 ]
18:46:44[[L] 0010 ]
18:46:44[[V] 7200031906045572]
18:46:44[TX <CMD> GIX]
18:46:44[[BLK1] 018:]
18:46:44[[T] 0x0001 ]
18:46:44[[L] 000E ]
18:46:44[[V] 808080808080801]
18:46:44[RX <CMD> GIX <RES> 000]
18:46:44[[BLK1] 113:]
18:46:44[[T] 0x8004 ]
18:46:44[[L] 0006 ]
18:46:44[[V] GERTEC]
18:46:44[[T] 0x8003 ]
18:46:44[[L] 000D ]
18:46:44[[V] PPC-930;192MB]
18:46:44[[T] 0x8005 ]
18:46:44[[L] 000A ]
18:46:44[[V] 1200000000]
18:46:44[[T] 0x8006 ]
18:46:44[[L] 0014 ]
18:46:44[[V] 1202.11403.VR0012  @]
18:46:44[[T] 0x8007 ]
18:46:44[[L] 0004 ]
18:46:44[[V] 2.03]
18:46:44[[T] 0x8008 ]
18:46:44[[L] 0010 ]
18:46:44[[V] 001.12 160914   ]
18:46:44[[T] 0x8001 ]
18:46:44[[L] 0010 ]
18:46:44[[V] 7200031906045572]
18:47:54[TX <CMD> GIX]
18:47:54[[BLK1] 018:]
18:47:54[[T] 0x0001 ]
18:47:54[[L] 000E ]
18:47:54[[V] 808080808080801]
18:47:54[RX <CMD> GIX <RES> 000]
18:47:54[[BLK1] 113:]
18:47:54[[T] 0x8004 ]
18:47:54[[L] 0006 ]
18:47:54[[V] GERTEC]
18:47:54[[T] 0x8003 ]
18:47:54[[L] 000D ]
18:47:54[[V] PPC-930;192MB]
18:47:54[[T] 0x8005 ]
18:47:54[[L] 000A ]
18:47:54[[V] 1200000000]
18:47:54[[T] 0x8006 ]
18:47:54[[L] 0014 ]
18:47:54[[V] 1202.11403.VR0012  @]
18:47:54[[T] 0x8007 ]
18:47:54[[L] 0004 ]
18:47:54[[V] 2.03]
18:47:54[[T] 0x8008 ]
18:47:54[[L] 0010 ]
18:47:54[[V] 001.12 160914   ]
18:47:54[[T] 0x8001 ]
18:47:54[[L] 0010 ]
18:47:54[[V] 7200031906045572]
18:48:02[TX]RMC032    TRANSACAO       CANCELADA   
18:48:04[RX]RMC000
18:48:04[TX]{18}
18:48:04[RX]{04}
18:48:04[TX]CLO032** Pay&Go Web ** (c) 2019 SETIS 
18:48:04[RX]{16}
18:48:04[RX]CLO000{17}
18:48:20[TX]{18}
18:48:20[RX]{04}
18:48:20[TX]OPN5230256951B2614256D148E586C384E56395183C13CA15CF1F68A4ECE80E7AC1AAE3335AF804C2D5B7627554E421CFBF38FEFB637DBA275AF5FD58497FF3DECDF95F79F9D7EC6D687FFC6DECE983E52D7E64EB5FE126AE3A1D375B40DCB7881D7ECFBA6EC1A08A7437B1DA60CB9119533E794BC38FA4FDDD122218729389003E422110000711CE6C69081788B3BD2AF18D2E7C37A76300AC3FB23E4107DA72FBC718FDB37291F183C20FA97616A41D4D6591D28EE81C5C8EB89B4936309DE912A8F96ED0E075121E2406BBD9EE2C0AC6BF323D1D5001CF2BD9E56B72FD306E341F99B786697E4794C91FE2AD33EE68E689D917313615D985253EFAC2C968FA46FDDB86B30103E9
18:48:20[RX]OPN00051525692F48EFD3DF24CFBFC7EF5D22BD1706A72D669E7A9DE4BB79B4107B35069653C608D1BD4D49E887A7A0D40D254361471B4F3B9663DD3F42695301C7789B068388DE695ACB0BE77AC82911CC205151A97EC4DFFC21ECE1053B920BBA7E634AA90C990B8CD59395644A2F2A4D46295EFD4FD8C4478358F35616F47C1F7A68D146CE6AA70B61E25E8B3B952732BB0A821696D369D4BEE3512EB81E8BF0AE9FB2CAC375D07BA8057DAC736FA39A733C05D1850E6C83FE3C7F2C706741450A152FA7D8C58641D66B8DF29468C5B7ACC250600ED878543532F24ACD3F4302E056B25959019710AFEE55E4CCADEDE80813785BA832A16F948DB03DF89C998C174872C16
18:48:20[TX <CMD> GIX]
18:48:20[[BLK1] 018:]
18:48:20[[T] 0x0001 ]
18:48:20[[L] 000E ]
18:48:20[[V] 808080808080801]
18:48:20[RX <CMD> GIX <RES> 000]
18:48:20[[BLK1] 113:]
18:48:20[[T] 0x8004 ]
18:48:20[[L] 0006 ]
18:48:20[[V] GERTEC]
18:48:20[[T] 0x8003 ]
18:48:20[[L] 000D ]
18:48:20[[V] PPC-930;192MB]
18:48:20[[T] 0x8005 ]
18:48:20[[L] 000A ]
18:48:20[[V] 1200000000]
18:48:20[[T] 0x8006 ]
18:48:20[[L] 0014 ]
18:48:20[[V] 1202.11403.VR0012  @]
18:48:20[[T] 0x8007 ]
18:48:20[[L] 0004 ]
18:48:20[[V] 2.03]
18:48:20[[T] 0x8008 ]
18:48:20[[L] 0010 ]
18:48:20[[V] 001.12 160914   ]
18:48:20[[T] 0x8001 ]
18:48:20[[L] 0010 ]
18:48:20[[V] 7200031906045572]
18:48:20[TX <CMD> GIX]
18:48:20[[BLK1] 018:]
18:48:20[[T] 0x0001 ]
18:48:20[[L] 000E ]
18:48:20[[V] 808080808080801]
18:48:20[RX <CMD> GIX <RES> 000]
18:48:20[[BLK1] 113:]
18:48:20[[T] 0x8004 ]
18:48:20[[L] 0006 ]
18:48:20[[V] GERTEC]
18:48:20[[T] 0x8003 ]
18:48:20[[L] 000D ]
18:48:20[[V] PPC-930;192MB]
18:48:20[[T] 0x8005 ]
18:48:20[[L] 000A ]
18:48:20[[V] 1200000000]
18:48:20[[T] 0x8006 ]
18:48:20[[L] 0014 ]
18:48:20[[V] 1202.11403.VR0012  @]
18:48:20[[T] 0x8007 ]
18:48:20[[L] 0004 ]
18:48:20[[V] 2.03]
18:48:20[[T] 0x8008 ]
18:48:20[[L] 0010 ]
18:48:20[[V] 001.12 160914   ]
18:48:20[[T] 0x8001 ]
18:48:20[[L] 0010 ]
18:48:20[[V] 7200031906045572]
18:48:30[TX <CMD> GIX]
18:48:30[[BLK1] 018:]
18:48:30[[T] 0x0001 ]
18:48:30[[L] 000E ]
18:48:30[[V] 808080808080801]
18:48:30[RX <CMD> GIX <RES> 000]
18:48:30[[BLK1] 113:]
18:48:30[[T] 0x8004 ]
18:48:30[[L] 0006 ]
18:48:30[[V] GERTEC]
18:48:30[[T] 0x8003 ]
18:48:30[[L] 000D ]
18:48:30[[V] PPC-930;192MB]
18:48:30[[T] 0x8005 ]
18:48:30[[L] 000A ]
18:48:30[[V] 1200000000]
18:48:30[[T] 0x8006 ]
18:48:30[[L] 0014 ]
18:48:30[[V] 1202.11403.VR0012  @]
18:48:30[[T] 0x8007 ]
18:48:30[[L] 0004 ]
18:48:30[[V] 2.03]
18:48:30[[T] 0x8008 ]
18:48:30[[L] 0010 ]
18:48:30[[V] 001.12 160914   ]
18:48:30[[T] 0x8001 ]
18:48:30[[L] 0010 ]
18:48:30[[V] 7200031906045572]
18:48:41[TX]RMC032  TRANSACAO OK                  
18:48:43[RX]RMC000
18:48:43[TX]{18}
18:48:43[RX]{04}
18:48:43[TX]CLO032** Pay&Go Web ** (c) 2019 SETIS 
18:48:43[RX]{16}
18:48:43[RX]CLO000{17}
18:48:47[TX]{18}
18:48:47[RX]{04}
18:48:47[TX]OPN5230256951B2614256D148E586C384E56395183C13CA15CF1F68A4ECE80E7AC1AAE3335AF804C2D5B7627554E421CFBF38FEFB637DBA275AF5FD58497FF3DECDF95F79F9D7EC6D687FFC6DECE983E52D7E64EB5FE126AE3A1D375B40DCB7881D7ECFBA6EC1A08A7437B1DA60CB9119533E794BC38FA4FDDD122218729389003E422110000711CE6C69081788B3BD2AF18D2E7C37A76300AC3FB23E4107DA72FBC718FDB37291F183C20FA97616A41D4D6591D28EE81C5C8EB89B4936309DE912A8F96ED0E075121E2406BBD9EE2C0AC6BF323D1D5001CF2BD9E56B72FD306E341F99B786697E4794C91FE2AD33EE68E689D917313615D985253EFAC2C968FA46FDDB86B30103E9
18:48:48[RX]OPN0005152567526A744D00AF2C43BA2C90CD0A38102A5FD4605EC61119289604C05EF23D7A648EFB6B253AF2D8235AD268EB4FC7C20AF22D5583D23A053EF53AB8C033A930F743E9754CE5F7FB3AF0724A0862AF0F9B22B530E2058A38CF8210A71A11BF4D5038AB4808D933AE6DE227F4830AE3862C1BA6B652DC8DA81EA167BA69F6589C51DF281C7EA25E2723BB6D5EF39C22A00546ED3115B791168AAE0FE9E048F838B9B8E723DE69B14A039182BEEE18042AA1E45EC7F8358E97229AEB522923CDAC5703E947BA2ED6F5FC86DEA866420E58F3A2DEF357CEC169D575E157F90CC8058ED449F61262A34BB0CE768342F3C6F2CE23FD6B94CCBA70B396E29F0165B2C5D
18:48:48[TX <CMD> GIX]
18:48:48[[BLK1] 018:]
18:48:48[[T] 0x0001 ]
18:48:48[[L] 000E ]
18:48:48[[V] 808080808080801]
18:48:48[RX <CMD> GIX <RES> 000]
18:48:48[[BLK1] 113:]
18:48:48[[T] 0x8004 ]
18:48:48[[L] 0006 ]
18:48:48[[V] GERTEC]
18:48:48[[T] 0x8003 ]
18:48:48[[L] 000D ]
18:48:48[[V] PPC-930;192MB]
18:48:48[[T] 0x8005 ]
18:48:48[[L] 000A ]
18:48:48[[V] 1200000000]
18:48:48[[T] 0x8006 ]
18:48:48[[L] 0014 ]
18:48:48[[V] 1202.11403.VR0012  @]
18:48:48[[T] 0x8007 ]
18:48:48[[L] 0004 ]
18:48:48[[V] 2.03]
18:48:48[[T] 0x8008 ]
18:48:48[[L] 0010 ]
18:48:48[[V] 001.12 160914   ]
18:48:48[[T] 0x8001 ]
18:48:48[[L] 0010 ]
18:48:48[[V] 7200031906045572]
18:48:48[TX <CMD> GIX]
18:48:48[[BLK1] 018:]
18:48:48[[T] 0x0001 ]
18:48:48[[L] 000E ]
18:48:48[[V] 808080808080801]
18:48:48[RX <CMD> GIX <RES> 000]
18:48:48[[BLK1] 113:]
18:48:48[[T] 0x8004 ]
18:48:48[[L] 0006 ]
18:48:48[[V] GERTEC]
18:48:48[[T] 0x8003 ]
18:48:48[[L] 000D ]
18:48:48[[V] PPC-930;192MB]
18:48:48[[T] 0x8005 ]
18:48:48[[L] 000A ]
18:48:48[[V] 1200000000]
18:48:48[[T] 0x8006 ]
18:48:48[[L] 0014 ]
18:48:48[[V] 1202.11403.VR0012  @]
18:48:48[[T] 0x8007 ]
18:48:48[[L] 0004 ]
18:48:48[[V] 2.03]
18:48:48[[T] 0x8008 ]
18:48:48[[L] 0010 ]
18:48:48[[V] 001.12 160914   ]
18:48:48[[T] 0x8001 ]
18:48:48[[L] 0010 ]
18:48:48[[V] 7200031906045572]
19:01:18[TX]{18}
19:01:18[RX]{04}
19:01:18[TX]CLO032** Pay&Go Web ** (c) 2019 SETIS 
19:01:19[RX]{16}
19:01:19[RX]CLO000{17}
