14:54:36[TX]{18}
14:54:36[RX]{04}
14:54:36[TX]OPN5230256951B2614256D148E586C384E56395183C13CA15CF1F68A4ECE80E7AC1AAE3335AF804C2D5B7627554E421CFBF38FEFB637DBA275AF5FD58497FF3DECDF95F79F9D7EC6D687FFC6DECE983E52D7E64EB5FE126AE3A1D375B40DCB7881D7ECFBA6EC1A08A7437B1DA60CB9119533E794BC38FA4FDDD122218729389003E422110000711CE6C69081788B3BD2AF18D2E7C37A76300AC3FB23E4107DA72FBC718FDB37291F183C20FA97616A41D4D6591D28EE81C5C8EB89B4936309DE912A8F96ED0E075121E2406BBD9EE2C0AC6BF323D1D5001CF2BD9E56B72FD306E341F99B786697E4794C91FE2AD33EE68E689D917313615D985253EFAC2C968FA46FDDB86B30103E9
14:54:36[RX]OPN0005152568BE3637C75504947205769082BF923E0D35E51D4C14FD1B22295FB5F9E31826AAD9E8B497496D1919CE336D363B962F4DDEA094D8CF479640C729306AA7CB18A12364654A623C61EF0FF4E9BEBC42ABD49732A23302D5C3B73802142DE52C15964A86D2118232794939C15144C75D778A3BADE5B4C985506A66FAAF921E3A22B1806BE9694AD4F36B2A800EC12CB10B69E79696DD481DAB9B2EB45A63E653E726B1F68DC96A217B8815CADFE89605CCF4F7D650671309A97B8D27558DCE2CB80ABEF380C614C94BF91A7D1CD11A5F9A0762D2B3402817B080B870AC0EFCB48AC91FAFF00CF23A4E0CEF6CFBA66DFEFD867B13ABC8323B98B545248A0383F5C8E
14:54:36[TX <CMD> GIX]
14:54:36[[BLK1] 018:]
14:54:36[[T] 0x0001 ]
14:54:36[[L] 000E ]
14:54:36[[V] 808080808080801]
14:54:36[RX <CMD> GIX <RES> 000]
14:54:36[[BLK1] 113:]
14:54:36[[T] 0x8004 ]
14:54:36[[L] 0006 ]
14:54:36[[V] GERTEC]
14:54:36[[T] 0x8003 ]
14:54:36[[L] 000D ]
14:54:36[[V] PPC-930;192MB]
14:54:36[[T] 0x8005 ]
14:54:36[[L] 000A ]
14:54:36[[V] 1200000000]
14:54:36[[T] 0x8006 ]
14:54:36[[L] 0014 ]
14:54:36[[V] 1202.11403.VR0012  @]
14:54:36[[T] 0x8007 ]
14:54:36[[L] 0004 ]
14:54:36[[V] 2.03]
14:54:36[[T] 0x8008 ]
14:54:36[[L] 0010 ]
14:54:36[[V] 001.12 160914   ]
14:54:36[[T] 0x8001 ]
14:54:36[[L] 0010 ]
14:54:36[[V] 7200031906045572]
14:54:37[TX]RMC032  TRANSACAO OK                  
14:54:39[RX]RMC000
14:54:39[TX]{18}
14:54:39[RX]{04}
14:54:39[TX]CLO032** Pay&Go Web ** (c) 2019 SETIS 
14:54:39[RX]{16}
14:54:39[RX]CLO000{17}
14:54:53[TX]{18}
14:54:53[RX]{04}
14:54:53[TX]OPN5230256951B2614256D148E586C384E56395183C13CA15CF1F68A4ECE80E7AC1AAE3335AF804C2D5B7627554E421CFBF38FEFB637DBA275AF5FD58497FF3DECDF95F79F9D7EC6D687FFC6DECE983E52D7E64EB5FE126AE3A1D375B40DCB7881D7ECFBA6EC1A08A7437B1DA60CB9119533E794BC38FA4FDDD122218729389003E422110000711CE6C69081788B3BD2AF18D2E7C37A76300AC3FB23E4107DA72FBC718FDB37291F183C20FA97616A41D4D6591D28EE81C5C8EB89B4936309DE912A8F96ED0E075121E2406BBD9EE2C0AC6BF323D1D5001CF2BD9E56B72FD306E341F99B786697E4794C91FE2AD33EE68E689D917313615D985253EFAC2C968FA46FDDB86B30103E9
14:54:54[RX]OPN00051525635FD6A7B1812A14FA94BA2B1959BD001D65DB7BD32F4571E5C414536DAAACDEF802E2E99DC1ACE7825010551816AB065EE988C2919A9D4DF57D371D8983043A06DD3591F3E8FD1E97430A14E3E49C6798D20A405C6293FC6066D1E60DBF83EF738CA8B8F9249EDA0DD8AC1B5ED7A366851E4BFBFAEB985C60A1168259072E3A795D6DEAE2F8A02C5C3E2B5B804AF23ECBC31132D5C2E2DD60E2D8AF7D67BE72435144B6C4DE4140914BE259E98A50DEDDFD1985A12F5083C7BDF5E24DA42A3932BCD9302B866068306BC38171B3664B9F6376AEA747A2041BA13F08D85C7DC5486EFEFDA1A68D60CC8FB8E50C882A1F56739459C5FE738B884B4F840F1CA474C
14:54:54[TX <CMD> GIX]
14:54:54[[BLK1] 018:]
14:54:54[[T] 0x0001 ]
14:54:54[[L] 000E ]
14:54:54[[V] 808080808080801]
14:54:54[RX <CMD> GIX <RES> 000]
14:54:54[[BLK1] 113:]
14:54:54[[T] 0x8004 ]
14:54:54[[L] 0006 ]
14:54:54[[V] GERTEC]
14:54:54[[T] 0x8003 ]
14:54:54[[L] 000D ]
14:54:54[[V] PPC-930;192MB]
14:54:54[[T] 0x8005 ]
14:54:54[[L] 000A ]
14:54:54[[V] 1200000000]
14:54:54[[T] 0x8006 ]
14:54:54[[L] 0014 ]
14:54:54[[V] 1202.11403.VR0012  @]
14:54:54[[T] 0x8007 ]
14:54:54[[L] 0004 ]
14:54:54[[V] 2.03]
14:54:54[[T] 0x8008 ]
14:54:54[[L] 0010 ]
14:54:54[[V] 001.12 160914   ]
14:54:54[[T] 0x8001 ]
14:54:54[[L] 0010 ]
14:54:54[[V] 7200031906045572]
14:54:54[TX <CMD> GIX]
14:54:54[[BLK1] 018:]
14:54:54[[T] 0x0001 ]
14:54:54[[L] 000E ]
14:54:54[[V] 808080808080801]
14:54:54[RX <CMD> GIX <RES> 000]
14:54:54[[BLK1] 113:]
14:54:54[[T] 0x8004 ]
14:54:54[[L] 0006 ]
14:54:54[[V] GERTEC]
14:54:54[[T] 0x8003 ]
14:54:54[[L] 000D ]
14:54:54[[V] PPC-930;192MB]
14:54:54[[T] 0x8005 ]
14:54:54[[L] 000A ]
14:54:54[[V] 1200000000]
14:54:54[[T] 0x8006 ]
14:54:54[[L] 0014 ]
14:54:54[[V] 1202.11403.VR0012  @]
14:54:54[[T] 0x8007 ]
14:54:54[[L] 0004 ]
14:54:54[[V] 2.03]
14:54:54[[T] 0x8008 ]
14:54:54[[L] 0010 ]
14:54:54[[V] 001.12 160914   ]
14:54:54[[T] 0x8001 ]
14:54:54[[L] 0010 ]
14:54:54[[V] 7200031906045572]
14:55:21[TX <CMD> GIX]
14:55:21[[BLK1] 018:]
14:55:21[[T] 0x0001 ]
14:55:21[[L] 000E ]
14:55:21[[V] 808080808080801]
14:55:21[RX <CMD> GIX <RES> 000]
14:55:21[[BLK1] 113:]
14:55:21[[T] 0x8004 ]
14:55:21[[L] 0006 ]
14:55:21[[V] GERTEC]
14:55:21[[T] 0x8003 ]
14:55:21[[L] 000D ]
14:55:21[[V] PPC-930;192MB]
14:55:21[[T] 0x8005 ]
14:55:21[[L] 000A ]
14:55:21[[V] 1200000000]
14:55:21[[T] 0x8006 ]
14:55:21[[L] 0014 ]
14:55:21[[V] 1202.11403.VR0012  @]
14:55:21[[T] 0x8007 ]
14:55:21[[L] 0004 ]
14:55:21[[V] 2.03]
14:55:21[[T] 0x8008 ]
14:55:21[[L] 0010 ]
14:55:21[[V] 001.12 160914   ]
14:55:21[[T] 0x8001 ]
14:55:21[[L] 0010 ]
14:55:21[[V] 7200031906045572]
14:55:23[TX <CMD> GIX]
14:55:23[[BLK1] 018:]
14:55:23[[T] 0x0001 ]
14:55:23[[L] 000E ]
14:55:23[[V] 808080808080801]
14:55:23[RX <CMD> GIX <RES> 000]
14:55:23[[BLK1] 113:]
14:55:23[[T] 0x8004 ]
14:55:23[[L] 0006 ]
14:55:23[[V] GERTEC]
14:55:23[[T] 0x8003 ]
14:55:23[[L] 000D ]
14:55:23[[V] PPC-930;192MB]
14:55:23[[T] 0x8005 ]
14:55:23[[L] 000A ]
14:55:23[[V] 1200000000]
14:55:23[[T] 0x8006 ]
14:55:23[[L] 0014 ]
14:55:23[[V] 1202.11403.VR0012  @]
14:55:23[[T] 0x8007 ]
14:55:23[[L] 0004 ]
14:55:23[[V] 2.03]
14:55:23[[T] 0x8008 ]
14:55:23[[L] 0010 ]
14:55:23[[V] 001.12 160914   ]
14:55:23[[T] 0x8001 ]
14:55:23[[L] 0010 ]
14:55:23[[V] 7200031906045572]
14:55:23[TX <CMD> GIX]
14:55:23[[BLK1] 018:]
14:55:23[[T] 0x0001 ]
14:55:23[[L] 000E ]
14:55:23[[V] 808080808080801]
14:55:23[RX <CMD> GIX <RES> 000]
14:55:23[[BLK1] 113:]
14:55:23[[T] 0x8004 ]
14:55:23[[L] 0006 ]
14:55:23[[V] GERTEC]
14:55:23[[T] 0x8003 ]
14:55:23[[L] 000D ]
14:55:23[[V] PPC-930;192MB]
14:55:23[[T] 0x8005 ]
14:55:23[[L] 000A ]
14:55:23[[V] 1200000000]
14:55:23[[T] 0x8006 ]
14:55:23[[L] 0014 ]
14:55:23[[V] 1202.11403.VR0012  @]
14:55:23[[T] 0x8007 ]
14:55:23[[L] 0004 ]
14:55:23[[V] 2.03]
14:55:23[[T] 0x8008 ]
14:55:23[[L] 0010 ]
14:55:23[[V] 001.12 160914   ]
14:55:23[[T] 0x8001 ]
14:55:23[[L] 0010 ]
14:55:23[[V] 7200031906045572]
14:56:42[TX <CMD> GIX]
14:56:42[[BLK1] 018:]
14:56:42[[T] 0x0001 ]
14:56:42[[L] 000E ]
14:56:42[[V] 808080808080801]
14:56:42[RX <CMD> GIX <RES> 000]
14:56:42[[BLK1] 113:]
14:56:42[[T] 0x8004 ]
14:56:42[[L] 0006 ]
14:56:42[[V] GERTEC]
14:56:42[[T] 0x8003 ]
14:56:42[[L] 000D ]
14:56:42[[V] PPC-930;192MB]
14:56:42[[T] 0x8005 ]
14:56:42[[L] 000A ]
14:56:42[[V] 1200000000]
14:56:42[[T] 0x8006 ]
14:56:42[[L] 0014 ]
14:56:42[[V] 1202.11403.VR0012  @]
14:56:42[[T] 0x8007 ]
14:56:42[[L] 0004 ]
14:56:42[[V] 2.03]
14:56:42[[T] 0x8008 ]
14:56:42[[L] 0010 ]
14:56:42[[V] 001.12 160914   ]
14:56:42[[T] 0x8001 ]
14:56:42[[L] 0010 ]
14:56:42[[V] 7200031906045572]
14:57:13[TX]RMC032  TRANSACAO OK                  
14:57:15[RX]RMC000
14:57:15[TX]{18}
14:57:16[RX]{04}
14:57:16[TX]CLO032** Pay&Go Web ** (c) 2019 SETIS 
14:57:16[RX]{16}
14:57:16[RX]CLO000{17}
14:57:28[TX]{18}
14:57:28[RX]{04}
14:57:28[TX]OPN5230256951B2614256D148E586C384E56395183C13CA15CF1F68A4ECE80E7AC1AAE3335AF804C2D5B7627554E421CFBF38FEFB637DBA275AF5FD58497FF3DECDF95F79F9D7EC6D687FFC6DECE983E52D7E64EB5FE126AE3A1D375B40DCB7881D7ECFBA6EC1A08A7437B1DA60CB9119533E794BC38FA4FDDD122218729389003E422110000711CE6C69081788B3BD2AF18D2E7C37A76300AC3FB23E4107DA72FBC718FDB37291F183C20FA97616A41D4D6591D28EE81C5C8EB89B4936309DE912A8F96ED0E075121E2406BBD9EE2C0AC6BF323D1D5001CF2BD9E56B72FD306E341F99B786697E4794C91FE2AD33EE68E689D917313615D985253EFAC2C968FA46FDDB86B30103E9
14:57:29[RX]OPN0005152564F666D869699E69625E9A0C7EADC9E71681B353A8555351B991909DD8B4A328B7784A0B15923FABF7023AE954A55D67BC1149F99EE50A59C98AF428B3CFD11C234FC6BBE43043C57B0DFE6087392E54A9D5008E2EFF31D1C9847BE7EC62B852851F73F826B5F344B8BF4EE5A87EF5953773EF1FF4E3C2530742DF59938EB083FF4D07F061AC5B116B871BE788A55F3A30F356613AEA0A9F5FB9CD83E4A9F20C48FC637577C0FFB4F9CDCEA8A8EDBEB9E36A5CCC408753265B43B98AC21AA1218FA7F8732FB0A66F25AB293AD22CBC0C6F4EA3305BB9D2BE65A21A1CEF2185D175B850B1E83E1FB1899BCDB7AE79B72EDDA11E84C29430749F3B34DDB2ED99ECB
14:57:29[TX <CMD> GIX]
14:57:29[[BLK1] 018:]
14:57:29[[T] 0x0001 ]
14:57:29[[L] 000E ]
14:57:29[[V] 808080808080801]
14:57:29[RX <CMD> GIX <RES> 000]
14:57:29[[BLK1] 113:]
14:57:29[[T] 0x8004 ]
14:57:29[[L] 0006 ]
14:57:29[[V] GERTEC]
14:57:29[[T] 0x8003 ]
14:57:29[[L] 000D ]
14:57:29[[V] PPC-930;192MB]
14:57:29[[T] 0x8005 ]
14:57:29[[L] 000A ]
14:57:29[[V] 1200000000]
14:57:29[[T] 0x8006 ]
14:57:29[[L] 0014 ]
14:57:29[[V] 1202.11403.VR0012  @]
14:57:29[[T] 0x8007 ]
14:57:29[[L] 0004 ]
14:57:29[[V] 2.03]
14:57:29[[T] 0x8008 ]
14:57:29[[L] 0010 ]
14:57:29[[V] 001.12 160914   ]
14:57:29[[T] 0x8001 ]
14:57:29[[L] 0010 ]
14:57:29[[V] 7200031906045572]
14:57:29[TX <CMD> GIX]
14:57:29[[BLK1] 018:]
14:57:29[[T] 0x0001 ]
14:57:29[[L] 000E ]
14:57:29[[V] 808080808080801]
14:57:29[RX <CMD> GIX <RES> 000]
14:57:29[[BLK1] 113:]
14:57:29[[T] 0x8004 ]
14:57:29[[L] 0006 ]
14:57:29[[V] GERTEC]
14:57:29[[T] 0x8003 ]
14:57:29[[L] 000D ]
14:57:29[[V] PPC-930;192MB]
14:57:29[[T] 0x8005 ]
14:57:29[[L] 000A ]
14:57:29[[V] 1200000000]
14:57:29[[T] 0x8006 ]
14:57:29[[L] 0014 ]
14:57:29[[V] 1202.11403.VR0012  @]
14:57:29[[T] 0x8007 ]
14:57:29[[L] 0004 ]
14:57:29[[V] 2.03]
14:57:29[[T] 0x8008 ]
14:57:29[[L] 0010 ]
14:57:29[[V] 001.12 160914   ]
14:57:29[[T] 0x8001 ]
14:57:29[[L] 0010 ]
14:57:29[[V] 7200031906045572]
14:57:52[TX <CMD> GIX]
14:57:52[[BLK1] 018:]
14:57:52[[T] 0x0001 ]
14:57:52[[L] 000E ]
14:57:52[[V] 808080808080801]
14:57:52[RX <CMD> GIX <RES> 000]
14:57:52[[BLK1] 113:]
14:57:52[[T] 0x8004 ]
14:57:52[[L] 0006 ]
14:57:52[[V] GERTEC]
14:57:52[[T] 0x8003 ]
14:57:52[[L] 000D ]
14:57:52[[V] PPC-930;192MB]
14:57:52[[T] 0x8005 ]
14:57:52[[L] 000A ]
14:57:52[[V] 1200000000]
14:57:52[[T] 0x8006 ]
14:57:52[[L] 0014 ]
14:57:52[[V] 1202.11403.VR0012  @]
14:57:52[[T] 0x8007 ]
14:57:52[[L] 0004 ]
14:57:52[[V] 2.03]
14:57:52[[T] 0x8008 ]
14:57:52[[L] 0010 ]
14:57:52[[V] 001.12 160914   ]
14:57:52[[T] 0x8001 ]
14:57:52[[L] 0010 ]
14:57:52[[V] 7200031906045572]
14:58:08[TX]RMC032  TRANSACAO OK                  
14:58:10[RX]RMC000
14:58:11[TX <CMD> GIX]
14:58:11[[BLK1] 018:]
14:58:11[[T] 0x0001 ]
14:58:11[[L] 000E ]
14:58:11[[V] 808080808080801]
14:58:11[RX <CMD> GIX <RES> 000]
14:58:11[[BLK1] 113:]
14:58:11[[T] 0x8004 ]
14:58:11[[L] 0006 ]
14:58:11[[V] GERTEC]
14:58:11[[T] 0x8003 ]
14:58:11[[L] 000D ]
14:58:11[[V] PPC-930;192MB]
14:58:11[[T] 0x8005 ]
14:58:11[[L] 000A ]
14:58:11[[V] 1200000000]
14:58:11[[T] 0x8006 ]
14:58:11[[L] 0014 ]
14:58:11[[V] 1202.11403.VR0012  @]
14:58:11[[T] 0x8007 ]
14:58:11[[L] 0004 ]
14:58:11[[V] 2.03]
14:58:11[[T] 0x8008 ]
14:58:11[[L] 0010 ]
14:58:11[[V] 001.12 160914   ]
14:58:11[[T] 0x8001 ]
14:58:11[[L] 0010 ]
14:58:11[[V] 7200031906045572]
14:58:11[TX <CMD> GIX]
14:58:11[[BLK1] 018:]
14:58:11[[T] 0x0001 ]
14:58:11[[L] 000E ]
14:58:11[[V] 808080808080801]
14:58:11[RX <CMD> GIX <RES> 000]
14:58:11[[BLK1] 113:]
14:58:11[[T] 0x8004 ]
14:58:11[[L] 0006 ]
14:58:11[[V] GERTEC]
14:58:11[[T] 0x8003 ]
14:58:11[[L] 000D ]
14:58:11[[V] PPC-930;192MB]
14:58:11[[T] 0x8005 ]
14:58:11[[L] 000A ]
14:58:11[[V] 1200000000]
14:58:11[[T] 0x8006 ]
14:58:11[[L] 0014 ]
14:58:11[[V] 1202.11403.VR0012  @]
14:58:11[[T] 0x8007 ]
14:58:11[[L] 0004 ]
14:58:11[[V] 2.03]
14:58:11[[T] 0x8008 ]
14:58:11[[L] 0010 ]
14:58:11[[V] 001.12 160914   ]
14:58:11[[T] 0x8001 ]
14:58:11[[L] 0010 ]
14:58:11[[V] 7200031906045572]
14:58:11[TX]{18}
14:58:11[RX]{04}
14:58:11[TX]CLO032** Pay&Go Web ** (c) 2019 SETIS 
14:58:12[RX]{16}
14:58:12[RX]CLO000{17}
14:58:13[TX]{18}
14:58:13[RX]{04}
14:58:13[TX]OPN5230256951B2614256D148E586C384E56395183C13CA15CF1F68A4ECE80E7AC1AAE3335AF804C2D5B7627554E421CFBF38FEFB637DBA275AF5FD58497FF3DECDF95F79F9D7EC6D687FFC6DECE983E52D7E64EB5FE126AE3A1D375B40DCB7881D7ECFBA6EC1A08A7437B1DA60CB9119533E794BC38FA4FDDD122218729389003E422110000711CE6C69081788B3BD2AF18D2E7C37A76300AC3FB23E4107DA72FBC718FDB37291F183C20FA97616A41D4D6591D28EE81C5C8EB89B4936309DE912A8F96ED0E075121E2406BBD9EE2C0AC6BF323D1D5001CF2BD9E56B72FD306E341F99B786697E4794C91FE2AD33EE68E689D917313615D985253EFAC2C968FA46FDDB86B30103E9
14:58:14[RX]OPN0005152567CBFF09CD6DAF595436B59A48C870C80BC0EC8ABE2F035F38CC48E58EA914D4B6F22A8D5D1BC157B502807287C53CB1D1DEA7D44C9AC57BE0F6A0B0B10D8DDDAC75D25FB288D934885AA162F147BF79F113D4A24B9C99B9BD6410978AB0E8DC5BE9370F0B619C0BE8748D684790BE3880C8916840094C8F63212853DFFBC94BA45805ED4A515D979E4D01F4DE991A23A4C3E9D49130F7E90E3FD71C4EBAB4A0677CC3DE79472A7F4C87619EAD1160D771452EAB0BBE88A76A1FA4854F248802EB2CC274DA7E0DADCF1F7E2B2CA4D7D986F96D99C5B578BCDE6A02BE757498A779A316126075F27C58324DF0B50EBA1C0CE0469BBAB5126A0312A4B9F3DE7E99B
14:58:14[TX <CMD> GIX]
14:58:14[[BLK1] 018:]
14:58:14[[T] 0x0001 ]
14:58:14[[L] 000E ]
14:58:14[[V] 808080808080801]
14:58:14[RX <CMD> GIX <RES> 000]
14:58:14[[BLK1] 113:]
14:58:14[[T] 0x8004 ]
14:58:14[[L] 0006 ]
14:58:14[[V] GERTEC]
14:58:14[[T] 0x8003 ]
14:58:14[[L] 000D ]
14:58:14[[V] PPC-930;192MB]
14:58:14[[T] 0x8005 ]
14:58:14[[L] 000A ]
14:58:14[[V] 1200000000]
14:58:14[[T] 0x8006 ]
14:58:14[[L] 0014 ]
14:58:14[[V] 1202.11403.VR0012  @]
14:58:14[[T] 0x8007 ]
14:58:14[[L] 0004 ]
14:58:14[[V] 2.03]
14:58:14[[T] 0x8008 ]
14:58:14[[L] 0010 ]
14:58:14[[V] 001.12 160914   ]
14:58:14[[T] 0x8001 ]
14:58:14[[L] 0010 ]
14:58:14[[V] 7200031906045572]
14:58:14[TX <CMD> GIX]
14:58:14[[BLK1] 018:]
14:58:14[[T] 0x0001 ]
14:58:14[[L] 000E ]
14:58:14[[V] 808080808080801]
14:58:14[RX <CMD> GIX <RES> 000]
14:58:14[[BLK1] 113:]
14:58:14[[T] 0x8004 ]
14:58:14[[L] 0006 ]
14:58:14[[V] GERTEC]
14:58:14[[T] 0x8003 ]
14:58:14[[L] 000D ]
14:58:14[[V] PPC-930;192MB]
14:58:14[[T] 0x8005 ]
14:58:14[[L] 000A ]
14:58:14[[V] 1200000000]
14:58:14[[T] 0x8006 ]
14:58:14[[L] 0014 ]
14:58:14[[V] 1202.11403.VR0012  @]
14:58:14[[T] 0x8007 ]
14:58:14[[L] 0004 ]
14:58:14[[V] 2.03]
14:58:14[[T] 0x8008 ]
14:58:14[[L] 0010 ]
14:58:14[[V] 001.12 160914   ]
14:58:14[[T] 0x8001 ]
14:58:14[[L] 0010 ]
14:58:14[[V] 7200031906045572]
14:58:20[TX <CMD> GIX]
14:58:20[[BLK1] 018:]
14:58:20[[T] 0x0001 ]
14:58:20[[L] 000E ]
14:58:20[[V] 808080808080801]
14:58:20[RX <CMD> GIX <RES> 000]
14:58:20[[BLK1] 113:]
14:58:20[[T] 0x8004 ]
14:58:20[[L] 0006 ]
14:58:20[[V] GERTEC]
14:58:20[[T] 0x8003 ]
14:58:20[[L] 000D ]
14:58:20[[V] PPC-930;192MB]
14:58:20[[T] 0x8005 ]
14:58:20[[L] 000A ]
14:58:20[[V] 1200000000]
14:58:20[[T] 0x8006 ]
14:58:20[[L] 0014 ]
14:58:20[[V] 1202.11403.VR0012  @]
14:58:20[[T] 0x8007 ]
14:58:20[[L] 0004 ]
14:58:20[[V] 2.03]
14:58:20[[T] 0x8008 ]
14:58:20[[L] 0010 ]
14:58:20[[V] 001.12 160914   ]
14:58:20[[T] 0x8001 ]
14:58:20[[L] 0010 ]
14:58:20[[V] 7200031906045572]
14:58:20[TX]{18}
14:58:20[RX]{04}
14:58:20[TX]CLO032** Pay&Go Web ** (c) 2019 SETIS 
14:58:21[RX]{16}
14:58:21[RX]CLO000{17}
15:08:13[TX]{18}
15:08:13[RX]{04}
15:08:13[TX]OPN5230256951B2614256D148E586C384E56395183C13CA15CF1F68A4ECE80E7AC1AAE3335AF804C2D5B7627554E421CFBF38FEFB637DBA275AF5FD58497FF3DECDF95F79F9D7EC6D687FFC6DECE983E52D7E64EB5FE126AE3A1D375B40DCB7881D7ECFBA6EC1A08A7437B1DA60CB9119533E794BC38FA4FDDD122218729389003E422110000711CE6C69081788B3BD2AF18D2E7C37A76300AC3FB23E4107DA72FBC718FDB37291F183C20FA97616A41D4D6591D28EE81C5C8EB89B4936309DE912A8F96ED0E075121E2406BBD9EE2C0AC6BF323D1D5001CF2BD9E56B72FD306E341F99B786697E4794C91FE2AD33EE68E689D917313615D985253EFAC2C968FA46FDDB86B30103E9
15:08:13[RX]OPN0005152568FA2326ACC952BAFBCC1BEBAD119840B7CB21232CCBCBF03D22921C17B6B6688BA22F0E5A247724B7D65B3F769F4984A6264D000702FAD737451EF586F1641763F5DA83BC862A5C82C68110AA8DB7C93A71CC1978745240CF46A3DB1DBA93AC200A1737868844DCF201A10C506B211548F4D44E1C0C2B5E5AEB4A965FFC0DA02D24E16C9E0E9D441B45937DEB59149C63688B6024BDB2B3F6F173802B19E0B6FAB34B575F26244FD9A431507144BFFAFD036EA631B527D4BB6FE244F51F5BBF75DB857C7E33E0A0CAE0597338750A9C33C999309E8ABD90D48CCFCFCA18D210A8906E267934180AE7B9D0C2B0875AE4A59B7A29681C4ABE3F1DCC84679D1E4CB
15:08:13[TX]{18}
15:08:13[RX]{04}
15:08:13[TX]CLO032** Pay&Go Web ** (c) 2019 SETIS 
15:08:14[RX]{16}
15:08:14[RX]CLO000{17}
15:08:14[TX]{18}
15:08:14[RX]{04}
15:08:14[TX]OPN5230256951B2614256D148E586C384E56395183C13CA15CF1F68A4ECE80E7AC1AAE3335AF804C2D5B7627554E421CFBF38FEFB637DBA275AF5FD58497FF3DECDF95F79F9D7EC6D687FFC6DECE983E52D7E64EB5FE126AE3A1D375B40DCB7881D7ECFBA6EC1A08A7437B1DA60CB9119533E794BC38FA4FDDD122218729389003E422110000711CE6C69081788B3BD2AF18D2E7C37A76300AC3FB23E4107DA72FBC718FDB37291F183C20FA97616A41D4D6591D28EE81C5C8EB89B4936309DE912A8F96ED0E075121E2406BBD9EE2C0AC6BF323D1D5001CF2BD9E56B72FD306E341F99B786697E4794C91FE2AD33EE68E689D917313615D985253EFAC2C968FA46FDDB86B30103E9
15:08:14[RX]OPN0005152562AC49BA2B1DE471BAE4704752A41D9904DCAA4789A6297CFC96B728EAB7A48E7D3B0220C44EA5B7ACE6A13ED46E9E6DEEDFB90AF58201521E8F3DCD7424E01F36BDE5B513925C9D6A7C6A4918850464E7141C2973AD10C2C76B15BF71DC5542D095DE8B5E201162E2394221B621CD3D4778AC1F299B533F2ED108B47C7135FBF3A5E875FE5293790D45AFEE6D84B1BAC7F8E34D332257BF0AD4F0B24DFF1DDAD4962AA8CE56EF5428736B37FCC06A644715583C73DA0F684DC894CD525FCFA77792FA61868C60F06B330E7E5CC6B7360AB35E72992507CD6EB28207E9007D6707A00AE1CAACC5B76FAE7E1677341609031556972DC88C30E288F2853442A0B72
15:08:14[TX <CMD> GIX]
15:08:14[[BLK1] 018:]
15:08:14[[T] 0x0001 ]
15:08:14[[L] 000E ]
15:08:14[[V] 808080808080801]
15:08:14[RX <CMD> GIX <RES> 000]
15:08:14[[BLK1] 113:]
15:08:14[[T] 0x8004 ]
15:08:14[[L] 0006 ]
15:08:14[[V] GERTEC]
15:08:14[[T] 0x8003 ]
15:08:14[[L] 000D ]
15:08:14[[V] PPC-930;192MB]
15:08:14[[T] 0x8005 ]
15:08:14[[L] 000A ]
15:08:14[[V] 1200000000]
15:08:14[[T] 0x8006 ]
15:08:14[[L] 0014 ]
15:08:14[[V] 1202.11403.VR0012  @]
15:08:14[[T] 0x8007 ]
15:08:14[[L] 0004 ]
15:08:14[[V] 2.03]
15:08:14[[T] 0x8008 ]
15:08:14[[L] 0010 ]
15:08:14[[V] 001.12 160914   ]
15:08:14[[T] 0x8001 ]
15:08:14[[L] 0010 ]
15:08:14[[V] 7200031906045572]
15:08:36[TX <CMD> GCD]
15:08:36[[BLK1] 021:]
15:08:36[[T] 0x000B ]
15:08:36[[L] 0002 ]
15:08:36[[V] 004]
15:08:36[[T] 0x000D ]
15:08:36[[L] 0001 ]
15:08:36[[V] 01]
15:08:36[[T] 0x000E ]
15:08:36[[L] 0001 ]
15:08:36[[V] 08]
15:08:36[[T] 0x000C ]
15:08:36[[L] 0001 ]
15:08:36[[V] 1E]
15:08:43[RX <CMD> GCD <RES> 000]
15:08:43[[BLK1] 012:]
15:08:43[[T] 0x804D ]
15:08:43[[L] 0008 ]
15:08:43[[V] 11111111]
15:08:43[TX]{18}
15:08:43[RX]{04}
15:08:43[TX]CLO032** Pay&Go Web ** (c) 2019 SETIS 
15:08:44[RX]{16}
15:08:44[RX]CLO000{17}
15:08:47[TX]{18}
15:08:47[RX]{04}
15:08:47[TX]OPN5230256951B2614256D148E586C384E56395183C13CA15CF1F68A4ECE80E7AC1AAE3335AF804C2D5B7627554E421CFBF38FEFB637DBA275AF5FD58497FF3DECDF95F79F9D7EC6D687FFC6DECE983E52D7E64EB5FE126AE3A1D375B40DCB7881D7ECFBA6EC1A08A7437B1DA60CB9119533E794BC38FA4FDDD122218729389003E422110000711CE6C69081788B3BD2AF18D2E7C37A76300AC3FB23E4107DA72FBC718FDB37291F183C20FA97616A41D4D6591D28EE81C5C8EB89B4936309DE912A8F96ED0E075121E2406BBD9EE2C0AC6BF323D1D5001CF2BD9E56B72FD306E341F99B786697E4794C91FE2AD33EE68E689D917313615D985253EFAC2C968FA46FDDB86B30103E9
15:08:48[RX]OPN0005152560BBAD1B6EB66D9D7A30379DC0B39D6CA078FE17320A81447593755CD9DD03B066129BE30FC3BA79F856345FECDE9A725B0DEF60B57BC058455CBB67FBEFF810EE4D483FAEDE724A49D9C1837A9A13787AED6BC0423F2489B0CF2BC2E70FF22A022DDB3ADBA988CFC2565963299A666968A7A51590873226B2726FD08E484EEADFF857C3A2C4EAC801CCD9280FF0FE4EB2E09DC260F2DD85E49A19EFF3B52F9F1F1B1E144F04EB42E2A0C827EAF3E68FC9CAC15D01207CABBB7A69D1A7F0F4A587D80224D706272A3B77A97B9613607A65EE4EA8DDBB7493415D4992671934862E3DE9A2FB3F8EAAFF3DFA986441AB05DADE5AA449A04FBD46C186723BE8B0B39
15:08:48[TX <CMD> GIX]
15:08:48[[BLK1] 018:]
15:08:48[[T] 0x0001 ]
15:08:48[[L] 000E ]
15:08:48[[V] 808080808080801]
15:08:48[RX <CMD> GIX <RES> 000]
15:08:48[[BLK1] 113:]
15:08:48[[T] 0x8004 ]
15:08:48[[L] 0006 ]
15:08:48[[V] GERTEC]
15:08:48[[T] 0x8003 ]
15:08:48[[L] 000D ]
15:08:48[[V] PPC-930;192MB]
15:08:48[[T] 0x8005 ]
15:08:48[[L] 000A ]
15:08:48[[V] 1200000000]
15:08:48[[T] 0x8006 ]
15:08:48[[L] 0014 ]
15:08:48[[V] 1202.11403.VR0012  @]
15:08:48[[T] 0x8007 ]
15:08:48[[L] 0004 ]
15:08:48[[V] 2.03]
15:08:48[[T] 0x8008 ]
15:08:48[[L] 0010 ]
15:08:48[[V] 001.12 160914   ]
15:08:48[[T] 0x8001 ]
15:08:48[[L] 0010 ]
15:08:48[[V] 7200031906045572]
15:09:06[TX]{18}
15:09:06[RX]{04}
15:09:06[TX]CLO032** Pay&Go Web ** (c) 2019 SETIS 
15:09:06[RX]{16}
15:09:06[RX]CLO000{17}
18:05:19[TX]{18}
18:05:19[RX]{04}
18:05:19[TX]OPN5230256951B2614256D148E586C384E56395183C13CA15CF1F68A4ECE80E7AC1AAE3335AF804C2D5B7627554E421CFBF38FEFB637DBA275AF5FD58497FF3DECDF95F79F9D7EC6D687FFC6DECE983E52D7E64EB5FE126AE3A1D375B40DCB7881D7ECFBA6EC1A08A7437B1DA60CB9119533E794BC38FA4FDDD122218729389003E422110000711CE6C69081788B3BD2AF18D2E7C37A76300AC3FB23E4107DA72FBC718FDB37291F183C20FA97616A41D4D6591D28EE81C5C8EB89B4936309DE912A8F96ED0E075121E2406BBD9EE2C0AC6BF323D1D5001CF2BD9E56B72FD306E341F99B786697E4794C91FE2AD33EE68E689D917313615D985253EFAC2C968FA46FDDB86B30103E9
18:05:19[RX]OPN0005152566AE0E6825A2D6D3E50E196F8E7688D1BD908366B9C1D9C154C102910C2178BDDECD26B0A7548B1F5BA9FB5C6A89E326F2262C29CE2435B5684B37C1F20934574C124DEEA14FBAA9EFBC39015D087BA6E70069CC70BFB61EC75B0059D4A3BC2DF81461AEF9AB98FAE7DB602A69BBCF8ECE6E1210271F2D2784244285C0696A8D467DF25F1EF314EE89EBDCD93B7A2227EF6ABD21454954FCB157AF724640D595FF00AD3B977A7EE9665697409C2F28DD589E2913A708982150B269D372406D50EFA2F21C0E4A2E9B4B1EAE1081DD12D83145ED6CAD0A10D633333BDD69DAB71AA3A59DE37021499B56B5D2E1E6AD6D6AB912FCCB45D4629E532F8D4722BB998CC
18:05:19[TX]{18}
18:05:19[RX]{04}
18:05:19[TX]CLO032** Pay&Go Web ** (c) 2019 SETIS 
18:05:19[RX]{16}
18:05:19[RX]CLO000{17}
18:05:19[TX]{18}
18:05:19[RX]{04}
18:05:19[TX]OPN5230256951B2614256D148E586C384E56395183C13CA15CF1F68A4ECE80E7AC1AAE3335AF804C2D5B7627554E421CFBF38FEFB637DBA275AF5FD58497FF3DECDF95F79F9D7EC6D687FFC6DECE983E52D7E64EB5FE126AE3A1D375B40DCB7881D7ECFBA6EC1A08A7437B1DA60CB9119533E794BC38FA4FDDD122218729389003E422110000711CE6C69081788B3BD2AF18D2E7C37A76300AC3FB23E4107DA72FBC718FDB37291F183C20FA97616A41D4D6591D28EE81C5C8EB89B4936309DE912A8F96ED0E075121E2406BBD9EE2C0AC6BF323D1D5001CF2BD9E56B72FD306E341F99B786697E4794C91FE2AD33EE68E689D917313615D985253EFAC2C968FA46FDDB86B30103E9
18:05:19[RX]OPN0005152566710A996C2FDC5B6CC7E020D8523354D41F7EB89A558EBF7ED769895D7AD017F2B14A8002DE19399D64B85FB24FC8001694864298A5ABA0929FD77EC90834F6B5D619AA26B74A11A351EE60EFA924757FEB78FBBEC9E2BC862E8CB7F17121C5F2451BCDF44456E1AABA50F953568B1B0C38BA613448A6F41C20A5A27C5D267D03D976B6AB7D835A21FBD48D5CE28207DFAE239022E6D1AEBB135CFB465668858249EB5E6F7BBBC0D54CDDA3BC00554E887535FB9934AAFC917022027625B327ACBFF06A0EBD5290B0AD8AB406E9186BFF78ED3239265B3293F17997CE2208A3ABCDF239D2613C695A931E5B0BF817D4944F99A32C3C1632F87C7633AC843374E
18:05:19[TX <CMD> GIX]
18:05:19[[BLK1] 018:]
18:05:19[[T] 0x0001 ]
18:05:19[[L] 000E ]
18:05:19[[V] 808080808080801]
18:05:20[RX <CMD> GIX <RES> 000]
18:05:20[[BLK1] 113:]
18:05:20[[T] 0x8004 ]
18:05:20[[L] 0006 ]
18:05:20[[V] GERTEC]
18:05:20[[T] 0x8003 ]
18:05:20[[L] 000D ]
18:05:20[[V] PPC-930;192MB]
18:05:20[[T] 0x8005 ]
18:05:20[[L] 000A ]
18:05:20[[V] 1200000000]
18:05:20[[T] 0x8006 ]
18:05:20[[L] 0014 ]
18:05:20[[V] 1202.11403.VR0012  @]
18:05:20[[T] 0x8007 ]
18:05:20[[L] 0004 ]
18:05:20[[V] 2.03]
18:05:20[[T] 0x8008 ]
18:05:20[[L] 0010 ]
18:05:20[[V] 001.12 160914   ]
18:05:20[[T] 0x8001 ]
18:05:20[[L] 0010 ]
18:05:20[[V] 7200031906045572]
18:05:36[TX <CMD> GCD]
18:05:36[[BLK1] 021:]
18:05:36[[T] 0x000B ]
18:05:36[[L] 0002 ]
18:05:36[[V] 002]
18:05:36[[T] 0x000D ]
18:05:36[[L] 0001 ]
18:05:36[[V] 01]
18:05:36[[T] 0x000E ]
18:05:36[[L] 0001 ]
18:05:36[[V] 09]
18:05:36[[T] 0x000C ]
18:05:36[[L] 0001 ]
18:05:36[[V] 1E]
18:05:43[RX <CMD> GCD <RES> 000]
18:05:43[[BLK1] 013:]
18:05:43[[T] 0x804D ]
18:05:43[[L] 0009 ]
18:05:43[[V] 123456789]
18:05:43[TX]{18}
18:05:43[RX]{04}
18:05:43[TX]CLO032** Pay&Go Web ** (c) 2019 SETIS 
18:05:43[RX]{16}
18:05:43[RX]CLO000{17}
18:05:46[TX]{18}
18:05:46[RX]{04}
18:05:46[TX]OPN5230256951B2614256D148E586C384E56395183C13CA15CF1F68A4ECE80E7AC1AAE3335AF804C2D5B7627554E421CFBF38FEFB637DBA275AF5FD58497FF3DECDF95F79F9D7EC6D687FFC6DECE983E52D7E64EB5FE126AE3A1D375B40DCB7881D7ECFBA6EC1A08A7437B1DA60CB9119533E794BC38FA4FDDD122218729389003E422110000711CE6C69081788B3BD2AF18D2E7C37A76300AC3FB23E4107DA72FBC718FDB37291F183C20FA97616A41D4D6591D28EE81C5C8EB89B4936309DE912A8F96ED0E075121E2406BBD9EE2C0AC6BF323D1D5001CF2BD9E56B72FD306E341F99B786697E4794C91FE2AD33EE68E689D917313615D985253EFAC2C968FA46FDDB86B30103E9
18:05:46[RX]OPN0005152563A83FDDECF37D4F733ADD7605643EA1B21C4071422C1B36372A436A996708440EC9695E26183F9AB8A4F83711453FF68C25C112506D8E43AA50D7310444F083E3DC4D107B336A50A5F6EF6293808A7B5A8A0C8EE31C4D8903ED866B5A5274C044DBE468B3EDDF62AB49CE7BE55846C9D2FA8A68E3AAB5196EF1040F5058AD64DBCD8D1DB6A511622225958EF81EC03F5EB9105FE3E2CDAB60E51EC8FAA8833E134BCBDC63949EEAFDF99EDBC4F76CD083AEF1168F8431D7A1D18F830AE89C57254F255E9494C680A0D2C1CA0C41A77AAF3A2E4E9C31CD59C4B35607722240E5BD3D963F1BF9AA18790292F15D660F6A148ADBD9A4041B0D6C037F08002A736E0
18:05:46[TX <CMD> GIX]
18:05:46[[BLK1] 018:]
18:05:46[[T] 0x0001 ]
18:05:46[[L] 000E ]
18:05:46[[V] 808080808080801]
18:05:46[RX <CMD> GIX <RES> 000]
18:05:46[[BLK1] 113:]
18:05:46[[T] 0x8004 ]
18:05:46[[L] 0006 ]
18:05:46[[V] GERTEC]
18:05:46[[T] 0x8003 ]
18:05:46[[L] 000D ]
18:05:46[[V] PPC-930;192MB]
18:05:46[[T] 0x8005 ]
18:05:46[[L] 000A ]
18:05:46[[V] 1200000000]
18:05:46[[T] 0x8006 ]
18:05:46[[L] 0014 ]
18:05:46[[V] 1202.11403.VR0012  @]
18:05:46[[T] 0x8007 ]
18:05:46[[L] 0004 ]
18:05:46[[V] 2.03]
18:05:46[[T] 0x8008 ]
18:05:46[[L] 0010 ]
18:05:46[[V] 001.12 160914   ]
18:05:46[[T] 0x8001 ]
18:05:46[[L] 0010 ]
18:05:46[[V] 7200031906045572]
18:06:03[TX <CMD> GIX]
18:06:03[[BLK1] 018:]
18:06:03[[T] 0x0001 ]
18:06:03[[L] 000E ]
18:06:03[[V] 808080808080801]
18:06:03[RX <CMD> GIX <RES> 000]
18:06:03[[BLK1] 113:]
18:06:03[[T] 0x8004 ]
18:06:03[[L] 0006 ]
18:06:03[[V] GERTEC]
18:06:03[[T] 0x8003 ]
18:06:03[[L] 000D ]
18:06:03[[V] PPC-930;192MB]
18:06:03[[T] 0x8005 ]
18:06:03[[L] 000A ]
18:06:03[[V] 1200000000]
18:06:03[[T] 0x8006 ]
18:06:03[[L] 0014 ]
18:06:03[[V] 1202.11403.VR0012  @]
18:06:03[[T] 0x8007 ]
18:06:03[[L] 0004 ]
18:06:03[[V] 2.03]
18:06:03[[T] 0x8008 ]
18:06:03[[L] 0010 ]
18:06:03[[V] 001.12 160914   ]
18:06:03[[T] 0x8001 ]
18:06:03[[L] 0010 ]
18:06:03[[V] 7200031906045572]
18:06:03[TX]RMC032  TRANSACAO OK                  
18:06:05[RX]RMC000
18:06:05[TX]{18}
18:06:05[RX]{04}
18:06:05[TX]CLO032** Pay&Go Web ** (c) 2019 SETIS 
18:06:06[RX]{16}
18:06:06[RX]CLO000{17}
18:06:08[TX]{18}
18:06:08[RX]{04}
18:06:08[TX]OPN5230256951B2614256D148E586C384E56395183C13CA15CF1F68A4ECE80E7AC1AAE3335AF804C2D5B7627554E421CFBF38FEFB637DBA275AF5FD58497FF3DECDF95F79F9D7EC6D687FFC6DECE983E52D7E64EB5FE126AE3A1D375B40DCB7881D7ECFBA6EC1A08A7437B1DA60CB9119533E794BC38FA4FDDD122218729389003E422110000711CE6C69081788B3BD2AF18D2E7C37A76300AC3FB23E4107DA72FBC718FDB37291F183C20FA97616A41D4D6591D28EE81C5C8EB89B4936309DE912A8F96ED0E075121E2406BBD9EE2C0AC6BF323D1D5001CF2BD9E56B72FD306E341F99B786697E4794C91FE2AD33EE68E689D917313615D985253EFAC2C968FA46FDDB86B30103E9
18:06:08[RX]OPN0005152561F49B8D1FC432D7E6072E3CEA408FFFD6F64E6828F2C70B5A40773F9B2901656DC20E6DACCBB23AE347EE26BFA2287DF7D64DA60FD7F593E7A8F3A0A302929091645A919CAB2425CF52094DB30E2CB4A13A348476B56D4C62FAFE9B97C5FE14BACE4DEBE3E101DCB2A828C94C52BCE7BE1A373B90FB4E892E8C9C2A2887A94058B266CCFF81CFFB48931ED1978DF6138F1F99EA7F0A1AB1D66307AB58BFB2410C8B64E73FE93CB14B3FE3BF7A0D5C7C4965057E9A3E52F735C98E07A264E597CF2C0948D33B2F8E135E82453ED5FDC13CE6B5F5E0B0992321F9232227B34E9A2F2697DEBCF77D79D2EDE372C2C4FDE8FDEC530861ADFDE3589855EE9AB072267
18:06:08[TX <CMD> GIX]
18:06:08[[BLK1] 018:]
18:06:08[[T] 0x0001 ]
18:06:08[[L] 000E ]
18:06:08[[V] 808080808080801]
18:06:08[RX <CMD> GIX <RES> 000]
18:06:08[[BLK1] 113:]
18:06:08[[T] 0x8004 ]
18:06:08[[L] 0006 ]
18:06:08[[V] GERTEC]
18:06:08[[T] 0x8003 ]
18:06:08[[L] 000D ]
18:06:08[[V] PPC-930;192MB]
18:06:08[[T] 0x8005 ]
18:06:08[[L] 000A ]
18:06:08[[V] 1200000000]
18:06:08[[T] 0x8006 ]
18:06:08[[L] 0014 ]
18:06:08[[V] 1202.11403.VR0012  @]
18:06:08[[T] 0x8007 ]
18:06:08[[L] 0004 ]
18:06:08[[V] 2.03]
18:06:08[[T] 0x8008 ]
18:06:08[[L] 0010 ]
18:06:08[[V] 001.12 160914   ]
18:06:08[[T] 0x8001 ]
18:06:08[[L] 0010 ]
18:06:08[[V] 7200031906045572]
18:06:08[TX <CMD> GIX]
18:06:08[[BLK1] 018:]
18:06:08[[T] 0x0001 ]
18:06:08[[L] 000E ]
18:06:08[[V] 808080808080801]
18:06:08[RX <CMD> GIX <RES> 000]
18:06:08[[BLK1] 113:]
18:06:08[[T] 0x8004 ]
18:06:08[[L] 0006 ]
18:06:08[[V] GERTEC]
18:06:08[[T] 0x8003 ]
18:06:08[[L] 000D ]
18:06:08[[V] PPC-930;192MB]
18:06:08[[T] 0x8005 ]
18:06:08[[L] 000A ]
18:06:08[[V] 1200000000]
18:06:08[[T] 0x8006 ]
18:06:08[[L] 0014 ]
18:06:08[[V] 1202.11403.VR0012  @]
18:06:08[[T] 0x8007 ]
18:06:08[[L] 0004 ]
18:06:08[[V] 2.03]
18:06:08[[T] 0x8008 ]
18:06:08[[L] 0010 ]
18:06:08[[V] 001.12 160914   ]
18:06:08[[T] 0x8001 ]
18:06:08[[L] 0010 ]
18:06:08[[V] 7200031906045572]
18:06:36[TX <CMD> GIX]
18:06:36[[BLK1] 018:]
18:06:36[[T] 0x0001 ]
18:06:36[[L] 000E ]
18:06:36[[V] 808080808080801]
18:06:36[RX <CMD> GIX <RES> 000]
18:06:36[[BLK1] 113:]
18:06:36[[T] 0x8004 ]
18:06:36[[L] 0006 ]
18:06:36[[V] GERTEC]
18:06:36[[T] 0x8003 ]
18:06:36[[L] 000D ]
18:06:36[[V] PPC-930;192MB]
18:06:36[[T] 0x8005 ]
18:06:36[[L] 000A ]
18:06:36[[V] 1200000000]
18:06:36[[T] 0x8006 ]
18:06:36[[L] 0014 ]
18:06:36[[V] 1202.11403.VR0012  @]
18:06:36[[T] 0x8007 ]
18:06:36[[L] 0004 ]
18:06:36[[V] 2.03]
18:06:36[[T] 0x8008 ]
18:06:36[[L] 0010 ]
18:06:36[[V] 001.12 160914   ]
18:06:36[[T] 0x8001 ]
18:06:36[[L] 0010 ]
18:06:36[[V] 7200031906045572]
18:06:39[TX <CMD> GIX]
18:06:39[[BLK1] 018:]
18:06:39[[T] 0x0001 ]
18:06:39[[L] 000E ]
18:06:39[[V] 808080808080801]
18:06:39[RX <CMD> GIX <RES> 000]
18:06:39[[BLK1] 113:]
18:06:39[[T] 0x8004 ]
18:06:39[[L] 0006 ]
18:06:39[[V] GERTEC]
18:06:39[[T] 0x8003 ]
18:06:39[[L] 000D ]
18:06:39[[V] PPC-930;192MB]
18:06:39[[T] 0x8005 ]
18:06:39[[L] 000A ]
18:06:39[[V] 1200000000]
18:06:39[[T] 0x8006 ]
18:06:39[[L] 0014 ]
18:06:39[[V] 1202.11403.VR0012  @]
18:06:39[[T] 0x8007 ]
18:06:39[[L] 0004 ]
18:06:39[[V] 2.03]
18:06:39[[T] 0x8008 ]
18:06:39[[L] 0010 ]
18:06:39[[V] 001.12 160914   ]
18:06:39[[T] 0x8001 ]
18:06:39[[L] 0010 ]
18:06:39[[V] 7200031906045572]
18:06:39[TX <CMD> GIX]
18:06:39[[BLK1] 018:]
18:06:39[[T] 0x0001 ]
18:06:39[[L] 000E ]
18:06:39[[V] 808080808080801]
18:06:39[RX <CMD> GIX <RES> 000]
18:06:39[[BLK1] 113:]
18:06:39[[T] 0x8004 ]
18:06:39[[L] 0006 ]
18:06:39[[V] GERTEC]
18:06:39[[T] 0x8003 ]
18:06:39[[L] 000D ]
18:06:39[[V] PPC-930;192MB]
18:06:39[[T] 0x8005 ]
18:06:39[[L] 000A ]
18:06:39[[V] 1200000000]
18:06:39[[T] 0x8006 ]
18:06:39[[L] 0014 ]
18:06:39[[V] 1202.11403.VR0012  @]
18:06:39[[T] 0x8007 ]
18:06:39[[L] 0004 ]
18:06:39[[V] 2.03]
18:06:39[[T] 0x8008 ]
18:06:39[[L] 0010 ]
18:06:39[[V] 001.12 160914   ]
18:06:39[[T] 0x8001 ]
18:06:39[[L] 0010 ]
18:06:39[[V] 7200031906045572]
18:07:34[TX <CMD> GIX]
18:07:34[[BLK1] 018:]
18:07:34[[T] 0x0001 ]
18:07:34[[L] 000E ]
18:07:34[[V] 808080808080801]
18:07:34[RX <CMD> GIX <RES> 000]
18:07:34[[BLK1] 113:]
18:07:34[[T] 0x8004 ]
18:07:34[[L] 0006 ]
18:07:34[[V] GERTEC]
18:07:34[[T] 0x8003 ]
18:07:34[[L] 000D ]
18:07:34[[V] PPC-930;192MB]
18:07:34[[T] 0x8005 ]
18:07:34[[L] 000A ]
18:07:34[[V] 1200000000]
18:07:34[[T] 0x8006 ]
18:07:34[[L] 0014 ]
18:07:34[[V] 1202.11403.VR0012  @]
18:07:34[[T] 0x8007 ]
18:07:34[[L] 0004 ]
18:07:34[[V] 2.03]
18:07:34[[T] 0x8008 ]
18:07:34[[L] 0010 ]
18:07:34[[V] 001.12 160914   ]
18:07:34[[T] 0x8001 ]
18:07:34[[L] 0010 ]
18:07:34[[V] 7200031906045572]
18:07:44[TX]RMC032  TRANSACAO OK                  
18:07:46[RX]RMC000
18:07:46[TX]{18}
18:07:46[RX]{04}
18:07:46[TX]CLO032** Pay&Go Web ** (c) 2019 SETIS 
18:07:46[RX]{16}
18:07:46[RX]CLO000{17}
18:07:47[TX]{18}
18:07:48[RX]{04}
18:07:48[TX]OPN5230256951B2614256D148E586C384E56395183C13CA15CF1F68A4ECE80E7AC1AAE3335AF804C2D5B7627554E421CFBF38FEFB637DBA275AF5FD58497FF3DECDF95F79F9D7EC6D687FFC6DECE983E52D7E64EB5FE126AE3A1D375B40DCB7881D7ECFBA6EC1A08A7437B1DA60CB9119533E794BC38FA4FDDD122218729389003E422110000711CE6C69081788B3BD2AF18D2E7C37A76300AC3FB23E4107DA72FBC718FDB37291F183C20FA97616A41D4D6591D28EE81C5C8EB89B4936309DE912A8F96ED0E075121E2406BBD9EE2C0AC6BF323D1D5001CF2BD9E56B72FD306E341F99B786697E4794C91FE2AD33EE68E689D917313615D985253EFAC2C968FA46FDDB86B30103E9
18:07:48[RX]OPN0005152563097CB023BB4AB48718DCF10FF619094CAB65E18C62D46061DF7316F6CAA1D5DE0582D53911F2A7B53E443D5A3F73F16E1997C511C06D43D22F776E44B655EBE4508CD03872D54D2B7D1DA6FAFF4EBB1A57EE4E6C87C619B695A1838D80735D12317C6B08DD7D18B1807FED3719BDA678A7A3006DB647EF37A687776782FFA294CF7E6192E3F7AEB7715762E148AF9793CA85708BDAF9B3A8702A01A02CA8E2B8ECDE5FCC09912BCAF673161CF29BFB0FD1937858547CDA1114DF3867AE517C903FB9B13DF3467ECCE2BC46A13D2ECC226A0D42EF120B090B0FEEDFD87BFDA8DC5612E76211DE050745C44E7BDF317E939A4814A53F9BF8BDD979F74DE8918C4
18:07:48[TX <CMD> GIX]
18:07:48[[BLK1] 018:]
18:07:48[[T] 0x0001 ]
18:07:48[[L] 000E ]
18:07:48[[V] 808080808080801]
18:07:48[RX <CMD> GIX <RES> 000]
18:07:48[[BLK1] 113:]
18:07:48[[T] 0x8004 ]
18:07:48[[L] 0006 ]
18:07:48[[V] GERTEC]
18:07:48[[T] 0x8003 ]
18:07:48[[L] 000D ]
18:07:48[[V] PPC-930;192MB]
18:07:48[[T] 0x8005 ]
18:07:48[[L] 000A ]
18:07:48[[V] 1200000000]
18:07:48[[T] 0x8006 ]
18:07:48[[L] 0014 ]
18:07:48[[V] 1202.11403.VR0012  @]
18:07:48[[T] 0x8007 ]
18:07:48[[L] 0004 ]
18:07:48[[V] 2.03]
18:07:48[[T] 0x8008 ]
18:07:48[[L] 0010 ]
18:07:48[[V] 001.12 160914   ]
18:07:48[[T] 0x8001 ]
18:07:48[[L] 0010 ]
18:07:48[[V] 7200031906045572]
18:07:48[TX <CMD> GIX]
18:07:48[[BLK1] 018:]
18:07:48[[T] 0x0001 ]
18:07:48[[L] 000E ]
18:07:48[[V] 808080808080801]
18:07:48[RX <CMD> GIX <RES> 000]
18:07:48[[BLK1] 113:]
18:07:48[[T] 0x8004 ]
18:07:48[[L] 0006 ]
18:07:48[[V] GERTEC]
18:07:48[[T] 0x8003 ]
18:07:48[[L] 000D ]
18:07:48[[V] PPC-930;192MB]
18:07:48[[T] 0x8005 ]
18:07:48[[L] 000A ]
18:07:48[[V] 1200000000]
18:07:48[[T] 0x8006 ]
18:07:48[[L] 0014 ]
18:07:48[[V] 1202.11403.VR0012  @]
18:07:48[[T] 0x8007 ]
18:07:48[[L] 0004 ]
18:07:48[[V] 2.03]
18:07:48[[T] 0x8008 ]
18:07:48[[L] 0010 ]
18:07:48[[V] 001.12 160914   ]
18:07:48[[T] 0x8001 ]
18:07:48[[L] 0010 ]
18:07:48[[V] 7200031906045572]
18:08:37[TX]{18}
18:08:37[RX]{04}
18:08:37[TX]CLO032** Pay&Go Web ** (c) 2019 SETIS 
18:08:37[RX]{16}
18:08:37[RX]CLO000{17}
