10:43:32[TX]{18}
10:43:32[RX]{04}
10:43:32[TX]OPN5230256951B2614256D148E586C384E56395183C13CA15CF1F68A4ECE80E7AC1AAE3335AF804C2D5B7627554E421CFBF38FEFB637DBA275AF5FD58497FF3DECDF95F79F9D7EC6D687FFC6DECE983E52D7E64EB5FE126AE3A1D375B40DCB7881D7ECFBA6EC1A08A7437B1DA60CB9119533E794BC38FA4FDDD122218729389003E422110000711CE6C69081788B3BD2AF18D2E7C37A76300AC3FB23E4107DA72FBC718FDB37291F183C20FA97616A41D4D6591D28EE81C5C8EB89B4936309DE912A8F96ED0E075121E2406BBD9EE2C0AC6BF323D1D5001CF2BD9E56B72FD306E341F99B786697E4794C91FE2AD33EE68E689D917313615D985253EFAC2C968FA46FDDB86B30103E9
10:43:33[RX]OPN0005152566D95D59190D818BF4F07137921485E707C9140F046B6DEBF635EE4B6C69D0B1F03772F97A620E63AB0F3F448042914317192B7D6BF2B02872346DCDC1CEA62B7FB683AB3934D6C6C110BB0006E250B421B5981643518D288A197F6C8C32551B75B460669894550B44C8ACBB477A1102B105A87A2869ADF49D03D3C6F776A1FE6C92CA16167ACBF03A897D2AC04CED9B538E4A08E3F9427405958A6B12FC6BE660501CFC07C5B8A3EC7B1844E91439DBB17B4216FB6C5CA5CECE91389F9D2BE5EB068D895932CB450A86B861FA4586F8DDE087ACE239E2698BC8F394B96E28F3481849C35D74EC7296191371CF95A2296980E4EB592F80A0F41D45770C26AB77E
10:43:33[TX]{18}
10:43:33[RX]{04}
10:43:33[TX]CLO032** Pay&Go Web ** (c) 2019 SETIS 
10:43:33[RX]{16}
10:43:33[RX]CLO000{17}
10:43:33[TX]{18}
10:43:33[RX]{04}
10:43:33[TX]OPN5230256951B2614256D148E586C384E56395183C13CA15CF1F68A4ECE80E7AC1AAE3335AF804C2D5B7627554E421CFBF38FEFB637DBA275AF5FD58497FF3DECDF95F79F9D7EC6D687FFC6DECE983E52D7E64EB5FE126AE3A1D375B40DCB7881D7ECFBA6EC1A08A7437B1DA60CB9119533E794BC38FA4FDDD122218729389003E422110000711CE6C69081788B3BD2AF18D2E7C37A76300AC3FB23E4107DA72FBC718FDB37291F183C20FA97616A41D4D6591D28EE81C5C8EB89B4936309DE912A8F96ED0E075121E2406BBD9EE2C0AC6BF323D1D5001CF2BD9E56B72FD306E341F99B786697E4794C91FE2AD33EE68E689D917313615D985253EFAC2C968FA46FDDB86B30103E9
10:43:34[RX]OPN00051525655D1DCCF6164AC13D259AF81914CC7A5FB151EECBC1F87A333C088810C108F08F1EE3C8C38AAB6502704EA672E2CD623F5C992412FA8680AF9A41C74246B63D9D7587445EE0F831D798C665CD72D51B0D845DF84878E34FA4613C30FE7FF3D64D2030682F548C22C91967E43E47FCE6030743AACC55C346B3049F06C0C2222D28899333CCF44D482E045B1C6CB5B72993ED61A067A25415922D68A9C02070C35C0B137C2082A9ABD8797AD2224BD72298E9174917B5BD6F33F0694BD00CE53002A7E91BE5A80AB0C961C355235963859F5897A6C1216F73BAEC93ADE6A993C2FD6A9CA61DC0742149F7196F936BE243C7E279F45663DB7A5AC4FDC95F999AE5C
10:43:34[TX <CMD> GIX]
10:43:34[[BLK1] 018:]
10:43:34[[T] 0x0001 ]
10:43:34[[L] 000E ]
10:43:34[[V] 808080808080801]
10:43:34[RX <CMD> GIX <RES> 000]
10:43:34[[BLK1] 113:]
10:43:34[[T] 0x8004 ]
10:43:34[[L] 0006 ]
10:43:34[[V] GERTEC]
10:43:34[[T] 0x8003 ]
10:43:34[[L] 000D ]
10:43:34[[V] PPC-930;192MB]
10:43:34[[T] 0x8005 ]
10:43:34[[L] 000A ]
10:43:34[[V] 1200000000]
10:43:34[[T] 0x8006 ]
10:43:34[[L] 0014 ]
10:43:34[[V] 1202.11403.VR0012  @]
10:43:34[[T] 0x8007 ]
10:43:34[[L] 0004 ]
10:43:34[[V] 2.03]
10:43:34[[T] 0x8008 ]
10:43:34[[L] 0010 ]
10:43:34[[V] 001.12 160914   ]
10:43:34[[T] 0x8001 ]
10:43:34[[L] 0010 ]
10:43:34[[V] 7200031906045572]
10:43:42[TX <CMD> GIX]
10:43:42[[BLK1] 018:]
10:43:42[[T] 0x0001 ]
10:43:42[[L] 000E ]
10:43:42[[V] 808080808080801]
10:43:42[RX <CMD> GIX <RES> 000]
10:43:42[[BLK1] 113:]
10:43:42[[T] 0x8004 ]
10:43:42[[L] 0006 ]
10:43:42[[V] GERTEC]
10:43:42[[T] 0x8003 ]
10:43:42[[L] 000D ]
10:43:42[[V] PPC-930;192MB]
10:43:42[[T] 0x8005 ]
10:43:42[[L] 000A ]
10:43:42[[V] 1200000000]
10:43:42[[T] 0x8006 ]
10:43:42[[L] 0014 ]
10:43:42[[V] 1202.11403.VR0012  @]
10:43:42[[T] 0x8007 ]
10:43:42[[L] 0004 ]
10:43:42[[V] 2.03]
10:43:42[[T] 0x8008 ]
10:43:42[[L] 0010 ]
10:43:42[[V] 001.12 160914   ]
10:43:42[[T] 0x8001 ]
10:43:42[[L] 0010 ]
10:43:42[[V] 7200031906045572]
10:43:48[TX <CMD> GIX]
10:43:48[[BLK1] 006:]
10:43:48[[T] 0x0001 ]
10:43:48[[L] 0002 ]
10:43:48[[V] 907]
10:43:48[RX <CMD> GIX <RES> 000]
10:43:48[[BLK1] 014:]
10:43:48[[T] 0x9307 ]
10:43:48[[L] 000A ]
10:43:48[[V] 8B66F0FE50]
10:43:48[TX <CMD> GCX]
10:43:48[[BLK1] 063:]
10:43:48[[T] 0x0010 ]
10:43:48[[L] 0002 ]
10:43:48[[V] 07]
10:43:48[[T] 0x0011 ]
10:43:48[[L] 0002 ]
10:43:48[[V] 02]
10:43:48[[T] 0x0013 ]
10:43:48[[L] 000C ]
10:43:48[[V] 000000000000]
10:43:48[[T] 0x0015 ]
10:43:48[[L] 0006 ]
10:43:48[[V] 191112]
10:43:48[[T] 0x0016 ]
10:43:48[[L] 0006 ]
10:43:48[[V] 104348]
10:43:48[[T] 0x0017 ]
10:43:48[[L] 0005 ]
10:43:48[[V] 10000]
10:43:48[[T] 0x0004 ]
10:43:48[[L] 0002 ]
10:43:48[[V] 530]
10:43:55[RX]NTM000032SELECIONADO:    DEBITO          
10:43:56[RX <CMD> GCX <RES> 000]
10:43:56[[BLK1] 129:]
10:43:56[[T] 0x804F ]
10:43:56[[L] 0002 ]
10:43:56[[V] 03]
10:43:56[[T] 0x8051 ]
10:43:56[[L] 0006 ]
10:43:56[[V] 070202]
10:43:56[[T] 0x8052 ]
10:43:56[[L] 0010 ]
10:43:56[[V] ****************]
10:43:56[[T] 0x8042 ]
10:43:56[[L] 0018 ]
10:43:56[[V] ************************]
10:43:56[[T] 0x8053 ]
10:43:56[[L] 0002 ]
10:43:56[[V] 00]
10:43:56[[T] 0x8055 ]
10:43:56[[L] 0013 ]
10:43:56[[V] CARLOS ALBERTO LIVI]
10:43:56[[T] 0x805B ]
10:43:56[[L] 0006 ]
10:43:56[[V] DEBITO]
10:43:56[[T] 0x805C ]
10:43:56[[L] 0003 ]
10:43:56[[V] 076]
10:43:56[[T] 0x805D ]
10:43:56[[L] 0006 ]
10:43:56[[V] 150630]
10:43:56[[T] 0x8054 ]
10:43:56[[L] 0005 ]
10:43:56[[V] 530006]
10:43:56[TX <CMD> GTK]
10:43:56[[BLK1] 008:]
10:43:56[[T] 0x0007 ]
10:43:56[[L] 0004 ]
10:43:56[[V] 1010]
10:43:56[RX <CMD> GTK <RES> 000]
10:43:56[[BLK1] 035:]
10:43:56[[T] 0x804A ]
10:43:56[[L] 0008 ]
10:43:56[[V] ********]
10:43:56[[T] 0x8045 ]
10:43:56[[L] 0013 ]
10:43:56[[V] *******************]
10:43:57[TX]DSP032 PROCESSANDO...                 
10:43:57[RX]DSP000
10:43:57[TX]DSP032 PROCESSANDO...                 
10:43:57[RX]DSP000
10:45:06[TX <CMD> GOX]
10:45:06[[BLK1] 115:]
10:45:06[[T] 0x0010 ]
10:45:06[[L] 0002 ]
10:45:06[[V] 07]
10:45:06[[T] 0x0013 ]
10:45:06[[L] 000C ]
10:45:06[[V] 000000000100]
10:45:06[[T] 0x0018 ]
10:45:06[[L] 0005 ]
10:45:06[[V] 01000]
10:45:06[[T] 0x0002 ]
10:45:06[[L] 0001 ]
10:45:06[[V] 3]
10:45:06[[T] 0x0009 ]
10:45:06[[L] 0002 ]
10:45:06[[V] 08]
10:45:06[[T] 0x000C ]
10:45:06[[L] 0001 ]
10:45:06[[V] 30]
10:45:06[[T] 0x001A ]
10:45:06[[L] 000A ]
10:45:06[[V] 00000000020]
10:45:06[[T] 0x0004 ]
10:45:06[[L] 0032 ]
10:45:06[[V] 488999090919192929393990525293919352939499191535917]
10:45:06[RX]NTM000032SOLICITE A SENHA                
10:45:13[RX <CMD> GOX <RES> 000]
10:45:13[[BLK1] 210:]
10:45:13[[T] 0x8056 ]
10:45:13[[L] 0006 ]
10:45:13[[V] 202000]
10:45:13[[T] 0x8057 ]
10:45:13[[L] 0008 ]
10:45:13[[V] 1D5AECD43]
10:45:13[[T] 0x804C ]
10:45:13[[L] 000A ]
10:45:13[[V] FF0091F000D]
10:45:13[[T] 0x8054 ]
10:45:13[[L] 00AA ]
10:45:13[[V] 80A00002180509044080900900000000900A0000219100000AB0910079206707ACEC920893004930C479901119000000005200852010393000091000930EFC52007930290E09104444549100530050545444445544E]
10:45:13[TX]DSP032 PROCESSANDO...                 
10:45:13[RX]DSP000
10:45:15[TX <CMD> FCX]
10:45:15[[BLK1] 066:]
10:45:15[[T] 0x0019 ]
10:45:15[[L] 0004 ]
10:45:15[[V] 0000]
10:45:15[[T] 0x001C ]
10:45:15[[L] 0002 ]
10:45:15[[V] 00]
10:45:15[[T] 0x0004 ]
10:45:15[[L] 0030 ]
10:45:15[[V] 4889990909191929293939905252939193529394991915350]
10:45:15[RX <CMD> FCX <RES> 000]
10:45:15[[BLK1] 181:]
10:45:15[[T] 0x8058 ]
10:45:15[[L] 0003 ]
10:45:15[[V] 000]
10:45:15[[T] 0x8054 ]
10:45:15[[L] 00AA ]
10:45:15[[V] 80A00002180509044080900900000000900A00002191000006B091007920AC6AFB79920493004930C479901119000000005200852010393000091000930EFC52007930290E09104444549100530050545444445544E]
10:45:15[TX]RMC032  TRANSACAO OK                  
10:45:21[RX]RMC000
10:45:24[TX <CMD> GIX]
10:45:24[[BLK1] 018:]
10:45:24[[T] 0x0001 ]
10:45:24[[L] 000E ]
10:45:24[[V] 808080808080801]
10:45:24[RX <CMD> GIX <RES> 000]
10:45:24[[BLK1] 113:]
10:45:24[[T] 0x8004 ]
10:45:24[[L] 0006 ]
10:45:24[[V] GERTEC]
10:45:24[[T] 0x8003 ]
10:45:24[[L] 000D ]
10:45:24[[V] PPC-930;192MB]
10:45:24[[T] 0x8005 ]
10:45:24[[L] 000A ]
10:45:24[[V] 1200000000]
10:45:24[[T] 0x8006 ]
10:45:24[[L] 0014 ]
10:45:24[[V] 1202.11403.VR0012  @]
10:45:24[[T] 0x8007 ]
10:45:24[[L] 0004 ]
10:45:24[[V] 2.03]
10:45:24[[T] 0x8008 ]
10:45:24[[L] 0010 ]
10:45:24[[V] 001.12 160914   ]
10:45:24[[T] 0x8001 ]
10:45:24[[L] 0010 ]
10:45:24[[V] 7200031906045572]
10:45:24[TX <CMD> GIX]
10:45:24[[BLK1] 018:]
10:45:24[[T] 0x0001 ]
10:45:24[[L] 000E ]
10:45:24[[V] 808080808080801]
10:45:24[RX <CMD> GIX <RES> 000]
10:45:24[[BLK1] 113:]
10:45:24[[T] 0x8004 ]
10:45:24[[L] 0006 ]
10:45:24[[V] GERTEC]
10:45:24[[T] 0x8003 ]
10:45:24[[L] 000D ]
10:45:24[[V] PPC-930;192MB]
10:45:24[[T] 0x8005 ]
10:45:24[[L] 000A ]
10:45:24[[V] 1200000000]
10:45:24[[T] 0x8006 ]
10:45:24[[L] 0014 ]
10:45:24[[V] 1202.11403.VR0012  @]
10:45:24[[T] 0x8007 ]
10:45:24[[L] 0004 ]
10:45:24[[V] 2.03]
10:45:24[[T] 0x8008 ]
10:45:24[[L] 0010 ]
10:45:24[[V] 001.12 160914   ]
10:45:24[[T] 0x8001 ]
10:45:24[[L] 0010 ]
10:45:24[[V] 7200031906045572]
10:45:28[TX <CMD> GIX]
10:45:28[[BLK1] 018:]
10:45:28[[T] 0x0001 ]
10:45:28[[L] 000E ]
10:45:28[[V] 808080808080801]
10:45:28[RX <CMD> GIX <RES> 000]
10:45:28[[BLK1] 113:]
10:45:28[[T] 0x8004 ]
10:45:28[[L] 0006 ]
10:45:28[[V] GERTEC]
10:45:28[[T] 0x8003 ]
10:45:28[[L] 000D ]
10:45:28[[V] PPC-930;192MB]
10:45:28[[T] 0x8005 ]
10:45:28[[L] 000A ]
10:45:28[[V] 1200000000]
10:45:28[[T] 0x8006 ]
10:45:28[[L] 0014 ]
10:45:28[[V] 1202.11403.VR0012  @]
10:45:28[[T] 0x8007 ]
10:45:28[[L] 0004 ]
10:45:28[[V] 2.03]
10:45:28[[T] 0x8008 ]
10:45:28[[L] 0010 ]
10:45:28[[V] 001.12 160914   ]
10:45:28[[T] 0x8001 ]
10:45:28[[L] 0010 ]
10:45:28[[V] 7200031906045572]
10:45:28[TX]{18}
10:45:28[RX]{04}
10:45:28[TX]CLO032** Pay&Go Web ** (c) 2019 SETIS 
10:45:29[RX]{16}
10:45:29[RX]CLO000{17}
11:01:00[TX]{18}
11:01:00[RX]{04}
11:01:00[TX]OPN5230256951B2614256D148E586C384E56395183C13CA15CF1F68A4ECE80E7AC1AAE3335AF804C2D5B7627554E421CFBF38FEFB637DBA275AF5FD58497FF3DECDF95F79F9D7EC6D687FFC6DECE983E52D7E64EB5FE126AE3A1D375B40DCB7881D7ECFBA6EC1A08A7437B1DA60CB9119533E794BC38FA4FDDD122218729389003E422110000711CE6C69081788B3BD2AF18D2E7C37A76300AC3FB23E4107DA72FBC718FDB37291F183C20FA97616A41D4D6591D28EE81C5C8EB89B4936309DE912A8F96ED0E075121E2406BBD9EE2C0AC6BF323D1D5001CF2BD9E56B72FD306E341F99B786697E4794C91FE2AD33EE68E689D917313615D985253EFAC2C968FA46FDDB86B30103E9
11:01:00[RX]OPN000515256007725E9D3B32ED984511E245C80A4825D889CCA58F512F6BB95E12F3F09D46273667AE51211F7E46C0F1E85AD3BDC89442EDE8160B7BDF9870D82B0A5A144108A243332E7BB010FC3CC80B5198C73E006BD90D973E1336EBBE03091B0C760275548E11DFC5172CBEE68CC94545862080F3CE7567E2F4D5A23DEE7CF13AC8D40AE2BEDBD366EB7E1D99325D3BD22D7CE3495B6A7DF4CF93B60D84F15A7F59B4A71EB63B4B41A3DA245DA78B55C8A5829DE3BE2AD80D665DB9784F97124062BBC74E9E91145396FE957AA221934C39DC8FC2AA4CE52B41B761C5AE23480608AA1295946A221DB6D3E6003D3813D4B924F136A210AAA6E6212712E7081D2D6B973
11:01:00[TX]{18}
11:01:00[RX]{04}
11:01:00[TX]CLO032** Pay&Go Web ** (c) 2019 SETIS 
11:01:00[RX]{16}
11:01:00[RX]CLO000{17}
11:01:01[TX]{18}
11:01:01[RX]{04}
11:01:01[TX]OPN5230256951B2614256D148E586C384E56395183C13CA15CF1F68A4ECE80E7AC1AAE3335AF804C2D5B7627554E421CFBF38FEFB637DBA275AF5FD58497FF3DECDF95F79F9D7EC6D687FFC6DECE983E52D7E64EB5FE126AE3A1D375B40DCB7881D7ECFBA6EC1A08A7437B1DA60CB9119533E794BC38FA4FDDD122218729389003E422110000711CE6C69081788B3BD2AF18D2E7C37A76300AC3FB23E4107DA72FBC718FDB37291F183C20FA97616A41D4D6591D28EE81C5C8EB89B4936309DE912A8F96ED0E075121E2406BBD9EE2C0AC6BF323D1D5001CF2BD9E56B72FD306E341F99B786697E4794C91FE2AD33EE68E689D917313615D985253EFAC2C968FA46FDDB86B30103E9
11:01:01[RX]OPN0005152566541B0068474441F1B12982E6414F2EE189890D5B4FE0D7EE10B94E2788E2F766A51D28102821757A608EEEF0B10620122DCFE542E6074DC92353F8AE5E9DBF73E879B8E082C8C336ABEAD93188FC3BD223C01A42B5208B75F62AC55EBA4DBA731DAFB39D383D368B039723018F5E06905C0957ABD69823D89772C846ACDEF2A72415ABE8AC721593B2BA824F5C6978B5D13FB5445D27CCD707D8CA3FFDDD8D46A4BB0759179EAAAB905288CACD43FC0BDC64786AF958C659E5A43297ABB2BC0366FA48D593CF813A31368A16B1AD4E5D6C33724BC42B9A1CCB046324DD62A221C387F156D83CBBAACE185FD0BED5C7B2C9746316D9A74B8CA9D109B01E0254A
11:01:01[TX <CMD> GIX]
11:01:01[[BLK1] 018:]
11:01:01[[T] 0x0001 ]
11:01:01[[L] 000E ]
11:01:01[[V] 808080808080801]
11:01:01[RX <CMD> GIX <RES> 000]
11:01:01[[BLK1] 113:]
11:01:01[[T] 0x8004 ]
11:01:01[[L] 0006 ]
11:01:01[[V] GERTEC]
11:01:01[[T] 0x8003 ]
11:01:01[[L] 000D ]
11:01:01[[V] PPC-930;192MB]
11:01:01[[T] 0x8005 ]
11:01:01[[L] 000A ]
11:01:01[[V] 1200000000]
11:01:01[[T] 0x8006 ]
11:01:01[[L] 0014 ]
11:01:01[[V] 1202.11403.VR0012  @]
11:01:01[[T] 0x8007 ]
11:01:01[[L] 0004 ]
11:01:01[[V] 2.03]
11:01:01[[T] 0x8008 ]
11:01:01[[L] 0010 ]
11:01:01[[V] 001.12 160914   ]
11:01:01[[T] 0x8001 ]
11:01:01[[L] 0010 ]
11:01:01[[V] 7200031906045572]
11:01:15[TX <CMD> GIX]
11:01:15[[BLK1] 018:]
11:01:15[[T] 0x0001 ]
11:01:15[[L] 000E ]
11:01:15[[V] 808080808080801]
11:01:15[RX <CMD> GIX <RES> 000]
11:01:15[[BLK1] 113:]
11:01:15[[T] 0x8004 ]
11:01:15[[L] 0006 ]
11:01:15[[V] GERTEC]
11:01:15[[T] 0x8003 ]
11:01:15[[L] 000D ]
11:01:15[[V] PPC-930;192MB]
11:01:15[[T] 0x8005 ]
11:01:15[[L] 000A ]
11:01:15[[V] 1200000000]
11:01:15[[T] 0x8006 ]
11:01:15[[L] 0014 ]
11:01:15[[V] 1202.11403.VR0012  @]
11:01:15[[T] 0x8007 ]
11:01:15[[L] 0004 ]
11:01:15[[V] 2.03]
11:01:15[[T] 0x8008 ]
11:01:15[[L] 0010 ]
11:01:15[[V] 001.12 160914   ]
11:01:15[[T] 0x8001 ]
11:01:15[[L] 0010 ]
11:01:15[[V] 7200031906045572]
11:01:24[TX <CMD> GIX]
11:01:24[[BLK1] 006:]
11:01:24[[T] 0x0001 ]
11:01:24[[L] 0002 ]
11:01:24[[V] 907]
11:01:24[RX <CMD> GIX <RES> 000]
11:01:24[[BLK1] 014:]
11:01:24[[T] 0x9307 ]
11:01:24[[L] 000A ]
11:01:24[[V] 8B66F0FE50]
11:01:24[TX <CMD> GCX]
11:01:24[[BLK1] 063:]
11:01:24[[T] 0x0010 ]
11:01:24[[L] 0002 ]
11:01:24[[V] 07]
11:01:24[[T] 0x0011 ]
11:01:24[[L] 0002 ]
11:01:24[[V] 02]
11:01:24[[T] 0x0013 ]
11:01:24[[L] 000C ]
11:01:24[[V] 000000000000]
11:01:24[[T] 0x0015 ]
11:01:24[[L] 0006 ]
11:01:24[[V] 191112]
11:01:24[[T] 0x0016 ]
11:01:24[[L] 0006 ]
11:01:24[[V] 110124]
11:01:24[[T] 0x0017 ]
11:01:24[[L] 0005 ]
11:01:24[[V] 10000]
11:01:24[[T] 0x0004 ]
11:01:24[[L] 0002 ]
11:01:24[[V] 530]
11:01:33[RX]NTM000032SELECIONADO:    DEBITO          
11:01:34[RX <CMD> GCX <RES> 000]
11:01:34[[BLK1] 129:]
11:01:34[[T] 0x804F ]
11:01:34[[L] 0002 ]
11:01:34[[V] 03]
11:01:34[[T] 0x8051 ]
11:01:34[[L] 0006 ]
11:01:34[[V] 070202]
11:01:34[[T] 0x8052 ]
11:01:34[[L] 0010 ]
11:01:34[[V] ****************]
11:01:34[[T] 0x8042 ]
11:01:34[[L] 0018 ]
11:01:34[[V] ************************]
11:01:34[[T] 0x8053 ]
11:01:34[[L] 0002 ]
11:01:34[[V] 00]
11:01:34[[T] 0x8055 ]
11:01:34[[L] 0013 ]
11:01:34[[V] CARLOS ALBERTO LIVI]
11:01:34[[T] 0x805B ]
11:01:34[[L] 0006 ]
11:01:34[[V] DEBITO]
11:01:34[[T] 0x805C ]
11:01:34[[L] 0003 ]
11:01:34[[V] 076]
11:01:34[[T] 0x805D ]
11:01:34[[L] 0006 ]
11:01:34[[V] 150630]
11:01:34[[T] 0x8054 ]
11:01:34[[L] 0005 ]
11:01:34[[V] 530006]
11:01:34[TX <CMD> GTK]
11:01:34[[BLK1] 008:]
11:01:34[[T] 0x0007 ]
11:01:34[[L] 0004 ]
11:01:34[[V] 1010]
11:01:34[RX <CMD> GTK <RES> 000]
11:01:34[[BLK1] 035:]
11:01:34[[T] 0x804A ]
11:01:34[[L] 0008 ]
11:01:34[[V] ********]
11:01:34[[T] 0x8045 ]
11:01:34[[L] 0013 ]
11:01:34[[V] *******************]
11:01:34[TX]DSP032 PROCESSANDO...                 
11:01:35[RX]DSP000
11:01:35[TX]DSP032 PROCESSANDO...                 
11:01:35[RX]DSP000
11:03:07[TX]{18}
11:03:07[RX]{04}
11:03:07[TX]CLO032** Pay&Go Web ** (c) 2019 SETIS 
11:03:08[RX]{16}
11:03:08[RX]CLO000{17}
12:47:25[TX]{18}
12:47:25[RX]{04}
12:47:25[TX]OPN5230256951B2614256D148E586C384E56395183C13CA15CF1F68A4ECE80E7AC1AAE3335AF804C2D5B7627554E421CFBF38FEFB637DBA275AF5FD58497FF3DECDF95F79F9D7EC6D687FFC6DECE983E52D7E64EB5FE126AE3A1D375B40DCB7881D7ECFBA6EC1A08A7437B1DA60CB9119533E794BC38FA4FDDD122218729389003E422110000711CE6C69081788B3BD2AF18D2E7C37A76300AC3FB23E4107DA72FBC718FDB37291F183C20FA97616A41D4D6591D28EE81C5C8EB89B4936309DE912A8F96ED0E075121E2406BBD9EE2C0AC6BF323D1D5001CF2BD9E56B72FD306E341F99B786697E4794C91FE2AD33EE68E689D917313615D985253EFAC2C968FA46FDDB86B30103E9
12:47:25[RX]OPN0005152561A93B07BC9B236A0C35C12FC4DAC5FAE98A653041E48DABE0687977B83E21A4753CC8A0FB8FA45A9F2481AD9549C51F5D76DE5F56FB8DBA0C7FD0F1D1ADDE4E830F25481AE291B5A3C4174FAE1BA3A1B27924A6F6B4FEE672BF5C7C18DD682E0DD99997FB0166BF48C447AECD69E8BAC68E8B2203809C759DB0489666B00003171C05815F870CF898A2C25B7D79745C307509CC62B8CF54732575AA629F586E289C435A757F51D2B7FA3ECCE7259A92AE92AD6810F32F6A89A99E1A6A22E28E307AA1419005907E73557FA71EC9EACA7E10445F6B6BC4463A8A03B173EA0B6DF8A00C833E2DC6E266C7A6867E5604139371D1F23B7D80C2BFDAB4EBCA29DDF22
12:47:25[TX]{18}
12:47:25[RX]{04}
12:47:25[TX]CLO032** Pay&Go Web ** (c) 2019 SETIS 
12:47:25[RX]{16}
12:47:25[RX]CLO000{17}
12:47:25[TX]{18}
12:47:25[RX]{04}
12:47:25[TX]OPN5230256951B2614256D148E586C384E56395183C13CA15CF1F68A4ECE80E7AC1AAE3335AF804C2D5B7627554E421CFBF38FEFB637DBA275AF5FD58497FF3DECDF95F79F9D7EC6D687FFC6DECE983E52D7E64EB5FE126AE3A1D375B40DCB7881D7ECFBA6EC1A08A7437B1DA60CB9119533E794BC38FA4FDDD122218729389003E422110000711CE6C69081788B3BD2AF18D2E7C37A76300AC3FB23E4107DA72FBC718FDB37291F183C20FA97616A41D4D6591D28EE81C5C8EB89B4936309DE912A8F96ED0E075121E2406BBD9EE2C0AC6BF323D1D5001CF2BD9E56B72FD306E341F99B786697E4794C91FE2AD33EE68E689D917313615D985253EFAC2C968FA46FDDB86B30103E9
12:47:25[RX]OPN0005152560AD549EB32F2CFF14C3D3AB1B978172C2983670B6C5794526A38116ABD68110D1CA989BD83691CE5097D67215D90C6271999D5EB2E3B78DCECEE4211A8AC09620AE318D04C405566FB8A900E781F7B64FE61E1D79A7D1B6AD7C5D8F31B93F8A87550772001FA048D2DEA142C94FF789B35FBDBA79D5FC73A491CDBEBBCA9A48CB44D98B2B69D426E31D13AC1DAB981F66787164463FCCC98565D4485297ECA8FB1A2913DF0F89E382350B9DFAEAA1ADEDA09C83ECAE3742F8C52F6B0CF744DB40B7711C26BF9031CE4D67CD3518F4B1BCF867C15C27BB4752DFEAF0A271EBC3839A344C9E6ECCBF1ED5BAD1922A13E7268B805FD17D22D1AE5BD17B8C032391F
12:47:25[TX <CMD> GIX]
12:47:25[[BLK1] 018:]
12:47:25[[T] 0x0001 ]
12:47:25[[L] 000E ]
12:47:25[[V] 808080808080801]
12:47:26[RX <CMD> GIX <RES> 000]
12:47:26[[BLK1] 113:]
12:47:26[[T] 0x8004 ]
12:47:26[[L] 0006 ]
12:47:26[[V] GERTEC]
12:47:26[[T] 0x8003 ]
12:47:26[[L] 000D ]
12:47:26[[V] PPC-930;192MB]
12:47:26[[T] 0x8005 ]
12:47:26[[L] 000A ]
12:47:26[[V] 1200000000]
12:47:26[[T] 0x8006 ]
12:47:26[[L] 0014 ]
12:47:26[[V] 1202.11403.VR0012  @]
12:47:26[[T] 0x8007 ]
12:47:26[[L] 0004 ]
12:47:26[[V] 2.03]
12:47:26[[T] 0x8008 ]
12:47:26[[L] 0010 ]
12:47:26[[V] 001.12 160914   ]
12:47:26[[T] 0x8001 ]
12:47:26[[L] 0010 ]
12:47:26[[V] 7200031906045572]
12:57:45[TX]{18}
12:57:45[RX]{04}
12:57:45[TX]OPN5230256951B2614256D148E586C384E56395183C13CA15CF1F68A4ECE80E7AC1AAE3335AF804C2D5B7627554E421CFBF38FEFB637DBA275AF5FD58497FF3DECDF95F79F9D7EC6D687FFC6DECE983E52D7E64EB5FE126AE3A1D375B40DCB7881D7ECFBA6EC1A08A7437B1DA60CB9119533E794BC38FA4FDDD122218729389003E422110000711CE6C69081788B3BD2AF18D2E7C37A76300AC3FB23E4107DA72FBC718FDB37291F183C20FA97616A41D4D6591D28EE81C5C8EB89B4936309DE912A8F96ED0E075121E2406BBD9EE2C0AC6BF323D1D5001CF2BD9E56B72FD306E341F99B786697E4794C91FE2AD33EE68E689D917313615D985253EFAC2C968FA46FDDB86B30103E9
12:57:45[RX]OPN0005152563CA7BBAFAA58AD5FDD935C5883B2A78C87046DF4CFA00C3D96C6099F2E94979E3C872891CB51EF748480408BC4F448CA0A745E2DF2C724F3BFCCBE05C89664725301B54DB7F22D50749F489A04868C57C01DDAAF0D76516CF0DACF7B20451149A4D138010C40661DC8AE7B1314E16ED86EE11E3F55F9E691E96AEC8A3D886B66764DE7BE40DB6F9A94C41E2CBD1F95CBEFDA34CC8BABB236CBAD7B3AC86E1A876E7A25803FF4625576662B0DE58D7FB4D10506244B87ECB90ADC5487AA99385DE3644A3208E83A8D8B4E8F0A3E24DB7B739AAA42D22FD66EE2C28F05DB9CA222388A73E5B4C9B16E2E4207A78921A4699C26B735C4558BAC2E303EA4DECEC345
12:57:45[TX]{18}
12:57:45[RX]{04}
12:57:45[TX]CLO032** Pay&Go Web ** (c) 2019 SETIS 
12:57:46[RX]{16}
12:57:46[RX]CLO000{17}
12:57:46[TX]{18}
12:57:46[RX]{04}
12:57:46[TX]OPN5230256951B2614256D148E586C384E56395183C13CA15CF1F68A4ECE80E7AC1AAE3335AF804C2D5B7627554E421CFBF38FEFB637DBA275AF5FD58497FF3DECDF95F79F9D7EC6D687FFC6DECE983E52D7E64EB5FE126AE3A1D375B40DCB7881D7ECFBA6EC1A08A7437B1DA60CB9119533E794BC38FA4FDDD122218729389003E422110000711CE6C69081788B3BD2AF18D2E7C37A76300AC3FB23E4107DA72FBC718FDB37291F183C20FA97616A41D4D6591D28EE81C5C8EB89B4936309DE912A8F96ED0E075121E2406BBD9EE2C0AC6BF323D1D5001CF2BD9E56B72FD306E341F99B786697E4794C91FE2AD33EE68E689D917313615D985253EFAC2C968FA46FDDB86B30103E9
12:57:46[RX]OPN0005152560E1CD8AEBA4AFA41883599BAE0491CDC9ABDBCEA5619F323AE7A6174E10F3FD8924C960CD4CB9E4851867BC8A8C8377AB707E768AF730EC1049B2EC6F7BDA8DE91A2D10E09EF3ED68A92D99BBAF3929ABF56168FECA4657F6643115AC0B06C04B68079873B0D9B7975DA3DEABBDA4BF8EAF353043205278BEF3923ADA3EEEA57178219D410229B8AF7275717335A1C8553938E96308D7B33021B4E6B16DABE83ADE6F62D7C41B72865C162235978CB3F3A0F41B3A35FF2667FB939F331644ADFA49A913D911C7CA2C34BCF08AED0DB99F112BFB47239179899143AB4E82C8C83AEAAFF78793C130726AD9BD9C876E0064C7A16110336F8E9CE8CC839A9335F08
12:57:46[TX <CMD> GIX]
12:57:46[[BLK1] 018:]
12:57:46[[T] 0x0001 ]
12:57:46[[L] 000E ]
12:57:46[[V] 808080808080801]
12:57:46[RX <CMD> GIX <RES> 000]
12:57:46[[BLK1] 113:]
12:57:46[[T] 0x8004 ]
12:57:46[[L] 0006 ]
12:57:46[[V] GERTEC]
12:57:46[[T] 0x8003 ]
12:57:46[[L] 000D ]
12:57:46[[V] PPC-930;192MB]
12:57:46[[T] 0x8005 ]
12:57:46[[L] 000A ]
12:57:46[[V] 1200000000]
12:57:46[[T] 0x8006 ]
12:57:46[[L] 0014 ]
12:57:46[[V] 1202.11403.VR0012  @]
12:57:46[[T] 0x8007 ]
12:57:46[[L] 0004 ]
12:57:46[[V] 2.03]
12:57:46[[T] 0x8008 ]
12:57:46[[L] 0010 ]
12:57:46[[V] 001.12 160914   ]
12:57:46[[T] 0x8001 ]
12:57:46[[L] 0010 ]
12:57:46[[V] 7200031906045572]
12:57:51[TX <CMD> GIX]
12:57:51[[BLK1] 018:]
12:57:51[[T] 0x0001 ]
12:57:51[[L] 000E ]
12:57:51[[V] 808080808080801]
12:57:51[RX <CMD> GIX <RES> 000]
12:57:51[[BLK1] 113:]
12:57:51[[T] 0x8004 ]
12:57:51[[L] 0006 ]
12:57:51[[V] GERTEC]
12:57:51[[T] 0x8003 ]
12:57:51[[L] 000D ]
12:57:51[[V] PPC-930;192MB]
12:57:51[[T] 0x8005 ]
12:57:51[[L] 000A ]
12:57:51[[V] 1200000000]
12:57:51[[T] 0x8006 ]
12:57:51[[L] 0014 ]
12:57:51[[V] 1202.11403.VR0012  @]
12:57:51[[T] 0x8007 ]
12:57:51[[L] 0004 ]
12:57:51[[V] 2.03]
12:57:51[[T] 0x8008 ]
12:57:51[[L] 0010 ]
12:57:51[[V] 001.12 160914   ]
12:57:51[[T] 0x8001 ]
12:57:51[[L] 0010 ]
12:57:51[[V] 7200031906045572]
12:57:55[TX <CMD> GIX]
12:57:55[[BLK1] 006:]
12:57:55[[T] 0x0001 ]
12:57:55[[L] 0002 ]
12:57:55[[V] 907]
12:57:55[RX <CMD> GIX <RES> 000]
12:57:55[[BLK1] 014:]
12:57:55[[T] 0x9307 ]
12:57:55[[L] 000A ]
12:57:55[[V] 8B66F0FE50]
12:57:55[TX <CMD> GCX]
12:57:55[[BLK1] 063:]
12:57:55[[T] 0x0010 ]
12:57:55[[L] 0002 ]
12:57:55[[V] 07]
12:57:55[[T] 0x0011 ]
12:57:55[[L] 0002 ]
12:57:55[[V] 02]
12:57:55[[T] 0x0013 ]
12:57:55[[L] 000C ]
12:57:55[[V] 000000000000]
12:57:55[[T] 0x0015 ]
12:57:55[[L] 0006 ]
12:57:55[[V] 191112]
12:57:55[[T] 0x0016 ]
12:57:55[[L] 0006 ]
12:57:55[[V] 125755]
12:57:55[[T] 0x0017 ]
12:57:55[[L] 0005 ]
12:57:55[[V] 10000]
12:57:55[[T] 0x0004 ]
12:57:55[[L] 0002 ]
12:57:55[[V] 530]
12:58:13[RX]NTM000032SELECIONADO:    DEBITO          
12:58:15[RX <CMD> GCX <RES> 000]
12:58:15[[BLK1] 129:]
12:58:15[[T] 0x804F ]
12:58:15[[L] 0002 ]
12:58:15[[V] 03]
12:58:15[[T] 0x8051 ]
12:58:15[[L] 0006 ]
12:58:15[[V] 070202]
12:58:15[[T] 0x8052 ]
12:58:15[[L] 0010 ]
12:58:15[[V] ****************]
12:58:15[[T] 0x8042 ]
12:58:15[[L] 0018 ]
12:58:15[[V] ************************]
12:58:15[[T] 0x8053 ]
12:58:15[[L] 0002 ]
12:58:15[[V] 00]
12:58:15[[T] 0x8055 ]
12:58:15[[L] 0013 ]
12:58:15[[V] CARLOS ALBERTO LIVI]
12:58:15[[T] 0x805B ]
12:58:15[[L] 0006 ]
12:58:15[[V] DEBITO]
12:58:15[[T] 0x805C ]
12:58:15[[L] 0003 ]
12:58:15[[V] 076]
12:58:15[[T] 0x805D ]
12:58:15[[L] 0006 ]
12:58:15[[V] 150630]
12:58:15[[T] 0x8054 ]
12:58:15[[L] 0005 ]
12:58:15[[V] 530006]
12:58:15[TX <CMD> GTK]
12:58:15[[BLK1] 008:]
12:58:15[[T] 0x0007 ]
12:58:15[[L] 0004 ]
12:58:15[[V] 1010]
12:58:15[RX <CMD> GTK <RES> 000]
12:58:15[[BLK1] 035:]
12:58:15[[T] 0x804A ]
12:58:15[[L] 0008 ]
12:58:15[[V] ********]
12:58:15[[T] 0x8045 ]
12:58:15[[L] 0013 ]
12:58:15[[V] *******************]
12:58:15[TX]DSP032 PROCESSANDO...                 
12:58:15[RX]DSP000
12:58:15[TX]DSP032 PROCESSANDO...                 
12:58:16[RX]DSP000
13:00:44[TX]{18}
13:00:44[RX]{04}
13:00:44[TX]CLO032** Pay&Go Web ** (c) 2019 SETIS 
13:00:44[RX]{16}
13:00:44[RX]CLO000{17}
13:09:18[TX]{18}
13:09:18[RX]{04}
13:09:18[TX]OPN5230256951B2614256D148E586C384E56395183C13CA15CF1F68A4ECE80E7AC1AAE3335AF804C2D5B7627554E421CFBF38FEFB637DBA275AF5FD58497FF3DECDF95F79F9D7EC6D687FFC6DECE983E52D7E64EB5FE126AE3A1D375B40DCB7881D7ECFBA6EC1A08A7437B1DA60CB9119533E794BC38FA4FDDD122218729389003E422110000711CE6C69081788B3BD2AF18D2E7C37A76300AC3FB23E4107DA72FBC718FDB37291F183C20FA97616A41D4D6591D28EE81C5C8EB89B4936309DE912A8F96ED0E075121E2406BBD9EE2C0AC6BF323D1D5001CF2BD9E56B72FD306E341F99B786697E4794C91FE2AD33EE68E689D917313615D985253EFAC2C968FA46FDDB86B30103E9
13:09:18[RX]OPN00051525628993C5C1B3D891D9C02E9351D42377AC267832FB5BC71E7D2765B77CBB7FEE643D86E83F4799BC50D70FA46245E197AB11D38BA1AD8B8D2272267872242B0DA4F114EC41E748810083D11C7704ED8A833051E2B7A0B6E4F275DDCBE25F1FF43398ED36A2A6544D4ADE606740317C02237E50DAE9992DC125E4A194811D451323168BD5AACFFD1ED8FA051CC7AE7F4860D36255BBF354D73140CE7E289C5AC969574E0CE73DA2572DD6767C9513237C0F64C46FFD64FDD85F9256EE398AC0E8AA6C8B7248C785488BF34C21ADFECC9D18E4BB2208DA1A7CD63612437CE98BFC33E673B765EC9D57C25C88AABAF917BA581D7963E798352DE6F493F67C5F621D9
13:09:18[TX]{18}
13:09:19[RX]{04}
13:09:19[TX]CLO032** Pay&Go Web ** (c) 2019 SETIS 
13:09:19[RX]{16}
13:09:19[RX]CLO000{17}
13:09:19[TX]{18}
13:09:19[RX]{04}
13:09:19[TX]OPN5230256951B2614256D148E586C384E56395183C13CA15CF1F68A4ECE80E7AC1AAE3335AF804C2D5B7627554E421CFBF38FEFB637DBA275AF5FD58497FF3DECDF95F79F9D7EC6D687FFC6DECE983E52D7E64EB5FE126AE3A1D375B40DCB7881D7ECFBA6EC1A08A7437B1DA60CB9119533E794BC38FA4FDDD122218729389003E422110000711CE6C69081788B3BD2AF18D2E7C37A76300AC3FB23E4107DA72FBC718FDB37291F183C20FA97616A41D4D6591D28EE81C5C8EB89B4936309DE912A8F96ED0E075121E2406BBD9EE2C0AC6BF323D1D5001CF2BD9E56B72FD306E341F99B786697E4794C91FE2AD33EE68E689D917313615D985253EFAC2C968FA46FDDB86B30103E9
13:09:19[RX]OPN0005152566B47907216D661A505BDA2076AB55EBF41736D4FD250621DF84CDD932D31A422FDC67569699CC236FCAA7B8A2AC2BA35653AF67D24ED3EF5565B0F956BD6C85D22427CE5F463BA46E1CFB87C5D0E11F8814505919B9678BDE1A9E143C850C1B2CE26CD81DA8DDDC53CFE2BF517FE3FD62AA7075199878C56A07AEDA0938FAA3FC3CD9B39F790A3291BC75B83B4C5CBAF397434E7C34AC415AE999B40C1787D273C113F6CA0F28FA28E777A94B35E9893BFE1E5FD66BDC6BB3686880CC6D1B13FDC20D388850EC46096D03A6435D9FA6723378E434B64C3A648A008017BCC04D2C94A2D4B90C9B60335722964771865CC7DC6C99BA315E3E0EBA34961992C6B52
13:09:19[TX <CMD> GIX]
13:09:19[[BLK1] 018:]
13:09:19[[T] 0x0001 ]
13:09:19[[L] 000E ]
13:09:19[[V] 808080808080801]
13:09:19[RX <CMD> GIX <RES> 000]
13:09:19[[BLK1] 113:]
13:09:19[[T] 0x8004 ]
13:09:19[[L] 0006 ]
13:09:19[[V] GERTEC]
13:09:19[[T] 0x8003 ]
13:09:19[[L] 000D ]
13:09:19[[V] PPC-930;192MB]
13:09:19[[T] 0x8005 ]
13:09:19[[L] 000A ]
13:09:19[[V] 1200000000]
13:09:19[[T] 0x8006 ]
13:09:19[[L] 0014 ]
13:09:19[[V] 1202.11403.VR0012  @]
13:09:19[[T] 0x8007 ]
13:09:19[[L] 0004 ]
13:09:19[[V] 2.03]
13:09:19[[T] 0x8008 ]
13:09:19[[L] 0010 ]
13:09:19[[V] 001.12 160914   ]
13:09:19[[T] 0x8001 ]
13:09:19[[L] 0010 ]
13:09:19[[V] 7200031906045572]
13:09:30[TX <CMD> GIX]
13:09:30[[BLK1] 018:]
13:09:30[[T] 0x0001 ]
13:09:30[[L] 000E ]
13:09:30[[V] 808080808080801]
13:09:31[RX <CMD> GIX <RES> 000]
13:09:31[[BLK1] 113:]
13:09:31[[T] 0x8004 ]
13:09:31[[L] 0006 ]
13:09:31[[V] GERTEC]
13:09:31[[T] 0x8003 ]
13:09:31[[L] 000D ]
13:09:31[[V] PPC-930;192MB]
13:09:31[[T] 0x8005 ]
13:09:31[[L] 000A ]
13:09:31[[V] 1200000000]
13:09:31[[T] 0x8006 ]
13:09:31[[L] 0014 ]
13:09:31[[V] 1202.11403.VR0012  @]
13:09:31[[T] 0x8007 ]
13:09:31[[L] 0004 ]
13:09:31[[V] 2.03]
13:09:31[[T] 0x8008 ]
13:09:31[[L] 0010 ]
13:09:31[[V] 001.12 160914   ]
13:09:31[[T] 0x8001 ]
13:09:31[[L] 0010 ]
13:09:31[[V] 7200031906045572]
13:09:35[TX <CMD> GIX]
13:09:35[[BLK1] 006:]
13:09:35[[T] 0x0001 ]
13:09:35[[L] 0002 ]
13:09:35[[V] 907]
13:09:36[RX <CMD> GIX <RES> 000]
13:09:36[[BLK1] 014:]
13:09:36[[T] 0x9307 ]
13:09:36[[L] 000A ]
13:09:36[[V] 8B66F0FE50]
13:09:36[TX <CMD> GCX]
13:09:36[[BLK1] 063:]
13:09:36[[T] 0x0010 ]
13:09:36[[L] 0002 ]
13:09:36[[V] 07]
13:09:36[[T] 0x0011 ]
13:09:36[[L] 0002 ]
13:09:36[[V] 02]
13:09:36[[T] 0x0013 ]
13:09:36[[L] 000C ]
13:09:36[[V] 000000000000]
13:09:36[[T] 0x0015 ]
13:09:36[[L] 0006 ]
13:09:36[[V] 191112]
13:09:36[[T] 0x0016 ]
13:09:36[[L] 0006 ]
13:09:36[[V] 130935]
13:09:36[[T] 0x0017 ]
13:09:36[[L] 0005 ]
13:09:36[[V] 10000]
13:09:36[[T] 0x0004 ]
13:09:36[[L] 0002 ]
13:09:36[[V] 530]
13:09:36[RX]NTM000032SELECIONADO:    DEBITO          
13:09:38[RX <CMD> GCX <RES> 000]
13:09:38[[BLK1] 129:]
13:09:38[[T] 0x804F ]
13:09:38[[L] 0002 ]
13:09:38[[V] 03]
13:09:38[[T] 0x8051 ]
13:09:38[[L] 0006 ]
13:09:38[[V] 070202]
13:09:38[[T] 0x8052 ]
13:09:38[[L] 0010 ]
13:09:38[[V] ****************]
13:09:38[[T] 0x8042 ]
13:09:38[[L] 0018 ]
13:09:38[[V] ************************]
13:09:38[[T] 0x8053 ]
13:09:38[[L] 0002 ]
13:09:38[[V] 00]
13:09:38[[T] 0x8055 ]
13:09:38[[L] 0013 ]
13:09:38[[V] CARLOS ALBERTO LIVI]
13:09:38[[T] 0x805B ]
13:09:38[[L] 0006 ]
13:09:38[[V] DEBITO]
13:09:38[[T] 0x805C ]
13:09:38[[L] 0003 ]
13:09:38[[V] 076]
13:09:38[[T] 0x805D ]
13:09:38[[L] 0006 ]
13:09:38[[V] 150630]
13:09:38[[T] 0x8054 ]
13:09:38[[L] 0005 ]
13:09:38[[V] 530006]
13:09:38[TX <CMD> GTK]
13:09:38[[BLK1] 008:]
13:09:38[[T] 0x0007 ]
13:09:38[[L] 0004 ]
13:09:38[[V] 1010]
13:09:38[RX <CMD> GTK <RES> 000]
13:09:38[[BLK1] 035:]
13:09:38[[T] 0x804A ]
13:09:38[[L] 0008 ]
13:09:38[[V] ********]
13:09:38[[T] 0x8045 ]
13:09:38[[L] 0013 ]
13:09:38[[V] *******************]
13:09:38[TX]DSP032 PROCESSANDO...                 
13:09:38[RX]DSP000
13:09:39[TX]DSP032 PROCESSANDO...                 
13:09:39[RX]DSP000
13:11:40[TX]{18}
13:11:40[RX]{04}
13:11:40[TX]CLO032** Pay&Go Web ** (c) 2019 SETIS 
13:11:40[RX]{16}
13:11:40[RX]CLO000{17}
13:18:55[TX]{18}
13:18:55[RX]{04}
13:18:55[TX]OPN5230256951B2614256D148E586C384E56395183C13CA15CF1F68A4ECE80E7AC1AAE3335AF804C2D5B7627554E421CFBF38FEFB637DBA275AF5FD58497FF3DECDF95F79F9D7EC6D687FFC6DECE983E52D7E64EB5FE126AE3A1D375B40DCB7881D7ECFBA6EC1A08A7437B1DA60CB9119533E794BC38FA4FDDD122218729389003E422110000711CE6C69081788B3BD2AF18D2E7C37A76300AC3FB23E4107DA72FBC718FDB37291F183C20FA97616A41D4D6591D28EE81C5C8EB89B4936309DE912A8F96ED0E075121E2406BBD9EE2C0AC6BF323D1D5001CF2BD9E56B72FD306E341F99B786697E4794C91FE2AD33EE68E689D917313615D985253EFAC2C968FA46FDDB86B30103E9
13:18:56[RX]OPN0005152565A597C87012523911A39912290239E81F2E7EDC38AE8CA5AB1EC9718BAAE588EA9B2792DCBCA69113CC51F2C2F366EA58DD77C5C0125F181874A8A8BB13D58D84DF2ACE049C92B4DA2CB73ED442F833978AC93DBCBDD0B5EADF7821F66377D75F40FA80B9AE12793C1451EA81BEC464621F1105E59A63BD21B7171C07AFA0952CB3DF5A523CFB75559497465229595762D1BBB587C8C552FC36CC06BD44A0BB9D5558BEB98F9E42B72DB25A37FFFE86B5611FA8EA410BBDE64085DC21C28DBBBA7887A2AA1E25C7032515B62E707FE089D0A8846B8FF14E822D61F78439DC85AA3486DC25006480EF070DFF59D24863D80B2229D0CF6117201F5AE4A96FBBAF6
13:18:56[TX]{18}
13:18:56[RX]{04}
13:18:56[TX]CLO032** Pay&Go Web ** (c) 2019 SETIS 
13:18:56[RX]{16}
13:18:56[RX]CLO000{17}
13:18:56[TX]{18}
13:18:56[RX]{04}
13:18:56[TX]OPN5230256951B2614256D148E586C384E56395183C13CA15CF1F68A4ECE80E7AC1AAE3335AF804C2D5B7627554E421CFBF38FEFB637DBA275AF5FD58497FF3DECDF95F79F9D7EC6D687FFC6DECE983E52D7E64EB5FE126AE3A1D375B40DCB7881D7ECFBA6EC1A08A7437B1DA60CB9119533E794BC38FA4FDDD122218729389003E422110000711CE6C69081788B3BD2AF18D2E7C37A76300AC3FB23E4107DA72FBC718FDB37291F183C20FA97616A41D4D6591D28EE81C5C8EB89B4936309DE912A8F96ED0E075121E2406BBD9EE2C0AC6BF323D1D5001CF2BD9E56B72FD306E341F99B786697E4794C91FE2AD33EE68E689D917313615D985253EFAC2C968FA46FDDB86B30103E9
13:18:56[RX]OPN0005152566EDB411C6DD54D270A087419C93CAA58CF6EEAB9378AE8AB77A3ED469313F3AD75832EFD6E0E71D08D76743644A23470AE7F1718DBF39F2423E946846DAD5EB78E7AA6CDACE0322184261DF096B7CF4A32A39EF50788ECD703D3A0F2DC26694E3D39BA350D5AC98B476892E8ECC41685E1BE0D2421D6032DA58FF816C715C9C538484829368B524B30A6C66D234E6CC0864A15A2E1418EBAA64ED5A134BB3712D2E56BB8B02B418E272B5056FCA384B8E5D000742304E7445052AA00A2E5CBB38C3FB54CB62DEF05B345638AD0C4CDF77662621D35897B37507D2E3A68A70B7A43D2961B476F7609ACABBB698EC496B3893B3E5D074C35B7FDC0B945254E8835
13:18:56[TX <CMD> GIX]
13:18:56[[BLK1] 018:]
13:18:56[[T] 0x0001 ]
13:18:56[[L] 000E ]
13:18:56[[V] 808080808080801]
13:18:56[RX <CMD> GIX <RES> 000]
13:18:56[[BLK1] 113:]
13:18:56[[T] 0x8004 ]
13:18:56[[L] 0006 ]
13:18:56[[V] GERTEC]
13:18:56[[T] 0x8003 ]
13:18:56[[L] 000D ]
13:18:56[[V] PPC-930;192MB]
13:18:56[[T] 0x8005 ]
13:18:56[[L] 000A ]
13:18:56[[V] 1200000000]
13:18:56[[T] 0x8006 ]
13:18:56[[L] 0014 ]
13:18:56[[V] 1202.11403.VR0012  @]
13:18:56[[T] 0x8007 ]
13:18:56[[L] 0004 ]
13:18:56[[V] 2.03]
13:18:56[[T] 0x8008 ]
13:18:56[[L] 0010 ]
13:18:56[[V] 001.12 160914   ]
13:18:56[[T] 0x8001 ]
13:18:56[[L] 0010 ]
13:18:56[[V] 7200031906045572]
13:19:02[TX <CMD> GIX]
13:19:02[[BLK1] 018:]
13:19:02[[T] 0x0001 ]
13:19:02[[L] 000E ]
13:19:02[[V] 808080808080801]
13:19:02[RX <CMD> GIX <RES> 000]
13:19:02[[BLK1] 113:]
13:19:02[[T] 0x8004 ]
13:19:02[[L] 0006 ]
13:19:02[[V] GERTEC]
13:19:02[[T] 0x8003 ]
13:19:02[[L] 000D ]
13:19:02[[V] PPC-930;192MB]
13:19:02[[T] 0x8005 ]
13:19:02[[L] 000A ]
13:19:02[[V] 1200000000]
13:19:02[[T] 0x8006 ]
13:19:02[[L] 0014 ]
13:19:02[[V] 1202.11403.VR0012  @]
13:19:02[[T] 0x8007 ]
13:19:02[[L] 0004 ]
13:19:02[[V] 2.03]
13:19:02[[T] 0x8008 ]
13:19:02[[L] 0010 ]
13:19:02[[V] 001.12 160914   ]
13:19:02[[T] 0x8001 ]
13:19:02[[L] 0010 ]
13:19:02[[V] 7200031906045572]
13:19:07[TX <CMD> GIX]
13:19:07[[BLK1] 006:]
13:19:07[[T] 0x0001 ]
13:19:07[[L] 0002 ]
13:19:07[[V] 907]
13:19:07[RX <CMD> GIX <RES> 000]
13:19:07[[BLK1] 014:]
13:19:07[[T] 0x9307 ]
13:19:07[[L] 000A ]
13:19:07[[V] 8B66F0FE50]
13:19:07[TX <CMD> GCX]
13:19:07[[BLK1] 063:]
13:19:07[[T] 0x0010 ]
13:19:07[[L] 0002 ]
13:19:07[[V] 07]
13:19:07[[T] 0x0011 ]
13:19:07[[L] 0002 ]
13:19:07[[V] 02]
13:19:07[[T] 0x0013 ]
13:19:07[[L] 000C ]
13:19:07[[V] 000000000000]
13:19:07[[T] 0x0015 ]
13:19:07[[L] 0006 ]
13:19:07[[V] 191112]
13:19:07[[T] 0x0016 ]
13:19:07[[L] 0006 ]
13:19:07[[V] 131907]
13:19:07[[T] 0x0017 ]
13:19:07[[L] 0005 ]
13:19:07[[V] 10000]
13:19:07[[T] 0x0004 ]
13:19:07[[L] 0002 ]
13:19:07[[V] 530]
13:19:08[RX]NTM000032SELECIONADO:    DEBITO          
13:19:09[RX <CMD> GCX <RES> 000]
13:19:09[[BLK1] 129:]
13:19:09[[T] 0x804F ]
13:19:09[[L] 0002 ]
13:19:09[[V] 03]
13:19:09[[T] 0x8051 ]
13:19:09[[L] 0006 ]
13:19:09[[V] 070202]
13:19:09[[T] 0x8052 ]
13:19:09[[L] 0010 ]
13:19:09[[V] ****************]
13:19:09[[T] 0x8042 ]
13:19:09[[L] 0018 ]
13:19:09[[V] ************************]
13:19:09[[T] 0x8053 ]
13:19:09[[L] 0002 ]
13:19:09[[V] 00]
13:19:09[[T] 0x8055 ]
13:19:09[[L] 0013 ]
13:19:09[[V] CARLOS ALBERTO LIVI]
13:19:09[[T] 0x805B ]
13:19:09[[L] 0006 ]
13:19:09[[V] DEBITO]
13:19:09[[T] 0x805C ]
13:19:09[[L] 0003 ]
13:19:09[[V] 076]
13:19:09[[T] 0x805D ]
13:19:09[[L] 0006 ]
13:19:09[[V] 150630]
13:19:09[[T] 0x8054 ]
13:19:09[[L] 0005 ]
13:19:09[[V] 530006]
13:19:09[TX <CMD> GTK]
13:19:09[[BLK1] 008:]
13:19:09[[T] 0x0007 ]
13:19:09[[L] 0004 ]
13:19:09[[V] 1010]
13:19:09[RX <CMD> GTK <RES> 000]
13:19:09[[BLK1] 035:]
13:19:09[[T] 0x804A ]
13:19:09[[L] 0008 ]
13:19:09[[V] ********]
13:19:09[[T] 0x8045 ]
13:19:09[[L] 0013 ]
13:19:09[[V] *******************]
13:19:10[TX]DSP032 PROCESSANDO...                 
13:19:10[RX]DSP000
13:19:10[TX]DSP032 PROCESSANDO...                 
13:19:10[RX]DSP000
13:20:24[TX <CMD> GOX]
13:20:24[[BLK1] 115:]
13:20:24[[T] 0x0010 ]
13:20:24[[L] 0002 ]
13:20:24[[V] 07]
13:20:24[[T] 0x0013 ]
13:20:24[[L] 000C ]
13:20:24[[V] 000000001000]
13:20:24[[T] 0x0018 ]
13:20:24[[L] 0005 ]
13:20:24[[V] 01000]
13:20:24[[T] 0x0002 ]
13:20:24[[L] 0001 ]
13:20:24[[V] 3]
13:20:24[[T] 0x0009 ]
13:20:24[[L] 0002 ]
13:20:24[[V] 08]
13:20:24[[T] 0x000C ]
13:20:24[[L] 0001 ]
13:20:24[[V] 30]
13:20:24[[T] 0x001A ]
13:20:24[[L] 000A ]
13:20:24[[V] 00000000020]
13:20:24[[T] 0x0004 ]
13:20:24[[L] 0032 ]
13:20:24[[V] 488999090919192929393990525293919352939499191535917]
13:20:24[RX]NTM000032SOLICITE A SENHA                
13:20:49[RX <CMD> GOX <RES> 000]
13:20:49[[BLK1] 210:]
13:20:49[[T] 0x8056 ]
13:20:49[[L] 0006 ]
13:20:49[[V] 202000]
13:20:49[[T] 0x8057 ]
13:20:49[[L] 0008 ]
13:20:49[[V] 08A02C3B3]
13:20:49[[T] 0x804C ]
13:20:49[[L] 000A ]
13:20:49[[V] FF0091F000E]
13:20:49[[T] 0x8054 ]
13:20:49[[L] 00AA ]
13:20:49[[V] 80A00002180509044080900900000000900A0000219100000AB091007920B4E300BB920893004930606C901119000000105200852010393000091000930EFC52007930290E09104444549100530050545444445544E]
13:20:49[TX]DSP032 PROCESSANDO...                 
13:20:49[RX]DSP000
13:20:51[TX <CMD> FCX]
13:20:51[[BLK1] 066:]
13:20:51[[T] 0x0019 ]
13:20:51[[L] 0004 ]
13:20:51[[V] 0000]
13:20:51[[T] 0x001C ]
13:20:51[[L] 0002 ]
13:20:51[[V] 00]
13:20:51[[T] 0x0004 ]
13:20:51[[L] 0030 ]
13:20:51[[V] 4889990909191929293939905252939193529394991915350]
13:20:51[RX <CMD> FCX <RES> 000]
13:20:51[[BLK1] 181:]
13:20:51[[T] 0x8058 ]
13:20:51[[L] 0003 ]
13:20:51[[V] 000]
13:20:51[[T] 0x8054 ]
13:20:51[[L] 00AA ]
13:20:51[[V] 80A00002180509044080900900000000900A00002191000006B091007920399AFE5E920493004930606C901119000000105200852010393000091000930EFC52007930290E09104444549100530050545444445544E]
13:20:51[TX]RMC032  TRANSACAO OK                  
13:20:54[RX]RMC000
13:21:05[TX <CMD> GIX]
13:21:05[[BLK1] 018:]
13:21:05[[T] 0x0001 ]
13:21:05[[L] 000E ]
13:21:05[[V] 808080808080801]
13:21:05[RX <CMD> GIX <RES> 000]
13:21:05[[BLK1] 113:]
13:21:05[[T] 0x8004 ]
13:21:05[[L] 0006 ]
13:21:05[[V] GERTEC]
13:21:05[[T] 0x8003 ]
13:21:05[[L] 000D ]
13:21:05[[V] PPC-930;192MB]
13:21:05[[T] 0x8005 ]
13:21:05[[L] 000A ]
13:21:05[[V] 1200000000]
13:21:05[[T] 0x8006 ]
13:21:05[[L] 0014 ]
13:21:05[[V] 1202.11403.VR0012  @]
13:21:05[[T] 0x8007 ]
13:21:05[[L] 0004 ]
13:21:05[[V] 2.03]
13:21:05[[T] 0x8008 ]
13:21:05[[L] 0010 ]
13:21:05[[V] 001.12 160914   ]
13:21:05[[T] 0x8001 ]
13:21:05[[L] 0010 ]
13:21:05[[V] 7200031906045572]
13:21:05[TX <CMD> GIX]
13:21:05[[BLK1] 018:]
13:21:05[[T] 0x0001 ]
13:21:05[[L] 000E ]
13:21:05[[V] 808080808080801]
13:21:05[RX <CMD> GIX <RES> 000]
13:21:05[[BLK1] 113:]
13:21:05[[T] 0x8004 ]
13:21:05[[L] 0006 ]
13:21:05[[V] GERTEC]
13:21:05[[T] 0x8003 ]
13:21:05[[L] 000D ]
13:21:05[[V] PPC-930;192MB]
13:21:05[[T] 0x8005 ]
13:21:05[[L] 000A ]
13:21:05[[V] 1200000000]
13:21:05[[T] 0x8006 ]
13:21:05[[L] 0014 ]
13:21:05[[V] 1202.11403.VR0012  @]
13:21:05[[T] 0x8007 ]
13:21:05[[L] 0004 ]
13:21:05[[V] 2.03]
13:21:05[[T] 0x8008 ]
13:21:05[[L] 0010 ]
13:21:05[[V] 001.12 160914   ]
13:21:05[[T] 0x8001 ]
13:21:05[[L] 0010 ]
13:21:05[[V] 7200031906045572]
13:21:10[TX <CMD> GIX]
13:21:10[[BLK1] 018:]
13:21:10[[T] 0x0001 ]
13:21:10[[L] 000E ]
13:21:10[[V] 808080808080801]
13:21:10[RX <CMD> GIX <RES> 000]
13:21:10[[BLK1] 113:]
13:21:10[[T] 0x8004 ]
13:21:10[[L] 0006 ]
13:21:10[[V] GERTEC]
13:21:10[[T] 0x8003 ]
13:21:10[[L] 000D ]
13:21:10[[V] PPC-930;192MB]
13:21:10[[T] 0x8005 ]
13:21:10[[L] 000A ]
13:21:10[[V] 1200000000]
13:21:10[[T] 0x8006 ]
13:21:10[[L] 0014 ]
13:21:10[[V] 1202.11403.VR0012  @]
13:21:10[[T] 0x8007 ]
13:21:10[[L] 0004 ]
13:21:10[[V] 2.03]
13:21:10[[T] 0x8008 ]
13:21:10[[L] 0010 ]
13:21:10[[V] 001.12 160914   ]
13:21:10[[T] 0x8001 ]
13:21:10[[L] 0010 ]
13:21:10[[V] 7200031906045572]
13:21:11[TX]{18}
13:21:11[RX]{04}
13:21:11[TX]CLO032** Pay&Go Web ** (c) 2019 SETIS 
13:21:11[RX]{16}
13:21:11[RX]CLO000{17}
13:24:02[TX]{18}
13:24:02[RX]{04}
13:24:02[TX]OPN5230256951B2614256D148E586C384E56395183C13CA15CF1F68A4ECE80E7AC1AAE3335AF804C2D5B7627554E421CFBF38FEFB637DBA275AF5FD58497FF3DECDF95F79F9D7EC6D687FFC6DECE983E52D7E64EB5FE126AE3A1D375B40DCB7881D7ECFBA6EC1A08A7437B1DA60CB9119533E794BC38FA4FDDD122218729389003E422110000711CE6C69081788B3BD2AF18D2E7C37A76300AC3FB23E4107DA72FBC718FDB37291F183C20FA97616A41D4D6591D28EE81C5C8EB89B4936309DE912A8F96ED0E075121E2406BBD9EE2C0AC6BF323D1D5001CF2BD9E56B72FD306E341F99B786697E4794C91FE2AD33EE68E689D917313615D985253EFAC2C968FA46FDDB86B30103E9
13:24:02[RX]OPN000515256283348394823B7DE35EC3E8F2DF6195EB09B40FBE5E3EF0E809CA5528D6C920E5F54B3E58D62F1F6105B0A73C26851EF1D93B3E5030738A3CEEF7781932E77C6C031E0B1C754B0578EE10882BED6E66C7679C405F13B885B6BEDBBA71FD71B034BBF2B903B4275780F0EF0C631FBEC7EAB3645EE9695A5CD1E6F7703E0822071AB7DA43CC59C8B86DD80D0D8C05E5D580A5D5012D24BBA59FB83D036E7CBA7840D492BB174D38996823A329EE2F76E58458776E2EBA276C3E45C0DDB0B27E8FBD56205E8102F63FA121B02AE1B726E38ADB68E6CB28A64FC4DAF88889A66E32D36490B9C68F86773977907CFD64B1ECD1CA47E3DBF44EFAD205D69D93BE06249
13:24:02[TX]{18}
13:24:02[RX]{04}
13:24:02[TX]CLO032** Pay&Go Web ** (c) 2019 SETIS 
13:24:03[RX]{16}
13:24:03[RX]CLO000{17}
13:24:03[TX]{18}
13:24:03[RX]{04}
13:24:03[TX]OPN5230256951B2614256D148E586C384E56395183C13CA15CF1F68A4ECE80E7AC1AAE3335AF804C2D5B7627554E421CFBF38FEFB637DBA275AF5FD58497FF3DECDF95F79F9D7EC6D687FFC6DECE983E52D7E64EB5FE126AE3A1D375B40DCB7881D7ECFBA6EC1A08A7437B1DA60CB9119533E794BC38FA4FDDD122218729389003E422110000711CE6C69081788B3BD2AF18D2E7C37A76300AC3FB23E4107DA72FBC718FDB37291F183C20FA97616A41D4D6591D28EE81C5C8EB89B4936309DE912A8F96ED0E075121E2406BBD9EE2C0AC6BF323D1D5001CF2BD9E56B72FD306E341F99B786697E4794C91FE2AD33EE68E689D917313615D985253EFAC2C968FA46FDDB86B30103E9
13:24:03[RX]OPN000515256569474C34745D6F205BB4340C6FAA6C6B89E75EA9CF4FED877804F0273FDC0CF325243369FE99D4D3CDDC7D63780490D7CF3B6E10D09563600238502802988586183428BAEE849EDA4A890689F4CC48470CF1FD760DC7F598727685D861CD548A0D1AC0A2CEC37C9081ABAED823C4E2FAD1ECBEC7A1156A13E73256F5D6FB3E9C5B229D246320470DD124C7A8AD25F6D6BFBA60756200EE1A8F06FE90CE0D4F14CB2C680CBA45598F3E4F78D70F39283B8E6266639ADDE675B699054B8474492158B4D82300BBB7171841CFD04BEE72AC915B47FFB5F41BEC489EFE701BCD731A52143F5AAD2CA01DAE363C4EC14BC85357D06F53A7CD94C72E597B534360BB2
13:24:03[TX <CMD> GIX]
13:24:03[[BLK1] 018:]
13:24:03[[T] 0x0001 ]
13:24:03[[L] 000E ]
13:24:03[[V] 808080808080801]
13:24:03[RX <CMD> GIX <RES> 000]
13:24:03[[BLK1] 113:]
13:24:03[[T] 0x8004 ]
13:24:03[[L] 0006 ]
13:24:03[[V] GERTEC]
13:24:03[[T] 0x8003 ]
13:24:03[[L] 000D ]
13:24:03[[V] PPC-930;192MB]
13:24:03[[T] 0x8005 ]
13:24:03[[L] 000A ]
13:24:03[[V] 1200000000]
13:24:03[[T] 0x8006 ]
13:24:03[[L] 0014 ]
13:24:03[[V] 1202.11403.VR0012  @]
13:24:03[[T] 0x8007 ]
13:24:03[[L] 0004 ]
13:24:03[[V] 2.03]
13:24:03[[T] 0x8008 ]
13:24:03[[L] 0010 ]
13:24:03[[V] 001.12 160914   ]
13:24:03[[T] 0x8001 ]
13:24:03[[L] 0010 ]
13:24:03[[V] 7200031906045572]
13:24:10[TX <CMD> GIX]
13:24:10[[BLK1] 018:]
13:24:10[[T] 0x0001 ]
13:24:10[[L] 000E ]
13:24:10[[V] 808080808080801]
13:24:10[RX <CMD> GIX <RES> 000]
13:24:10[[BLK1] 113:]
13:24:10[[T] 0x8004 ]
13:24:10[[L] 0006 ]
13:24:10[[V] GERTEC]
13:24:10[[T] 0x8003 ]
13:24:10[[L] 000D ]
13:24:10[[V] PPC-930;192MB]
13:24:10[[T] 0x8005 ]
13:24:10[[L] 000A ]
13:24:10[[V] 1200000000]
13:24:10[[T] 0x8006 ]
13:24:10[[L] 0014 ]
13:24:10[[V] 1202.11403.VR0012  @]
13:24:10[[T] 0x8007 ]
13:24:10[[L] 0004 ]
13:24:10[[V] 2.03]
13:24:10[[T] 0x8008 ]
13:24:10[[L] 0010 ]
13:24:10[[V] 001.12 160914   ]
13:24:10[[T] 0x8001 ]
13:24:10[[L] 0010 ]
13:24:10[[V] 7200031906045572]
13:24:15[TX <CMD> GIX]
13:24:15[[BLK1] 006:]
13:24:15[[T] 0x0001 ]
13:24:15[[L] 0002 ]
13:24:15[[V] 907]
13:24:15[RX <CMD> GIX <RES> 000]
13:24:15[[BLK1] 014:]
13:24:15[[T] 0x9307 ]
13:24:15[[L] 000A ]
13:24:15[[V] 8B66F0FE50]
13:24:15[TX <CMD> GCX]
13:24:15[[BLK1] 063:]
13:24:15[[T] 0x0010 ]
13:24:15[[L] 0002 ]
13:24:15[[V] 07]
13:24:15[[T] 0x0011 ]
13:24:15[[L] 0002 ]
13:24:15[[V] 02]
13:24:15[[T] 0x0013 ]
13:24:15[[L] 000C ]
13:24:15[[V] 000000000000]
13:24:15[[T] 0x0015 ]
13:24:15[[L] 0006 ]
13:24:15[[V] 191112]
13:24:15[[T] 0x0016 ]
13:24:15[[L] 0006 ]
13:24:15[[V] 132415]
13:24:15[[T] 0x0017 ]
13:24:15[[L] 0005 ]
13:24:15[[V] 10000]
13:24:15[[T] 0x0004 ]
13:24:15[[L] 0002 ]
13:24:15[[V] 530]
13:24:25[RX]NTM000032SELECIONADO:    DEBITO          
13:24:27[RX <CMD> GCX <RES> 000]
13:24:27[[BLK1] 129:]
13:24:27[[T] 0x804F ]
13:24:27[[L] 0002 ]
13:24:27[[V] 03]
13:24:27[[T] 0x8051 ]
13:24:27[[L] 0006 ]
13:24:27[[V] 070202]
13:24:27[[T] 0x8052 ]
13:24:27[[L] 0010 ]
13:24:27[[V] ****************]
13:24:27[[T] 0x8042 ]
13:24:27[[L] 0018 ]
13:24:27[[V] ************************]
13:24:27[[T] 0x8053 ]
13:24:27[[L] 0002 ]
13:24:27[[V] 00]
13:24:27[[T] 0x8055 ]
13:24:27[[L] 0013 ]
13:24:27[[V] CARLOS ALBERTO LIVI]
13:24:27[[T] 0x805B ]
13:24:27[[L] 0006 ]
13:24:27[[V] DEBITO]
13:24:27[[T] 0x805C ]
13:24:27[[L] 0003 ]
13:24:27[[V] 076]
13:24:27[[T] 0x805D ]
13:24:27[[L] 0006 ]
13:24:27[[V] 150630]
13:24:27[[T] 0x8054 ]
13:24:27[[L] 0005 ]
13:24:27[[V] 530006]
13:24:27[TX <CMD> GTK]
13:24:27[[BLK1] 008:]
13:24:27[[T] 0x0007 ]
13:24:27[[L] 0004 ]
13:24:27[[V] 1010]
13:24:27[RX <CMD> GTK <RES> 000]
13:24:27[[BLK1] 035:]
13:24:27[[T] 0x804A ]
13:24:27[[L] 0008 ]
13:24:27[[V] ********]
13:24:27[[T] 0x8045 ]
13:24:27[[L] 0013 ]
13:24:27[[V] *******************]
13:24:27[TX]DSP032 PROCESSANDO...                 
13:24:27[RX]DSP000
13:24:27[TX]DSP032 PROCESSANDO...                 
13:24:28[RX]DSP000
13:25:24[TX <CMD> GOX]
13:25:24[[BLK1] 115:]
13:25:24[[T] 0x0010 ]
13:25:24[[L] 0002 ]
13:25:24[[V] 07]
13:25:24[[T] 0x0013 ]
13:25:24[[L] 000C ]
13:25:24[[V] 000000001100]
13:25:24[[T] 0x0018 ]
13:25:24[[L] 0005 ]
13:25:24[[V] 01000]
13:25:24[[T] 0x0002 ]
13:25:24[[L] 0001 ]
13:25:24[[V] 3]
13:25:24[[T] 0x0009 ]
13:25:24[[L] 0002 ]
13:25:24[[V] 08]
13:25:24[[T] 0x000C ]
13:25:24[[L] 0001 ]
13:25:24[[V] 30]
13:25:24[[T] 0x001A ]
13:25:24[[L] 000A ]
13:25:24[[V] 00000000020]
13:25:24[[T] 0x0004 ]
13:25:24[[L] 0032 ]
13:25:24[[V] 488999090919192929393990525293919352939499191535917]
13:25:24[RX]NTM000032SOLICITE A SENHA                
13:25:34[RX <CMD> GOX <RES> 000]
13:25:34[[BLK1] 210:]
13:25:34[[T] 0x8056 ]
13:25:34[[L] 0006 ]
13:25:34[[V] 202000]
13:25:34[[T] 0x8057 ]
13:25:34[[L] 0008 ]
13:25:34[[V] 5CDBF2A3B]
13:25:34[[T] 0x804C ]
13:25:34[[L] 000A ]
13:25:34[[V] FF0091F000F]
13:25:34[[T] 0x8054 ]
13:25:34[[L] 00AA ]
13:25:34[[V] 80A00002180509044080900900000000900A0000219100000AB0910079202B8ABC269208930049306925901119000000105200852010393000091000930EFC52007930290E09104444549100530050545444445544E]
13:25:34[TX]DSP032 PROCESSANDO...                 
13:25:34[RX]DSP000
13:25:35[TX <CMD> FCX]
13:25:35[[BLK1] 066:]
13:25:35[[T] 0x0019 ]
13:25:35[[L] 0004 ]
13:25:35[[V] 0000]
13:25:35[[T] 0x001C ]
13:25:35[[L] 0002 ]
13:25:35[[V] 00]
13:25:35[[T] 0x0004 ]
13:25:35[[L] 0030 ]
13:25:35[[V] 4889990909191929293939905252939193529394991915350]
13:25:36[RX <CMD> FCX <RES> 000]
13:25:36[[BLK1] 181:]
13:25:36[[T] 0x8058 ]
13:25:36[[L] 0003 ]
13:25:36[[V] 000]
13:25:36[[T] 0x8054 ]
13:25:36[[L] 00AA ]
13:25:36[[V] 80A00002180509044080900900000000900A00002191000006B091007920C801DA229204930049306925901119000000105200852010393000091000930EFC52007930290E09104444549100530050545444445544E]
13:25:36[TX]RMC032  TRANSACAO OK                  
13:25:39[RX]RMC000
13:25:42[TX <CMD> GIX]
13:25:42[[BLK1] 018:]
13:25:42[[T] 0x0001 ]
13:25:42[[L] 000E ]
13:25:42[[V] 808080808080801]
13:25:42[RX <CMD> GIX <RES> 000]
13:25:42[[BLK1] 113:]
13:25:42[[T] 0x8004 ]
13:25:42[[L] 0006 ]
13:25:42[[V] GERTEC]
13:25:42[[T] 0x8003 ]
13:25:42[[L] 000D ]
13:25:42[[V] PPC-930;192MB]
13:25:42[[T] 0x8005 ]
13:25:42[[L] 000A ]
13:25:42[[V] 1200000000]
13:25:42[[T] 0x8006 ]
13:25:42[[L] 0014 ]
13:25:42[[V] 1202.11403.VR0012  @]
13:25:42[[T] 0x8007 ]
13:25:42[[L] 0004 ]
13:25:42[[V] 2.03]
13:25:42[[T] 0x8008 ]
13:25:42[[L] 0010 ]
13:25:42[[V] 001.12 160914   ]
13:25:42[[T] 0x8001 ]
13:25:42[[L] 0010 ]
13:25:42[[V] 7200031906045572]
13:25:42[TX <CMD> GIX]
13:25:42[[BLK1] 018:]
13:25:42[[T] 0x0001 ]
13:25:42[[L] 000E ]
13:25:42[[V] 808080808080801]
13:25:42[RX <CMD> GIX <RES> 000]
13:25:42[[BLK1] 113:]
13:25:42[[T] 0x8004 ]
13:25:42[[L] 0006 ]
13:25:42[[V] GERTEC]
13:25:42[[T] 0x8003 ]
13:25:42[[L] 000D ]
13:25:42[[V] PPC-930;192MB]
13:25:42[[T] 0x8005 ]
13:25:42[[L] 000A ]
13:25:42[[V] 1200000000]
13:25:42[[T] 0x8006 ]
13:25:42[[L] 0014 ]
13:25:42[[V] 1202.11403.VR0012  @]
13:25:42[[T] 0x8007 ]
13:25:42[[L] 0004 ]
13:25:42[[V] 2.03]
13:25:42[[T] 0x8008 ]
13:25:42[[L] 0010 ]
13:25:42[[V] 001.12 160914   ]
13:25:42[[T] 0x8001 ]
13:25:42[[L] 0010 ]
13:25:42[[V] 7200031906045572]
13:25:47[TX <CMD> GIX]
13:25:47[[BLK1] 018:]
13:25:47[[T] 0x0001 ]
13:25:47[[L] 000E ]
13:25:47[[V] 808080808080801]
13:25:47[RX <CMD> GIX <RES> 000]
13:25:47[[BLK1] 113:]
13:25:47[[T] 0x8004 ]
13:25:47[[L] 0006 ]
13:25:47[[V] GERTEC]
13:25:47[[T] 0x8003 ]
13:25:47[[L] 000D ]
13:25:47[[V] PPC-930;192MB]
13:25:47[[T] 0x8005 ]
13:25:47[[L] 000A ]
13:25:47[[V] 1200000000]
13:25:47[[T] 0x8006 ]
13:25:47[[L] 0014 ]
13:25:47[[V] 1202.11403.VR0012  @]
13:25:47[[T] 0x8007 ]
13:25:47[[L] 0004 ]
13:25:47[[V] 2.03]
13:25:47[[T] 0x8008 ]
13:25:47[[L] 0010 ]
13:25:47[[V] 001.12 160914   ]
13:25:47[[T] 0x8001 ]
13:25:47[[L] 0010 ]
13:25:47[[V] 7200031906045572]
13:25:48[TX]{18}
13:25:48[RX]{04}
13:25:48[TX]CLO032** Pay&Go Web ** (c) 2019 SETIS 
13:25:48[RX]{16}
13:25:48[RX]CLO000{17}
13:30:28[TX]{18}
13:30:28[RX]{04}
13:30:28[TX]OPN5230256951B2614256D148E586C384E56395183C13CA15CF1F68A4ECE80E7AC1AAE3335AF804C2D5B7627554E421CFBF38FEFB637DBA275AF5FD58497FF3DECDF95F79F9D7EC6D687FFC6DECE983E52D7E64EB5FE126AE3A1D375B40DCB7881D7ECFBA6EC1A08A7437B1DA60CB9119533E794BC38FA4FDDD122218729389003E422110000711CE6C69081788B3BD2AF18D2E7C37A76300AC3FB23E4107DA72FBC718FDB37291F183C20FA97616A41D4D6591D28EE81C5C8EB89B4936309DE912A8F96ED0E075121E2406BBD9EE2C0AC6BF323D1D5001CF2BD9E56B72FD306E341F99B786697E4794C91FE2AD33EE68E689D917313615D985253EFAC2C968FA46FDDB86B30103E9
13:30:28[RX]OPN0005152567047121365AE39853CAD68E716A2956B70279A90698DF5149C5768A7B3E418AED797CF18E7EAC5250CA6CA1B6061C6A6F1920EBEC628725357ED3CBBFD119E9FBFE5968F570BE14C782C6700840832DCB4B7090F1E0B3E43826156F91AB5938DD3F53BD5C942FBEA6A8EF76082439AD9A5998F01CC460EAD06E86DE6761FBFCBCA5F9ED8D1F399E6EEBFBDD533AB051C5ED0921ABA4927089FEB2A70FF8473BBD77331BDF96815D99ECAAED10C817C645F95899B561C5542D5B067CF754DDDE1E1DE34CE5702DA18054EC349367E428E2B1A8DA47051EA93B2ACFFF60D9270C9A696090107573A363C18787103457283EE31F81D216DCF0993AC6EEB76CA69B7
13:30:28[TX]{18}
13:30:28[RX]{04}
13:30:28[TX]CLO032** Pay&Go Web ** (c) 2019 SETIS 
13:30:28[RX]{16}
13:30:28[RX]CLO000{17}
13:30:29[TX]{18}
13:30:29[RX]{04}
13:30:29[TX]OPN5230256951B2614256D148E586C384E56395183C13CA15CF1F68A4ECE80E7AC1AAE3335AF804C2D5B7627554E421CFBF38FEFB637DBA275AF5FD58497FF3DECDF95F79F9D7EC6D687FFC6DECE983E52D7E64EB5FE126AE3A1D375B40DCB7881D7ECFBA6EC1A08A7437B1DA60CB9119533E794BC38FA4FDDD122218729389003E422110000711CE6C69081788B3BD2AF18D2E7C37A76300AC3FB23E4107DA72FBC718FDB37291F183C20FA97616A41D4D6591D28EE81C5C8EB89B4936309DE912A8F96ED0E075121E2406BBD9EE2C0AC6BF323D1D5001CF2BD9E56B72FD306E341F99B786697E4794C91FE2AD33EE68E689D917313615D985253EFAC2C968FA46FDDB86B30103E9
13:30:29[RX]OPN0005152564407701BCD8E1A705F6EC9A7FAD56201EC0CBC23496AAB9FC6F6713B39345D9C82E47D41ED83808B2A59BFE2B004EE6C3D999BB727A1F71718CB3BF0EBB4316207106A0B38441009524E0BA2851D20308A992AAFF6E8F4F4C8C00AAD1080093538C9FB2C4CECF3DA9980B01577CA5C4339337EE070C446F1D5569A20E3F0094CE4ABC6F37FC7F85301E2CEA917023CC112CACE81CCCCABA9715B4958BDA7078EB985EC5A981903F7CD1F6B154B15F7808CA1CE0D95EA65CD5512BB4796AF6075CA480191BC396DD62578570FCDE38AEC293C64B54B9671E87539DE1294DD355CDF6AB9C1DED2E8F10A666DCBA85C3514D623562FD38EDFB5E7B1998BF2145930
13:30:29[TX <CMD> GIX]
13:30:29[[BLK1] 018:]
13:30:29[[T] 0x0001 ]
13:30:29[[L] 000E ]
13:30:29[[V] 808080808080801]
13:30:29[RX <CMD> GIX <RES> 000]
13:30:29[[BLK1] 113:]
13:30:29[[T] 0x8004 ]
13:30:29[[L] 0006 ]
13:30:29[[V] GERTEC]
13:30:29[[T] 0x8003 ]
13:30:29[[L] 000D ]
13:30:29[[V] PPC-930;192MB]
13:30:29[[T] 0x8005 ]
13:30:29[[L] 000A ]
13:30:29[[V] 1200000000]
13:30:29[[T] 0x8006 ]
13:30:29[[L] 0014 ]
13:30:29[[V] 1202.11403.VR0012  @]
13:30:29[[T] 0x8007 ]
13:30:29[[L] 0004 ]
13:30:29[[V] 2.03]
13:30:29[[T] 0x8008 ]
13:30:29[[L] 0010 ]
13:30:29[[V] 001.12 160914   ]
13:30:29[[T] 0x8001 ]
13:30:29[[L] 0010 ]
13:30:29[[V] 7200031906045572]
13:35:22[TX <CMD> GIX]
13:35:22[[BLK1] 018:]
13:35:22[[T] 0x0001 ]
13:35:22[[L] 000E ]
13:35:22[[V] 808080808080801]
13:35:22[RX <CMD> GIX <RES> 000]
13:35:22[[BLK1] 113:]
13:35:22[[T] 0x8004 ]
13:35:22[[L] 0006 ]
13:35:22[[V] GERTEC]
13:35:22[[T] 0x8003 ]
13:35:22[[L] 000D ]
13:35:22[[V] PPC-930;192MB]
13:35:22[[T] 0x8005 ]
13:35:22[[L] 000A ]
13:35:22[[V] 1200000000]
13:35:22[[T] 0x8006 ]
13:35:22[[L] 0014 ]
13:35:22[[V] 1202.11403.VR0012  @]
13:35:22[[T] 0x8007 ]
13:35:22[[L] 0004 ]
13:35:22[[V] 2.03]
13:35:22[[T] 0x8008 ]
13:35:22[[L] 0010 ]
13:35:22[[V] 001.12 160914   ]
13:35:22[[T] 0x8001 ]
13:35:22[[L] 0010 ]
13:35:22[[V] 7200031906045572]
13:35:29[TX <CMD> GIX]
13:35:29[[BLK1] 006:]
13:35:29[[T] 0x0001 ]
13:35:29[[L] 0002 ]
13:35:29[[V] 907]
13:35:30[RX <CMD> GIX <RES> 000]
13:35:30[[BLK1] 014:]
13:35:30[[T] 0x9307 ]
13:35:30[[L] 000A ]
13:35:30[[V] 8B66F0FE50]
13:35:30[TX <CMD> GCX]
13:35:30[[BLK1] 063:]
13:35:30[[T] 0x0010 ]
13:35:30[[L] 0002 ]
13:35:30[[V] 07]
13:35:30[[T] 0x0011 ]
13:35:30[[L] 0002 ]
13:35:30[[V] 02]
13:35:30[[T] 0x0013 ]
13:35:30[[L] 000C ]
13:35:30[[V] 000000000000]
13:35:30[[T] 0x0015 ]
13:35:30[[L] 0006 ]
13:35:30[[V] 191112]
13:35:30[[T] 0x0016 ]
13:35:30[[L] 0006 ]
13:35:30[[V] 133529]
13:35:30[[T] 0x0017 ]
13:35:30[[L] 0005 ]
13:35:30[[V] 10000]
13:35:30[[T] 0x0004 ]
13:35:30[[L] 0002 ]
13:35:30[[V] 530]
13:35:30[RX]NTM000032SELECIONADO:    DEBITO          
13:35:31[RX <CMD> GCX <RES> 000]
13:35:31[[BLK1] 129:]
13:35:31[[T] 0x804F ]
13:35:31[[L] 0002 ]
13:35:31[[V] 03]
13:35:31[[T] 0x8051 ]
13:35:31[[L] 0006 ]
13:35:31[[V] 070202]
13:35:31[[T] 0x8052 ]
13:35:31[[L] 0010 ]
13:35:31[[V] ****************]
13:35:31[[T] 0x8042 ]
13:35:31[[L] 0018 ]
13:35:31[[V] ************************]
13:35:31[[T] 0x8053 ]
13:35:31[[L] 0002 ]
13:35:31[[V] 00]
13:35:31[[T] 0x8055 ]
13:35:31[[L] 0013 ]
13:35:31[[V] CARLOS ALBERTO LIVI]
13:35:31[[T] 0x805B ]
13:35:31[[L] 0006 ]
13:35:31[[V] DEBITO]
13:35:31[[T] 0x805C ]
13:35:31[[L] 0003 ]
13:35:31[[V] 076]
13:35:31[[T] 0x805D ]
13:35:31[[L] 0006 ]
13:35:31[[V] 150630]
13:35:31[[T] 0x8054 ]
13:35:31[[L] 0005 ]
13:35:31[[V] 530006]
13:35:31[TX <CMD> GTK]
13:35:31[[BLK1] 008:]
13:35:31[[T] 0x0007 ]
13:35:31[[L] 0004 ]
13:35:31[[V] 1010]
13:35:32[RX <CMD> GTK <RES> 000]
13:35:32[[BLK1] 035:]
13:35:32[[T] 0x804A ]
13:35:32[[L] 0008 ]
13:35:32[[V] ********]
13:35:32[[T] 0x8045 ]
13:35:32[[L] 0013 ]
13:35:32[[V] *******************]
13:35:32[TX]DSP032 PROCESSANDO...                 
13:35:32[RX]DSP000
13:35:32[TX]DSP032 PROCESSANDO...                 
13:35:33[RX]DSP000
13:35:47[TX <CMD> GOX]
13:35:47[[BLK1] 115:]
13:35:47[[T] 0x0010 ]
13:35:47[[L] 0002 ]
13:35:47[[V] 07]
13:35:47[[T] 0x0013 ]
13:35:47[[L] 000C ]
13:35:47[[V] 000000001400]
13:35:47[[T] 0x0018 ]
13:35:47[[L] 0005 ]
13:35:47[[V] 01000]
13:35:47[[T] 0x0002 ]
13:35:47[[L] 0001 ]
13:35:47[[V] 3]
13:35:47[[T] 0x0009 ]
13:35:47[[L] 0002 ]
13:35:47[[V] 08]
13:35:47[[T] 0x000C ]
13:35:47[[L] 0001 ]
13:35:47[[V] 30]
13:35:47[[T] 0x001A ]
13:35:47[[L] 000A ]
13:35:47[[V] 00000000020]
13:35:47[[T] 0x0004 ]
13:35:47[[L] 0032 ]
13:35:47[[V] 488999090919192929393990525293919352939499191535917]
13:35:48[RX]NTM000032SOLICITE A SENHA                
13:35:53[RX <CMD> GOX <RES> 000]
13:35:53[[BLK1] 210:]
13:35:53[[T] 0x8056 ]
13:35:53[[L] 0006 ]
13:35:53[[V] 202000]
13:35:53[[T] 0x8057 ]
13:35:53[[L] 0008 ]
13:35:53[[V] 29B0785C1]
13:35:53[[T] 0x804C ]
13:35:53[[L] 000A ]
13:35:53[[V] FF0091F0010]
13:35:53[[T] 0x8054 ]
13:35:53[[L] 00AA ]
13:35:53[[V] 80A00002180509044080900900000000900A0000219100000AB091007920E5836B02920893004930CE62901119000000105200852010393000091000930EFC52007930290E09104444549100530050545444445544E]
13:35:53[TX]DSP032 PROCESSANDO...                 
13:35:53[RX]DSP000
13:35:55[TX <CMD> FCX]
13:35:55[[BLK1] 066:]
13:35:55[[T] 0x0019 ]
13:35:55[[L] 0004 ]
13:35:55[[V] 0000]
13:35:55[[T] 0x001C ]
13:35:55[[L] 0002 ]
13:35:55[[V] 00]
13:35:55[[T] 0x0004 ]
13:35:55[[L] 0030 ]
13:35:55[[V] 4889990909191929293939905252939193529394991915350]
13:35:55[RX <CMD> FCX <RES> 000]
13:35:55[[BLK1] 181:]
13:35:55[[T] 0x8058 ]
13:35:55[[L] 0003 ]
13:35:55[[V] 000]
13:35:55[[T] 0x8054 ]
13:35:55[[L] 00AA ]
13:35:55[[V] 80A00002180509044080900900000000900A00002191000006B091007920C95D86BF920493004930CE62901119000000105200852010393000091000930EFC52007930290E09104444549100530050545444445544E]
13:35:55[TX]RMC032  TRANSACAO OK                  
13:35:58[RX]RMC000
13:36:06[TX <CMD> GIX]
13:36:06[[BLK1] 018:]
13:36:06[[T] 0x0001 ]
13:36:06[[L] 000E ]
13:36:06[[V] 808080808080801]
13:36:06[RX <CMD> GIX <RES> 000]
13:36:06[[BLK1] 113:]
13:36:06[[T] 0x8004 ]
13:36:06[[L] 0006 ]
13:36:06[[V] GERTEC]
13:36:06[[T] 0x8003 ]
13:36:06[[L] 000D ]
13:36:06[[V] PPC-930;192MB]
13:36:06[[T] 0x8005 ]
13:36:06[[L] 000A ]
13:36:06[[V] 1200000000]
13:36:06[[T] 0x8006 ]
13:36:06[[L] 0014 ]
13:36:06[[V] 1202.11403.VR0012  @]
13:36:06[[T] 0x8007 ]
13:36:06[[L] 0004 ]
13:36:06[[V] 2.03]
13:36:06[[T] 0x8008 ]
13:36:06[[L] 0010 ]
13:36:06[[V] 001.12 160914   ]
13:36:06[[T] 0x8001 ]
13:36:06[[L] 0010 ]
13:36:06[[V] 7200031906045572]
13:36:06[TX <CMD> GIX]
13:36:06[[BLK1] 018:]
13:36:06[[T] 0x0001 ]
13:36:06[[L] 000E ]
13:36:06[[V] 808080808080801]
13:36:06[RX <CMD> GIX <RES> 000]
13:36:06[[BLK1] 113:]
13:36:06[[T] 0x8004 ]
13:36:06[[L] 0006 ]
13:36:06[[V] GERTEC]
13:36:06[[T] 0x8003 ]
13:36:06[[L] 000D ]
13:36:06[[V] PPC-930;192MB]
13:36:06[[T] 0x8005 ]
13:36:06[[L] 000A ]
13:36:06[[V] 1200000000]
13:36:06[[T] 0x8006 ]
13:36:06[[L] 0014 ]
13:36:06[[V] 1202.11403.VR0012  @]
13:36:06[[T] 0x8007 ]
13:36:06[[L] 0004 ]
13:36:06[[V] 2.03]
13:36:06[[T] 0x8008 ]
13:36:06[[L] 0010 ]
13:36:06[[V] 001.12 160914   ]
13:36:06[[T] 0x8001 ]
13:36:06[[L] 0010 ]
13:36:06[[V] 7200031906045572]
13:36:10[TX <CMD> GIX]
13:36:10[[BLK1] 018:]
13:36:10[[T] 0x0001 ]
13:36:10[[L] 000E ]
13:36:10[[V] 808080808080801]
13:36:10[RX <CMD> GIX <RES> 000]
13:36:10[[BLK1] 113:]
13:36:10[[T] 0x8004 ]
13:36:10[[L] 0006 ]
13:36:10[[V] GERTEC]
13:36:10[[T] 0x8003 ]
13:36:10[[L] 000D ]
13:36:10[[V] PPC-930;192MB]
13:36:10[[T] 0x8005 ]
13:36:10[[L] 000A ]
13:36:10[[V] 1200000000]
13:36:10[[T] 0x8006 ]
13:36:10[[L] 0014 ]
13:36:10[[V] 1202.11403.VR0012  @]
13:36:10[[T] 0x8007 ]
13:36:10[[L] 0004 ]
13:36:10[[V] 2.03]
13:36:10[[T] 0x8008 ]
13:36:10[[L] 0010 ]
13:36:10[[V] 001.12 160914   ]
13:36:10[[T] 0x8001 ]
13:36:10[[L] 0010 ]
13:36:10[[V] 7200031906045572]
13:36:10[TX]{18}
13:36:11[RX]{04}
13:36:11[TX]CLO032** Pay&Go Web ** (c) 2019 SETIS 
13:36:11[RX]{16}
13:36:11[RX]CLO000{17}
