13:32:38[TX]{18}
13:32:38[RX]{04}
13:32:38[TX]OPN5230256951B2614256D148E586C384E56395183C13CA15CF1F68A4ECE80E7AC1AAE3335AF804C2D5B7627554E421CFBF38FEFB637DBA275AF5FD58497FF3DECDF95F79F9D7EC6D687FFC6DECE983E52D7E64EB5FE126AE3A1D375B40DCB7881D7ECFBA6EC1A08A7437B1DA60CB9119533E794BC38FA4FDDD122218729389003E422110000711CE6C69081788B3BD2AF18D2E7C37A76300AC3FB23E4107DA72FBC718FDB37291F183C20FA97616A41D4D6591D28EE81C5C8EB89B4936309DE912A8F96ED0E075121E2406BBD9EE2C0AC6BF323D1D5001CF2BD9E56B72FD306E341F99B786697E4794C91FE2AD33EE68E689D917313615D985253EFAC2C968FA46FDDB86B30103E9
13:32:38[RX]OPN0005152563F25004AAAC476E1E9698C8EB7D10F1910E736B58E60B06116C94A83E4725014E0DBF633941AD3E4941511049BE1FE22D52E3E2328B352C62E7CF18BD495B208D840881549309B39401F012F12C12E92BA2E3D55B99E1880E8B276EA2CAF79E098539DCC98EDEAA54FEB7EAD4F284BC5B6FA04182E464C9DF2F7FE47B13D732DCABF5644C6CDD110A454B309BD3A1C66B6673A28494490E5D35A3BB50B8A93926EB46386562B638B585E8D8AA61E0205ABCCC02A8EAD4E7E81EB307AD4C64A06BA058CD7CB723F878C322B61DEE2DBD3BFB0AA2F8D70D6C4421348BEC0378D18B79E4374AD96A6D5C3BF3486BDA63EE204DD69C33D6C64D4C3AF6EAAA9243610
13:32:38[TX]{18}
13:32:38[RX]{04}
13:32:38[TX]CLO032** Pay&Go Web ** (c) 2019 SETIS 
13:32:39[RX]{16}
13:32:39[RX]CLO000{17}
13:32:39[TX]{18}
13:32:39[RX]{04}
13:32:39[TX]OPN5230256951B2614256D148E586C384E56395183C13CA15CF1F68A4ECE80E7AC1AAE3335AF804C2D5B7627554E421CFBF38FEFB637DBA275AF5FD58497FF3DECDF95F79F9D7EC6D687FFC6DECE983E52D7E64EB5FE126AE3A1D375B40DCB7881D7ECFBA6EC1A08A7437B1DA60CB9119533E794BC38FA4FDDD122218729389003E422110000711CE6C69081788B3BD2AF18D2E7C37A76300AC3FB23E4107DA72FBC718FDB37291F183C20FA97616A41D4D6591D28EE81C5C8EB89B4936309DE912A8F96ED0E075121E2406BBD9EE2C0AC6BF323D1D5001CF2BD9E56B72FD306E341F99B786697E4794C91FE2AD33EE68E689D917313615D985253EFAC2C968FA46FDDB86B30103E9
13:32:39[RX]OPN0005152562BB4723C8B3EA120F84D804454951907283720E94D5A6B99371BCFBEDB86087332A7AB9A674A6A8C39CA4F8319B79045797BC4D8368E98BCBE19FD46F96E13655B189E6C19A99E0B5D657DF06E0B2012B4F073DA7C6EFB41BDD003FA7DFA5803AF6AB6D186B082E73E29D97CF106F346E4F828A8BF46B189C9E4EC3AFC472693076DFAEC5BFEC6910911A53656F4952D71E9C8CD7601B8788277F2A52EB51E6FA98FD33610DF341812F9494D39C5FE4742430FB54C1BAA18DE0056AE4D193DA349196F78A4166F0E9322E361800D2C691346F3B05BE91044C81C5C2E6D47962A96EA19240DA47B0782478E3F630BC8BE843FDC548FAEA5DA9BFBE3E2AF49A997
13:32:39[TX <CMD> GIX]
13:32:39[[BLK1] 018:]
13:32:39[[T] 0x0001 ]
13:32:39[[L] 000E ]
13:32:39[[V] 808080808080801]
13:32:39[RX <CMD> GIX <RES> 000]
13:32:39[[BLK1] 113:]
13:32:39[[T] 0x8004 ]
13:32:39[[L] 0006 ]
13:32:39[[V] GERTEC]
13:32:39[[T] 0x8003 ]
13:32:39[[L] 000D ]
13:32:39[[V] PPC-930;192MB]
13:32:39[[T] 0x8005 ]
13:32:39[[L] 000A ]
13:32:39[[V] 1200000000]
13:32:39[[T] 0x8006 ]
13:32:39[[L] 0014 ]
13:32:39[[V] 1202.11403.VR0012  @]
13:32:39[[T] 0x8007 ]
13:32:39[[L] 0004 ]
13:32:39[[V] 2.03]
13:32:39[[T] 0x8008 ]
13:32:39[[L] 0010 ]
13:32:39[[V] 001.12 160914   ]
13:32:39[[T] 0x8001 ]
13:32:39[[L] 0010 ]
13:32:39[[V] 7200031906045572]
13:34:10[TX <CMD> GIX]
13:34:10[[BLK1] 018:]
13:34:10[[T] 0x0001 ]
13:34:10[[L] 000E ]
13:34:10[[V] 808080808080801]
13:34:10[RX <CMD> GIX <RES> 000]
13:34:10[[BLK1] 113:]
13:34:10[[T] 0x8004 ]
13:34:10[[L] 0006 ]
13:34:10[[V] GERTEC]
13:34:10[[T] 0x8003 ]
13:34:10[[L] 000D ]
13:34:10[[V] PPC-930;192MB]
13:34:10[[T] 0x8005 ]
13:34:10[[L] 000A ]
13:34:10[[V] 1200000000]
13:34:10[[T] 0x8006 ]
13:34:10[[L] 0014 ]
13:34:10[[V] 1202.11403.VR0012  @]
13:34:10[[T] 0x8007 ]
13:34:10[[L] 0004 ]
13:34:10[[V] 2.03]
13:34:10[[T] 0x8008 ]
13:34:10[[L] 0010 ]
13:34:10[[V] 001.12 160914   ]
13:34:10[[T] 0x8001 ]
13:34:10[[L] 0010 ]
13:34:10[[V] 7200031906045572]
13:35:03[TX]{18}
13:35:03[RX]{04}
13:35:03[TX]OPN5230256951B2614256D148E586C384E56395183C13CA15CF1F68A4ECE80E7AC1AAE3335AF804C2D5B7627554E421CFBF38FEFB637DBA275AF5FD58497FF3DECDF95F79F9D7EC6D687FFC6DECE983E52D7E64EB5FE126AE3A1D375B40DCB7881D7ECFBA6EC1A08A7437B1DA60CB9119533E794BC38FA4FDDD122218729389003E422110000711CE6C69081788B3BD2AF18D2E7C37A76300AC3FB23E4107DA72FBC718FDB37291F183C20FA97616A41D4D6591D28EE81C5C8EB89B4936309DE912A8F96ED0E075121E2406BBD9EE2C0AC6BF323D1D5001CF2BD9E56B72FD306E341F99B786697E4794C91FE2AD33EE68E689D917313615D985253EFAC2C968FA46FDDB86B30103E9
13:35:03[RX]OPN0005152567A34BF23928E135A246E48D34674F6BA72B0FAACC52BB76A066B78FAA36C5593988B30FE2CA6F80A87FDFE376DE6DFD266261B9E809A69ED3191371F6020D29454657E82246872EB974EB59442415C916BCD72B145CB1CD72BF692BA65972677ECD08D4EC4FB61BC4872CB428D49D6319707A82EB5762E8DB76AE27139030370C7DBCE7C3C9762630EFD2202FF40D68EF0802B8D49337C498C2EC8B7D3B6D39D89EDF85C64E1973D7D70A1306F8033476954C2D4655ECA5DF071436A74E3687A8707BBCA5539CE0CA5ECF57A84338346ECD408000E4AE3893391F32CDD7F53B6D9885FD762936B7FB76DB101479797997C054EA5B78A37BF46907BACF1603EEC
13:35:03[TX]{18}
13:35:03[RX]{04}
13:35:03[TX]CLO032** Pay&Go Web ** (c) 2019 SETIS 
13:35:03[RX]{16}
13:35:03[RX]CLO000{17}
13:35:03[TX]{18}
13:35:03[RX]{04}
13:35:03[TX]OPN5230256951B2614256D148E586C384E56395183C13CA15CF1F68A4ECE80E7AC1AAE3335AF804C2D5B7627554E421CFBF38FEFB637DBA275AF5FD58497FF3DECDF95F79F9D7EC6D687FFC6DECE983E52D7E64EB5FE126AE3A1D375B40DCB7881D7ECFBA6EC1A08A7437B1DA60CB9119533E794BC38FA4FDDD122218729389003E422110000711CE6C69081788B3BD2AF18D2E7C37A76300AC3FB23E4107DA72FBC718FDB37291F183C20FA97616A41D4D6591D28EE81C5C8EB89B4936309DE912A8F96ED0E075121E2406BBD9EE2C0AC6BF323D1D5001CF2BD9E56B72FD306E341F99B786697E4794C91FE2AD33EE68E689D917313615D985253EFAC2C968FA46FDDB86B30103E9
13:35:04[RX]OPN0005152567269ABF0FC3C817543CAABCB487A0BECDE0DC53E15ED0D0B5624DDC35095C945A5C7D2E848DB2C9E2700835757192C303B82B0C9CBA556A00224B932119C38E7CA1CBD02190E24CCDDA15624CEC1D01654630CA93FC18677726675F7C7B071986EFF3872DE8559BFA5928390F4A03B2A37A87096C7F667BE4BFEEFB227C83E092D97A9FEF9EC911D155760AF9944AF9F1196D121A05922B828FEF5F3A87821021504CD65AF389B3EE11E3097D4AE9F50934A79409C4C09CC352EC52C729359B5D05ADE9A4CBC7D44F9407354606C8DA4917E6595F6D4AD35CBF9CBA8835F04B84FE594B5CB418EB151611599D3BDF881A81134E7E06145B78BCE605C88E6F0BB
13:35:04[TX <CMD> GIX]
13:35:04[[BLK1] 018:]
13:35:04[[T] 0x0001 ]
13:35:04[[L] 000E ]
13:35:04[[V] 808080808080801]
13:35:04[RX <CMD> GIX <RES> 000]
13:35:04[[BLK1] 113:]
13:35:04[[T] 0x8004 ]
13:35:04[[L] 0006 ]
13:35:04[[V] GERTEC]
13:35:04[[T] 0x8003 ]
13:35:04[[L] 000D ]
13:35:04[[V] PPC-930;192MB]
13:35:04[[T] 0x8005 ]
13:35:04[[L] 000A ]
13:35:04[[V] 1200000000]
13:35:04[[T] 0x8006 ]
13:35:04[[L] 0014 ]
13:35:04[[V] 1202.11403.VR0012  @]
13:35:04[[T] 0x8007 ]
13:35:04[[L] 0004 ]
13:35:04[[V] 2.03]
13:35:04[[T] 0x8008 ]
13:35:04[[L] 0010 ]
13:35:04[[V] 001.12 160914   ]
13:35:04[[T] 0x8001 ]
13:35:04[[L] 0010 ]
13:35:04[[V] 7200031906045572]
13:35:11[TX <CMD> GIX]
13:35:11[[BLK1] 018:]
13:35:11[[T] 0x0001 ]
13:35:11[[L] 000E ]
13:35:11[[V] 808080808080801]
13:35:11[RX <CMD> GIX <RES> 000]
13:35:11[[BLK1] 113:]
13:35:11[[T] 0x8004 ]
13:35:11[[L] 0006 ]
13:35:11[[V] GERTEC]
13:35:11[[T] 0x8003 ]
13:35:11[[L] 000D ]
13:35:11[[V] PPC-930;192MB]
13:35:11[[T] 0x8005 ]
13:35:11[[L] 000A ]
13:35:11[[V] 1200000000]
13:35:11[[T] 0x8006 ]
13:35:11[[L] 0014 ]
13:35:11[[V] 1202.11403.VR0012  @]
13:35:11[[T] 0x8007 ]
13:35:11[[L] 0004 ]
13:35:11[[V] 2.03]
13:35:11[[T] 0x8008 ]
13:35:11[[L] 0010 ]
13:35:11[[V] 001.12 160914   ]
13:35:11[[T] 0x8001 ]
13:35:11[[L] 0010 ]
13:35:11[[V] 7200031906045572]
13:35:54[TX]RMC032  TRANSACAO OK                  
13:35:56[RX]RMC000
13:35:56[TX]{18}
13:35:56[RX]{04}
13:35:56[TX]CLO032** Pay&Go Web ** (c) 2019 SETIS 
13:35:56[RX]{16}
13:35:56[RX]CLO000{17}
13:36:23[TX]{18}
13:36:23[RX]{04}
13:36:23[TX]OPN5230256951B2614256D148E586C384E56395183C13CA15CF1F68A4ECE80E7AC1AAE3335AF804C2D5B7627554E421CFBF38FEFB637DBA275AF5FD58497FF3DECDF95F79F9D7EC6D687FFC6DECE983E52D7E64EB5FE126AE3A1D375B40DCB7881D7ECFBA6EC1A08A7437B1DA60CB9119533E794BC38FA4FDDD122218729389003E422110000711CE6C69081788B3BD2AF18D2E7C37A76300AC3FB23E4107DA72FBC718FDB37291F183C20FA97616A41D4D6591D28EE81C5C8EB89B4936309DE912A8F96ED0E075121E2406BBD9EE2C0AC6BF323D1D5001CF2BD9E56B72FD306E341F99B786697E4794C91FE2AD33EE68E689D917313615D985253EFAC2C968FA46FDDB86B30103E9
13:36:23[RX]OPN0005152565618C719688FE9B9EACFA81301A6EB23B128AC8C58CB282C1A3EF93CC47CFD29681C1681CC79CFBAD92198D8F8AF27526E624D25772B5548D03A2DF0BCB9DBD901A1B58F6E1B827D0866D3864D46F75BC66B43DA6E25DE39D326837A6DC5DD4C984A76EEF55910F46B648514B9794E00EC086D0C190A7CFBA4FA6C34B30AD822B5313987899DA5C8C03A08861D94A7F9D5D8FB98FF496DEDC00C4F33B31B664C3CA19631E4BD5B1535546474E5B214D2085F87218BD0AD203B8DC2D65815F4E64477B96D90DF0C5175269546540346787561AF06EF4266575FB97DF9B13AED9AA85883396172B56C08F48D68E19A603D5AE5C666C7A745D8F3686D62C44791C3
13:36:23[TX]{18}
13:36:23[RX]{04}
13:36:23[TX]CLO032** Pay&Go Web ** (c) 2019 SETIS 
13:36:24[RX]{16}
13:36:24[RX]CLO000{17}
13:36:24[TX]{18}
13:36:24[RX]{04}
13:36:24[TX]OPN5230256951B2614256D148E586C384E56395183C13CA15CF1F68A4ECE80E7AC1AAE3335AF804C2D5B7627554E421CFBF38FEFB637DBA275AF5FD58497FF3DECDF95F79F9D7EC6D687FFC6DECE983E52D7E64EB5FE126AE3A1D375B40DCB7881D7ECFBA6EC1A08A7437B1DA60CB9119533E794BC38FA4FDDD122218729389003E422110000711CE6C69081788B3BD2AF18D2E7C37A76300AC3FB23E4107DA72FBC718FDB37291F183C20FA97616A41D4D6591D28EE81C5C8EB89B4936309DE912A8F96ED0E075121E2406BBD9EE2C0AC6BF323D1D5001CF2BD9E56B72FD306E341F99B786697E4794C91FE2AD33EE68E689D917313615D985253EFAC2C968FA46FDDB86B30103E9
13:36:24[RX]OPN00051525643ADE46D4EB82997D5D2EC55AECC2CC837E1FB06DCF55229FE8C0E94F4079B483D47B572C7C644B50A58BC3170972E61FBAEA62764681FFECF3C7EF739C584BE1D4BCEAC49E6A87B557D2AC434329C7D1CB49AEB6640C8DBE9A5A8DF1346A5E4A0ED5023B44893CC65A50D97A7E9FE6D78CD0C42038114CA270937C187B21E3FFCCE2F854A51FEDBE3A66A54C381263764CF631FF84D274823AE376FAF868C372CB1B845159A7ED2753AB78E101C38590E6F60FEED20DF097D0811AC124B01198821E6B38175588809A736BCA934DC58C9A89AE9A12BACDAC92406A3243A75A59BFA9B3DD665A19EA60CA9710DEC7E44E2F0B39AD4BA525AFECD2E2F890FDB75
13:36:24[TX <CMD> GIX]
13:36:24[[BLK1] 018:]
13:36:24[[T] 0x0001 ]
13:36:24[[L] 000E ]
13:36:24[[V] 808080808080801]
13:36:24[RX <CMD> GIX <RES> 000]
13:36:24[[BLK1] 113:]
13:36:24[[T] 0x8004 ]
13:36:24[[L] 0006 ]
13:36:24[[V] GERTEC]
13:36:24[[T] 0x8003 ]
13:36:24[[L] 000D ]
13:36:24[[V] PPC-930;192MB]
13:36:24[[T] 0x8005 ]
13:36:24[[L] 000A ]
13:36:24[[V] 1200000000]
13:36:24[[T] 0x8006 ]
13:36:24[[L] 0014 ]
13:36:24[[V] 1202.11403.VR0012  @]
13:36:24[[T] 0x8007 ]
13:36:24[[L] 0004 ]
13:36:24[[V] 2.03]
13:36:24[[T] 0x8008 ]
13:36:24[[L] 0010 ]
13:36:24[[V] 001.12 160914   ]
13:36:24[[T] 0x8001 ]
13:36:24[[L] 0010 ]
13:36:24[[V] 7200031906045572]
13:36:29[TX <CMD> GIX]
13:36:29[[BLK1] 018:]
13:36:29[[T] 0x0001 ]
13:36:29[[L] 000E ]
13:36:29[[V] 808080808080801]
13:36:30[RX <CMD> GIX <RES> 000]
13:36:30[[BLK1] 113:]
13:36:30[[T] 0x8004 ]
13:36:30[[L] 0006 ]
13:36:30[[V] GERTEC]
13:36:30[[T] 0x8003 ]
13:36:30[[L] 000D ]
13:36:30[[V] PPC-930;192MB]
13:36:30[[T] 0x8005 ]
13:36:30[[L] 000A ]
13:36:30[[V] 1200000000]
13:36:30[[T] 0x8006 ]
13:36:30[[L] 0014 ]
13:36:30[[V] 1202.11403.VR0012  @]
13:36:30[[T] 0x8007 ]
13:36:30[[L] 0004 ]
13:36:30[[V] 2.03]
13:36:30[[T] 0x8008 ]
13:36:30[[L] 0010 ]
13:36:30[[V] 001.12 160914   ]
13:36:30[[T] 0x8001 ]
13:36:30[[L] 0010 ]
13:36:30[[V] 7200031906045572]
13:37:09[TX]RMC032  TRANSACAO OK                  
13:37:11[RX]RMC000
13:37:11[TX]{18}
13:37:11[RX]{04}
13:37:11[TX]CLO032** Pay&Go Web ** (c) 2019 SETIS 
13:37:12[RX]{16}
13:37:12[RX]CLO000{17}
13:37:26[TX]{18}
13:37:26[RX]{04}
13:37:26[TX]OPN5230256951B2614256D148E586C384E56395183C13CA15CF1F68A4ECE80E7AC1AAE3335AF804C2D5B7627554E421CFBF38FEFB637DBA275AF5FD58497FF3DECDF95F79F9D7EC6D687FFC6DECE983E52D7E64EB5FE126AE3A1D375B40DCB7881D7ECFBA6EC1A08A7437B1DA60CB9119533E794BC38FA4FDDD122218729389003E422110000711CE6C69081788B3BD2AF18D2E7C37A76300AC3FB23E4107DA72FBC718FDB37291F183C20FA97616A41D4D6591D28EE81C5C8EB89B4936309DE912A8F96ED0E075121E2406BBD9EE2C0AC6BF323D1D5001CF2BD9E56B72FD306E341F99B786697E4794C91FE2AD33EE68E689D917313615D985253EFAC2C968FA46FDDB86B30103E9
13:37:26[RX]OPN0005152566E56A975A317401AA00F8E15E2F5473EA41D45EFCF569C40C48932F9F85B3FDBF30C7BAC68D76E9F48B45E9C1A0604107EDE1F6BF25AE94FFC3208D9A8D1C1E0C5FA32A0E04073951E020BFD12B27A40F537A34E48FB5B53DFC2BFA63CA3B2A7732FC6B1D3B826D7434034BF3BE8DC5E5A8329E9F30CBFA637C3038DCCF85607DA7CD6B5DA764EF8F06A2B66588A9DE3071483A8FC9F174A3AEBF4B13FADA0397D34543544B489C20216B0EA0945BC644DAAE4C6BEF3E3B68790123BB655BEF9871BDA74A5145369311C4E0C4F719B67C2606710D196389F5F773E9B02DCE313A8704694595C3B65B8FF2B9AE044EFCEC5FF8D358E88D8768ADCB888ACAD01CD
13:37:26[TX <CMD> GIX]
13:37:26[[BLK1] 018:]
13:37:26[[T] 0x0001 ]
13:37:26[[L] 000E ]
13:37:26[[V] 808080808080801]
13:37:27[RX <CMD> GIX <RES> 000]
13:37:27[[BLK1] 113:]
13:37:27[[T] 0x8004 ]
13:37:27[[L] 0006 ]
13:37:27[[V] GERTEC]
13:37:27[[T] 0x8003 ]
13:37:27[[L] 000D ]
13:37:27[[V] PPC-930;192MB]
13:37:27[[T] 0x8005 ]
13:37:27[[L] 000A ]
13:37:27[[V] 1200000000]
13:37:27[[T] 0x8006 ]
13:37:27[[L] 0014 ]
13:37:27[[V] 1202.11403.VR0012  @]
13:37:27[[T] 0x8007 ]
13:37:27[[L] 0004 ]
13:37:27[[V] 2.03]
13:37:27[[T] 0x8008 ]
13:37:27[[L] 0010 ]
13:37:27[[V] 001.12 160914   ]
13:37:27[[T] 0x8001 ]
13:37:27[[L] 0010 ]
13:37:27[[V] 7200031906045572]
13:37:27[TX <CMD> GIX]
13:37:27[[BLK1] 018:]
13:37:27[[T] 0x0001 ]
13:37:27[[L] 000E ]
13:37:27[[V] 808080808080801]
13:37:27[RX <CMD> GIX <RES> 000]
13:37:27[[BLK1] 113:]
13:37:27[[T] 0x8004 ]
13:37:27[[L] 0006 ]
13:37:27[[V] GERTEC]
13:37:27[[T] 0x8003 ]
13:37:27[[L] 000D ]
13:37:27[[V] PPC-930;192MB]
13:37:27[[T] 0x8005 ]
13:37:27[[L] 000A ]
13:37:27[[V] 1200000000]
13:37:27[[T] 0x8006 ]
13:37:27[[L] 0014 ]
13:37:27[[V] 1202.11403.VR0012  @]
13:37:27[[T] 0x8007 ]
13:37:27[[L] 0004 ]
13:37:27[[V] 2.03]
13:37:27[[T] 0x8008 ]
13:37:27[[L] 0010 ]
13:37:27[[V] 001.12 160914   ]
13:37:27[[T] 0x8001 ]
13:37:27[[L] 0010 ]
13:37:27[[V] 7200031906045572]
13:37:32[TX <CMD> GIX]
13:37:32[[BLK1] 018:]
13:37:32[[T] 0x0001 ]
13:37:32[[L] 000E ]
13:37:32[[V] 808080808080801]
13:37:32[RX <CMD> GIX <RES> 000]
13:37:32[[BLK1] 113:]
13:37:32[[T] 0x8004 ]
13:37:32[[L] 0006 ]
13:37:32[[V] GERTEC]
13:37:32[[T] 0x8003 ]
13:37:32[[L] 000D ]
13:37:32[[V] PPC-930;192MB]
13:37:32[[T] 0x8005 ]
13:37:32[[L] 000A ]
13:37:32[[V] 1200000000]
13:37:32[[T] 0x8006 ]
13:37:32[[L] 0014 ]
13:37:32[[V] 1202.11403.VR0012  @]
13:37:32[[T] 0x8007 ]
13:37:32[[L] 0004 ]
13:37:32[[V] 2.03]
13:37:32[[T] 0x8008 ]
13:37:32[[L] 0010 ]
13:37:32[[V] 001.12 160914   ]
13:37:32[[T] 0x8001 ]
13:37:32[[L] 0010 ]
13:37:32[[V] 7200031906045572]
13:38:13[TX]RMC032  TRANSACAO OK                  
13:38:15[RX]RMC000
13:38:15[TX]{18}
13:38:15[RX]{04}
13:38:15[TX]CLO032** Pay&Go Web ** (c) 2019 SETIS 
13:38:15[RX]{16}
13:38:15[RX]CLO000{17}
13:38:46[TX]{18}
13:38:46[RX]{04}
13:38:46[TX]OPN5230256951B2614256D148E586C384E56395183C13CA15CF1F68A4ECE80E7AC1AAE3335AF804C2D5B7627554E421CFBF38FEFB637DBA275AF5FD58497FF3DECDF95F79F9D7EC6D687FFC6DECE983E52D7E64EB5FE126AE3A1D375B40DCB7881D7ECFBA6EC1A08A7437B1DA60CB9119533E794BC38FA4FDDD122218729389003E422110000711CE6C69081788B3BD2AF18D2E7C37A76300AC3FB23E4107DA72FBC718FDB37291F183C20FA97616A41D4D6591D28EE81C5C8EB89B4936309DE912A8F96ED0E075121E2406BBD9EE2C0AC6BF323D1D5001CF2BD9E56B72FD306E341F99B786697E4794C91FE2AD33EE68E689D917313615D985253EFAC2C968FA46FDDB86B30103E9
13:38:46[RX]OPN00051525653263ED3A32C417542FFDABB2253F1D29390E92DEE91554238CF0F2031C37980A5594D65B1235A9E5B4A3DB1D0E1DD968C6189E85CD2FF0F7D0D35942CA27C34ACC82010D3FC7B7B8A19CAFCAA0EE3066CE7E4806F5AA6BD8E023E9867F454D80DE3DF9BFDFCC2ED00A0AE63D0E806BDCE7985CEB1DBC749677801B68CDF217BC165EE58943E696C60050230A426652D9E131293169F314A22EF43C34495EBF87219077005DA1725ED0D709904DEBD3974347FAA3ABD7CFBBC32929407103057644EB7D3426D60B6758F0E79CD71B8ECCE3A3B5FA0C9E51129BD4202FEDE63CC6A76FA2832A214B5BD28FDEFFE2314F049DDF3398FDE1BD6B22855B3304271C2
13:38:46[TX <CMD> GIX]
13:38:46[[BLK1] 018:]
13:38:46[[T] 0x0001 ]
13:38:46[[L] 000E ]
13:38:46[[V] 808080808080801]
13:38:46[RX <CMD> GIX <RES> 000]
13:38:46[[BLK1] 113:]
13:38:46[[T] 0x8004 ]
13:38:46[[L] 0006 ]
13:38:46[[V] GERTEC]
13:38:46[[T] 0x8003 ]
13:38:46[[L] 000D ]
13:38:46[[V] PPC-930;192MB]
13:38:46[[T] 0x8005 ]
13:38:46[[L] 000A ]
13:38:46[[V] 1200000000]
13:38:46[[T] 0x8006 ]
13:38:46[[L] 0014 ]
13:38:46[[V] 1202.11403.VR0012  @]
13:38:46[[T] 0x8007 ]
13:38:46[[L] 0004 ]
13:38:46[[V] 2.03]
13:38:46[[T] 0x8008 ]
13:38:46[[L] 0010 ]
13:38:46[[V] 001.12 160914   ]
13:38:46[[T] 0x8001 ]
13:38:46[[L] 0010 ]
13:38:46[[V] 7200031906045572]
13:38:46[TX <CMD> GIX]
13:38:46[[BLK1] 018:]
13:38:46[[T] 0x0001 ]
13:38:46[[L] 000E ]
13:38:46[[V] 808080808080801]
13:38:47[RX <CMD> GIX <RES> 000]
13:38:47[[BLK1] 113:]
13:38:47[[T] 0x8004 ]
13:38:47[[L] 0006 ]
13:38:47[[V] GERTEC]
13:38:47[[T] 0x8003 ]
13:38:47[[L] 000D ]
13:38:47[[V] PPC-930;192MB]
13:38:47[[T] 0x8005 ]
13:38:47[[L] 000A ]
13:38:47[[V] 1200000000]
13:38:47[[T] 0x8006 ]
13:38:47[[L] 0014 ]
13:38:47[[V] 1202.11403.VR0012  @]
13:38:47[[T] 0x8007 ]
13:38:47[[L] 0004 ]
13:38:47[[V] 2.03]
13:38:47[[T] 0x8008 ]
13:38:47[[L] 0010 ]
13:38:47[[V] 001.12 160914   ]
13:38:47[[T] 0x8001 ]
13:38:47[[L] 0010 ]
13:38:47[[V] 7200031906045572]
13:38:49[TX <CMD> GIX]
13:38:49[[BLK1] 018:]
13:38:49[[T] 0x0001 ]
13:38:49[[L] 000E ]
13:38:49[[V] 808080808080801]
13:38:49[RX <CMD> GIX <RES> 000]
13:38:49[[BLK1] 113:]
13:38:49[[T] 0x8004 ]
13:38:49[[L] 0006 ]
13:38:49[[V] GERTEC]
13:38:49[[T] 0x8003 ]
13:38:49[[L] 000D ]
13:38:49[[V] PPC-930;192MB]
13:38:49[[T] 0x8005 ]
13:38:49[[L] 000A ]
13:38:49[[V] 1200000000]
13:38:49[[T] 0x8006 ]
13:38:49[[L] 0014 ]
13:38:49[[V] 1202.11403.VR0012  @]
13:38:49[[T] 0x8007 ]
13:38:49[[L] 0004 ]
13:38:49[[V] 2.03]
13:38:49[[T] 0x8008 ]
13:38:49[[L] 0010 ]
13:38:49[[V] 001.12 160914   ]
13:38:49[[T] 0x8001 ]
13:38:49[[L] 0010 ]
13:38:49[[V] 7200031906045572]
13:39:30[TX]RMC032  TRANSACAO OK                  
13:39:32[RX]RMC000
13:39:32[TX]{18}
13:39:32[RX]{04}
13:39:32[TX]CLO032** Pay&Go Web ** (c) 2019 SETIS 
13:39:32[RX]{16}
13:39:32[RX]CLO000{17}
13:39:44[TX]{18}
13:39:44[RX]{04}
13:39:44[TX]OPN5230256951B2614256D148E586C384E56395183C13CA15CF1F68A4ECE80E7AC1AAE3335AF804C2D5B7627554E421CFBF38FEFB637DBA275AF5FD58497FF3DECDF95F79F9D7EC6D687FFC6DECE983E52D7E64EB5FE126AE3A1D375B40DCB7881D7ECFBA6EC1A08A7437B1DA60CB9119533E794BC38FA4FDDD122218729389003E422110000711CE6C69081788B3BD2AF18D2E7C37A76300AC3FB23E4107DA72FBC718FDB37291F183C20FA97616A41D4D6591D28EE81C5C8EB89B4936309DE912A8F96ED0E075121E2406BBD9EE2C0AC6BF323D1D5001CF2BD9E56B72FD306E341F99B786697E4794C91FE2AD33EE68E689D917313615D985253EFAC2C968FA46FDDB86B30103E9
13:39:44[RX]OPN00051525659C7A7CBB339C9CA57B363E181F1327103EE245D942139121A3F3F4E353A7E5E68696650B09C86D8E663C439316596B7B0C6BCF0A0002DB44A34ED32B9FFA23C37A8FEE0610BF1B09FB9DC178B46725C61BC301AE5DEE4E01AA7B48A3A63A6FFEACAE903FF490469269F963D59ACA78747612778823EF5B27B0C36CA6BF94C97CE57451F8BF453BD8F7C51A0FF1F767E7B97DB2AED73E6508DF82B3AA8F9C64E0B9A183232EDAE885F74C99D5B74D52BA8C7F60539641EC88AE88AA58A88E63F1B6BC8BE6493DCDA0E23D14BBC40426792BBD44FD3ACDB7749F4CFD85420544FE72C6B38A9ADAFBC63754B8FDB1E6846447FE977F071CB223E9455207B70BB58
13:39:44[TX <CMD> GIX]
13:39:44[[BLK1] 018:]
13:39:44[[T] 0x0001 ]
13:39:44[[L] 000E ]
13:39:44[[V] 808080808080801]
13:39:44[RX <CMD> GIX <RES> 000]
13:39:44[[BLK1] 113:]
13:39:44[[T] 0x8004 ]
13:39:44[[L] 0006 ]
13:39:44[[V] GERTEC]
13:39:44[[T] 0x8003 ]
13:39:44[[L] 000D ]
13:39:44[[V] PPC-930;192MB]
13:39:44[[T] 0x8005 ]
13:39:44[[L] 000A ]
13:39:44[[V] 1200000000]
13:39:44[[T] 0x8006 ]
13:39:44[[L] 0014 ]
13:39:44[[V] 1202.11403.VR0012  @]
13:39:44[[T] 0x8007 ]
13:39:44[[L] 0004 ]
13:39:44[[V] 2.03]
13:39:44[[T] 0x8008 ]
13:39:44[[L] 0010 ]
13:39:44[[V] 001.12 160914   ]
13:39:44[[T] 0x8001 ]
13:39:44[[L] 0010 ]
13:39:44[[V] 7200031906045572]
13:39:44[TX <CMD> GIX]
13:39:44[[BLK1] 018:]
13:39:44[[T] 0x0001 ]
13:39:44[[L] 000E ]
13:39:44[[V] 808080808080801]
13:39:44[RX <CMD> GIX <RES> 000]
13:39:44[[BLK1] 113:]
13:39:44[[T] 0x8004 ]
13:39:44[[L] 0006 ]
13:39:44[[V] GERTEC]
13:39:44[[T] 0x8003 ]
13:39:44[[L] 000D ]
13:39:44[[V] PPC-930;192MB]
13:39:44[[T] 0x8005 ]
13:39:44[[L] 000A ]
13:39:44[[V] 1200000000]
13:39:44[[T] 0x8006 ]
13:39:44[[L] 0014 ]
13:39:44[[V] 1202.11403.VR0012  @]
13:39:44[[T] 0x8007 ]
13:39:44[[L] 0004 ]
13:39:44[[V] 2.03]
13:39:44[[T] 0x8008 ]
13:39:44[[L] 0010 ]
13:39:44[[V] 001.12 160914   ]
13:39:44[[T] 0x8001 ]
13:39:44[[L] 0010 ]
13:39:44[[V] 7200031906045572]
13:39:48[TX]{18}
13:39:48[RX]{04}
13:39:48[TX]CLO032** Pay&Go Web ** (c) 2019 SETIS 
13:39:48[RX]{16}
13:39:48[RX]CLO000{17}
16:01:47[TX]{18}
16:01:47[RX]{04}
16:01:47[TX]OPN5230256951B2614256D148E586C384E56395183C13CA15CF1F68A4ECE80E7AC1AAE3335AF804C2D5B7627554E421CFBF38FEFB637DBA275AF5FD58497FF3DECDF95F79F9D7EC6D687FFC6DECE983E52D7E64EB5FE126AE3A1D375B40DCB7881D7ECFBA6EC1A08A7437B1DA60CB9119533E794BC38FA4FDDD122218729389003E422110000711CE6C69081788B3BD2AF18D2E7C37A76300AC3FB23E4107DA72FBC718FDB37291F183C20FA97616A41D4D6591D28EE81C5C8EB89B4936309DE912A8F96ED0E075121E2406BBD9EE2C0AC6BF323D1D5001CF2BD9E56B72FD306E341F99B786697E4794C91FE2AD33EE68E689D917313615D985253EFAC2C968FA46FDDB86B30103E9
16:01:47[RX]OPN000515256847BDFEA39B954E10F59D592C51321FC5DEE75BD2072696E09FDBBD994961450417BE4362F27E516E321887AEDE5720E66026868DB07D345CF4768759E7A0CA2B43ADFBBD5661FF7CCFFC150DC6D675FB808179CFF166B8C171B100DB8798A03866D3A393A1C086DC5AF392A6563A2AEB893562B9A5D31D5BC888A448B0757BB13690F1142C119E5F83F8B88B4DC6A90B0B54A1E30FB65CA03A75D9357742D84BD1AC189693DFF1946AE87A7DD0DCFDD37F1B388CCD4354C30CD2041949B7A79F2864BF1AAE61538A5588C84C1BCC7AE24E4181F746802897C9E13227DB86466B6C125042B313004D5548F761D6F53003D8686E01731BABE02DAB526084E9E5B
16:01:47[TX]{18}
16:01:47[RX]{04}
16:01:47[TX]CLO032** Pay&Go Web ** (c) 2019 SETIS 
16:01:47[RX]{16}
16:01:47[RX]CLO000{17}
16:01:48[TX]{18}
16:01:49[RX]{04}
16:01:49[TX]OPN5230256951B2614256D148E586C384E56395183C13CA15CF1F68A4ECE80E7AC1AAE3335AF804C2D5B7627554E421CFBF38FEFB637DBA275AF5FD58497FF3DECDF95F79F9D7EC6D687FFC6DECE983E52D7E64EB5FE126AE3A1D375B40DCB7881D7ECFBA6EC1A08A7437B1DA60CB9119533E794BC38FA4FDDD122218729389003E422110000711CE6C69081788B3BD2AF18D2E7C37A76300AC3FB23E4107DA72FBC718FDB37291F183C20FA97616A41D4D6591D28EE81C5C8EB89B4936309DE912A8F96ED0E075121E2406BBD9EE2C0AC6BF323D1D5001CF2BD9E56B72FD306E341F99B786697E4794C91FE2AD33EE68E689D917313615D985253EFAC2C968FA46FDDB86B30103E9
16:01:49[RX]OPN0005152564126EDE2A8441EDFF0DDF9D4599C7BB884467609FA7FA1251B120A028E8264A6751C36286F2908BAB688E793EEA7ACF7A91AE3D5FA322D17F5F6E621B37E1947536280FD3AC4AAF79421283449AE86F8834C9E6D8E6EE68712587954A1190100E6A1BEAD17394053FC8F71F71098446C5CE46F428A20D0DF7CE9A760AB31285AE449AF17C804970F0761CFE6E08840BC43542CB44107D2496C69AA82E663E7087CFE1131CC27837A6D38A9D881B5935BE1772F2CC9B449CBF9961DCCA6B5EDA5A4545C7C2D5DC06C019B8731A1B16D61E056CDCB3DF1686B50DCA30B800335D186D172CE95C428868D2BF542081B7F7C481DC80FD2167DB37BB54D389AC473EE
16:01:49[TX <CMD> GIX]
16:01:49[[BLK1] 018:]
16:01:49[[T] 0x0001 ]
16:01:49[[L] 000E ]
16:01:49[[V] 808080808080801]
16:01:49[RX <CMD> GIX <RES> 000]
16:01:49[[BLK1] 113:]
16:01:49[[T] 0x8004 ]
16:01:49[[L] 0006 ]
16:01:49[[V] GERTEC]
16:01:49[[T] 0x8003 ]
16:01:49[[L] 000D ]
16:01:49[[V] PPC-930;192MB]
16:01:49[[T] 0x8005 ]
16:01:49[[L] 000A ]
16:01:49[[V] 1200000000]
16:01:49[[T] 0x8006 ]
16:01:49[[L] 0014 ]
16:01:49[[V] 1202.11403.VR0012  @]
16:01:49[[T] 0x8007 ]
16:01:49[[L] 0004 ]
16:01:49[[V] 2.03]
16:01:49[[T] 0x8008 ]
16:01:49[[L] 0010 ]
16:01:49[[V] 001.12 160914   ]
16:01:49[[T] 0x8001 ]
16:01:49[[L] 0010 ]
16:01:49[[V] 7200031906045572]
16:03:32[TX]{18}
16:03:32[RX]{04}
16:03:32[TX]CLO032** Pay&Go Web ** (c) 2019 SETIS 
16:03:32[RX]{16}
16:03:32[RX]CLO000{17}
16:12:18[TX]{18}
16:12:18[RX]{04}
16:12:18[TX]OPN5230256951B2614256D148E586C384E56395183C13CA15CF1F68A4ECE80E7AC1AAE3335AF804C2D5B7627554E421CFBF38FEFB637DBA275AF5FD58497FF3DECDF95F79F9D7EC6D687FFC6DECE983E52D7E64EB5FE126AE3A1D375B40DCB7881D7ECFBA6EC1A08A7437B1DA60CB9119533E794BC38FA4FDDD122218729389003E422110000711CE6C69081788B3BD2AF18D2E7C37A76300AC3FB23E4107DA72FBC718FDB37291F183C20FA97616A41D4D6591D28EE81C5C8EB89B4936309DE912A8F96ED0E075121E2406BBD9EE2C0AC6BF323D1D5001CF2BD9E56B72FD306E341F99B786697E4794C91FE2AD33EE68E689D917313615D985253EFAC2C968FA46FDDB86B30103E9
16:12:18[RX]OPN0005152562B7F9C672132FE7EF489AB8BC0DF5E7628673DFA3B7AA30AB12F34B45E75E64B1F0ED0488C940EE3C53C6E513988C46A2702F739115E0484EE63881D13123AD3E22442AF844D9CF95C181C3EDD3FF4308C84EAD334F21D9942C8F7A921CB097EB0CD9AC0909C5FFDE138652427BF8323A4889159FD16B8F3A150173AB1DA02FB96BD2F5DD0F5363E0C6EA7F4DBE398C13CCFB49D140FA2F99865BA77622F7312B88F4531E4C5DF82419441354C34560044FBFCDCD4B68CD795D4ED9202426D46D72AFC339F76CFCBDF1426E898582734C550E41860B127A67F960FB73DA818E814BB3C061058BB067F7052E43E4D4445DC27F427F361E5FE7A7A3C9EE5457038
16:12:18[TX]{18}
16:12:18[RX]{04}
16:12:18[TX]CLO032** Pay&Go Web ** (c) 2019 SETIS 
16:12:19[RX]{16}
16:12:19[RX]CLO000{17}
16:12:19[TX]{18}
16:12:19[RX]{04}
16:12:19[TX]OPN5230256951B2614256D148E586C384E56395183C13CA15CF1F68A4ECE80E7AC1AAE3335AF804C2D5B7627554E421CFBF38FEFB637DBA275AF5FD58497FF3DECDF95F79F9D7EC6D687FFC6DECE983E52D7E64EB5FE126AE3A1D375B40DCB7881D7ECFBA6EC1A08A7437B1DA60CB9119533E794BC38FA4FDDD122218729389003E422110000711CE6C69081788B3BD2AF18D2E7C37A76300AC3FB23E4107DA72FBC718FDB37291F183C20FA97616A41D4D6591D28EE81C5C8EB89B4936309DE912A8F96ED0E075121E2406BBD9EE2C0AC6BF323D1D5001CF2BD9E56B72FD306E341F99B786697E4794C91FE2AD33EE68E689D917313615D985253EFAC2C968FA46FDDB86B30103E9
16:12:19[RX]OPN000515256181EB7DB56E375F9FB0FFED6DF36A18C5D7BE9236F7B8CF554CE42CD236549349FFD754950BA4219307ECC66F43F3C311D595C4D7846CB694FD7D3FA6F106B7DD1909A9FE07AA83DD56F9559E3E885DB05BFC12A071E0F99AD5B296D806EADAFB0A3F64E231620ABAB182EA93CA6F16493F0C0652A99992B4287DA72852540930FA31083ED375E350E19904164D3A7FB5ECFD111478E586E1FF20C0106A7A6A5763C8AEA7D68D7DA2BF2C8531975333B4ED0A56266037AAD4CCF4F482706AE4E9C3A4DBB94C4C653017F304456A4F498A7139CD40112E55C4571868ECA994AA5FA7988399B240796911721C37EE3EF6EE0022565D2BCD5C236A2A1988A202E0D
16:12:19[TX <CMD> GIX]
16:12:19[[BLK1] 018:]
16:12:19[[T] 0x0001 ]
16:12:19[[L] 000E ]
16:12:19[[V] 808080808080801]
16:12:19[RX <CMD> GIX <RES> 000]
16:12:19[[BLK1] 113:]
16:12:19[[T] 0x8004 ]
16:12:19[[L] 0006 ]
16:12:19[[V] GERTEC]
16:12:19[[T] 0x8003 ]
16:12:19[[L] 000D ]
16:12:19[[V] PPC-930;192MB]
16:12:19[[T] 0x8005 ]
16:12:19[[L] 000A ]
16:12:19[[V] 1200000000]
16:12:19[[T] 0x8006 ]
16:12:19[[L] 0014 ]
16:12:19[[V] 1202.11403.VR0012  @]
16:12:19[[T] 0x8007 ]
16:12:19[[L] 0004 ]
16:12:19[[V] 2.03]
16:12:19[[T] 0x8008 ]
16:12:19[[L] 0010 ]
16:12:19[[V] 001.12 160914   ]
16:12:19[[T] 0x8001 ]
16:12:19[[L] 0010 ]
16:12:19[[V] 7200031906045572]
16:12:57[TX]{18}
16:12:57[RX]{04}
16:12:57[TX]CLO032** Pay&Go Web ** (c) 2019 SETIS 
16:12:58[RX]{16}
16:12:58[RX]CLO000{17}
16:13:54[TX]{18}
16:13:54[RX]{04}
16:13:54[TX]OPN5230256951B2614256D148E586C384E56395183C13CA15CF1F68A4ECE80E7AC1AAE3335AF804C2D5B7627554E421CFBF38FEFB637DBA275AF5FD58497FF3DECDF95F79F9D7EC6D687FFC6DECE983E52D7E64EB5FE126AE3A1D375B40DCB7881D7ECFBA6EC1A08A7437B1DA60CB9119533E794BC38FA4FDDD122218729389003E422110000711CE6C69081788B3BD2AF18D2E7C37A76300AC3FB23E4107DA72FBC718FDB37291F183C20FA97616A41D4D6591D28EE81C5C8EB89B4936309DE912A8F96ED0E075121E2406BBD9EE2C0AC6BF323D1D5001CF2BD9E56B72FD306E341F99B786697E4794C91FE2AD33EE68E689D917313615D985253EFAC2C968FA46FDDB86B30103E9
16:13:54[RX]OPN000515256263CBF6B6CEAE8CAF46E3D580614EC9E19723A9DC2283223D530234DC2DF3256F1190483000B4794E1C450D2B74DA04EE731CBF5B27427492BBCB48882B6CAC93A9C631A24DBC1BB31ABF5F5C436D3B990DBE12187872DDC9B68F6F16A7ADF1DF18EA37EA424492D13B11BF7686EF1B8071FF1A6A7CBEC6D82B08E70F873E7B265E99CDBB4495EAC82F989AEF7C920C28E152B12D39AEFEF84783039D4B6E4EB203834A46DFBB35D8E66F3D8F5C3CDA6A82CA74F006761BC7616D31AAFE2B35EDAC24D206761C17D8EF6BDA803D6539CC0473321EEA8761953DB370660010E8FF549F5C7CAA5DAC5FB50E159D78CD139733305510ECC69F87B10ECF4F067FB92
16:13:54[TX]{18}
16:13:54[RX]{04}
16:13:54[TX]CLO032** Pay&Go Web ** (c) 2019 SETIS 
16:13:54[RX]{16}
16:13:54[RX]CLO000{17}
16:13:54[TX]{18}
16:13:54[RX]{04}
16:13:54[TX]OPN5230256951B2614256D148E586C384E56395183C13CA15CF1F68A4ECE80E7AC1AAE3335AF804C2D5B7627554E421CFBF38FEFB637DBA275AF5FD58497FF3DECDF95F79F9D7EC6D687FFC6DECE983E52D7E64EB5FE126AE3A1D375B40DCB7881D7ECFBA6EC1A08A7437B1DA60CB9119533E794BC38FA4FDDD122218729389003E422110000711CE6C69081788B3BD2AF18D2E7C37A76300AC3FB23E4107DA72FBC718FDB37291F183C20FA97616A41D4D6591D28EE81C5C8EB89B4936309DE912A8F96ED0E075121E2406BBD9EE2C0AC6BF323D1D5001CF2BD9E56B72FD306E341F99B786697E4794C91FE2AD33EE68E689D917313615D985253EFAC2C968FA46FDDB86B30103E9
16:13:55[RX]OPN0005152562C6FDE2EB025C1A238CE29BD16F0D5372B92AEAB777A16B906F1693BB8A1F21B6F217FF90D1F83BC52064C847A518343FAE177D71EDD0EEC21BC77BF100471F80D33DE916E740FD8F1781D6A72C17A3C68497CE3EB20BD8811BE2ADDF7C59C6A12FF48C400AC24E0A3E65A0BDF566C05CF4C033CEFF9AE143D58F9D5FF66774EF52C8F61498D34BE7E0912F689F8E7DFB57B3957C1D7542C8431249AE22F65C3FAAD041D778BF3B6D89F0F242355C821EE29C50D16EC8406A0FBC66163D78A2973A1914514BD3D8BD1421DB2D1590DDEEFF9EA2E734D59CFFBBB9CA7A95C144D2819648F64894CCEFF50BB09D7E59CFCC4EE04765ECE1DB4CB20B195507F786F
16:13:55[TX <CMD> GIX]
16:13:55[[BLK1] 018:]
16:13:55[[T] 0x0001 ]
16:13:55[[L] 000E ]
16:13:55[[V] 808080808080801]
16:13:55[RX <CMD> GIX <RES> 000]
16:13:55[[BLK1] 113:]
16:13:55[[T] 0x8004 ]
16:13:55[[L] 0006 ]
16:13:55[[V] GERTEC]
16:13:55[[T] 0x8003 ]
16:13:55[[L] 000D ]
16:13:55[[V] PPC-930;192MB]
16:13:55[[T] 0x8005 ]
16:13:55[[L] 000A ]
16:13:55[[V] 1200000000]
16:13:55[[T] 0x8006 ]
16:13:55[[L] 0014 ]
16:13:55[[V] 1202.11403.VR0012  @]
16:13:55[[T] 0x8007 ]
16:13:55[[L] 0004 ]
16:13:55[[V] 2.03]
16:13:55[[T] 0x8008 ]
16:13:55[[L] 0010 ]
16:13:55[[V] 001.12 160914   ]
16:13:55[[T] 0x8001 ]
16:13:55[[L] 0010 ]
16:13:55[[V] 7200031906045572]
16:19:57[TX]{18}
16:19:57[RX]{04}
16:19:57[TX]CLO032** Pay&Go Web ** (c) 2019 SETIS 
16:19:58[RX]{16}
16:19:58[RX]CLO000{17}
16:28:21[TX]{18}
16:28:21[RX]{04}
16:28:21[TX]OPN5230256951B2614256D148E586C384E56395183C13CA15CF1F68A4ECE80E7AC1AAE3335AF804C2D5B7627554E421CFBF38FEFB637DBA275AF5FD58497FF3DECDF95F79F9D7EC6D687FFC6DECE983E52D7E64EB5FE126AE3A1D375B40DCB7881D7ECFBA6EC1A08A7437B1DA60CB9119533E794BC38FA4FDDD122218729389003E422110000711CE6C69081788B3BD2AF18D2E7C37A76300AC3FB23E4107DA72FBC718FDB37291F183C20FA97616A41D4D6591D28EE81C5C8EB89B4936309DE912A8F96ED0E075121E2406BBD9EE2C0AC6BF323D1D5001CF2BD9E56B72FD306E341F99B786697E4794C91FE2AD33EE68E689D917313615D985253EFAC2C968FA46FDDB86B30103E9
16:28:21[RX]OPN0005152560AB2B1A8A13F26E1BDEBE1B9867D228145A4ABA77327201DB4754BFC2F4027FF6F25D4209D32DD86E91385CD938183730E5E7075ED81CBE88F0726788616FA4FF63D87D2690071509836BD19229B8A35DEB9875FA3BA0F95BC0DAEC2815716CCD1F892E28DAA1D786554D0591E50B0EA12B54FF74EE86FE358FF7617548131C68CAF7DFA4CAE650199A8B56735B3CEEABBC201BFE8EADE5C7E6697812CD359A9658E0D14F8F84662A21214D328159AA3B9FCC5C5470D7FDC7AF33DAD26B2C3DF53D2E07A0944ECC94DF6543D5270F257D12C9853FC27B872D3313A56A894E16D856E087EAB2D82AAD9237D1595CF2BE39663F2A3EB0976DE57FA35AD8E7361C2
16:28:21[TX]{18}
16:28:21[RX]{04}
16:28:21[TX]CLO032** Pay&Go Web ** (c) 2019 SETIS 
16:28:22[RX]{16}
16:28:22[RX]CLO000{17}
16:28:22[TX]{18}
16:28:22[RX]{04}
16:28:22[TX]OPN5230256951B2614256D148E586C384E56395183C13CA15CF1F68A4ECE80E7AC1AAE3335AF804C2D5B7627554E421CFBF38FEFB637DBA275AF5FD58497FF3DECDF95F79F9D7EC6D687FFC6DECE983E52D7E64EB5FE126AE3A1D375B40DCB7881D7ECFBA6EC1A08A7437B1DA60CB9119533E794BC38FA4FDDD122218729389003E422110000711CE6C69081788B3BD2AF18D2E7C37A76300AC3FB23E4107DA72FBC718FDB37291F183C20FA97616A41D4D6591D28EE81C5C8EB89B4936309DE912A8F96ED0E075121E2406BBD9EE2C0AC6BF323D1D5001CF2BD9E56B72FD306E341F99B786697E4794C91FE2AD33EE68E689D917313615D985253EFAC2C968FA46FDDB86B30103E9
16:28:22[RX]OPN00051525657D5916BF710A232FA9BBAA708B2DBFA52EBE82B72A01A2CF47F4D6C280162EDCE4AB295FAFB62C818AC47BDBFF67656B76F87C45E3FBF58CCD74FA66ADAF2650D2E02E8010A1DB72519AFFB5ADF379118B905EBBC6F42C8A4B3E86A1329D1CACDDACE6737A437DAC806521A01AE3B2854203C287BC5779E0305C58D42F5AC2FC5BFDF5FD1A12742619098F0C5376EC41946291CEF2C8910C195BC88060E18DBF64DC2D8E6E8ADE5962BE9E9664C92D7737E03CB833D7DAF91416170A08264564E6E1642F93BC8DBB1CFD6549477603E44C2DBCACD08F719E3ABC05AA8D4E552120D85FC9902C06F0E459E68A152B1ACE9675D891E3D7274BF31A51FDE5867CE
16:28:22[TX <CMD> GIX]
16:28:22[[BLK1] 018:]
16:28:22[[T] 0x0001 ]
16:28:22[[L] 000E ]
16:28:22[[V] 808080808080801]
16:28:22[RX <CMD> GIX <RES> 000]
16:28:22[[BLK1] 113:]
16:28:22[[T] 0x8004 ]
16:28:22[[L] 0006 ]
16:28:22[[V] GERTEC]
16:28:22[[T] 0x8003 ]
16:28:22[[L] 000D ]
16:28:22[[V] PPC-930;192MB]
16:28:22[[T] 0x8005 ]
16:28:22[[L] 000A ]
16:28:22[[V] 1200000000]
16:28:22[[T] 0x8006 ]
16:28:22[[L] 0014 ]
16:28:22[[V] 1202.11403.VR0012  @]
16:28:22[[T] 0x8007 ]
16:28:22[[L] 0004 ]
16:28:22[[V] 2.03]
16:28:22[[T] 0x8008 ]
16:28:22[[L] 0010 ]
16:28:22[[V] 001.12 160914   ]
16:28:22[[T] 0x8001 ]
16:28:22[[L] 0010 ]
16:28:22[[V] 7200031906045572]
16:28:51[TX]{18}
16:28:51[RX]{04}
16:28:51[TX]CLO032** Pay&Go Web ** (c) 2019 SETIS 
16:28:51[RX]{16}
16:28:51[RX]CLO000{17}
16:31:13[TX]{18}
16:31:13[RX]{04}
16:31:13[TX]OPN5230256951B2614256D148E586C384E56395183C13CA15CF1F68A4ECE80E7AC1AAE3335AF804C2D5B7627554E421CFBF38FEFB637DBA275AF5FD58497FF3DECDF95F79F9D7EC6D687FFC6DECE983E52D7E64EB5FE126AE3A1D375B40DCB7881D7ECFBA6EC1A08A7437B1DA60CB9119533E794BC38FA4FDDD122218729389003E422110000711CE6C69081788B3BD2AF18D2E7C37A76300AC3FB23E4107DA72FBC718FDB37291F183C20FA97616A41D4D6591D28EE81C5C8EB89B4936309DE912A8F96ED0E075121E2406BBD9EE2C0AC6BF323D1D5001CF2BD9E56B72FD306E341F99B786697E4794C91FE2AD33EE68E689D917313615D985253EFAC2C968FA46FDDB86B30103E9
16:31:13[RX]OPN00051525625F1D0051EDF3423E567D01FCD132C0733B1613A322CC1335463E08EBB3DFE85D5B0307901DBF9528EFF2F881AB6BCEF6C2472969033CAB1B08D86DA6DC75676FD1E0C1481EB224FB757513BB52BD1D94C45EBB539840B73441DE45A3346C51998FC06BB47E706144CAD866E704DFC3DE96F0D07F32BC3F099E94795D618A1298D0A5EAB92756B692CBCE253FAA62FFF391A9D0EB45D81052AB2628AACFF90DEE3AD07CD611F2A39EFD0B617F19F4870006CF1260C6E0B08698A3DBC4CA56EF4A0D61510E1C09B09C211F3F93F9750A5EE08DD8D4882993047FC6DD3038AA6C656F69D1E1C148DF712075E6BE8ACEB5CE86AA0E4CB89FCF3BA76297DB8307A79
16:31:13[TX]{18}
16:31:14[RX]{04}
16:31:14[TX]CLO032** Pay&Go Web ** (c) 2019 SETIS 
16:31:14[RX]{16}
16:31:14[RX]CLO000{17}
16:31:14[TX]{18}
16:31:14[RX]{04}
16:31:14[TX]OPN5230256951B2614256D148E586C384E56395183C13CA15CF1F68A4ECE80E7AC1AAE3335AF804C2D5B7627554E421CFBF38FEFB637DBA275AF5FD58497FF3DECDF95F79F9D7EC6D687FFC6DECE983E52D7E64EB5FE126AE3A1D375B40DCB7881D7ECFBA6EC1A08A7437B1DA60CB9119533E794BC38FA4FDDD122218729389003E422110000711CE6C69081788B3BD2AF18D2E7C37A76300AC3FB23E4107DA72FBC718FDB37291F183C20FA97616A41D4D6591D28EE81C5C8EB89B4936309DE912A8F96ED0E075121E2406BBD9EE2C0AC6BF323D1D5001CF2BD9E56B72FD306E341F99B786697E4794C91FE2AD33EE68E689D917313615D985253EFAC2C968FA46FDDB86B30103E9
16:31:14[RX]OPN000515256053AB562CCC61D0276C527B9484D7DE989E4633D933FD461025C22D23A827F1F6175AA5357DEAADEC1B3D3DEDF782F7CD6505D717E1FA0CF5CF2160A470A60AECD75B639DDF8368658E351E2272FA7E85F7C87C58F3C2ACE9342BF24876150CF69A14DDA886C11CC67446D13AD7EA4715753389219C7D3228E2F76E0254B493015D4A4CA4BD2AFC7E750E729881F73F20236A32CC9D9BE104403C66D656725AB60DBF8BDC606C03F72376D01C86964D85411269424C927E0B2335421C6793AB7EF2A2047D92E49CA197E8B3BEBD1DA910E3256232745DBC10BD93AE91B490518DF18948CDD80D650452F27952862739D20A01E36C14EEAA335B6A7A7087579E6
16:31:14[TX <CMD> GIX]
16:31:14[[BLK1] 018:]
16:31:14[[T] 0x0001 ]
16:31:14[[L] 000E ]
16:31:14[[V] 808080808080801]
16:31:14[RX <CMD> GIX <RES> 000]
16:31:14[[BLK1] 113:]
16:31:14[[T] 0x8004 ]
16:31:14[[L] 0006 ]
16:31:14[[V] GERTEC]
16:31:14[[T] 0x8003 ]
16:31:14[[L] 000D ]
16:31:14[[V] PPC-930;192MB]
16:31:14[[T] 0x8005 ]
16:31:14[[L] 000A ]
16:31:14[[V] 1200000000]
16:31:14[[T] 0x8006 ]
16:31:14[[L] 0014 ]
16:31:14[[V] 1202.11403.VR0012  @]
16:31:14[[T] 0x8007 ]
16:31:14[[L] 0004 ]
16:31:14[[V] 2.03]
16:31:14[[T] 0x8008 ]
16:31:14[[L] 0010 ]
16:31:14[[V] 001.12 160914   ]
16:31:14[[T] 0x8001 ]
16:31:14[[L] 0010 ]
16:31:14[[V] 7200031906045572]
16:31:59[TX <CMD> GIX]
16:31:59[[BLK1] 018:]
16:31:59[[T] 0x0001 ]
16:31:59[[L] 000E ]
16:31:59[[V] 808080808080801]
16:31:59[RX <CMD> GIX <RES> 000]
16:31:59[[BLK1] 113:]
16:31:59[[T] 0x8004 ]
16:31:59[[L] 0006 ]
16:31:59[[V] GERTEC]
16:31:59[[T] 0x8003 ]
16:31:59[[L] 000D ]
16:31:59[[V] PPC-930;192MB]
16:31:59[[T] 0x8005 ]
16:31:59[[L] 000A ]
16:31:59[[V] 1200000000]
16:31:59[[T] 0x8006 ]
16:31:59[[L] 0014 ]
16:31:59[[V] 1202.11403.VR0012  @]
16:31:59[[T] 0x8007 ]
16:31:59[[L] 0004 ]
16:31:59[[V] 2.03]
16:31:59[[T] 0x8008 ]
16:31:59[[L] 0010 ]
16:31:59[[V] 001.12 160914   ]
16:31:59[[T] 0x8001 ]
16:31:59[[L] 0010 ]
16:31:59[[V] 7200031906045572]
16:32:40[TX]RMC032  TRANSACAO OK                  
16:32:42[RX]RMC000
16:32:42[TX]{18}
16:32:42[RX]{04}
16:32:42[TX]CLO032** Pay&Go Web ** (c) 2019 SETIS 
16:32:42[RX]{16}
16:32:42[RX]CLO000{17}
16:32:54[TX]{18}
16:32:54[RX]{04}
16:32:54[TX]OPN5230256951B2614256D148E586C384E56395183C13CA15CF1F68A4ECE80E7AC1AAE3335AF804C2D5B7627554E421CFBF38FEFB637DBA275AF5FD58497FF3DECDF95F79F9D7EC6D687FFC6DECE983E52D7E64EB5FE126AE3A1D375B40DCB7881D7ECFBA6EC1A08A7437B1DA60CB9119533E794BC38FA4FDDD122218729389003E422110000711CE6C69081788B3BD2AF18D2E7C37A76300AC3FB23E4107DA72FBC718FDB37291F183C20FA97616A41D4D6591D28EE81C5C8EB89B4936309DE912A8F96ED0E075121E2406BBD9EE2C0AC6BF323D1D5001CF2BD9E56B72FD306E341F99B786697E4794C91FE2AD33EE68E689D917313615D985253EFAC2C968FA46FDDB86B30103E9
16:32:54[RX]OPN000515256812165CB29BBFF342258BC9B342AF49EEC4A1F961A2C3CDF5D6D8B8DC528B8003E6A882F9B8140902A1DD2E0A5B2D703097F7A9855BDA551A1DA848A2F390DF8456C0E3047DB4D092080D9D5380FD6392C8A2711C5151CD36D37ED8393CC809FF721FF4B49915A095B392E9CA50E0668BE0760713B0E9BEB0E3CC79BAC9DE3BA5C9AB9D901711B0048E12E9BB783F818D61D99EEF4951C0EC946126427A1DC54C00551BAA505E174C51967F99197E85FBA4821DA1C0EB8038F957DB0C354326F9F0CB86D8850C9A9A69D640CADA0FE486DFCC7AE27922D274EDB68FAA10688F3326F54A1B151BEDE8332A8CC8BF51C63F1CEC45F6CEA988680F6F744401CE9FE
16:32:54[TX <CMD> GIX]
16:32:54[[BLK1] 018:]
16:32:54[[T] 0x0001 ]
16:32:54[[L] 000E ]
16:32:54[[V] 808080808080801]
16:32:54[RX <CMD> GIX <RES> 000]
16:32:54[[BLK1] 113:]
16:32:54[[T] 0x8004 ]
16:32:54[[L] 0006 ]
16:32:54[[V] GERTEC]
16:32:54[[T] 0x8003 ]
16:32:54[[L] 000D ]
16:32:54[[V] PPC-930;192MB]
16:32:54[[T] 0x8005 ]
16:32:54[[L] 000A ]
16:32:54[[V] 1200000000]
16:32:54[[T] 0x8006 ]
16:32:54[[L] 0014 ]
16:32:54[[V] 1202.11403.VR0012  @]
16:32:54[[T] 0x8007 ]
16:32:54[[L] 0004 ]
16:32:54[[V] 2.03]
16:32:54[[T] 0x8008 ]
16:32:54[[L] 0010 ]
16:32:54[[V] 001.12 160914   ]
16:32:54[[T] 0x8001 ]
16:32:54[[L] 0010 ]
16:32:54[[V] 7200031906045572]
16:32:54[TX <CMD> GIX]
16:32:54[[BLK1] 018:]
16:32:54[[T] 0x0001 ]
16:32:54[[L] 000E ]
16:32:54[[V] 808080808080801]
16:32:54[RX <CMD> GIX <RES> 000]
16:32:54[[BLK1] 113:]
16:32:54[[T] 0x8004 ]
16:32:54[[L] 0006 ]
16:32:54[[V] GERTEC]
16:32:54[[T] 0x8003 ]
16:32:54[[L] 000D ]
16:32:54[[V] PPC-930;192MB]
16:32:54[[T] 0x8005 ]
16:32:54[[L] 000A ]
16:32:54[[V] 1200000000]
16:32:54[[T] 0x8006 ]
16:32:54[[L] 0014 ]
16:32:54[[V] 1202.11403.VR0012  @]
16:32:54[[T] 0x8007 ]
16:32:54[[L] 0004 ]
16:32:54[[V] 2.03]
16:32:54[[T] 0x8008 ]
16:32:54[[L] 0010 ]
16:32:54[[V] 001.12 160914   ]
16:32:54[[T] 0x8001 ]
16:32:54[[L] 0010 ]
16:32:54[[V] 7200031906045572]
16:33:13[TX <CMD> GCD]
16:33:13[[BLK1] 021:]
16:33:13[[T] 0x000B ]
16:33:13[[L] 0002 ]
16:33:13[[V] 002]
16:33:13[[T] 0x000D ]
16:33:13[[L] 0001 ]
16:33:13[[V] 01]
16:33:13[[T] 0x000E ]
16:33:13[[L] 0001 ]
16:33:13[[V] 07]
16:33:13[[T] 0x000C ]
16:33:13[[L] 0001 ]
16:33:13[[V] 1E]
16:33:19[RX <CMD> GCD <RES> 000]
16:33:19[[BLK1] 011:]
16:33:19[[T] 0x804D ]
16:33:19[[L] 0007 ]
16:33:19[[V] 1111111]
16:33:19[TX]{18}
16:33:19[RX]{04}
16:33:19[TX]CLO032** Pay&Go Web ** (c) 2019 SETIS 
16:33:19[RX]{16}
16:33:19[RX]CLO000{17}
16:33:41[TX]{18}
16:33:41[RX]{04}
16:33:41[TX]OPN5230256951B2614256D148E586C384E56395183C13CA15CF1F68A4ECE80E7AC1AAE3335AF804C2D5B7627554E421CFBF38FEFB637DBA275AF5FD58497FF3DECDF95F79F9D7EC6D687FFC6DECE983E52D7E64EB5FE126AE3A1D375B40DCB7881D7ECFBA6EC1A08A7437B1DA60CB9119533E794BC38FA4FDDD122218729389003E422110000711CE6C69081788B3BD2AF18D2E7C37A76300AC3FB23E4107DA72FBC718FDB37291F183C20FA97616A41D4D6591D28EE81C5C8EB89B4936309DE912A8F96ED0E075121E2406BBD9EE2C0AC6BF323D1D5001CF2BD9E56B72FD306E341F99B786697E4794C91FE2AD33EE68E689D917313615D985253EFAC2C968FA46FDDB86B30103E9
16:33:41[RX]OPN00051525631BE25300DA00CFE99BF45A0E1E4C681B763EF7681E8845B0FCF9D7BD1676FF7917BFE3FE477125A7181EFF61C31D7A1DD5A4A1FCB96B24ACDF91C3C0A4C90B211BA9972AEA7D09C418C22BA8610BF99AE50056F6A5DB7403D356086028C87685271BBDEC55A8149402D0E4AA94EB3485E6907F369D2475EB77AAF030EA0970A41CBFC36E65AD54789887FA7154488A87D950E1EBFF2A9F1BE0824EA112485CCC59417456E6DE8B936EF9A000E89B664B86292C2B0B646043DC7ACC07E8A149B0BAD920A3F9D3CFCF7D71FAD0A2194B689713B45DF3F5E7DA00463AB7B1B09424DF4596A1188E060296D8748A336B2B488662A0B5128947A89A14009B488AC38
16:33:41[TX <CMD> GIX]
16:33:41[[BLK1] 018:]
16:33:41[[T] 0x0001 ]
16:33:41[[L] 000E ]
16:33:41[[V] 808080808080801]
16:33:42[RX <CMD> GIX <RES> 000]
16:33:42[[BLK1] 113:]
16:33:42[[T] 0x8004 ]
16:33:42[[L] 0006 ]
16:33:42[[V] GERTEC]
16:33:42[[T] 0x8003 ]
16:33:42[[L] 000D ]
16:33:42[[V] PPC-930;192MB]
16:33:42[[T] 0x8005 ]
16:33:42[[L] 000A ]
16:33:42[[V] 1200000000]
16:33:42[[T] 0x8006 ]
16:33:42[[L] 0014 ]
16:33:42[[V] 1202.11403.VR0012  @]
16:33:42[[T] 0x8007 ]
16:33:42[[L] 0004 ]
16:33:42[[V] 2.03]
16:33:42[[T] 0x8008 ]
16:33:42[[L] 0010 ]
16:33:42[[V] 001.12 160914   ]
16:33:42[[T] 0x8001 ]
16:33:42[[L] 0010 ]
16:33:42[[V] 7200031906045572]
16:33:56[TX <CMD> GIX]
16:33:56[[BLK1] 006:]
16:33:56[[T] 0x0001 ]
16:33:56[[L] 0002 ]
16:33:56[[V] 907]
16:33:56[RX <CMD> GIX <RES> 000]
16:33:56[[BLK1] 014:]
16:33:56[[T] 0x9307 ]
16:33:56[[L] 000A ]
16:33:56[[V] 8B66F0FE50]
16:33:56[TX <CMD> GCX]
16:33:56[[BLK1] 063:]
16:33:56[[T] 0x0010 ]
16:33:56[[L] 0002 ]
16:33:56[[V] 07]
16:33:56[[T] 0x0011 ]
16:33:56[[L] 0002 ]
16:33:56[[V] 02]
16:33:56[[T] 0x0013 ]
16:33:56[[L] 000C ]
16:33:56[[V] 000000000000]
16:33:56[[T] 0x0015 ]
16:33:56[[L] 0006 ]
16:33:56[[V] 191108]
16:33:56[[T] 0x0016 ]
16:33:56[[L] 0006 ]
16:33:56[[V] 163355]
16:33:56[[T] 0x0017 ]
16:33:56[[L] 0005 ]
16:33:56[[V] 10000]
16:33:56[[T] 0x0004 ]
16:33:56[[L] 0002 ]
16:33:56[[V] 530]
16:34:02[RX]NTM000032SELECIONADO:    DEBITO          
16:34:03[RX <CMD> GCX <RES> 000]
16:34:03[[BLK1] 129:]
16:34:03[[T] 0x804F ]
16:34:03[[L] 0002 ]
16:34:03[[V] 03]
16:34:03[[T] 0x8051 ]
16:34:03[[L] 0006 ]
16:34:03[[V] 070202]
16:34:03[[T] 0x8052 ]
16:34:03[[L] 0010 ]
16:34:03[[V] ****************]
16:34:03[[T] 0x8042 ]
16:34:03[[L] 0018 ]
16:34:03[[V] ************************]
16:34:03[[T] 0x8053 ]
16:34:03[[L] 0002 ]
16:34:03[[V] 00]
16:34:03[[T] 0x8055 ]
16:34:03[[L] 0013 ]
16:34:03[[V] CARLOS ALBERTO LIVI]
16:34:03[[T] 0x805B ]
16:34:03[[L] 0006 ]
16:34:03[[V] DEBITO]
16:34:03[[T] 0x805C ]
16:34:03[[L] 0003 ]
16:34:03[[V] 076]
16:34:03[[T] 0x805D ]
16:34:03[[L] 0006 ]
16:34:03[[V] 150630]
16:34:03[[T] 0x8054 ]
16:34:03[[L] 0005 ]
16:34:03[[V] 530006]
16:34:03[TX <CMD> GTK]
16:34:03[[BLK1] 008:]
16:34:03[[T] 0x0007 ]
16:34:03[[L] 0004 ]
16:34:03[[V] 1010]
16:34:04[RX <CMD> GTK <RES> 000]
16:34:04[[BLK1] 035:]
16:34:04[[T] 0x804A ]
16:34:04[[L] 0008 ]
16:34:04[[V] ********]
16:34:04[[T] 0x8045 ]
16:34:04[[L] 0013 ]
16:34:04[[V] *******************]
16:34:06[TX]DSP032 PROCESSANDO...                 
16:34:06[RX]DSP000
16:34:06[TX]DSP032 PROCESSANDO...                 
16:34:06[RX]DSP000
16:34:29[TX <CMD> GOX]
16:34:29[[BLK1] 115:]
16:34:29[[T] 0x0010 ]
16:34:29[[L] 0002 ]
16:34:29[[V] 07]
16:34:29[[T] 0x0013 ]
16:34:29[[L] 000C ]
16:34:29[[V] 000000001200]
16:34:29[[T] 0x0018 ]
16:34:29[[L] 0005 ]
16:34:29[[V] 01000]
16:34:29[[T] 0x0002 ]
16:34:29[[L] 0001 ]
16:34:29[[V] 3]
16:34:29[[T] 0x0009 ]
16:34:29[[L] 0002 ]
16:34:29[[V] 08]
16:34:29[[T] 0x000C ]
16:34:29[[L] 0001 ]
16:34:29[[V] 30]
16:34:29[[T] 0x001A ]
16:34:29[[L] 000A ]
16:34:29[[V] 00000000020]
16:34:29[[T] 0x0004 ]
16:34:29[[L] 0032 ]
16:34:29[[V] 488999090919192929393990525293919352939499191535917]
16:34:29[RX]NTM000032SOLICITE A SENHA                
16:34:35[RX <CMD> GOX <RES> 000]
16:34:35[[BLK1] 210:]
16:34:35[[T] 0x8056 ]
16:34:35[[L] 0006 ]
16:34:35[[V] 202000]
16:34:35[[T] 0x8057 ]
16:34:35[[L] 0008 ]
16:34:35[[V] C8EB98BD5]
16:34:35[[T] 0x804C ]
16:34:35[[L] 000A ]
16:34:35[[V] FF0091F000A]
16:34:35[[T] 0x8054 ]
16:34:35[[L] 00AA ]
16:34:35[[V] 80A00002180509044080900900000000900A0000219100000AB0910079204F68D4429208930039306FB4901109000000105200852010393000091000930EFC52007930290E09104444549100530050545444445544E]
16:34:41[TX]DSP032 PROCESSANDO...                 
16:34:41[RX]DSP000
16:35:23[TX <CMD> FCX]
16:35:23[[BLK1] 066:]
16:35:23[[T] 0x0019 ]
16:35:23[[L] 0004 ]
16:35:23[[V] 0000]
16:35:23[[T] 0x001C ]
16:35:23[[L] 0002 ]
16:35:23[[V] 00]
16:35:23[[T] 0x0004 ]
16:35:23[[L] 0030 ]
16:35:23[[V] 4889990909191929293939905252939193529394991915350]
16:35:23[RX <CMD> FCX <RES> 000]
16:35:23[[BLK1] 181:]
16:35:23[[T] 0x8058 ]
16:35:23[[L] 0003 ]
16:35:23[[V] 000]
16:35:23[[T] 0x8054 ]
16:35:23[[L] 00AA ]
16:35:23[[V] 80A00002180509044080900900000000900A00002191000006B09100792017CA4D839204930039306FB4901109000000105200852010393000091000930EFC52007930290E09104444549100530050545444445544E]
16:35:53[TX]RMC032  TRANSACAO OK                  
16:36:03[RX]RMC000
16:36:14[TX <CMD> GIX]
16:36:14[[BLK1] 018:]
16:36:14[[T] 0x0001 ]
16:36:14[[L] 000E ]
16:36:14[[V] 808080808080801]
16:36:14[RX <CMD> GIX <RES> 000]
16:36:14[[BLK1] 113:]
16:36:14[[T] 0x8004 ]
16:36:14[[L] 0006 ]
16:36:14[[V] GERTEC]
16:36:14[[T] 0x8003 ]
16:36:14[[L] 000D ]
16:36:14[[V] PPC-930;192MB]
16:36:14[[T] 0x8005 ]
16:36:14[[L] 000A ]
16:36:14[[V] 1200000000]
16:36:14[[T] 0x8006 ]
16:36:14[[L] 0014 ]
16:36:14[[V] 1202.11403.VR0012  @]
16:36:14[[T] 0x8007 ]
16:36:14[[L] 0004 ]
16:36:14[[V] 2.03]
16:36:14[[T] 0x8008 ]
16:36:14[[L] 0010 ]
16:36:14[[V] 001.12 160914   ]
16:36:14[[T] 0x8001 ]
16:36:14[[L] 0010 ]
16:36:14[[V] 7200031906045572]
16:36:14[TX <CMD> GIX]
16:36:14[[BLK1] 018:]
16:36:14[[T] 0x0001 ]
16:36:14[[L] 000E ]
16:36:14[[V] 808080808080801]
16:36:15[RX <CMD> GIX <RES> 000]
16:36:15[[BLK1] 113:]
16:36:15[[T] 0x8004 ]
16:36:15[[L] 0006 ]
16:36:15[[V] GERTEC]
16:36:15[[T] 0x8003 ]
16:36:15[[L] 000D ]
16:36:15[[V] PPC-930;192MB]
16:36:15[[T] 0x8005 ]
16:36:15[[L] 000A ]
16:36:15[[V] 1200000000]
16:36:15[[T] 0x8006 ]
16:36:15[[L] 0014 ]
16:36:15[[V] 1202.11403.VR0012  @]
16:36:15[[T] 0x8007 ]
16:36:15[[L] 0004 ]
16:36:15[[V] 2.03]
16:36:15[[T] 0x8008 ]
16:36:15[[L] 0010 ]
16:36:15[[V] 001.12 160914   ]
16:36:15[[T] 0x8001 ]
16:36:15[[L] 0010 ]
16:36:15[[V] 7200031906045572]
16:36:24[TX <CMD> GIX]
16:36:24[[BLK1] 018:]
16:36:24[[T] 0x0001 ]
16:36:24[[L] 000E ]
16:36:24[[V] 808080808080801]
16:36:24[RX <CMD> GIX <RES> 000]
16:36:24[[BLK1] 113:]
16:36:24[[T] 0x8004 ]
16:36:24[[L] 0006 ]
16:36:24[[V] GERTEC]
16:36:24[[T] 0x8003 ]
16:36:24[[L] 000D ]
16:36:24[[V] PPC-930;192MB]
16:36:24[[T] 0x8005 ]
16:36:24[[L] 000A ]
16:36:24[[V] 1200000000]
16:36:24[[T] 0x8006 ]
16:36:24[[L] 0014 ]
16:36:24[[V] 1202.11403.VR0012  @]
16:36:24[[T] 0x8007 ]
16:36:24[[L] 0004 ]
16:36:24[[V] 2.03]
16:36:24[[T] 0x8008 ]
16:36:24[[L] 0010 ]
16:36:24[[V] 001.12 160914   ]
16:36:24[[T] 0x8001 ]
16:36:24[[L] 0010 ]
16:36:24[[V] 7200031906045572]
16:36:47[TX]{18}
16:36:47[RX]{04}
16:36:47[TX]CLO032** Pay&Go Web ** (c) 2019 SETIS 
16:36:48[RX]{16}
16:36:48[RX]CLO000{17}
16:37:12[TX]{18}
16:37:12[RX]{04}
16:37:12[TX]OPN5230256951B2614256D148E586C384E56395183C13CA15CF1F68A4ECE80E7AC1AAE3335AF804C2D5B7627554E421CFBF38FEFB637DBA275AF5FD58497FF3DECDF95F79F9D7EC6D687FFC6DECE983E52D7E64EB5FE126AE3A1D375B40DCB7881D7ECFBA6EC1A08A7437B1DA60CB9119533E794BC38FA4FDDD122218729389003E422110000711CE6C69081788B3BD2AF18D2E7C37A76300AC3FB23E4107DA72FBC718FDB37291F183C20FA97616A41D4D6591D28EE81C5C8EB89B4936309DE912A8F96ED0E075121E2406BBD9EE2C0AC6BF323D1D5001CF2BD9E56B72FD306E341F99B786697E4794C91FE2AD33EE68E689D917313615D985253EFAC2C968FA46FDDB86B30103E9
16:37:12[RX]OPN0005152568E12413EA0E17C70D359DB9EBB482F42B7A7F4FCBF3A7F5F3888A475161088045ACAD15910CA0C439255938360C951779173A4A6E746A8DBC63531D852D01ACAF43855CAE0DD4621A2B1BE6F69B3B6798CDA9078E7D8EE463B354FB3353E8CAB775AFCA4E5C9937CCAFCA8350CA6F08533D5EE49C4E883E7B0C5DEAC9DCB83B0CC979BBEA31AFFF074C8796D425FC23CFF55F02EC9A9C58E752A91BB3D4ADEEDED3027EC98414C5380E5809DFB965B25FB5655590E0D026C657304D00B7FC62216453B8FED8ED1455EE1AB05A5B2A2AEFB8A2CCB2780496B5F49442C32ADB492AB1867D1CF19C418BB968DE1801D2DEF9989E255AADE55F81109BBADE01F6D40
16:37:12[TX <CMD> GIX]
16:37:12[[BLK1] 018:]
16:37:12[[T] 0x0001 ]
16:37:12[[L] 000E ]
16:37:12[[V] 808080808080801]
16:37:13[RX <CMD> GIX <RES> 000]
16:37:13[[BLK1] 113:]
16:37:13[[T] 0x8004 ]
16:37:13[[L] 0006 ]
16:37:13[[V] GERTEC]
16:37:13[[T] 0x8003 ]
16:37:13[[L] 000D ]
16:37:13[[V] PPC-930;192MB]
16:37:13[[T] 0x8005 ]
16:37:13[[L] 000A ]
16:37:13[[V] 1200000000]
16:37:13[[T] 0x8006 ]
16:37:13[[L] 0014 ]
16:37:13[[V] 1202.11403.VR0012  @]
16:37:13[[T] 0x8007 ]
16:37:13[[L] 0004 ]
16:37:13[[V] 2.03]
16:37:13[[T] 0x8008 ]
16:37:13[[L] 0010 ]
16:37:13[[V] 001.12 160914   ]
16:37:13[[T] 0x8001 ]
16:37:13[[L] 0010 ]
16:37:13[[V] 7200031906045572]
16:38:13[TX]RMC032  TRANSACAO OK                  
16:38:15[RX]RMC000
16:38:15[TX]{18}
16:38:15[RX]{04}
16:38:15[TX]CLO032** Pay&Go Web ** (c) 2019 SETIS 
16:38:16[RX]{16}
16:38:16[RX]CLO000{17}
16:38:29[TX]{18}
16:38:29[RX]{04}
16:38:29[TX]OPN5230256951B2614256D148E586C384E56395183C13CA15CF1F68A4ECE80E7AC1AAE3335AF804C2D5B7627554E421CFBF38FEFB637DBA275AF5FD58497FF3DECDF95F79F9D7EC6D687FFC6DECE983E52D7E64EB5FE126AE3A1D375B40DCB7881D7ECFBA6EC1A08A7437B1DA60CB9119533E794BC38FA4FDDD122218729389003E422110000711CE6C69081788B3BD2AF18D2E7C37A76300AC3FB23E4107DA72FBC718FDB37291F183C20FA97616A41D4D6591D28EE81C5C8EB89B4936309DE912A8F96ED0E075121E2406BBD9EE2C0AC6BF323D1D5001CF2BD9E56B72FD306E341F99B786697E4794C91FE2AD33EE68E689D917313615D985253EFAC2C968FA46FDDB86B30103E9
16:38:29[RX]OPN0005152563765C8F7AD543895E526BB9A6049F73863FBCBBC5D2ADEC3A802558E39C1915F928FA941E5121323168DD67F24CCF563F69EFECA126B7653D4EE905A40A6657D54CD73F2812E42BF67765BB318CE729DBF921276E4A4AB63D2BCB80E9CDE8122A1BD2A9A1B998562CC9198DA4CC7CAEBD0523FD58006FE79DB612C19779A7EAC4DCB35F86F2749E8C62D7C72F445354634BEB59D8E0302CB4C9B76BBB059CD8921C285CF472A34632BDCFB8E14D36658CE0001E3B0C25D8558A18C50E5F687C22D9668D4595D556F36E6F382CF00B467506E582E25706A786ACBB4B9AA2A22F420DBC234367C144781537F187F965ABC2E7508F5F7ECE1FC9EE3406A50C2D51F
16:38:29[TX <CMD> GIX]
16:38:29[[BLK1] 018:]
16:38:29[[T] 0x0001 ]
16:38:29[[L] 000E ]
16:38:29[[V] 808080808080801]
16:38:30[RX <CMD> GIX <RES> 000]
16:38:30[[BLK1] 113:]
16:38:30[[T] 0x8004 ]
16:38:30[[L] 0006 ]
16:38:30[[V] GERTEC]
16:38:30[[T] 0x8003 ]
16:38:30[[L] 000D ]
16:38:30[[V] PPC-930;192MB]
16:38:30[[T] 0x8005 ]
16:38:30[[L] 000A ]
16:38:30[[V] 1200000000]
16:38:30[[T] 0x8006 ]
16:38:30[[L] 0014 ]
16:38:30[[V] 1202.11403.VR0012  @]
16:38:30[[T] 0x8007 ]
16:38:30[[L] 0004 ]
16:38:30[[V] 2.03]
16:38:30[[T] 0x8008 ]
16:38:30[[L] 0010 ]
16:38:30[[V] 001.12 160914   ]
16:38:30[[T] 0x8001 ]
16:38:30[[L] 0010 ]
16:38:30[[V] 7200031906045572]
16:38:30[TX <CMD> GIX]
16:38:30[[BLK1] 018:]
16:38:30[[T] 0x0001 ]
16:38:30[[L] 000E ]
16:38:30[[V] 808080808080801]
16:38:30[RX <CMD> GIX <RES> 000]
16:38:30[[BLK1] 113:]
16:38:30[[T] 0x8004 ]
16:38:30[[L] 0006 ]
16:38:30[[V] GERTEC]
16:38:30[[T] 0x8003 ]
16:38:30[[L] 000D ]
16:38:30[[V] PPC-930;192MB]
16:38:30[[T] 0x8005 ]
16:38:30[[L] 000A ]
16:38:30[[V] 1200000000]
16:38:30[[T] 0x8006 ]
16:38:30[[L] 0014 ]
16:38:30[[V] 1202.11403.VR0012  @]
16:38:30[[T] 0x8007 ]
16:38:30[[L] 0004 ]
16:38:30[[V] 2.03]
16:38:30[[T] 0x8008 ]
16:38:30[[L] 0010 ]
16:38:30[[V] 001.12 160914   ]
16:38:30[[T] 0x8001 ]
16:38:30[[L] 0010 ]
16:38:30[[V] 7200031906045572]
16:38:48[TX <CMD> GIX]
16:38:48[[BLK1] 018:]
16:38:48[[T] 0x0001 ]
16:38:48[[L] 000E ]
16:38:48[[V] 808080808080801]
16:38:48[RX <CMD> GIX <RES> 000]
16:38:48[[BLK1] 113:]
16:38:48[[T] 0x8004 ]
16:38:48[[L] 0006 ]
16:38:48[[V] GERTEC]
16:38:48[[T] 0x8003 ]
16:38:48[[L] 000D ]
16:38:48[[V] PPC-930;192MB]
16:38:48[[T] 0x8005 ]
16:38:48[[L] 000A ]
16:38:48[[V] 1200000000]
16:38:48[[T] 0x8006 ]
16:38:48[[L] 0014 ]
16:38:48[[V] 1202.11403.VR0012  @]
16:38:48[[T] 0x8007 ]
16:38:48[[L] 0004 ]
16:38:48[[V] 2.03]
16:38:48[[T] 0x8008 ]
16:38:48[[L] 0010 ]
16:38:48[[V] 001.12 160914   ]
16:38:48[[T] 0x8001 ]
16:38:48[[L] 0010 ]
16:38:48[[V] 7200031906045572]
16:39:49[TX]RMC032  TRANSACAO OK                  
16:39:51[RX]RMC000
16:40:01[TX <CMD> GIX]
16:40:01[[BLK1] 018:]
16:40:01[[T] 0x0001 ]
16:40:01[[L] 000E ]
16:40:01[[V] 808080808080801]
16:40:01[RX <CMD> GIX <RES> 000]
16:40:01[[BLK1] 113:]
16:40:01[[T] 0x8004 ]
16:40:01[[L] 0006 ]
16:40:01[[V] GERTEC]
16:40:01[[T] 0x8003 ]
16:40:01[[L] 000D ]
16:40:01[[V] PPC-930;192MB]
16:40:01[[T] 0x8005 ]
16:40:01[[L] 000A ]
16:40:01[[V] 1200000000]
16:40:01[[T] 0x8006 ]
16:40:01[[L] 0014 ]
16:40:01[[V] 1202.11403.VR0012  @]
16:40:01[[T] 0x8007 ]
16:40:01[[L] 0004 ]
16:40:01[[V] 2.03]
16:40:01[[T] 0x8008 ]
16:40:01[[L] 0010 ]
16:40:01[[V] 001.12 160914   ]
16:40:01[[T] 0x8001 ]
16:40:01[[L] 0010 ]
16:40:01[[V] 7200031906045572]
16:40:01[TX <CMD> GIX]
16:40:01[[BLK1] 018:]
16:40:01[[T] 0x0001 ]
16:40:01[[L] 000E ]
16:40:01[[V] 808080808080801]
16:40:01[RX <CMD> GIX <RES> 000]
16:40:01[[BLK1] 113:]
16:40:01[[T] 0x8004 ]
16:40:01[[L] 0006 ]
16:40:01[[V] GERTEC]
16:40:01[[T] 0x8003 ]
16:40:01[[L] 000D ]
16:40:01[[V] PPC-930;192MB]
16:40:01[[T] 0x8005 ]
16:40:01[[L] 000A ]
16:40:01[[V] 1200000000]
16:40:01[[T] 0x8006 ]
16:40:01[[L] 0014 ]
16:40:01[[V] 1202.11403.VR0012  @]
16:40:01[[T] 0x8007 ]
16:40:01[[L] 0004 ]
16:40:01[[V] 2.03]
16:40:01[[T] 0x8008 ]
16:40:01[[L] 0010 ]
16:40:01[[V] 001.12 160914   ]
16:40:01[[T] 0x8001 ]
16:40:01[[L] 0010 ]
16:40:01[[V] 7200031906045572]
16:40:16[TX <CMD> GIX]
16:40:16[[BLK1] 018:]
16:40:16[[T] 0x0001 ]
16:40:16[[L] 000E ]
16:40:16[[V] 808080808080801]
16:40:16[RX <CMD> GIX <RES> 000]
16:40:16[[BLK1] 113:]
16:40:16[[T] 0x8004 ]
16:40:16[[L] 0006 ]
16:40:16[[V] GERTEC]
16:40:16[[T] 0x8003 ]
16:40:16[[L] 000D ]
16:40:16[[V] PPC-930;192MB]
16:40:16[[T] 0x8005 ]
16:40:16[[L] 000A ]
16:40:16[[V] 1200000000]
16:40:16[[T] 0x8006 ]
16:40:16[[L] 0014 ]
16:40:16[[V] 1202.11403.VR0012  @]
16:40:16[[T] 0x8007 ]
16:40:16[[L] 0004 ]
16:40:16[[V] 2.03]
16:40:16[[T] 0x8008 ]
16:40:16[[L] 0010 ]
16:40:16[[V] 001.12 160914   ]
16:40:16[[T] 0x8001 ]
16:40:16[[L] 0010 ]
16:40:16[[V] 7200031906045572]
16:40:39[TX]{18}
16:40:39[RX]{04}
16:40:39[TX]CLO032** Pay&Go Web ** (c) 2019 SETIS 
16:40:39[RX]{16}
16:40:39[RX]CLO000{17}
16:41:10[TX]{18}
16:41:10[RX]{04}
16:41:10[TX]OPN5230256951B2614256D148E586C384E56395183C13CA15CF1F68A4ECE80E7AC1AAE3335AF804C2D5B7627554E421CFBF38FEFB637DBA275AF5FD58497FF3DECDF95F79F9D7EC6D687FFC6DECE983E52D7E64EB5FE126AE3A1D375B40DCB7881D7ECFBA6EC1A08A7437B1DA60CB9119533E794BC38FA4FDDD122218729389003E422110000711CE6C69081788B3BD2AF18D2E7C37A76300AC3FB23E4107DA72FBC718FDB37291F183C20FA97616A41D4D6591D28EE81C5C8EB89B4936309DE912A8F96ED0E075121E2406BBD9EE2C0AC6BF323D1D5001CF2BD9E56B72FD306E341F99B786697E4794C91FE2AD33EE68E689D917313615D985253EFAC2C968FA46FDDB86B30103E9
16:41:10[RX]OPN00051525640801C5F5B933CED9537F0BE274F37762713A0C1F107F13F4D0FBC00E4A53B2773318B4A84BFB7A24A34923FF24B45D8F91DB3BEAE25C411E893E53EA45203C0080E22F503AB4567ABC732D193141A969CB8F77A306AB54CCA8FB721FDB9B02766165DAA0827831F0D94F35FFC061E1A3C170567EA0A5DB814694FCFDC16854B18C8496317F20E9DA51DFB955FF60FB788ED55951982DF6927D491F502A398165BA447A19E600443E9118B6806901F683E22FF020A31792756BA27579C84556779F6B32D44DB91754524C80E6987596CBCB61A9FD27941D51242BE3336C90A5E0282A6DDE4DD12A8E65B5E4C6B5DB01A4C089EDD2709A87A97BA2F9059281C6D
16:41:10[TX <CMD> GIX]
16:41:10[[BLK1] 018:]
16:41:10[[T] 0x0001 ]
16:41:10[[L] 000E ]
16:41:10[[V] 808080808080801]
16:41:10[RX <CMD> GIX <RES> 000]
16:41:10[[BLK1] 113:]
16:41:10[[T] 0x8004 ]
16:41:10[[L] 0006 ]
16:41:10[[V] GERTEC]
16:41:10[[T] 0x8003 ]
16:41:10[[L] 000D ]
16:41:10[[V] PPC-930;192MB]
16:41:10[[T] 0x8005 ]
16:41:10[[L] 000A ]
16:41:10[[V] 1200000000]
16:41:10[[T] 0x8006 ]
16:41:10[[L] 0014 ]
16:41:10[[V] 1202.11403.VR0012  @]
16:41:10[[T] 0x8007 ]
16:41:10[[L] 0004 ]
16:41:10[[V] 2.03]
16:41:10[[T] 0x8008 ]
16:41:10[[L] 0010 ]
16:41:10[[V] 001.12 160914   ]
16:41:10[[T] 0x8001 ]
16:41:10[[L] 0010 ]
16:41:10[[V] 7200031906045572]
16:42:37[TX]RMC032    TRANSACAO       CANCELADA   
16:42:39[RX]RMC000
16:42:39[TX]{18}
16:42:39[RX]{04}
16:42:39[TX]CLO032** Pay&Go Web ** (c) 2019 SETIS 
16:42:39[RX]{16}
16:42:39[RX]CLO000{17}
16:42:50[TX]{18}
16:42:50[RX]{04}
16:42:50[TX]OPN5230256951B2614256D148E586C384E56395183C13CA15CF1F68A4ECE80E7AC1AAE3335AF804C2D5B7627554E421CFBF38FEFB637DBA275AF5FD58497FF3DECDF95F79F9D7EC6D687FFC6DECE983E52D7E64EB5FE126AE3A1D375B40DCB7881D7ECFBA6EC1A08A7437B1DA60CB9119533E794BC38FA4FDDD122218729389003E422110000711CE6C69081788B3BD2AF18D2E7C37A76300AC3FB23E4107DA72FBC718FDB37291F183C20FA97616A41D4D6591D28EE81C5C8EB89B4936309DE912A8F96ED0E075121E2406BBD9EE2C0AC6BF323D1D5001CF2BD9E56B72FD306E341F99B786697E4794C91FE2AD33EE68E689D917313615D985253EFAC2C968FA46FDDB86B30103E9
16:42:50[RX]OPN00051525622BD1C711A07EFE026D8BE84E4E38DF1E69FC93F18BE3FFDEDDEC0B07AA9C3B868CA254C3CB398EE20513F7D2ED6EAD49F5CD5C81243D90FE599692E6E2C754C095A9515E2C5E8FACDCAA9BDF842DB40299E7E6393816B6791DB9161FB3732C4BA199D68525BDD9D63DECE2F8801129BACEF03F60D531A3CD0A772BE9C34ADF2B6E14A653E8F88BCCBE7FEF453EB58702871C54E14871B4E65B46A7D4763272C944FF1A3701B347307D3147A3B70A0134D3E52C2CF164B22F9807C5563003F8B9657BF83E7A5CE24103060749639425AB8F121247837C7956A4B7A9929A233E8D80AA29CEF26123BE92488E39B854A38CEA7427E365D92C126F73B44C5A7F2D0
16:42:50[TX <CMD> GIX]
16:42:50[[BLK1] 018:]
16:42:50[[T] 0x0001 ]
16:42:50[[L] 000E ]
16:42:50[[V] 808080808080801]
16:42:51[RX <CMD> GIX <RES> 000]
16:42:51[[BLK1] 113:]
16:42:51[[T] 0x8004 ]
16:42:51[[L] 0006 ]
16:42:51[[V] GERTEC]
16:42:51[[T] 0x8003 ]
16:42:51[[L] 000D ]
16:42:51[[V] PPC-930;192MB]
16:42:51[[T] 0x8005 ]
16:42:51[[L] 000A ]
16:42:51[[V] 1200000000]
16:42:51[[T] 0x8006 ]
16:42:51[[L] 0014 ]
16:42:51[[V] 1202.11403.VR0012  @]
16:42:51[[T] 0x8007 ]
16:42:51[[L] 0004 ]
16:42:51[[V] 2.03]
16:42:51[[T] 0x8008 ]
16:42:51[[L] 0010 ]
16:42:51[[V] 001.12 160914   ]
16:42:51[[T] 0x8001 ]
16:42:51[[L] 0010 ]
16:42:51[[V] 7200031906045572]
16:42:51[TX <CMD> GIX]
16:42:51[[BLK1] 018:]
16:42:51[[T] 0x0001 ]
16:42:51[[L] 000E ]
16:42:51[[V] 808080808080801]
16:42:51[RX <CMD> GIX <RES> 000]
16:42:51[[BLK1] 113:]
16:42:51[[T] 0x8004 ]
16:42:51[[L] 0006 ]
16:42:51[[V] GERTEC]
16:42:51[[T] 0x8003 ]
16:42:51[[L] 000D ]
16:42:51[[V] PPC-930;192MB]
16:42:51[[T] 0x8005 ]
16:42:51[[L] 000A ]
16:42:51[[V] 1200000000]
16:42:51[[T] 0x8006 ]
16:42:51[[L] 0014 ]
16:42:51[[V] 1202.11403.VR0012  @]
16:42:51[[T] 0x8007 ]
16:42:51[[L] 0004 ]
16:42:51[[V] 2.03]
16:42:51[[T] 0x8008 ]
16:42:51[[L] 0010 ]
16:42:51[[V] 001.12 160914   ]
16:42:51[[T] 0x8001 ]
16:42:51[[L] 0010 ]
16:42:51[[V] 7200031906045572]
16:44:02[TX <CMD> GIX]
16:44:02[[BLK1] 018:]
16:44:02[[T] 0x0001 ]
16:44:02[[L] 000E ]
16:44:02[[V] 808080808080801]
16:44:02[RX <CMD> GIX <RES> 000]
16:44:02[[BLK1] 113:]
16:44:02[[T] 0x8004 ]
16:44:02[[L] 0006 ]
16:44:02[[V] GERTEC]
16:44:02[[T] 0x8003 ]
16:44:02[[L] 000D ]
16:44:02[[V] PPC-930;192MB]
16:44:02[[T] 0x8005 ]
16:44:02[[L] 000A ]
16:44:02[[V] 1200000000]
16:44:02[[T] 0x8006 ]
16:44:02[[L] 0014 ]
16:44:02[[V] 1202.11403.VR0012  @]
16:44:02[[T] 0x8007 ]
16:44:02[[L] 0004 ]
16:44:02[[V] 2.03]
16:44:02[[T] 0x8008 ]
16:44:02[[L] 0010 ]
16:44:02[[V] 001.12 160914   ]
16:44:02[[T] 0x8001 ]
16:44:02[[L] 0010 ]
16:44:02[[V] 7200031906045572]
16:45:35[TX <CMD> GIX]
16:45:35[[BLK1] 006:]
16:45:35[[T] 0x0001 ]
16:45:35[[L] 0002 ]
16:45:35[[V] 907]
16:45:35[RX <CMD> GIX <RES> 000]
16:45:35[[BLK1] 014:]
16:45:35[[T] 0x9307 ]
16:45:35[[L] 000A ]
16:45:35[[V] 8B66F0FE50]
16:45:35[TX <CMD> GCX]
16:45:35[[BLK1] 057:]
16:45:35[[T] 0x0010 ]
16:45:35[[L] 0002 ]
16:45:35[[V] 07]
16:45:35[[T] 0x0013 ]
16:45:35[[L] 000C ]
16:45:35[[V] 000000000000]
16:45:35[[T] 0x0015 ]
16:45:35[[L] 0006 ]
16:45:35[[V] 191108]
16:45:35[[T] 0x0016 ]
16:45:35[[L] 0006 ]
16:45:35[[V] 164535]
16:45:35[[T] 0x0017 ]
16:45:35[[L] 0005 ]
16:45:35[[V] 10000]
16:45:35[[T] 0x0004 ]
16:45:35[[L] 0002 ]
16:45:35[[V] 530]
16:45:42[RX]NTM000032SELECIONADO:    DEBITO          
16:45:44[RX <CMD> GCX <RES> 000]
16:45:44[[BLK1] 129:]
16:45:44[[T] 0x804F ]
16:45:44[[L] 0002 ]
16:45:44[[V] 03]
16:45:44[[T] 0x8051 ]
16:45:44[[L] 0006 ]
16:45:44[[V] 070202]
16:45:44[[T] 0x8052 ]
16:45:44[[L] 0010 ]
16:45:44[[V] ****************]
16:45:44[[T] 0x8042 ]
16:45:44[[L] 0018 ]
16:45:44[[V] ************************]
16:45:44[[T] 0x8053 ]
16:45:44[[L] 0002 ]
16:45:44[[V] 00]
16:45:44[[T] 0x8055 ]
16:45:44[[L] 0013 ]
16:45:44[[V] CARLOS ALBERTO LIVI]
16:45:44[[T] 0x805B ]
16:45:44[[L] 0006 ]
16:45:44[[V] DEBITO]
16:45:44[[T] 0x805C ]
16:45:44[[L] 0003 ]
16:45:44[[V] 076]
16:45:44[[T] 0x805D ]
16:45:44[[L] 0006 ]
16:45:44[[V] 150630]
16:45:44[[T] 0x8054 ]
16:45:44[[L] 0005 ]
16:45:44[[V] 530006]
16:45:44[TX <CMD> GTK]
16:45:44[[BLK1] 008:]
16:45:44[[T] 0x0007 ]
16:45:44[[L] 0004 ]
16:45:44[[V] 1010]
16:45:44[RX <CMD> GTK <RES> 000]
16:45:44[[BLK1] 035:]
16:45:44[[T] 0x804A ]
16:45:44[[L] 0008 ]
16:45:44[[V] ********]
16:45:44[[T] 0x8045 ]
16:45:44[[L] 0013 ]
16:45:44[[V] *******************]
16:45:47[TX]DSP032 PROCESSANDO...                 
16:45:47[RX]DSP000
16:45:48[TX]DSP032 PROCESSANDO...                 
16:45:48[RX]DSP000
16:47:29[TX]RMC032  TRANSACAO OK                  
16:47:32[RX]RMC000
16:47:44[TX <CMD> GIX]
16:47:44[[BLK1] 018:]
16:47:44[[T] 0x0001 ]
16:47:44[[L] 000E ]
16:47:44[[V] 808080808080801]
16:47:44[RX <CMD> GIX <RES> 000]
16:47:44[[BLK1] 113:]
16:47:44[[T] 0x8004 ]
16:47:44[[L] 0006 ]
16:47:44[[V] GERTEC]
16:47:44[[T] 0x8003 ]
16:47:44[[L] 000D ]
16:47:44[[V] PPC-930;192MB]
16:47:44[[T] 0x8005 ]
16:47:44[[L] 000A ]
16:47:44[[V] 1200000000]
16:47:44[[T] 0x8006 ]
16:47:44[[L] 0014 ]
16:47:44[[V] 1202.11403.VR0012  @]
16:47:44[[T] 0x8007 ]
16:47:44[[L] 0004 ]
16:47:44[[V] 2.03]
16:47:44[[T] 0x8008 ]
16:47:44[[L] 0010 ]
16:47:44[[V] 001.12 160914   ]
16:47:44[[T] 0x8001 ]
16:47:44[[L] 0010 ]
16:47:44[[V] 7200031906045572]
16:47:44[TX <CMD> GIX]
16:47:44[[BLK1] 018:]
16:47:44[[T] 0x0001 ]
16:47:44[[L] 000E ]
16:47:44[[V] 808080808080801]
16:47:44[RX <CMD> GIX <RES> 000]
16:47:44[[BLK1] 113:]
16:47:44[[T] 0x8004 ]
16:47:44[[L] 0006 ]
16:47:44[[V] GERTEC]
16:47:44[[T] 0x8003 ]
16:47:44[[L] 000D ]
16:47:44[[V] PPC-930;192MB]
16:47:44[[T] 0x8005 ]
16:47:44[[L] 000A ]
16:47:44[[V] 1200000000]
16:47:44[[T] 0x8006 ]
16:47:44[[L] 0014 ]
16:47:44[[V] 1202.11403.VR0012  @]
16:47:44[[T] 0x8007 ]
16:47:44[[L] 0004 ]
16:47:44[[V] 2.03]
16:47:44[[T] 0x8008 ]
16:47:44[[L] 0010 ]
16:47:44[[V] 001.12 160914   ]
16:47:44[[T] 0x8001 ]
16:47:44[[L] 0010 ]
16:47:44[[V] 7200031906045572]
16:47:56[TX <CMD> GIX]
16:47:56[[BLK1] 018:]
16:47:56[[T] 0x0001 ]
16:47:56[[L] 000E ]
16:47:56[[V] 808080808080801]
16:47:56[RX <CMD> GIX <RES> 000]
16:47:56[[BLK1] 113:]
16:47:56[[T] 0x8004 ]
16:47:56[[L] 0006 ]
16:47:56[[V] GERTEC]
16:47:56[[T] 0x8003 ]
16:47:56[[L] 000D ]
16:47:56[[V] PPC-930;192MB]
16:47:56[[T] 0x8005 ]
16:47:56[[L] 000A ]
16:47:56[[V] 1200000000]
16:47:56[[T] 0x8006 ]
16:47:56[[L] 0014 ]
16:47:56[[V] 1202.11403.VR0012  @]
16:47:56[[T] 0x8007 ]
16:47:56[[L] 0004 ]
16:47:56[[V] 2.03]
16:47:56[[T] 0x8008 ]
16:47:56[[L] 0010 ]
16:47:56[[V] 001.12 160914   ]
16:47:56[[T] 0x8001 ]
16:47:56[[L] 0010 ]
16:47:56[[V] 7200031906045572]
16:48:20[TX]{18}
16:48:21[RX]{04}
16:48:21[TX]CLO032** Pay&Go Web ** (c) 2019 SETIS 
16:48:21[RX]{16}
16:48:21[RX]CLO000{17}
16:50:06[TX]{18}
16:50:06[RX]{04}
16:50:06[TX]OPN5230256951B2614256D148E586C384E56395183C13CA15CF1F68A4ECE80E7AC1AAE3335AF804C2D5B7627554E421CFBF38FEFB637DBA275AF5FD58497FF3DECDF95F79F9D7EC6D687FFC6DECE983E52D7E64EB5FE126AE3A1D375B40DCB7881D7ECFBA6EC1A08A7437B1DA60CB9119533E794BC38FA4FDDD122218729389003E422110000711CE6C69081788B3BD2AF18D2E7C37A76300AC3FB23E4107DA72FBC718FDB37291F183C20FA97616A41D4D6591D28EE81C5C8EB89B4936309DE912A8F96ED0E075121E2406BBD9EE2C0AC6BF323D1D5001CF2BD9E56B72FD306E341F99B786697E4794C91FE2AD33EE68E689D917313615D985253EFAC2C968FA46FDDB86B30103E9
16:50:06[RX]OPN00051525681551F0EEED3FB16CF89D28036EE93423D928E0B78CECEA4042BE7E353D5B723B15CEB1D0D84FEBA1D7CE7794BE378A4D5C17E84FFEE099A97DFE06FA07B4E9D6DCABBD17CA2D6CF9B130ED33D8521D197C722013E6B5B6409F809EC44C68CAB03E5FDA61160ED0B8544440BAD4E76169365F69F028ED1E0331FB72CDA5A81684154DD4CAF0D9ADEFD1CC3C2E4FD1A3DF52FE89C5606E0D75BACF7866BDE0A6DBAB5B813A02B480B2C2D1F4D27F7F5E1D4DB62489787174EA551499CA90CE52D01600CBC694746543840698B8D984414CB790D5756437712B0A37B55AA86477A0D06B102564FD2B937E9B8D50E68EE432EE14AAEF16E97B44DACEE2FC3E49CC0
16:50:06[TX <CMD> GIX]
16:50:06[[BLK1] 018:]
16:50:06[[T] 0x0001 ]
16:50:06[[L] 000E ]
16:50:06[[V] 808080808080801]
16:50:07[RX <CMD> GIX <RES> 000]
16:50:07[[BLK1] 113:]
16:50:07[[T] 0x8004 ]
16:50:07[[L] 0006 ]
16:50:07[[V] GERTEC]
16:50:07[[T] 0x8003 ]
16:50:07[[L] 000D ]
16:50:07[[V] PPC-930;192MB]
16:50:07[[T] 0x8005 ]
16:50:07[[L] 000A ]
16:50:07[[V] 1200000000]
16:50:07[[T] 0x8006 ]
16:50:07[[L] 0014 ]
16:50:07[[V] 1202.11403.VR0012  @]
16:50:07[[T] 0x8007 ]
16:50:07[[L] 0004 ]
16:50:07[[V] 2.03]
16:50:07[[T] 0x8008 ]
16:50:07[[L] 0010 ]
16:50:07[[V] 001.12 160914   ]
16:50:07[[T] 0x8001 ]
16:50:07[[L] 0010 ]
16:50:07[[V] 7200031906045572]
16:50:15[TX <CMD> GIX]
16:50:15[[BLK1] 018:]
16:50:15[[T] 0x0001 ]
16:50:15[[L] 000E ]
16:50:15[[V] 808080808080801]
16:50:15[RX <CMD> GIX <RES> 000]
16:50:15[[BLK1] 113:]
16:50:15[[T] 0x8004 ]
16:50:15[[L] 0006 ]
16:50:15[[V] GERTEC]
16:50:15[[T] 0x8003 ]
16:50:15[[L] 000D ]
16:50:15[[V] PPC-930;192MB]
16:50:15[[T] 0x8005 ]
16:50:15[[L] 000A ]
16:50:15[[V] 1200000000]
16:50:15[[T] 0x8006 ]
16:50:15[[L] 0014 ]
16:50:15[[V] 1202.11403.VR0012  @]
16:50:15[[T] 0x8007 ]
16:50:15[[L] 0004 ]
16:50:15[[V] 2.03]
16:50:15[[T] 0x8008 ]
16:50:15[[L] 0010 ]
16:50:15[[V] 001.12 160914   ]
16:50:15[[T] 0x8001 ]
16:50:15[[L] 0010 ]
16:50:15[[V] 7200031906045572]
16:50:15[TX <CMD> GIX]
16:50:15[[BLK1] 018:]
16:50:15[[T] 0x0001 ]
16:50:15[[L] 000E ]
16:50:15[[V] 808080808080801]
16:50:15[RX <CMD> GIX <RES> 000]
16:50:15[[BLK1] 113:]
16:50:15[[T] 0x8004 ]
16:50:15[[L] 0006 ]
16:50:15[[V] GERTEC]
16:50:15[[T] 0x8003 ]
16:50:15[[L] 000D ]
16:50:15[[V] PPC-930;192MB]
16:50:15[[T] 0x8005 ]
16:50:15[[L] 000A ]
16:50:15[[V] 1200000000]
16:50:15[[T] 0x8006 ]
16:50:15[[L] 0014 ]
16:50:15[[V] 1202.11403.VR0012  @]
16:50:15[[T] 0x8007 ]
16:50:15[[L] 0004 ]
16:50:15[[V] 2.03]
16:50:15[[T] 0x8008 ]
16:50:15[[L] 0010 ]
16:50:15[[V] 001.12 160914   ]
16:50:15[[T] 0x8001 ]
16:50:15[[L] 0010 ]
16:50:15[[V] 7200031906045572]
16:50:39[TX <CMD> GIX]
16:50:39[[BLK1] 018:]
16:50:39[[T] 0x0001 ]
16:50:39[[L] 000E ]
16:50:39[[V] 808080808080801]
16:50:39[RX <CMD> GIX <RES> 000]
16:50:39[[BLK1] 113:]
16:50:39[[T] 0x8004 ]
16:50:39[[L] 0006 ]
16:50:39[[V] GERTEC]
16:50:39[[T] 0x8003 ]
16:50:39[[L] 000D ]
16:50:39[[V] PPC-930;192MB]
16:50:39[[T] 0x8005 ]
16:50:39[[L] 000A ]
16:50:39[[V] 1200000000]
16:50:39[[T] 0x8006 ]
16:50:39[[L] 0014 ]
16:50:39[[V] 1202.11403.VR0012  @]
16:50:39[[T] 0x8007 ]
16:50:39[[L] 0004 ]
16:50:39[[V] 2.03]
16:50:39[[T] 0x8008 ]
16:50:39[[L] 0010 ]
16:50:39[[V] 001.12 160914   ]
16:50:39[[T] 0x8001 ]
16:50:39[[L] 0010 ]
16:50:39[[V] 7200031906045572]
16:51:27[TX]RMC032  TRANSACAO OK                  
16:51:29[RX]RMC000
16:51:29[TX]{18}
16:51:29[RX]{04}
16:51:29[TX]CLO032** Pay&Go Web ** (c) 2019 SETIS 
16:51:30[RX]{16}
16:51:30[RX]CLO000{17}
16:51:42[TX]{18}
16:51:42[RX]{04}
16:51:42[TX]OPN5230256951B2614256D148E586C384E56395183C13CA15CF1F68A4ECE80E7AC1AAE3335AF804C2D5B7627554E421CFBF38FEFB637DBA275AF5FD58497FF3DECDF95F79F9D7EC6D687FFC6DECE983E52D7E64EB5FE126AE3A1D375B40DCB7881D7ECFBA6EC1A08A7437B1DA60CB9119533E794BC38FA4FDDD122218729389003E422110000711CE6C69081788B3BD2AF18D2E7C37A76300AC3FB23E4107DA72FBC718FDB37291F183C20FA97616A41D4D6591D28EE81C5C8EB89B4936309DE912A8F96ED0E075121E2406BBD9EE2C0AC6BF323D1D5001CF2BD9E56B72FD306E341F99B786697E4794C91FE2AD33EE68E689D917313615D985253EFAC2C968FA46FDDB86B30103E9
16:51:42[RX]OPN0005152561DB578E86D603610CCB8229EF497169DE2FD249996F549849616AB193B4DD85BE5A796B289B52D81E638A7DAB05B5CDC4DA8B036B025DEE173437C3843360D61276070A7C0148511BF84FFEF2848C2435A25737DC1A96632EBC511A8F20DD97CCD3D71FFB65720663D757B5096FE40C52A06918A0FEE5740FB2F2A348BD907B606647C44171A1501A7498E568A6B20BD5F5F736214FDF22DFB67585C0FA7544588907ADF53071150477CE1A52C7FF39741B418326FA1973EE7FFA336BE27A8AA0732E90C5FEAF8A19E66B54D9BB4260327951AC3BC2BF55B9178D29EEB29010A5A78BF70275C712FD476577411BFB5CF905B61A5941A69F7D6581BE12323CE2A
16:51:42[TX <CMD> GIX]
16:51:42[[BLK1] 018:]
16:51:42[[T] 0x0001 ]
16:51:42[[L] 000E ]
16:51:42[[V] 808080808080801]
16:51:42[RX <CMD> GIX <RES> 000]
16:51:42[[BLK1] 113:]
16:51:42[[T] 0x8004 ]
16:51:42[[L] 0006 ]
16:51:42[[V] GERTEC]
16:51:42[[T] 0x8003 ]
16:51:42[[L] 000D ]
16:51:42[[V] PPC-930;192MB]
16:51:42[[T] 0x8005 ]
16:51:42[[L] 000A ]
16:51:42[[V] 1200000000]
16:51:42[[T] 0x8006 ]
16:51:42[[L] 0014 ]
16:51:42[[V] 1202.11403.VR0012  @]
16:51:42[[T] 0x8007 ]
16:51:42[[L] 0004 ]
16:51:42[[V] 2.03]
16:51:42[[T] 0x8008 ]
16:51:42[[L] 0010 ]
16:51:42[[V] 001.12 160914   ]
16:51:42[[T] 0x8001 ]
16:51:42[[L] 0010 ]
16:51:42[[V] 7200031906045572]
16:51:42[TX <CMD> GIX]
16:51:42[[BLK1] 018:]
16:51:42[[T] 0x0001 ]
16:51:42[[L] 000E ]
16:51:42[[V] 808080808080801]
16:51:42[RX <CMD> GIX <RES> 000]
16:51:42[[BLK1] 113:]
16:51:42[[T] 0x8004 ]
16:51:42[[L] 0006 ]
16:51:42[[V] GERTEC]
16:51:42[[T] 0x8003 ]
16:51:42[[L] 000D ]
16:51:42[[V] PPC-930;192MB]
16:51:42[[T] 0x8005 ]
16:51:42[[L] 000A ]
16:51:42[[V] 1200000000]
16:51:42[[T] 0x8006 ]
16:51:42[[L] 0014 ]
16:51:42[[V] 1202.11403.VR0012  @]
16:51:42[[T] 0x8007 ]
16:51:42[[L] 0004 ]
16:51:42[[V] 2.03]
16:51:42[[T] 0x8008 ]
16:51:42[[L] 0010 ]
16:51:42[[V] 001.12 160914   ]
16:51:42[[T] 0x8001 ]
16:51:42[[L] 0010 ]
16:51:42[[V] 7200031906045572]
17:21:07[TX]{18}
17:21:07[RX]{04}
17:21:07[TX]CLO032** Pay&Go Web ** (c) 2019 SETIS 
17:21:07[RX]{16}
17:21:07[RX]CLO000{17}
17:24:40[TX]{18}
17:24:40[RX]{04}
17:24:40[TX]OPN5230256951B2614256D148E586C384E56395183C13CA15CF1F68A4ECE80E7AC1AAE3335AF804C2D5B7627554E421CFBF38FEFB637DBA275AF5FD58497FF3DECDF95F79F9D7EC6D687FFC6DECE983E52D7E64EB5FE126AE3A1D375B40DCB7881D7ECFBA6EC1A08A7437B1DA60CB9119533E794BC38FA4FDDD122218729389003E422110000711CE6C69081788B3BD2AF18D2E7C37A76300AC3FB23E4107DA72FBC718FDB37291F183C20FA97616A41D4D6591D28EE81C5C8EB89B4936309DE912A8F96ED0E075121E2406BBD9EE2C0AC6BF323D1D5001CF2BD9E56B72FD306E341F99B786697E4794C91FE2AD33EE68E689D917313615D985253EFAC2C968FA46FDDB86B30103E9
17:24:41[RX]OPN0005152567EC6806645311942748BFDDC17CB184D25B8CBF2B0E4E20767608169C06F21053038669499B12787259809CFEA93F31CFFD9073F56277631CCFF68862EF8F45ABBCD185724123ACFF820639532412F903A8441802F9AF64CCC12363D4AABFAE7FF25C97AFEA423466C94605BE7FE7D0083B392BE00A40FF571E12A846F5E628AB72E7F7CA7B570B02EF1A8C2172BBA075B3BD572A3BFD1131FA34044DF595B5FB8DF6BEA6146900C861427F0429C4CABAA6029E8BA3F06EC7373F6EB84480E9E42F2016C5AAD93B7735BAE137BFBA2F576F9F776B754E7F6381E73A06103D12B735160A04DC0009FEBA049055301EB5AEC0927F62B5E09DA0DB52E28DAADE162
17:24:41[TX]{18}
17:24:41[RX]{04}
17:24:41[TX]CLO032** Pay&Go Web ** (c) 2019 SETIS 
17:24:41[RX]{16}
17:24:41[RX]CLO000{17}
17:24:41[TX]{18}
17:24:41[RX]{04}
17:24:41[TX]OPN5230256951B2614256D148E586C384E56395183C13CA15CF1F68A4ECE80E7AC1AAE3335AF804C2D5B7627554E421CFBF38FEFB637DBA275AF5FD58497FF3DECDF95F79F9D7EC6D687FFC6DECE983E52D7E64EB5FE126AE3A1D375B40DCB7881D7ECFBA6EC1A08A7437B1DA60CB9119533E794BC38FA4FDDD122218729389003E422110000711CE6C69081788B3BD2AF18D2E7C37A76300AC3FB23E4107DA72FBC718FDB37291F183C20FA97616A41D4D6591D28EE81C5C8EB89B4936309DE912A8F96ED0E075121E2406BBD9EE2C0AC6BF323D1D5001CF2BD9E56B72FD306E341F99B786697E4794C91FE2AD33EE68E689D917313615D985253EFAC2C968FA46FDDB86B30103E9
17:24:41[RX]OPN0005152568A2DAC665531830FB2AC49E625D0FF7C90CCAC8ED174EC38ED5BE6CC85901B05E2349A9CA0A7FFB6400BF47D2139FCBFFF148A4572F4B12D20B508B040CCDB8BE3DCB0F7D544130F39C9009E70986D26876CBF2D84F5F57E03ADC6D97C68ABB3C10CFF089748BE9CAA808A4F961339CE7BCA2052C254A78D85388A18068455529A2CDC1FD671057E0F1B4F826DB38B2F82695E269C2D8DE6D7CB8E7642EE1ED3ACA924180626F7F905EB9CE489D04791F13530E0D2915B4035C1CC95ED07AA2ED94A527DA25C6F46BA9B310752BDE7F1EC857D1A1C5302678153EB27CE5B74E819FFD30395AC2FB28B66CA192A37C9F3F7B41C7C6BD391B69F26F1830F94FB8E
17:24:41[TX <CMD> GIX]
17:24:41[[BLK1] 018:]
17:24:41[[T] 0x0001 ]
17:24:41[[L] 000E ]
17:24:41[[V] 808080808080801]
17:24:41[RX <CMD> GIX <RES> 000]
17:24:41[[BLK1] 113:]
17:24:41[[T] 0x8004 ]
17:24:41[[L] 0006 ]
17:24:41[[V] GERTEC]
17:24:41[[T] 0x8003 ]
17:24:41[[L] 000D ]
17:24:41[[V] PPC-930;192MB]
17:24:41[[T] 0x8005 ]
17:24:41[[L] 000A ]
17:24:41[[V] 1200000000]
17:24:41[[T] 0x8006 ]
17:24:41[[L] 0014 ]
17:24:41[[V] 1202.11403.VR0012  @]
17:24:41[[T] 0x8007 ]
17:24:41[[L] 0004 ]
17:24:41[[V] 2.03]
17:24:41[[T] 0x8008 ]
17:24:41[[L] 0010 ]
17:24:41[[V] 001.12 160914   ]
17:24:41[[T] 0x8001 ]
17:24:41[[L] 0010 ]
17:24:41[[V] 7200031906045572]
17:24:54[TX <CMD> GCD]
17:24:54[[BLK1] 021:]
17:24:54[[T] 0x000B ]
17:24:54[[L] 0002 ]
17:24:54[[V] 003]
17:24:54[[T] 0x000D ]
17:24:54[[L] 0001 ]
17:24:54[[V] 01]
17:24:54[[T] 0x000E ]
17:24:54[[L] 0001 ]
17:24:54[[V] 05]
17:24:54[[T] 0x000C ]
17:24:54[[L] 0001 ]
17:24:54[[V] 1E]
17:24:59[RX <CMD> GCD <RES> 000]
17:24:59[[BLK1] 009:]
17:24:59[[T] 0x804D ]
17:24:59[[L] 0005 ]
17:24:59[[V] 12345]
17:24:59[TX]{18}
17:24:59[RX]{04}
17:24:59[TX]CLO032** Pay&Go Web ** (c) 2019 SETIS 
17:24:59[RX]{16}
17:24:59[RX]CLO000{17}
17:25:02[TX]{18}
17:25:02[RX]{04}
17:25:02[TX]OPN5230256951B2614256D148E586C384E56395183C13CA15CF1F68A4ECE80E7AC1AAE3335AF804C2D5B7627554E421CFBF38FEFB637DBA275AF5FD58497FF3DECDF95F79F9D7EC6D687FFC6DECE983E52D7E64EB5FE126AE3A1D375B40DCB7881D7ECFBA6EC1A08A7437B1DA60CB9119533E794BC38FA4FDDD122218729389003E422110000711CE6C69081788B3BD2AF18D2E7C37A76300AC3FB23E4107DA72FBC718FDB37291F183C20FA97616A41D4D6591D28EE81C5C8EB89B4936309DE912A8F96ED0E075121E2406BBD9EE2C0AC6BF323D1D5001CF2BD9E56B72FD306E341F99B786697E4794C91FE2AD33EE68E689D917313615D985253EFAC2C968FA46FDDB86B30103E9
17:25:02[RX]OPN00051525665C5E86EBA7AC785206142BE3C7D2E22485789BE1D368E9CC6B193285F2EA51F2FAE394A09BCB573A59DE43F9546082111BAC90B36AB3E8E438328DD2471AFD84E24EEA41A0914857DE77088A94133F4A3231802301F2CC27CC32B637E5B8B53B7B452244483C91563CDD3912F2C08A6F471C45FCFE1B626C92243CB0D8052A1EDD9B2BB0595CF3B5E4FC5392C5B4CF194219390320A9565CBCD84F53971807D7794DA96E82269D57B12932668D9E1BB39D16B013E03D240DEC8B7FFEE98F67BA226B57B57A672AE6FAE8A6D4A237F0423B3B1E21FA178015FFDD762822DE2846F2900A80F79BA7A13E916D803D9E8C831548F1704EBA3B8BC69AFD448B33090
17:25:02[TX <CMD> GIX]
17:25:02[[BLK1] 018:]
17:25:02[[T] 0x0001 ]
17:25:02[[L] 000E ]
17:25:02[[V] 808080808080801]
17:25:02[RX <CMD> GIX <RES> 000]
17:25:02[[BLK1] 113:]
17:25:02[[T] 0x8004 ]
17:25:02[[L] 0006 ]
17:25:02[[V] GERTEC]
17:25:02[[T] 0x8003 ]
17:25:02[[L] 000D ]
17:25:02[[V] PPC-930;192MB]
17:25:02[[T] 0x8005 ]
17:25:02[[L] 000A ]
17:25:02[[V] 1200000000]
17:25:02[[T] 0x8006 ]
17:25:02[[L] 0014 ]
17:25:02[[V] 1202.11403.VR0012  @]
17:25:02[[T] 0x8007 ]
17:25:02[[L] 0004 ]
17:25:02[[V] 2.03]
17:25:02[[T] 0x8008 ]
17:25:02[[L] 0010 ]
17:25:02[[V] 001.12 160914   ]
17:25:02[[T] 0x8001 ]
17:25:02[[L] 0010 ]
17:25:02[[V] 7200031906045572]
17:37:37[TX]{18}
17:37:37[RX]{04}
17:37:37[TX]CLO032** Pay&Go Web ** (c) 2019 SETIS 
17:37:37[RX]{16}
17:37:37[RX]CLO000{17}
17:37:40[TX]{18}
17:37:40[RX]{04}
17:37:40[TX]OPN5230256951B2614256D148E586C384E56395183C13CA15CF1F68A4ECE80E7AC1AAE3335AF804C2D5B7627554E421CFBF38FEFB637DBA275AF5FD58497FF3DECDF95F79F9D7EC6D687FFC6DECE983E52D7E64EB5FE126AE3A1D375B40DCB7881D7ECFBA6EC1A08A7437B1DA60CB9119533E794BC38FA4FDDD122218729389003E422110000711CE6C69081788B3BD2AF18D2E7C37A76300AC3FB23E4107DA72FBC718FDB37291F183C20FA97616A41D4D6591D28EE81C5C8EB89B4936309DE912A8F96ED0E075121E2406BBD9EE2C0AC6BF323D1D5001CF2BD9E56B72FD306E341F99B786697E4794C91FE2AD33EE68E689D917313615D985253EFAC2C968FA46FDDB86B30103E9
17:37:40[RX]OPN0005152569046FF93AAEB58079AE6E2D9DC2C0D3C9F0B69D616B73494FE354BED0E2708D51476E576126EDEFA9D3F7A850EDF3FAE847B7A099DEAE9018B33A57423EE0974174606C89299BC5F8763124EE91CC5195BC0EC6A3EA877D523C8C849710A4074EBF75F5FCAD1AC2F09481BD2842A263F3D8325842018931ADC8AE8F8092A229708C37197934FC96785F0B2923DF0397636D48DB1C953B2E0444D6A9DB26AB482DBC0B6399988B7F638F121B31390DF2DDD4BA3103614B9452CEE0857772836413713811C976FB35BC30AF7DBABEAA8FF18F3C30F98C73435D4B63F6E2545FD848EA49DBF31B5109A4C9F8BF1FE109B75EB7E6A6794979E419B611F2A79EFB102
17:37:40[TX]{18}
17:37:40[RX]{04}
17:37:40[TX]CLO032** Pay&Go Web ** (c) 2019 SETIS 
17:37:40[RX]{16}
17:37:40[RX]CLO000{17}
