14:03:36[TX]{18}
14:03:36[RX]{04}
14:03:36[TX]OPN5230256951B2614256D148E586C384E56395183C13CA15CF1F68A4ECE80E7AC1AAE3335AF804C2D5B7627554E421CFBF38FEFB637DBA275AF5FD58497FF3DECDF95F79F9D7EC6D687FFC6DECE983E52D7E64EB5FE126AE3A1D375B40DCB7881D7ECFBA6EC1A08A7437B1DA60CB9119533E794BC38FA4FDDD122218729389003E422110000711CE6C69081788B3BD2AF18D2E7C37A76300AC3FB23E4107DA72FBC718FDB37291F183C20FA97616A41D4D6591D28EE81C5C8EB89B4936309DE912A8F96ED0E075121E2406BBD9EE2C0AC6BF323D1D5001CF2BD9E56B72FD306E341F99B786697E4794C91FE2AD33EE68E689D917313615D985253EFAC2C968FA46FDDB86B30103E9
14:03:36[RX]OPN00051525683D897DA6F242CA9E8DA6479BD3618597F2D75F9BEACF461717D86F6ED83B3CFC3B7E968927BBA2F9977D5B9D57AF688DD0880708EF8D9972B2E9D368C28D29F226A43945C1DF361CFAC2AEFE31FA8A1E31ECF92F5F6B99828CC56BEE6E5FA6B71BD6B4E16386A149180AD0B031F507C2FF673534EF3F2BC69713331B1CA323B04D19E4B49BDAD2DD7299C6689F0A19CF137FD569B3A1EF211CCE89D1F73F450978239CFAE12F19D4D4BF732CE5498793338794CAF417BC65B49FA11C0EBFCA510DE475E4620695CD8ED84AF8744AC5D9F3A04E9EBD84928B80727A99568946566B638F1BD0A9CD163FEFC827F8D471D9548F3A5027F482B5A9BD62A88ECE1F6
14:03:36[TX]{18}
14:03:36[RX]{04}
14:03:36[TX]CLO032** Pay&Go Web ** (c) 2019 SETIS 
14:03:37[RX]{16}
14:03:37[RX]CLO000{17}
14:03:37[TX]{18}
14:03:37[RX]{04}
14:03:37[TX]OPN5230256951B2614256D148E586C384E56395183C13CA15CF1F68A4ECE80E7AC1AAE3335AF804C2D5B7627554E421CFBF38FEFB637DBA275AF5FD58497FF3DECDF95F79F9D7EC6D687FFC6DECE983E52D7E64EB5FE126AE3A1D375B40DCB7881D7ECFBA6EC1A08A7437B1DA60CB9119533E794BC38FA4FDDD122218729389003E422110000711CE6C69081788B3BD2AF18D2E7C37A76300AC3FB23E4107DA72FBC718FDB37291F183C20FA97616A41D4D6591D28EE81C5C8EB89B4936309DE912A8F96ED0E075121E2406BBD9EE2C0AC6BF323D1D5001CF2BD9E56B72FD306E341F99B786697E4794C91FE2AD33EE68E689D917313615D985253EFAC2C968FA46FDDB86B30103E9
14:03:37[RX]OPN0005152564C6B7D3E601E5E52B32871463A18ED6354DAA94DA15FF2E03B5B0A908299FE735F5677A73D9DE700642D3A7D33176F6438C1301717151C4E86BB0542C3C97750D955F59DAF4EF8100DF9460164D92169925F17AE01F27E6D7F39F90E8B232C0DF7B138F6E291568A9551E677A7B5F3AF7F347A6F0AA4A6DE97DD23F4F0CA3D518BB4F53268055BE87569BDC95D9565B384B2D2B9D1B1782E7B5033245F7F63572FE4502E09B84FDF4C123169AEBF4069F017744896421EB35E89C7F4A574B8398EEBCC4AAD9D3D5DC6B73897B910E2E7D677281D2726D2DE3037BFAE9CC9A80C0FCB2FCB6F100B0F33ECD1A2797129B1CC0CCFE1EBD182F29A556CAECBCE5FC6
14:03:37[TX <CMD> GIX]
14:03:37[[BLK1] 018:]
14:03:37[[T] 0x0001 ]
14:03:37[[L] 000E ]
14:03:37[[V] 808080808080801]
14:03:37[RX <CMD> GIX <RES> 000]
14:03:37[[BLK1] 113:]
14:03:37[[T] 0x8004 ]
14:03:37[[L] 0006 ]
14:03:37[[V] GERTEC]
14:03:37[[T] 0x8003 ]
14:03:37[[L] 000D ]
14:03:37[[V] PPC-930;192MB]
14:03:37[[T] 0x8005 ]
14:03:37[[L] 000A ]
14:03:37[[V] 1200000000]
14:03:37[[T] 0x8006 ]
14:03:37[[L] 0014 ]
14:03:37[[V] 1202.11403.VR0012  @]
14:03:37[[T] 0x8007 ]
14:03:37[[L] 0004 ]
14:03:37[[V] 2.03]
14:03:37[[T] 0x8008 ]
14:03:37[[L] 0010 ]
14:03:37[[V] 001.12 160914   ]
14:03:37[[T] 0x8001 ]
14:03:37[[L] 0010 ]
14:03:37[[V] 7200031906045572]
14:04:00[TX <CMD> GIX]
14:04:00[[BLK1] 018:]
14:04:00[[T] 0x0001 ]
14:04:00[[L] 000E ]
14:04:00[[V] 808080808080801]
14:04:00[RX <CMD> GIX <RES> 000]
14:04:00[[BLK1] 113:]
14:04:00[[T] 0x8004 ]
14:04:00[[L] 0006 ]
14:04:00[[V] GERTEC]
14:04:00[[T] 0x8003 ]
14:04:00[[L] 000D ]
14:04:00[[V] PPC-930;192MB]
14:04:00[[T] 0x8005 ]
14:04:00[[L] 000A ]
14:04:00[[V] 1200000000]
14:04:00[[T] 0x8006 ]
14:04:00[[L] 0014 ]
14:04:00[[V] 1202.11403.VR0012  @]
14:04:00[[T] 0x8007 ]
14:04:00[[L] 0004 ]
14:04:00[[V] 2.03]
14:04:00[[T] 0x8008 ]
14:04:00[[L] 0010 ]
14:04:00[[V] 001.12 160914   ]
14:04:00[[T] 0x8001 ]
14:04:00[[L] 0010 ]
14:04:00[[V] 7200031906045572]
14:04:15[TX <CMD> GIX]
14:04:15[[BLK1] 006:]
14:04:15[[T] 0x0001 ]
14:04:15[[L] 0002 ]
14:04:15[[V] 907]
14:04:15[RX <CMD> GIX <RES> 000]
14:04:15[[BLK1] 014:]
14:04:15[[T] 0x9307 ]
14:04:15[[L] 000A ]
14:04:15[[V] 8B66F0FE50]
14:04:15[TX <CMD> GCX]
14:04:15[[BLK1] 063:]
14:04:15[[T] 0x0010 ]
14:04:15[[L] 0002 ]
14:04:15[[V] 07]
14:04:15[[T] 0x0011 ]
14:04:15[[L] 0002 ]
14:04:15[[V] 02]
14:04:15[[T] 0x0013 ]
14:04:15[[L] 000C ]
14:04:15[[V] 000000000000]
14:04:15[[T] 0x0015 ]
14:04:15[[L] 0006 ]
14:04:15[[V] 191101]
14:04:15[[T] 0x0016 ]
14:04:15[[L] 0006 ]
14:04:15[[V] 140415]
14:04:15[[T] 0x0017 ]
14:04:15[[L] 0005 ]
14:04:15[[V] 10000]
14:04:15[[T] 0x0004 ]
14:04:15[[L] 0002 ]
14:04:15[[V] 530]
14:04:26[RX]NTM000032SELECIONADO:    DEBITO          
14:04:28[RX <CMD> GCX <RES> 000]
14:04:28[[BLK1] 129:]
14:04:28[[T] 0x804F ]
14:04:28[[L] 0002 ]
14:04:28[[V] 03]
14:04:28[[T] 0x8051 ]
14:04:28[[L] 0006 ]
14:04:28[[V] 070202]
14:04:28[[T] 0x8052 ]
14:04:28[[L] 0010 ]
14:04:28[[V] ****************]
14:04:28[[T] 0x8042 ]
14:04:28[[L] 0018 ]
14:04:28[[V] ************************]
14:04:28[[T] 0x8053 ]
14:04:28[[L] 0002 ]
14:04:28[[V] 00]
14:04:28[[T] 0x8055 ]
14:04:28[[L] 0013 ]
14:04:28[[V] CARLOS ALBERTO LIVI]
14:04:28[[T] 0x805B ]
14:04:28[[L] 0006 ]
14:04:28[[V] DEBITO]
14:04:28[[T] 0x805C ]
14:04:28[[L] 0003 ]
14:04:28[[V] 076]
14:04:28[[T] 0x805D ]
14:04:28[[L] 0006 ]
14:04:28[[V] 150630]
14:04:28[[T] 0x8054 ]
14:04:28[[L] 0005 ]
14:04:28[[V] 530006]
14:04:28[TX <CMD> GTK]
14:04:28[[BLK1] 008:]
14:04:28[[T] 0x0007 ]
14:04:28[[L] 0004 ]
14:04:28[[V] 1010]
14:04:28[RX <CMD> GTK <RES> 000]
14:04:28[[BLK1] 035:]
14:04:28[[T] 0x804A ]
14:04:28[[L] 0008 ]
14:04:28[[V] ********]
14:04:28[[T] 0x8045 ]
14:04:28[[L] 0013 ]
14:04:28[[V] *******************]
14:04:29[TX]DSP032 PROCESSANDO...                 
14:04:29[RX]DSP000
14:04:29[TX]DSP032 PROCESSANDO...                 
14:04:30[RX]DSP000
14:04:39[TX <CMD> GOX]
14:04:39[[BLK1] 115:]
14:04:39[[T] 0x0010 ]
14:04:39[[L] 0002 ]
14:04:39[[V] 07]
14:04:39[[T] 0x0013 ]
14:04:39[[L] 000C ]
14:04:39[[V] 000000001200]
14:04:39[[T] 0x0018 ]
14:04:39[[L] 0005 ]
14:04:39[[V] 01000]
14:04:39[[T] 0x0002 ]
14:04:39[[L] 0001 ]
14:04:39[[V] 3]
14:04:39[[T] 0x0009 ]
14:04:39[[L] 0002 ]
14:04:39[[V] 08]
14:04:39[[T] 0x000C ]
14:04:39[[L] 0001 ]
14:04:39[[V] 30]
14:04:39[[T] 0x001A ]
14:04:39[[L] 000A ]
14:04:39[[V] 00000000020]
14:04:39[[T] 0x0004 ]
14:04:39[[L] 0032 ]
14:04:39[[V] 488999090919192929393990525293919352939499191535917]
14:04:39[RX]NTM000032SOLICITE A SENHA                
14:04:46[RX <CMD> GOX <RES> 000]
14:04:46[[BLK1] 210:]
14:04:46[[T] 0x8056 ]
14:04:46[[L] 0006 ]
14:04:46[[V] 202000]
14:04:46[[T] 0x8057 ]
14:04:46[[L] 0008 ]
14:04:46[[V] D2830E4E4]
14:04:46[[T] 0x804C ]
14:04:46[[L] 000A ]
14:04:46[[V] FF0091F0006]
14:04:46[[T] 0x8054 ]
14:04:46[[L] 00AA ]
14:04:46[[V] 80A00002180509044080900900000000900A0000219100000AB0910079204118C3D29208930039307055901109000000105200852010393000091000930EFC52007930290E09104444549100530050545444445544E]
14:04:49[TX]DSP032 PROCESSANDO...                 
14:04:49[RX]DSP000
14:05:12[TX <CMD> FCX]
14:05:12[[BLK1] 066:]
14:05:12[[T] 0x0019 ]
14:05:12[[L] 0004 ]
14:05:12[[V] 0000]
14:05:12[[T] 0x001C ]
14:05:12[[L] 0002 ]
14:05:12[[V] 00]
14:05:12[[T] 0x0004 ]
14:05:12[[L] 0030 ]
14:05:12[[V] 4889990909191929293939905252939193529394991915350]
14:05:12[RX <CMD> FCX <RES> 000]
14:05:12[[BLK1] 181:]
14:05:12[[T] 0x8058 ]
14:05:12[[L] 0003 ]
14:05:12[[V] 000]
14:05:12[[T] 0x8054 ]
14:05:12[[L] 00AA ]
14:05:12[[V] 80A00002180509044080900900000000900A00002191000006B0910079209B8A15729204930039307055901109000000105200852010393000091000930EFC52007930290E09104444549100530050545444445544E]
14:05:30[TX]RMC032  TRANSACAO OK                  
14:05:38[RX]RMC000
14:05:42[TX <CMD> GIX]
14:05:42[[BLK1] 018:]
14:05:42[[T] 0x0001 ]
14:05:42[[L] 000E ]
14:05:42[[V] 808080808080801]
14:05:42[RX <CMD> GIX <RES> 000]
14:05:42[[BLK1] 113:]
14:05:42[[T] 0x8004 ]
14:05:42[[L] 0006 ]
14:05:42[[V] GERTEC]
14:05:42[[T] 0x8003 ]
14:05:42[[L] 000D ]
14:05:42[[V] PPC-930;192MB]
14:05:42[[T] 0x8005 ]
14:05:42[[L] 000A ]
14:05:42[[V] 1200000000]
14:05:42[[T] 0x8006 ]
14:05:42[[L] 0014 ]
14:05:42[[V] 1202.11403.VR0012  @]
14:05:42[[T] 0x8007 ]
14:05:42[[L] 0004 ]
14:05:42[[V] 2.03]
14:05:42[[T] 0x8008 ]
14:05:42[[L] 0010 ]
14:05:42[[V] 001.12 160914   ]
14:05:42[[T] 0x8001 ]
14:05:42[[L] 0010 ]
14:05:42[[V] 7200031906045572]
14:05:58[TX <CMD> GIX]
14:05:58[[BLK1] 018:]
14:05:58[[T] 0x0001 ]
14:05:58[[L] 000E ]
14:05:58[[V] 808080808080801]
14:05:58[RX <CMD> GIX <RES> 000]
14:05:58[[BLK1] 113:]
14:05:58[[T] 0x8004 ]
14:05:58[[L] 0006 ]
14:05:58[[V] GERTEC]
14:05:58[[T] 0x8003 ]
14:05:58[[L] 000D ]
14:05:58[[V] PPC-930;192MB]
14:05:58[[T] 0x8005 ]
14:05:58[[L] 000A ]
14:05:58[[V] 1200000000]
14:05:58[[T] 0x8006 ]
14:05:58[[L] 0014 ]
14:05:58[[V] 1202.11403.VR0012  @]
14:05:58[[T] 0x8007 ]
14:05:58[[L] 0004 ]
14:05:58[[V] 2.03]
14:05:58[[T] 0x8008 ]
14:05:58[[L] 0010 ]
14:05:58[[V] 001.12 160914   ]
14:05:58[[T] 0x8001 ]
14:05:58[[L] 0010 ]
14:05:58[[V] 7200031906045572]
14:06:06[TX]{18}
14:06:06[RX]{04}
14:06:06[TX]CLO032** Pay&Go Web ** (c) 2019 SETIS 
14:06:07[RX]{16}
14:06:07[RX]CLO000{17}
14:07:13[TX]{18}
14:07:13[RX]{04}
14:07:13[TX]OPN5230256951B2614256D148E586C384E56395183C13CA15CF1F68A4ECE80E7AC1AAE3335AF804C2D5B7627554E421CFBF38FEFB637DBA275AF5FD58497FF3DECDF95F79F9D7EC6D687FFC6DECE983E52D7E64EB5FE126AE3A1D375B40DCB7881D7ECFBA6EC1A08A7437B1DA60CB9119533E794BC38FA4FDDD122218729389003E422110000711CE6C69081788B3BD2AF18D2E7C37A76300AC3FB23E4107DA72FBC718FDB37291F183C20FA97616A41D4D6591D28EE81C5C8EB89B4936309DE912A8F96ED0E075121E2406BBD9EE2C0AC6BF323D1D5001CF2BD9E56B72FD306E341F99B786697E4794C91FE2AD33EE68E689D917313615D985253EFAC2C968FA46FDDB86B30103E9
14:07:13[RX]OPN0005152563DAEA0EF220CA495258B0C03B73CC7539D5D5A05A0C4357090CB8BFE7D5DD8EACB9F193D46697CA04AFA21B8F4B1A84C01AF43C4DD171C2F8DA70D21E8CAE08C3908611F05C2E01B044C59251D0170C0D35D225236521146056F3E8C97829FD46C167C85A319C29824A8B6F42CCAC2C0DB08EFA73D08034737BFE413D0FD1E767A7839749CDFE7001169FD3BA97A18CBB81DC8AAF0ED94E6F602EEBFEA132E74D692DD2A9022911861BAEE9B905BE9D751AF52DE707354D594B2DA9CA50D433156F8E6D360FD679211248D1F9BDED2E2FBB4C9FA2889495F0F8B9ED161EB40BF9D89E68F801880F1613806A22C30CDA574D6DC715EB996EDE93CA94E9CD2A185
14:07:13[TX <CMD> GIX]
14:07:13[[BLK1] 018:]
14:07:13[[T] 0x0001 ]
14:07:13[[L] 000E ]
14:07:13[[V] 808080808080801]
14:07:13[RX <CMD> GIX <RES> 000]
14:07:13[[BLK1] 113:]
14:07:13[[T] 0x8004 ]
14:07:13[[L] 0006 ]
14:07:13[[V] GERTEC]
14:07:13[[T] 0x8003 ]
14:07:13[[L] 000D ]
14:07:13[[V] PPC-930;192MB]
14:07:13[[T] 0x8005 ]
14:07:13[[L] 000A ]
14:07:13[[V] 1200000000]
14:07:13[[T] 0x8006 ]
14:07:13[[L] 0014 ]
14:07:13[[V] 1202.11403.VR0012  @]
14:07:13[[T] 0x8007 ]
14:07:13[[L] 0004 ]
14:07:13[[V] 2.03]
14:07:13[[T] 0x8008 ]
14:07:13[[L] 0010 ]
14:07:13[[V] 001.12 160914   ]
14:07:13[[T] 0x8001 ]
14:07:13[[L] 0010 ]
14:07:13[[V] 7200031906045572]
14:07:31[TX]RMC032  TRANSACAO OK                  
14:07:33[RX]RMC000
14:07:33[TX]{18}
14:07:33[RX]{04}
14:07:33[TX]CLO032** Pay&Go Web ** (c) 2019 SETIS 
14:07:33[RX]{16}
14:07:33[RX]CLO000{17}
14:07:36[TX]{18}
14:07:36[RX]{04}
14:07:36[TX]OPN5230256951B2614256D148E586C384E56395183C13CA15CF1F68A4ECE80E7AC1AAE3335AF804C2D5B7627554E421CFBF38FEFB637DBA275AF5FD58497FF3DECDF95F79F9D7EC6D687FFC6DECE983E52D7E64EB5FE126AE3A1D375B40DCB7881D7ECFBA6EC1A08A7437B1DA60CB9119533E794BC38FA4FDDD122218729389003E422110000711CE6C69081788B3BD2AF18D2E7C37A76300AC3FB23E4107DA72FBC718FDB37291F183C20FA97616A41D4D6591D28EE81C5C8EB89B4936309DE912A8F96ED0E075121E2406BBD9EE2C0AC6BF323D1D5001CF2BD9E56B72FD306E341F99B786697E4794C91FE2AD33EE68E689D917313615D985253EFAC2C968FA46FDDB86B30103E9
14:07:37[RX]OPN0005152566C228F17D890092361F0B00A00EAA3863F7F9E31BAEFAC45F98C7031B3CB479503C2129ABAE5291B99E8E560089E70F4D50388458333086FFF3F16C5222658A56A718ECA70AA938AF4DDB6B8D2F039979B1BFD19B7E3B0978C5B46C67A7C2B3624A854BD0D5A229301A4A3F3E8557C3E7AE1057FA1D5A62CDF2EB77CA57282FD9A57655B0793EA0626DF6DCF32CA9B64A853322E1833012AC67851638689E5271D500AD2CE7DCAC163447FB83C73958F61E05B16E132E6D255141854705E282B6155541C94B7AA305E8D35D7BCC48ED2C693773B399E70A8297F36E42A02AA1E474DA8A6543DA4031A705CFC3D8BD41FE5B5B5D790D29FEE148430CBA3D4D483
14:07:37[TX <CMD> GIX]
14:07:37[[BLK1] 018:]
14:07:37[[T] 0x0001 ]
14:07:37[[L] 000E ]
14:07:37[[V] 808080808080801]
14:07:37[RX <CMD> GIX <RES> 000]
14:07:37[[BLK1] 113:]
14:07:37[[T] 0x8004 ]
14:07:37[[L] 0006 ]
14:07:37[[V] GERTEC]
14:07:37[[T] 0x8003 ]
14:07:37[[L] 000D ]
14:07:37[[V] PPC-930;192MB]
14:07:37[[T] 0x8005 ]
14:07:37[[L] 000A ]
14:07:37[[V] 1200000000]
14:07:37[[T] 0x8006 ]
14:07:37[[L] 0014 ]
14:07:37[[V] 1202.11403.VR0012  @]
14:07:37[[T] 0x8007 ]
14:07:37[[L] 0004 ]
14:07:37[[V] 2.03]
14:07:37[[T] 0x8008 ]
14:07:37[[L] 0010 ]
14:07:37[[V] 001.12 160914   ]
14:07:37[[T] 0x8001 ]
14:07:37[[L] 0010 ]
14:07:37[[V] 7200031906045572]
14:08:17[TX]{18}
14:08:17[RX]{04}
14:08:17[TX]CLO032** Pay&Go Web ** (c) 2019 SETIS 
14:08:17[RX]{16}
14:08:17[RX]CLO000{17}
