17:57:50[TX]{18}
17:57:50[RX]{04}
17:57:50[TX]OPN5230256951B2614256D148E586C384E56395183C13CA15CF1F68A4ECE80E7AC1AAE3335AF804C2D5B7627554E421CFBF38FEFB637DBA275AF5FD58497FF3DECDF95F79F9D7EC6D687FFC6DECE983E52D7E64EB5FE126AE3A1D375B40DCB7881D7ECFBA6EC1A08A7437B1DA60CB9119533E794BC38FA4FDDD122218729389003E422110000711CE6C69081788B3BD2AF18D2E7C37A76300AC3FB23E4107DA72FBC718FDB37291F183C20FA97616A41D4D6591D28EE81C5C8EB89B4936309DE912A8F96ED0E075121E2406BBD9EE2C0AC6BF323D1D5001CF2BD9E56B72FD306E341F99B786697E4794C91FE2AD33EE68E689D917313615D985253EFAC2C968FA46FDDB86B30103E9
17:57:51[RX]OPN0005152564AE255F8B178782BCD1CD7A2BCB86D8C75C631CDC01909F279AE94A2D2B175A494AC53FF89A3B88FB02F5A59399232CC20ADFDD0E4E78BF0B39240DD95A6CE05C22AF6535E3ED96DD0C351443B05D72E0D0CD6B40B6ACD639D2F0A9D75F3DCAC128FAB77949CE47170E4AA4731699F984ACC723984B6E84879E45491A4153FC12F7BA43605D9EC5E76C4835F30C3CB96C0AF430760DB6BE23D25AA1221B67758E927F63064F581CAF1EF9D53604D9F7E7ABBC96F34595CF3D6F5870C9AF9174AD6A83AF52F43F3A6ABC8A6DEB65F2C7B1FE7F409E673174DAF4F318080D94B053D3C545477DCA92F6EFAA4E9BCEBAF71CF1FAD8F78E74043EE01442690661281
17:57:51[TX <CMD> GIX]
17:57:51[[BLK1] 008:]
17:57:51[[T] 0x0001 ]
17:57:51[[L] 0004 ]
17:57:51[[V] 80807]
17:57:51[RX <CMD> GIX <RES> 000]
17:57:51[[BLK1] 028:]
17:57:51[[T] 0x8009 ]
17:57:51[[L] 0010 ]
17:57:51[[V] 001.12 160914   ]
17:57:51[[T] 0x8007 ]
17:57:51[[L] 0004 ]
17:57:51[[V] 2.03]
17:57:51[TX <CMD> GIX]
17:57:51[[BLK1] 010:]
17:57:51[[T] 0x0001 ]
17:57:51[[L] 0006 ]
17:57:51[[V] 8180807]
17:57:51[RX <CMD> GIX <RES> 000]
17:57:51[[BLK1] 036:]
17:57:51[[T] 0x8010 ]
17:57:51[[L] 0004 ]
17:57:51[[V] 1.15]
17:57:51[[T] 0x8009 ]
17:57:51[[L] 0010 ]
17:57:51[[V] 001.12 160914   ]
17:57:51[[T] 0x8007 ]
17:57:51[[L] 0004 ]
17:57:51[[V] 2.03]
17:57:51[TX <CMD> GIX]
17:57:51[[BLK1] 018:]
17:57:51[[T] 0x0001 ]
17:57:51[[L] 000E ]
17:57:51[[V] 818181818080835]
17:57:51[RX <CMD> GIX <RES> 000]
17:57:51[[BLK1] 166:]
17:57:51[[T] 0x8010 ]
17:57:51[[L] 0004 ]
17:57:51[[V] 1.15]
17:57:51[[T] 0x8011 ]
17:57:51[[L] 0004 ]
17:57:51[[V] 0010]
17:57:51[[T] 0x8012 ]
17:57:51[[L] 0005 ]
17:57:51[[V] 3.0.0]
17:57:51[[T] 0x8013 ]
17:57:51[[L] 0005 ]
17:57:51[[V] 1.0.0]
17:57:51[[T] 0x8009 ]
17:57:51[[L] 0010 ]
17:57:51[[V] 001.12 160914   ]
17:57:51[[T] 0x8007 ]
17:57:51[[L] 0004 ]
17:57:51[[V] 2.03]
17:57:51[[T] 0x8035 ]
17:57:51[[L] 0064 ]
17:57:51[[V] 0111000010100010111111110000000000000000000000000000000000000000000000000000000000000000000000000000]
17:57:51[TX <CMD> GIX]
17:57:51[[BLK1] 008:]
17:57:51[[T] 0x0001 ]
17:57:51[[L] 0004 ]
17:57:51[[V] 80807]
17:57:51[RX <CMD> GIX <RES> 000]
17:57:51[[BLK1] 028:]
17:57:51[[T] 0x8009 ]
17:57:51[[L] 0010 ]
17:57:51[[V] 001.12 160914   ]
17:57:51[[T] 0x8007 ]
17:57:51[[L] 0004 ]
17:57:51[[V] 2.03]
17:57:51[TX <CMD> GIX]
17:57:51[[BLK1] 008:]
17:57:51[[T] 0x0001 ]
17:57:51[[L] 0004 ]
17:57:51[[V] 80807]
17:57:51[RX <CMD> GIX <RES> 000]
17:57:51[[BLK1] 028:]
17:57:51[[T] 0x8009 ]
17:57:51[[L] 0010 ]
17:57:51[[V] 001.12 160914   ]
17:57:51[[T] 0x8007 ]
17:57:51[[L] 0004 ]
17:57:51[[V] 2.03]
17:57:51[TX <CMD> GIX]
17:57:51[[BLK1] 008:]
17:57:51[[T] 0x0001 ]
17:57:51[[L] 0004 ]
17:57:51[[V] 80807]
17:57:51[RX <CMD> GIX <RES> 000]
17:57:51[[BLK1] 028:]
17:57:51[[T] 0x8009 ]
17:57:51[[L] 0010 ]
17:57:51[[V] 001.12 160914   ]
17:57:51[[T] 0x8007 ]
17:57:51[[L] 0004 ]
17:57:51[[V] 2.03]
17:57:51[TX <CMD> GIX]
17:57:51[[BLK1] 008:]
17:57:51[[T] 0x0001 ]
17:57:51[[L] 0004 ]
17:57:51[[V] 80807]
17:57:51[RX <CMD> GIX <RES> 000]
17:57:51[[BLK1] 028:]
17:57:51[[T] 0x8009 ]
17:57:51[[L] 0010 ]
17:57:51[[V] 001.12 160914   ]
17:57:51[[T] 0x8007 ]
17:57:51[[L] 0004 ]
17:57:51[[V] 2.03]
17:57:51[TX <CMD> GIX]
17:57:51[[BLK1] 008:]
17:57:51[[T] 0x0001 ]
17:57:51[[L] 0004 ]
17:57:51[[V] 80807]
17:57:51[RX <CMD> GIX <RES> 000]
17:57:51[[BLK1] 028:]
17:57:51[[T] 0x8009 ]
17:57:51[[L] 0010 ]
17:57:51[[V] 001.12 160914   ]
17:57:51[[T] 0x8007 ]
17:57:51[[L] 0004 ]
17:57:51[[V] 2.03]
17:57:51[TX <CMD> GIX]
17:57:51[[BLK1] 008:]
17:57:51[[T] 0x0001 ]
17:57:51[[L] 0004 ]
17:57:51[[V] 80807]
17:57:51[RX <CMD> GIX <RES> 000]
17:57:51[[BLK1] 028:]
17:57:51[[T] 0x8009 ]
17:57:51[[L] 0010 ]
17:57:51[[V] 001.12 160914   ]
17:57:51[[T] 0x8007 ]
17:57:51[[L] 0004 ]
17:57:51[[V] 2.03]
17:57:51[TX <CMD> GIX]
17:57:51[[BLK1] 006:]
17:57:51[[T] 0x0001 ]
17:57:51[[L] 0002 ]
17:57:51[[V] 900]
17:57:52[RX <CMD> GIX <RES> 000]
17:57:52[**erro[35] PPS_iAbecsGetTag 9000]
17:57:52[TX <CMD> GIX]
17:57:52[[BLK1] 006:]
17:57:52[[T] 0x0001 ]
17:57:52[[L] 0002 ]
17:57:52[[V] 901]
17:57:52[RX <CMD> GIX <RES> 000]
17:57:52[**erro[35] PPS_iAbecsGetTag 9001]
17:57:52[TX <CMD> GIX]
17:57:52[[BLK1] 006:]
17:57:52[[T] 0x0001 ]
17:57:52[[L] 0002 ]
17:57:52[[V] 902]
17:57:52[RX <CMD> GIX <RES> 000]
17:57:52[**erro[35] PPS_iAbecsGetTag 9002]
17:57:52[TX <CMD> GIX]
17:57:52[[BLK1] 006:]
17:57:52[[T] 0x0001 ]
17:57:52[[L] 0002 ]
17:57:52[[V] 903]
17:57:52[RX <CMD> GIX <RES> 000]
17:57:52[**erro[35] PPS_iAbecsGetTag 9003]
17:57:52[TX <CMD> GIX]
17:57:52[[BLK1] 006:]
17:57:52[[T] 0x0001 ]
17:57:52[[L] 0002 ]
17:57:52[[V] 904]
17:57:52[RX <CMD> GIX <RES> 000]
17:57:52[**erro[35] PPS_iAbecsGetTag 9004]
17:57:52[TX <CMD> GIX]
17:57:52[[BLK1] 006:]
17:57:52[[T] 0x0001 ]
17:57:52[[L] 0002 ]
17:57:52[[V] 905]
17:57:52[RX <CMD> GIX <RES> 000]
17:57:52[**erro[35] PPS_iAbecsGetTag 9005]
17:57:52[TX <CMD> GIX]
17:57:52[[BLK1] 006:]
17:57:52[[T] 0x0001 ]
17:57:52[[L] 0002 ]
17:57:52[[V] 906]
17:57:52[RX <CMD> GIX <RES> 000]
17:57:52[**erro[35] PPS_iAbecsGetTag 9006]
17:57:52[TX <CMD> GIX]
17:57:52[[BLK1] 006:]
17:57:52[[T] 0x0001 ]
17:57:52[[L] 0002 ]
17:57:52[[V] 907]
17:57:52[RX <CMD> GIX <RES> 000]
17:57:52[**erro[35] PPS_iAbecsGetTag 9007]
17:57:52[TX <CMD> GIX]
17:57:52[[BLK1] 006:]
17:57:52[[T] 0x0001 ]
17:57:52[[L] 0002 ]
17:57:52[[V] 908]
17:57:52[RX <CMD> GIX <RES> 000]
17:57:52[**erro[35] PPS_iAbecsGetTag 9008]
17:57:52[TX <CMD> GIX]
17:57:52[[BLK1] 006:]
17:57:52[[T] 0x0001 ]
17:57:52[[L] 0002 ]
17:57:52[[V] 909]
17:57:52[RX <CMD> GIX <RES> 000]
17:57:52[**erro[35] PPS_iAbecsGetTag 9009]
17:57:52[TX <CMD> GIX]
17:57:52[[BLK1] 006:]
17:57:52[[T] 0x0001 ]
17:57:52[[L] 0002 ]
17:57:52[[V] 90A]
17:57:52[RX <CMD> GIX <RES> 000]
17:57:52[**erro[35] PPS_iAbecsGetTag 900A]
17:57:52[TX <CMD> GIX]
17:57:52[[BLK1] 006:]
17:57:52[[T] 0x0001 ]
17:57:52[[L] 0002 ]
17:57:52[[V] 90B]
17:57:52[RX <CMD> GIX <RES> 000]
17:57:52[**erro[35] PPS_iAbecsGetTag 900B]
17:57:52[TX <CMD> GIX]
17:57:52[[BLK1] 006:]
17:57:52[[T] 0x0001 ]
17:57:52[[L] 0002 ]
17:57:52[[V] 90C]
17:57:52[RX <CMD> GIX <RES> 000]
17:57:52[**erro[35] PPS_iAbecsGetTag 900C]
17:57:52[TX <CMD> GIX]
17:57:52[[BLK1] 006:]
17:57:52[[T] 0x0001 ]
17:57:52[[L] 0002 ]
17:57:52[[V] 90D]
17:57:53[RX <CMD> GIX <RES> 000]
17:57:53[**erro[35] PPS_iAbecsGetTag 900D]
17:57:53[TX <CMD> GIX]
17:57:53[[BLK1] 006:]
17:57:53[[T] 0x0001 ]
17:57:53[[L] 0002 ]
17:57:53[[V] 90E]
17:57:53[RX <CMD> GIX <RES> 000]
17:57:53[**erro[35] PPS_iAbecsGetTag 900E]
17:57:53[TX <CMD> GIX]
17:57:53[[BLK1] 006:]
17:57:53[[T] 0x0001 ]
17:57:53[[L] 0002 ]
17:57:53[[V] 90F]
17:57:53[RX <CMD> GIX <RES> 000]
17:57:53[**erro[35] PPS_iAbecsGetTag 900F]
17:57:53[TX <CMD> GIX]
17:57:53[[BLK1] 006:]
17:57:53[[T] 0x0001 ]
17:57:53[[L] 0002 ]
17:57:53[[V] 910]
17:57:53[RX <CMD> GIX <RES> 000]
17:57:53[**erro[35] PPS_iAbecsGetTag 9010]
17:57:53[TX <CMD> GIX]
17:57:53[[BLK1] 006:]
17:57:53[[T] 0x0001 ]
17:57:53[[L] 0002 ]
17:57:53[[V] 911]
17:57:53[RX <CMD> GIX <RES> 000]
17:57:53[**erro[35] PPS_iAbecsGetTag 9011]
17:57:53[TX <CMD> GIX]
17:57:53[[BLK1] 006:]
17:57:53[[T] 0x0001 ]
17:57:53[[L] 0002 ]
17:57:53[[V] 912]
17:57:53[RX <CMD> GIX <RES> 000]
17:57:53[**erro[35] PPS_iAbecsGetTag 9012]
17:57:53[TX <CMD> GIX]
17:57:53[[BLK1] 006:]
17:57:53[[T] 0x0001 ]
17:57:53[[L] 0002 ]
17:57:53[[V] 913]
17:57:53[RX <CMD> GIX <RES> 000]
17:57:53[**erro[35] PPS_iAbecsGetTag 9013]
17:57:53[TX <CMD> GIX]
17:57:53[[BLK1] 006:]
17:57:53[[T] 0x0001 ]
17:57:53[[L] 0002 ]
17:57:53[[V] 914]
17:57:53[RX <CMD> GIX <RES> 000]
17:57:53[**erro[35] PPS_iAbecsGetTag 9014]
17:57:53[TX <CMD> GIX]
17:57:53[[BLK1] 006:]
17:57:53[[T] 0x0001 ]
17:57:53[[L] 0002 ]
17:57:53[[V] 900]
17:57:53[RX <CMD> GIX <RES> 000]
17:57:53[**erro[35] PPS_iAbecsGetTag 9100]
17:57:53[TX <CMD> GIX]
17:57:53[[BLK1] 006:]
17:57:53[[T] 0x0001 ]
17:57:53[[L] 0002 ]
17:57:53[[V] 901]
17:57:53[RX <CMD> GIX <RES> 000]
17:57:53[[BLK1] 014:]
17:57:53[[T] 0x9101 ]
17:57:53[[L] 000A ]
17:57:53[[V] FFF8140A001]
17:57:53[TX <CMD> GIX]
17:57:53[[BLK1] 006:]
17:57:53[[T] 0x0001 ]
17:57:53[[L] 0002 ]
17:57:53[[V] 902]
17:57:53[RX <CMD> GIX <RES> 000]
17:57:53[[BLK1] 014:]
17:57:53[[T] 0x9102 ]
17:57:53[[L] 000A ]
17:57:53[[V] FFF0156E003]
17:57:53[TX <CMD> GIX]
17:57:53[[BLK1] 006:]
17:57:53[[T] 0x0001 ]
17:57:53[[L] 0002 ]
17:57:53[[V] 903]
17:57:53[RX <CMD> GIX <RES> 000]
17:57:53[[BLK1] 014:]
17:57:53[[T] 0x9103 ]
17:57:53[[L] 000A ]
17:57:53[[V] FFF00108001]
17:57:53[TX <CMD> GIX]
17:57:53[[BLK1] 006:]
17:57:53[[T] 0x0001 ]
17:57:53[[L] 0002 ]
17:57:53[[V] 904]
17:57:54[RX <CMD> GIX <RES> 000]
17:57:54[**erro[35] PPS_iAbecsGetTag 9104]
17:57:54[TX <CMD> GIX]
17:57:54[[BLK1] 006:]
17:57:54[[T] 0x0001 ]
17:57:54[[L] 0002 ]
17:57:54[[V] 905]
17:57:54[RX <CMD> GIX <RES> 000]
17:57:54[**erro[35] PPS_iAbecsGetTag 9105]
17:57:54[TX <CMD> GIX]
17:57:54[[BLK1] 006:]
17:57:54[[T] 0x0001 ]
17:57:54[[L] 0002 ]
17:57:54[[V] 906]
17:57:54[RX <CMD> GIX <RES> 000]
17:57:54[**erro[35] PPS_iAbecsGetTag 9106]
17:57:54[TX <CMD> GIX]
17:57:54[[BLK1] 006:]
17:57:54[[T] 0x0001 ]
17:57:54[[L] 0002 ]
17:57:54[[V] 907]
17:57:54[RX <CMD> GIX <RES> 000]
17:57:54[**erro[35] PPS_iAbecsGetTag 9107]
17:57:54[TX <CMD> GIX]
17:57:54[[BLK1] 006:]
17:57:54[[T] 0x0001 ]
17:57:54[[L] 0002 ]
17:57:54[[V] 908]
17:57:54[RX <CMD> GIX <RES> 000]
17:57:54[[BLK1] 014:]
17:57:54[[T] 0x9108 ]
17:57:54[[L] 000A ]
17:57:54[[V] FF0091F0005]
17:57:54[TX <CMD> GIX]
17:57:54[[BLK1] 006:]
17:57:54[[T] 0x0001 ]
17:57:54[[L] 0002 ]
17:57:54[[V] 909]
17:57:54[RX <CMD> GIX <RES> 000]
17:57:54[**erro[35] PPS_iAbecsGetTag 9109]
17:57:54[TX <CMD> GIX]
17:57:54[[BLK1] 006:]
17:57:54[[T] 0x0001 ]
17:57:54[[L] 0002 ]
17:57:54[[V] 90A]
17:57:54[RX <CMD> GIX <RES> 000]
17:57:54[[BLK1] 014:]
17:57:54[[T] 0x910A ]
17:57:54[[L] 000A ]
17:57:54[[V] FFF90128001]
17:57:54[TX <CMD> GIX]
17:57:54[[BLK1] 006:]
17:57:54[[T] 0x0001 ]
17:57:54[[L] 0002 ]
17:57:54[[V] 90B]
17:57:54[RX <CMD> GIX <RES> 000]
17:57:54[**erro[35] PPS_iAbecsGetTag 910B]
17:57:54[TX <CMD> GIX]
17:57:54[[BLK1] 006:]
17:57:54[[T] 0x0001 ]
17:57:54[[L] 0002 ]
17:57:54[[V] 90C]
17:57:54[RX <CMD> GIX <RES> 000]
17:57:54[**erro[35] PPS_iAbecsGetTag 910C]
17:57:54[TX <CMD> GIX]
17:57:54[[BLK1] 006:]
17:57:54[[T] 0x0001 ]
17:57:54[[L] 0002 ]
17:57:54[[V] 90D]
17:57:54[RX <CMD> GIX <RES> 000]
17:57:54[**erro[35] PPS_iAbecsGetTag 910D]
17:57:54[TX <CMD> GIX]
17:57:54[[BLK1] 006:]
17:57:54[[T] 0x0001 ]
17:57:54[[L] 0002 ]
17:57:54[[V] 90E]
17:57:54[RX <CMD> GIX <RES> 000]
17:57:54[[BLK1] 014:]
17:57:54[[T] 0x910E ]
17:57:54[[L] 000A ]
17:57:54[[V] 6320061E001]
17:57:54[TX <CMD> GIX]
17:57:54[[BLK1] 006:]
17:57:54[[T] 0x0001 ]
17:57:54[[L] 0002 ]
17:57:54[[V] 90F]
17:57:54[RX <CMD> GIX <RES> 000]
17:57:54[**erro[35] PPS_iAbecsGetTag 910F]
17:57:54[TX <CMD> GIX]
17:57:54[[BLK1] 006:]
17:57:54[[T] 0x0001 ]
17:57:54[[L] 0002 ]
17:57:54[[V] 910]
17:57:54[RX <CMD> GIX <RES> 000]
17:57:54[[BLK1] 014:]
17:57:54[[T] 0x9110 ]
17:57:54[[L] 000A ]
17:57:54[[V] 21100F22001]
17:57:54[TX <CMD> GIX]
17:57:54[[BLK1] 006:]
17:57:54[[T] 0x0001 ]
17:57:54[[L] 0002 ]
17:57:54[[V] 911]
17:57:55[RX <CMD> GIX <RES> 000]
17:57:55[[BLK1] 014:]
17:57:55[[T] 0x9111 ]
17:57:55[[L] 000A ]
17:57:55[[V] FFF3079C001]
17:57:55[TX <CMD> GIX]
17:57:55[[BLK1] 006:]
17:57:55[[T] 0x0001 ]
17:57:55[[L] 0002 ]
17:57:55[[V] 912]
17:57:55[RX <CMD> GIX <RES> 000]
17:57:55[[BLK1] 014:]
17:57:55[[T] 0x9112 ]
17:57:55[[L] 000A ]
17:57:55[[V] B7610FB6001]
17:57:55[TX <CMD> GIX]
17:57:55[[BLK1] 006:]
17:57:55[[T] 0x0001 ]
17:57:55[[L] 0002 ]
17:57:55[[V] 913]
17:57:55[RX <CMD> GIX <RES> 000]
17:57:55[[BLK1] 014:]
17:57:55[[T] 0x9113 ]
17:57:55[[L] 000A ]
17:57:55[[V] FFF50944001]
17:57:55[TX <CMD> GIX]
17:57:55[[BLK1] 006:]
17:57:55[[T] 0x0001 ]
17:57:55[[L] 0002 ]
17:57:55[[V] 914]
17:57:55[RX <CMD> GIX <RES> 000]
17:57:55[[BLK1] 014:]
17:57:55[[T] 0x9114 ]
17:57:55[[L] 000A ]
17:57:55[[V] FFBFC84A001]
17:57:55[TX <CMD> EBX]
17:57:55[[BLK1] 036:]
17:57:55[[T] 0x000F ]
17:57:55[[L] 0008 ]
17:57:55[[V] ********]
17:57:55[[T] 0x0003 ]
17:57:55[[L] 0002 ]
17:57:55[[V] 00]
17:57:55[[T] 0x0009 ]
17:57:55[[L] 0002 ]
17:57:55[[V] 00]
17:57:55[[T] 0x000A ]
17:57:55[[L] 0008 ]
17:57:55[[V] 000000000]
17:57:55[RX <CMD> EBX <RES> 042]
17:57:55[TX <CMD> EBX]
17:57:55[[BLK1] 036:]
17:57:55[[T] 0x000F ]
17:57:55[[L] 0008 ]
17:57:55[[V] ********]
17:57:55[[T] 0x0003 ]
17:57:55[[L] 0002 ]
17:57:55[[V] 00]
17:57:55[[T] 0x0009 ]
17:57:55[[L] 0002 ]
17:57:55[[V] 01]
17:57:55[[T] 0x000A ]
17:57:55[[L] 0008 ]
17:57:55[[V] 000000000]
17:57:55[RX <CMD> EBX <RES> 042]
17:57:55[TX <CMD> EBX]
17:57:55[[BLK1] 036:]
17:57:55[[T] 0x000F ]
17:57:55[[L] 0008 ]
17:57:55[[V] ********]
17:57:55[[T] 0x0003 ]
17:57:55[[L] 0002 ]
17:57:55[[V] 00]
17:57:55[[T] 0x0009 ]
17:57:55[[L] 0002 ]
17:57:55[[V] 02]
17:57:55[[T] 0x000A ]
17:57:55[[L] 0008 ]
17:57:55[[V] 000000000]
17:57:55[RX <CMD> EBX <RES> 042]
17:57:55[TX <CMD> EBX]
17:57:55[[BLK1] 036:]
17:57:55[[T] 0x000F ]
17:57:55[[L] 0008 ]
17:57:55[[V] ********]
17:57:55[[T] 0x0003 ]
17:57:55[[L] 0002 ]
17:57:55[[V] 00]
17:57:55[[T] 0x0009 ]
17:57:55[[L] 0002 ]
17:57:55[[V] 03]
17:57:55[[T] 0x000A ]
17:57:55[[L] 0008 ]
17:57:55[[V] 000000000]
17:57:55[RX <CMD> EBX <RES> 042]
17:57:55[TX <CMD> EBX]
17:57:55[[BLK1] 036:]
17:57:55[[T] 0x000F ]
17:57:55[[L] 0008 ]
17:57:55[[V] ********]
17:57:55[[T] 0x0003 ]
17:57:55[[L] 0002 ]
17:57:55[[V] 00]
17:57:55[[T] 0x0009 ]
17:57:55[[L] 0002 ]
17:57:55[[V] 04]
17:57:55[[T] 0x000A ]
17:57:55[[L] 0008 ]
17:57:55[[V] 000000000]
17:57:55[RX <CMD> EBX <RES> 042]
17:57:55[TX <CMD> EBX]
17:57:55[[BLK1] 036:]
17:57:55[[T] 0x000F ]
17:57:55[[L] 0008 ]
17:57:55[[V] ********]
17:57:55[[T] 0x0003 ]
17:57:55[[L] 0002 ]
17:57:55[[V] 00]
17:57:55[[T] 0x0009 ]
17:57:55[[L] 0002 ]
17:57:55[[V] 05]
17:57:55[[T] 0x000A ]
17:57:55[[L] 0008 ]
17:57:55[[V] 000000000]
17:57:55[RX <CMD> EBX <RES> 042]
17:57:55[TX <CMD> EBX]
17:57:55[[BLK1] 036:]
17:57:55[[T] 0x000F ]
17:57:55[[L] 0008 ]
17:57:55[[V] ********]
17:57:55[[T] 0x0003 ]
17:57:55[[L] 0002 ]
17:57:55[[V] 00]
17:57:55[[T] 0x0009 ]
17:57:55[[L] 0002 ]
17:57:55[[V] 06]
17:57:55[[T] 0x000A ]
17:57:55[[L] 0008 ]
17:57:55[[V] 000000000]
17:57:55[RX <CMD> EBX <RES> 042]
17:57:55[TX <CMD> EBX]
17:57:55[[BLK1] 036:]
17:57:55[[T] 0x000F ]
17:57:55[[L] 0008 ]
17:57:55[[V] ********]
17:57:55[[T] 0x0003 ]
17:57:55[[L] 0002 ]
17:57:55[[V] 00]
17:57:55[[T] 0x0009 ]
17:57:55[[L] 0002 ]
17:57:55[[V] 07]
17:57:55[[T] 0x000A ]
17:57:55[[L] 0008 ]
17:57:55[[V] 000000000]
17:57:55[RX <CMD> EBX <RES> 042]
17:57:55[TX <CMD> EBX]
17:57:55[[BLK1] 036:]
17:57:55[[T] 0x000F ]
17:57:55[[L] 0008 ]
17:57:55[[V] ********]
17:57:55[[T] 0x0003 ]
17:57:55[[L] 0002 ]
17:57:55[[V] 00]
17:57:55[[T] 0x0009 ]
17:57:55[[L] 0002 ]
17:57:55[[V] 08]
17:57:55[[T] 0x000A ]
17:57:55[[L] 0008 ]
17:57:55[[V] 000000000]
17:57:56[RX <CMD> EBX <RES> 042]
17:57:56[TX <CMD> EBX]
17:57:56[[BLK1] 036:]
17:57:56[[T] 0x000F ]
17:57:56[[L] 0008 ]
17:57:56[[V] ********]
17:57:56[[T] 0x0003 ]
17:57:56[[L] 0002 ]
17:57:56[[V] 00]
17:57:56[[T] 0x0009 ]
17:57:56[[L] 0002 ]
17:57:56[[V] 09]
17:57:56[[T] 0x000A ]
17:57:56[[L] 0008 ]
17:57:56[[V] 000000000]
17:57:56[RX <CMD> EBX <RES> 042]
17:57:56[TX <CMD> EBX]
17:57:56[[BLK1] 036:]
17:57:56[[T] 0x000F ]
17:57:56[[L] 0008 ]
17:57:56[[V] ********]
17:57:56[[T] 0x0003 ]
17:57:56[[L] 0002 ]
17:57:56[[V] 00]
17:57:56[[T] 0x0009 ]
17:57:56[[L] 0002 ]
17:57:56[[V] 10]
17:57:56[[T] 0x000A ]
17:57:56[[L] 0008 ]
17:57:56[[V] 000000000]
17:57:56[RX <CMD> EBX <RES> 042]
17:57:56[TX <CMD> EBX]
17:57:56[[BLK1] 036:]
17:57:56[[T] 0x000F ]
17:57:56[[L] 0008 ]
17:57:56[[V] ********]
17:57:56[[T] 0x0003 ]
17:57:56[[L] 0002 ]
17:57:56[[V] 00]
17:57:56[[T] 0x0009 ]
17:57:56[[L] 0002 ]
17:57:56[[V] 11]
17:57:56[[T] 0x000A ]
17:57:56[[L] 0008 ]
17:57:56[[V] 000000000]
17:57:56[RX <CMD> EBX <RES> 042]
17:57:56[TX <CMD> EBX]
17:57:56[[BLK1] 036:]
17:57:56[[T] 0x000F ]
17:57:56[[L] 0008 ]
17:57:56[[V] ********]
17:57:56[[T] 0x0003 ]
17:57:56[[L] 0002 ]
17:57:56[[V] 00]
17:57:56[[T] 0x0009 ]
17:57:56[[L] 0002 ]
17:57:56[[V] 12]
17:57:56[[T] 0x000A ]
17:57:56[[L] 0008 ]
17:57:56[[V] 000000000]
17:57:56[RX <CMD> EBX <RES> 042]
17:57:56[TX <CMD> EBX]
17:57:56[[BLK1] 036:]
17:57:56[[T] 0x000F ]
17:57:56[[L] 0008 ]
17:57:56[[V] ********]
17:57:56[[T] 0x0003 ]
17:57:56[[L] 0002 ]
17:57:56[[V] 00]
17:57:56[[T] 0x0009 ]
17:57:56[[L] 0002 ]
17:57:56[[V] 13]
17:57:56[[T] 0x000A ]
17:57:56[[L] 0008 ]
17:57:56[[V] 000000000]
17:57:56[RX <CMD> EBX <RES> 042]
17:57:56[TX <CMD> EBX]
17:57:56[[BLK1] 036:]
17:57:56[[T] 0x000F ]
17:57:56[[L] 0008 ]
17:57:56[[V] ********]
17:57:56[[T] 0x0003 ]
17:57:56[[L] 0002 ]
17:57:56[[V] 00]
17:57:56[[T] 0x0009 ]
17:57:56[[L] 0002 ]
17:57:56[[V] 14]
17:57:56[[T] 0x000A ]
17:57:56[[L] 0008 ]
17:57:56[[V] 000000000]
17:57:56[RX <CMD> EBX <RES> 042]
17:57:56[TX <CMD> EBX]
17:57:56[[BLK1] 036:]
17:57:56[[T] 0x000F ]
17:57:56[[L] 0008 ]
17:57:56[[V] ********]
17:57:56[[T] 0x0003 ]
17:57:56[[L] 0002 ]
17:57:56[[V] 00]
17:57:56[[T] 0x0009 ]
17:57:56[[L] 0002 ]
17:57:56[[V] 15]
17:57:56[[T] 0x000A ]
17:57:56[[L] 0008 ]
17:57:56[[V] 000000000]
17:57:56[RX <CMD> EBX <RES> 042]
17:57:56[TX <CMD> EBX]
17:57:56[[BLK1] 036:]
17:57:56[[T] 0x000F ]
17:57:56[[L] 0008 ]
17:57:56[[V] ********]
17:57:56[[T] 0x0003 ]
17:57:56[[L] 0002 ]
17:57:56[[V] 00]
17:57:56[[T] 0x0009 ]
17:57:56[[L] 0002 ]
17:57:56[[V] 16]
17:57:56[[T] 0x000A ]
17:57:56[[L] 0008 ]
17:57:56[[V] 000000000]
17:57:56[RX <CMD> EBX <RES> 042]
17:57:56[TX <CMD> EBX]
17:57:56[[BLK1] 036:]
17:57:56[[T] 0x000F ]
17:57:56[[L] 0008 ]
17:57:56[[V] ********]
17:57:56[[T] 0x0003 ]
17:57:56[[L] 0002 ]
17:57:56[[V] 00]
17:57:56[[T] 0x0009 ]
17:57:56[[L] 0002 ]
17:57:56[[V] 17]
17:57:56[[T] 0x000A ]
17:57:56[[L] 0008 ]
17:57:56[[V] 000000000]
17:57:56[RX <CMD> EBX <RES> 042]
17:57:56[TX <CMD> EBX]
17:57:56[[BLK1] 036:]
17:57:56[[T] 0x000F ]
17:57:56[[L] 0008 ]
17:57:56[[V] ********]
17:57:56[[T] 0x0003 ]
17:57:56[[L] 0002 ]
17:57:56[[V] 00]
17:57:56[[T] 0x0009 ]
17:57:56[[L] 0002 ]
17:57:56[[V] 18]
17:57:56[[T] 0x000A ]
17:57:56[[L] 0008 ]
17:57:56[[V] 000000000]
17:57:56[RX <CMD> EBX <RES> 042]
17:57:56[TX <CMD> EBX]
17:57:56[[BLK1] 036:]
17:57:56[[T] 0x000F ]
17:57:56[[L] 0008 ]
17:57:56[[V] ********]
17:57:56[[T] 0x0003 ]
17:57:56[[L] 0002 ]
17:57:56[[V] 00]
17:57:56[[T] 0x0009 ]
17:57:56[[L] 0002 ]
17:57:56[[V] 19]
17:57:56[[T] 0x000A ]
17:57:56[[L] 0008 ]
17:57:56[[V] 000000000]
17:57:56[RX <CMD> EBX <RES> 042]
17:57:56[TX <CMD> EBX]
17:57:56[[BLK1] 036:]
17:57:56[[T] 0x000F ]
17:57:56[[L] 0008 ]
17:57:56[[V] ********]
17:57:56[[T] 0x0003 ]
17:57:56[[L] 0002 ]
17:57:56[[V] 00]
17:57:56[[T] 0x0009 ]
17:57:56[[L] 0002 ]
17:57:56[[V] 20]
17:57:56[[T] 0x000A ]
17:57:56[[L] 0008 ]
17:57:56[[V] 000000000]
17:57:57[RX <CMD> EBX <RES> 042]
17:57:57[TX <CMD> EBX]
17:57:57[[BLK1] 044:]
17:57:57[[T] 0x000F ]
17:57:57[[L] 0008 ]
17:57:57[[V] ********]
17:57:57[[T] 0x0003 ]
17:57:57[[L] 0002 ]
17:57:57[[V] 10]
17:57:57[[T] 0x0009 ]
17:57:57[[L] 0002 ]
17:57:57[[V] 00]
17:57:57[[T] 0x000A ]
17:57:57[[L] 0010 ]
17:57:57[[V] 00000000000000000]
17:57:57[RX <CMD> EBX <RES> 042]
17:57:57[TX <CMD> EBX]
17:57:57[[BLK1] 044:]
17:57:57[[T] 0x000F ]
17:57:57[[L] 0008 ]
17:57:57[[V] ********]
17:57:57[[T] 0x0003 ]
17:57:57[[L] 0002 ]
17:57:57[[V] 10]
17:57:57[[T] 0x0009 ]
17:57:57[[L] 0002 ]
17:57:57[[V] 01]
17:57:57[[T] 0x000A ]
17:57:57[[L] 0010 ]
17:57:57[[V] 00000000000000000]
17:57:57[RX <CMD> EBX <RES> 042]
17:57:57[TX <CMD> EBX]
17:57:57[[BLK1] 044:]
17:57:57[[T] 0x000F ]
17:57:57[[L] 0008 ]
17:57:57[[V] ********]
17:57:57[[T] 0x0003 ]
17:57:57[[L] 0002 ]
17:57:57[[V] 10]
17:57:57[[T] 0x0009 ]
17:57:57[[L] 0002 ]
17:57:57[[V] 02]
17:57:57[[T] 0x000A ]
17:57:57[[L] 0010 ]
17:57:57[[V] 00000000000000000]
17:57:57[RX <CMD> EBX <RES> 000]
17:57:57[[BLK1] 012:]
17:57:57[[T] 0x804E ]
17:57:57[[L] 0008 ]
17:57:57[[V] ********]
17:57:57[TX <CMD> EBX]
17:57:57[[BLK1] 044:]
17:57:57[[T] 0x000F ]
17:57:57[[L] 0008 ]
17:57:57[[V] ********]
17:57:57[[T] 0x0003 ]
17:57:57[[L] 0002 ]
17:57:57[[V] 10]
17:57:57[[T] 0x0009 ]
17:57:57[[L] 0002 ]
17:57:57[[V] 03]
17:57:57[[T] 0x000A ]
17:57:57[[L] 0010 ]
17:57:57[[V] 00000000000000000]
17:57:57[RX <CMD> EBX <RES> 042]
17:57:57[TX <CMD> EBX]
17:57:57[[BLK1] 044:]
17:57:57[[T] 0x000F ]
17:57:57[[L] 0008 ]
17:57:57[[V] ********]
17:57:57[[T] 0x0003 ]
17:57:57[[L] 0002 ]
17:57:57[[V] 10]
17:57:57[[T] 0x0009 ]
17:57:57[[L] 0002 ]
17:57:57[[V] 04]
17:57:57[[T] 0x000A ]
17:57:57[[L] 0010 ]
17:57:57[[V] 00000000000000000]
17:57:57[RX <CMD> EBX <RES> 000]
17:57:57[[BLK1] 012:]
17:57:57[[T] 0x804E ]
17:57:57[[L] 0008 ]
17:57:57[[V] ********]
17:57:57[TX <CMD> EBX]
17:57:57[[BLK1] 044:]
17:57:57[[T] 0x000F ]
17:57:57[[L] 0008 ]
17:57:57[[V] ********]
17:57:57[[T] 0x0003 ]
17:57:57[[L] 0002 ]
17:57:57[[V] 10]
17:57:57[[T] 0x0009 ]
17:57:57[[L] 0002 ]
17:57:57[[V] 05]
17:57:57[[T] 0x000A ]
17:57:57[[L] 0010 ]
17:57:57[[V] 00000000000000000]
17:57:57[RX <CMD> EBX <RES> 042]
17:57:57[TX <CMD> EBX]
17:57:57[[BLK1] 044:]
17:57:57[[T] 0x000F ]
17:57:57[[L] 0008 ]
17:57:57[[V] ********]
17:57:57[[T] 0x0003 ]
17:57:57[[L] 0002 ]
17:57:57[[V] 10]
17:57:57[[T] 0x0009 ]
17:57:57[[L] 0002 ]
17:57:57[[V] 06]
17:57:57[[T] 0x000A ]
17:57:57[[L] 0010 ]
17:57:57[[V] 00000000000000000]
17:57:57[RX <CMD> EBX <RES> 042]
17:57:57[TX <CMD> EBX]
17:57:57[[BLK1] 044:]
17:57:57[[T] 0x000F ]
17:57:57[[L] 0008 ]
17:57:57[[V] ********]
17:57:57[[T] 0x0003 ]
17:57:57[[L] 0002 ]
17:57:57[[V] 10]
17:57:57[[T] 0x0009 ]
17:57:57[[L] 0002 ]
17:57:57[[V] 07]
17:57:57[[T] 0x000A ]
17:57:57[[L] 0010 ]
17:57:57[[V] 00000000000000000]
17:57:57[RX <CMD> EBX <RES> 042]
17:57:57[TX <CMD> EBX]
17:57:57[[BLK1] 044:]
17:57:57[[T] 0x000F ]
17:57:57[[L] 0008 ]
17:57:57[[V] ********]
17:57:57[[T] 0x0003 ]
17:57:57[[L] 0002 ]
17:57:57[[V] 10]
17:57:57[[T] 0x0009 ]
17:57:57[[L] 0002 ]
17:57:57[[V] 08]
17:57:57[[T] 0x000A ]
17:57:57[[L] 0010 ]
17:57:57[[V] 00000000000000000]
17:57:57[RX <CMD> EBX <RES> 000]
17:57:57[[BLK1] 012:]
17:57:57[[T] 0x804E ]
17:57:57[[L] 0008 ]
17:57:57[[V] ********]
17:57:57[TX <CMD> EBX]
17:57:57[[BLK1] 044:]
17:57:57[[T] 0x000F ]
17:57:57[[L] 0008 ]
17:57:57[[V] ********]
17:57:57[[T] 0x0003 ]
17:57:57[[L] 0002 ]
17:57:57[[V] 10]
17:57:57[[T] 0x0009 ]
17:57:57[[L] 0002 ]
17:57:57[[V] 09]
17:57:57[[T] 0x000A ]
17:57:57[[L] 0010 ]
17:57:57[[V] 00000000000000000]
17:57:57[RX <CMD> EBX <RES> 000]
17:57:57[[BLK1] 012:]
17:57:57[[T] 0x804E ]
17:57:57[[L] 0008 ]
17:57:57[[V] ********]
17:57:57[TX <CMD> EBX]
17:57:57[[BLK1] 044:]
17:57:57[[T] 0x000F ]
17:57:57[[L] 0008 ]
17:57:57[[V] ********]
17:57:57[[T] 0x0003 ]
17:57:57[[L] 0002 ]
17:57:57[[V] 10]
17:57:57[[T] 0x0009 ]
17:57:57[[L] 0002 ]
17:57:57[[V] 10]
17:57:57[[T] 0x000A ]
17:57:57[[L] 0010 ]
17:57:57[[V] 00000000000000000]
17:57:57[RX <CMD> EBX <RES> 000]
17:57:57[[BLK1] 012:]
17:57:57[[T] 0x804E ]
17:57:57[[L] 0008 ]
17:57:57[[V] ********]
17:57:57[TX <CMD> EBX]
17:57:57[[BLK1] 044:]
17:57:57[[T] 0x000F ]
17:57:57[[L] 0008 ]
17:57:57[[V] ********]
17:57:57[[T] 0x0003 ]
17:57:57[[L] 0002 ]
17:57:57[[V] 10]
17:57:57[[T] 0x0009 ]
17:57:57[[L] 0002 ]
17:57:57[[V] 11]
17:57:57[[T] 0x000A ]
17:57:57[[L] 0010 ]
17:57:57[[V] 00000000000000000]
17:57:58[RX <CMD> EBX <RES> 000]
17:57:58[[BLK1] 012:]
17:57:58[[T] 0x804E ]
17:57:58[[L] 0008 ]
17:57:58[[V] ********]
17:57:58[TX <CMD> EBX]
17:57:58[[BLK1] 044:]
17:57:58[[T] 0x000F ]
17:57:58[[L] 0008 ]
17:57:58[[V] ********]
17:57:58[[T] 0x0003 ]
17:57:58[[L] 0002 ]
17:57:58[[V] 10]
17:57:58[[T] 0x0009 ]
17:57:58[[L] 0002 ]
17:57:58[[V] 12]
17:57:58[[T] 0x000A ]
17:57:58[[L] 0010 ]
17:57:58[[V] 00000000000000000]
17:57:58[RX <CMD> EBX <RES> 000]
17:57:58[[BLK1] 012:]
17:57:58[[T] 0x804E ]
17:57:58[[L] 0008 ]
17:57:58[[V] ********]
17:57:58[TX <CMD> EBX]
17:57:58[[BLK1] 044:]
17:57:58[[T] 0x000F ]
17:57:58[[L] 0008 ]
17:57:58[[V] ********]
17:57:58[[T] 0x0003 ]
17:57:58[[L] 0002 ]
17:57:58[[V] 10]
17:57:58[[T] 0x0009 ]
17:57:58[[L] 0002 ]
17:57:58[[V] 13]
17:57:58[[T] 0x000A ]
17:57:58[[L] 0010 ]
17:57:58[[V] 00000000000000000]
17:57:58[RX <CMD> EBX <RES> 000]
17:57:58[[BLK1] 012:]
17:57:58[[T] 0x804E ]
17:57:58[[L] 0008 ]
17:57:58[[V] ********]
17:57:58[TX <CMD> EBX]
17:57:58[[BLK1] 044:]
17:57:58[[T] 0x000F ]
17:57:58[[L] 0008 ]
17:57:58[[V] ********]
17:57:58[[T] 0x0003 ]
17:57:58[[L] 0002 ]
17:57:58[[V] 10]
17:57:58[[T] 0x0009 ]
17:57:58[[L] 0002 ]
17:57:58[[V] 14]
17:57:58[[T] 0x000A ]
17:57:58[[L] 0010 ]
17:57:58[[V] 00000000000000000]
17:57:58[RX <CMD> EBX <RES> 000]
17:57:58[[BLK1] 012:]
17:57:58[[T] 0x804E ]
17:57:58[[L] 0008 ]
17:57:58[[V] ********]
17:57:58[TX <CMD> EBX]
17:57:58[[BLK1] 044:]
17:57:58[[T] 0x000F ]
17:57:58[[L] 0008 ]
17:57:58[[V] ********]
17:57:58[[T] 0x0003 ]
17:57:58[[L] 0002 ]
17:57:58[[V] 10]
17:57:58[[T] 0x0009 ]
17:57:58[[L] 0002 ]
17:57:58[[V] 15]
17:57:58[[T] 0x000A ]
17:57:58[[L] 0010 ]
17:57:58[[V] 00000000000000000]
17:57:58[RX <CMD> EBX <RES> 000]
17:57:58[[BLK1] 012:]
17:57:58[[T] 0x804E ]
17:57:58[[L] 0008 ]
17:57:58[[V] ********]
17:57:58[TX <CMD> EBX]
17:57:58[[BLK1] 044:]
17:57:58[[T] 0x000F ]
17:57:58[[L] 0008 ]
17:57:58[[V] ********]
17:57:58[[T] 0x0003 ]
17:57:58[[L] 0002 ]
17:57:58[[V] 10]
17:57:58[[T] 0x0009 ]
17:57:58[[L] 0002 ]
17:57:58[[V] 16]
17:57:58[[T] 0x000A ]
17:57:58[[L] 0010 ]
17:57:58[[V] 00000000000000000]
17:57:58[RX <CMD> EBX <RES> 000]
17:57:58[[BLK1] 012:]
17:57:58[[T] 0x804E ]
17:57:58[[L] 0008 ]
17:57:58[[V] ********]
17:57:58[TX <CMD> EBX]
17:57:58[[BLK1] 044:]
17:57:58[[T] 0x000F ]
17:57:58[[L] 0008 ]
17:57:58[[V] ********]
17:57:58[[T] 0x0003 ]
17:57:58[[L] 0002 ]
17:57:58[[V] 10]
17:57:58[[T] 0x0009 ]
17:57:58[[L] 0002 ]
17:57:58[[V] 17]
17:57:58[[T] 0x000A ]
17:57:58[[L] 0010 ]
17:57:58[[V] 00000000000000000]
17:57:58[RX <CMD> EBX <RES> 000]
17:57:58[[BLK1] 012:]
17:57:58[[T] 0x804E ]
17:57:58[[L] 0008 ]
17:57:58[[V] ********]
17:57:58[TX <CMD> EBX]
17:57:58[[BLK1] 044:]
17:57:58[[T] 0x000F ]
17:57:58[[L] 0008 ]
17:57:58[[V] ********]
17:57:58[[T] 0x0003 ]
17:57:58[[L] 0002 ]
17:57:58[[V] 10]
17:57:58[[T] 0x0009 ]
17:57:58[[L] 0002 ]
17:57:58[[V] 18]
17:57:58[[T] 0x000A ]
17:57:58[[L] 0010 ]
17:57:58[[V] 00000000000000000]
17:57:58[RX <CMD> EBX <RES> 042]
17:57:58[TX <CMD> EBX]
17:57:58[[BLK1] 044:]
17:57:58[[T] 0x000F ]
17:57:58[[L] 0008 ]
17:57:58[[V] ********]
17:57:58[[T] 0x0003 ]
17:57:58[[L] 0002 ]
17:57:58[[V] 10]
17:57:58[[T] 0x0009 ]
17:57:58[[L] 0002 ]
17:57:58[[V] 19]
17:57:58[[T] 0x000A ]
17:57:58[[L] 0010 ]
17:57:58[[V] 00000000000000000]
17:57:58[RX <CMD> EBX <RES> 000]
17:57:58[[BLK1] 012:]
17:57:58[[T] 0x804E ]
17:57:58[[L] 0008 ]
17:57:58[[V] ********]
17:57:58[TX <CMD> EBX]
17:57:58[[BLK1] 044:]
17:57:58[[T] 0x000F ]
17:57:58[[L] 0008 ]
17:57:58[[V] ********]
17:57:58[[T] 0x0003 ]
17:57:58[[L] 0002 ]
17:57:58[[V] 10]
17:57:58[[T] 0x0009 ]
17:57:58[[L] 0002 ]
17:57:58[[V] 20]
17:57:58[[T] 0x000A ]
17:57:58[[L] 0010 ]
17:57:58[[V] 00000000000000000]
17:57:58[RX <CMD> EBX <RES> 042]
17:57:58[TX <CMD> EBX]
17:57:58[[BLK1] 044:]
17:57:58[[T] 0x000F ]
17:57:58[[L] 0008 ]
17:57:58[[V] ********]
17:57:58[[T] 0x0003 ]
17:57:58[[L] 0002 ]
17:57:58[[V] 30]
17:57:58[[T] 0x0009 ]
17:57:58[[L] 0002 ]
17:57:58[[V] 00]
17:57:58[[T] 0x000A ]
17:57:58[[L] 0010 ]
17:57:58[[V] 00000000000000000]
17:57:58[RX <CMD> EBX <RES> 042]
17:57:58[TX <CMD> EBX]
17:57:58[[BLK1] 044:]
17:57:58[[T] 0x000F ]
17:57:58[[L] 0008 ]
17:57:58[[V] ********]
17:57:58[[T] 0x0003 ]
17:57:58[[L] 0002 ]
17:57:58[[V] 30]
17:57:58[[T] 0x0009 ]
17:57:58[[L] 0002 ]
17:57:58[[V] 01]
17:57:58[[T] 0x000A ]
17:57:58[[L] 0010 ]
17:57:58[[V] 00000000000000000]
17:57:59[RX <CMD> EBX <RES> 000]
17:57:59[[BLK1] 026:]
17:57:59[[T] 0x804E ]
17:57:59[[L] 0008 ]
17:57:59[[V] ********]
17:57:59[[T] 0x804C ]
17:57:59[[L] 000A ]
17:57:59[[V] FFF8140A00F]
17:57:59[TX <CMD> EBX]
17:57:59[[BLK1] 044:]
17:57:59[[T] 0x000F ]
17:57:59[[L] 0008 ]
17:57:59[[V] ********]
17:57:59[[T] 0x0003 ]
17:57:59[[L] 0002 ]
17:57:59[[V] 30]
17:57:59[[T] 0x0009 ]
17:57:59[[L] 0002 ]
17:57:59[[V] 02]
17:57:59[[T] 0x000A ]
17:57:59[[L] 0010 ]
17:57:59[[V] 00000000000000000]
17:57:59[RX <CMD> EBX <RES> 042]
17:57:59[TX <CMD> EBX]
17:57:59[[BLK1] 044:]
17:57:59[[T] 0x000F ]
17:57:59[[L] 0008 ]
17:57:59[[V] ********]
17:57:59[[T] 0x0003 ]
17:57:59[[L] 0002 ]
17:57:59[[V] 30]
17:57:59[[T] 0x0009 ]
17:57:59[[L] 0002 ]
17:57:59[[V] 03]
17:57:59[[T] 0x000A ]
17:57:59[[L] 0010 ]
17:57:59[[V] 00000000000000000]
17:57:59[RX <CMD> EBX <RES> 042]
17:57:59[TX <CMD> EBX]
17:57:59[[BLK1] 044:]
17:57:59[[T] 0x000F ]
17:57:59[[L] 0008 ]
17:57:59[[V] ********]
17:57:59[[T] 0x0003 ]
17:57:59[[L] 0002 ]
17:57:59[[V] 30]
17:57:59[[T] 0x0009 ]
17:57:59[[L] 0002 ]
17:57:59[[V] 04]
17:57:59[[T] 0x000A ]
17:57:59[[L] 0010 ]
17:57:59[[V] 00000000000000000]
17:57:59[RX <CMD> EBX <RES> 042]
17:57:59[TX <CMD> EBX]
17:57:59[[BLK1] 044:]
17:57:59[[T] 0x000F ]
17:57:59[[L] 0008 ]
17:57:59[[V] ********]
17:57:59[[T] 0x0003 ]
17:57:59[[L] 0002 ]
17:57:59[[V] 30]
17:57:59[[T] 0x0009 ]
17:57:59[[L] 0002 ]
17:57:59[[V] 05]
17:57:59[[T] 0x000A ]
17:57:59[[L] 0010 ]
17:57:59[[V] 00000000000000000]
17:57:59[RX <CMD> EBX <RES> 042]
17:57:59[TX <CMD> EBX]
17:57:59[[BLK1] 044:]
17:57:59[[T] 0x000F ]
17:57:59[[L] 0008 ]
17:57:59[[V] ********]
17:57:59[[T] 0x0003 ]
17:57:59[[L] 0002 ]
17:57:59[[V] 30]
17:57:59[[T] 0x0009 ]
17:57:59[[L] 0002 ]
17:57:59[[V] 06]
17:57:59[[T] 0x000A ]
17:57:59[[L] 0010 ]
17:57:59[[V] 00000000000000000]
17:57:59[RX <CMD> EBX <RES> 042]
17:57:59[TX <CMD> EBX]
17:57:59[[BLK1] 044:]
17:57:59[[T] 0x000F ]
17:57:59[[L] 0008 ]
17:57:59[[V] ********]
17:57:59[[T] 0x0003 ]
17:57:59[[L] 0002 ]
17:57:59[[V] 30]
17:57:59[[T] 0x0009 ]
17:57:59[[L] 0002 ]
17:57:59[[V] 07]
17:57:59[[T] 0x000A ]
17:57:59[[L] 0010 ]
17:57:59[[V] 00000000000000000]
17:57:59[RX <CMD> EBX <RES> 042]
17:57:59[TX <CMD> EBX]
17:57:59[[BLK1] 044:]
17:57:59[[T] 0x000F ]
17:57:59[[L] 0008 ]
17:57:59[[V] ********]
17:57:59[[T] 0x0003 ]
17:57:59[[L] 0002 ]
17:57:59[[V] 30]
17:57:59[[T] 0x0009 ]
17:57:59[[L] 0002 ]
17:57:59[[V] 08]
17:57:59[[T] 0x000A ]
17:57:59[[L] 0010 ]
17:57:59[[V] 00000000000000000]
17:57:59[RX <CMD> EBX <RES> 000]
17:57:59[[BLK1] 026:]
17:57:59[[T] 0x804E ]
17:57:59[[L] 0008 ]
17:57:59[[V] ********]
17:57:59[[T] 0x804C ]
17:57:59[[L] 000A ]
17:57:59[[V] FF0091F000F]
17:57:59[TX <CMD> EBX]
17:57:59[[BLK1] 044:]
17:57:59[[T] 0x000F ]
17:57:59[[L] 0008 ]
17:57:59[[V] ********]
17:57:59[[T] 0x0003 ]
17:57:59[[L] 0002 ]
17:57:59[[V] 30]
17:57:59[[T] 0x0009 ]
17:57:59[[L] 0002 ]
17:57:59[[V] 09]
17:57:59[[T] 0x000A ]
17:57:59[[L] 0010 ]
17:57:59[[V] 00000000000000000]
17:57:59[RX <CMD> EBX <RES> 042]
17:57:59[TX <CMD> EBX]
17:57:59[[BLK1] 044:]
17:57:59[[T] 0x000F ]
17:57:59[[L] 0008 ]
17:57:59[[V] ********]
17:57:59[[T] 0x0003 ]
17:57:59[[L] 0002 ]
17:57:59[[V] 30]
17:57:59[[T] 0x0009 ]
17:57:59[[L] 0002 ]
17:57:59[[V] 10]
17:57:59[[T] 0x000A ]
17:57:59[[L] 0010 ]
17:57:59[[V] 00000000000000000]
17:58:00[RX <CMD> EBX <RES> 000]
17:58:00[[BLK1] 026:]
17:58:00[[T] 0x804E ]
17:58:00[[L] 0008 ]
17:58:00[[V] ********]
17:58:00[[T] 0x804C ]
17:58:00[[L] 000A ]
17:58:00[[V] FFF9012800F]
17:58:00[TX <CMD> EBX]
17:58:00[[BLK1] 044:]
17:58:00[[T] 0x000F ]
17:58:00[[L] 0008 ]
17:58:00[[V] ********]
17:58:00[[T] 0x0003 ]
17:58:00[[L] 0002 ]
17:58:00[[V] 30]
17:58:00[[T] 0x0009 ]
17:58:00[[L] 0002 ]
17:58:00[[V] 11]
17:58:00[[T] 0x000A ]
17:58:00[[L] 0010 ]
17:58:00[[V] 00000000000000000]
17:58:00[RX <CMD> EBX <RES> 042]
17:58:00[TX <CMD> EBX]
17:58:00[[BLK1] 044:]
17:58:00[[T] 0x000F ]
17:58:00[[L] 0008 ]
17:58:00[[V] ********]
17:58:00[[T] 0x0003 ]
17:58:00[[L] 0002 ]
17:58:00[[V] 30]
17:58:00[[T] 0x0009 ]
17:58:00[[L] 0002 ]
17:58:00[[V] 12]
17:58:00[[T] 0x000A ]
17:58:00[[L] 0010 ]
17:58:00[[V] 00000000000000000]
17:58:00[RX <CMD> EBX <RES> 042]
17:58:00[TX <CMD> EBX]
17:58:00[[BLK1] 044:]
17:58:00[[T] 0x000F ]
17:58:00[[L] 0008 ]
17:58:00[[V] ********]
17:58:00[[T] 0x0003 ]
17:58:00[[L] 0002 ]
17:58:00[[V] 30]
17:58:00[[T] 0x0009 ]
17:58:00[[L] 0002 ]
17:58:00[[V] 13]
17:58:00[[T] 0x000A ]
17:58:00[[L] 0010 ]
17:58:00[[V] 00000000000000000]
17:58:00[RX <CMD> EBX <RES> 042]
17:58:00[TX <CMD> EBX]
17:58:00[[BLK1] 044:]
17:58:00[[T] 0x000F ]
17:58:00[[L] 0008 ]
17:58:00[[V] ********]
17:58:00[[T] 0x0003 ]
17:58:00[[L] 0002 ]
17:58:00[[V] 30]
17:58:00[[T] 0x0009 ]
17:58:00[[L] 0002 ]
17:58:00[[V] 14]
17:58:00[[T] 0x000A ]
17:58:00[[L] 0010 ]
17:58:00[[V] 00000000000000000]
17:58:00[RX <CMD> EBX <RES> 000]
17:58:00[[BLK1] 026:]
17:58:00[[T] 0x804E ]
17:58:00[[L] 0008 ]
17:58:00[[V] ********]
17:58:00[[T] 0x804C ]
17:58:00[[L] 000A ]
17:58:00[[V] 6320061A00F]
17:58:00[TX <CMD> EBX]
17:58:00[[BLK1] 044:]
17:58:00[[T] 0x000F ]
17:58:00[[L] 0008 ]
17:58:00[[V] ********]
17:58:00[[T] 0x0003 ]
17:58:00[[L] 0002 ]
17:58:00[[V] 30]
17:58:00[[T] 0x0009 ]
17:58:00[[L] 0002 ]
17:58:00[[V] 15]
17:58:00[[T] 0x000A ]
17:58:00[[L] 0010 ]
17:58:00[[V] 00000000000000000]
17:58:00[RX <CMD> EBX <RES> 042]
17:58:00[TX <CMD> EBX]
17:58:00[[BLK1] 044:]
17:58:00[[T] 0x000F ]
17:58:00[[L] 0008 ]
17:58:00[[V] ********]
17:58:00[[T] 0x0003 ]
17:58:00[[L] 0002 ]
17:58:00[[V] 30]
17:58:00[[T] 0x0009 ]
17:58:00[[L] 0002 ]
17:58:00[[V] 16]
17:58:00[[T] 0x000A ]
17:58:00[[L] 0010 ]
17:58:00[[V] 00000000000000000]
17:58:00[RX <CMD> EBX <RES> 000]
17:58:00[[BLK1] 026:]
17:58:00[[T] 0x804E ]
17:58:00[[L] 0008 ]
17:58:00[[V] ********]
17:58:00[[T] 0x804C ]
17:58:00[[L] 000A ]
17:58:00[[V] 21100F2000F]
17:58:00[TX <CMD> EBX]
17:58:00[[BLK1] 044:]
17:58:00[[T] 0x000F ]
17:58:00[[L] 0008 ]
17:58:00[[V] ********]
17:58:00[[T] 0x0003 ]
17:58:00[[L] 0002 ]
17:58:00[[V] 30]
17:58:00[[T] 0x0009 ]
17:58:00[[L] 0002 ]
17:58:00[[V] 17]
17:58:00[[T] 0x000A ]
17:58:00[[L] 0010 ]
17:58:00[[V] 00000000000000000]
17:58:00[RX <CMD> EBX <RES> 042]
17:58:00[TX <CMD> EBX]
17:58:00[[BLK1] 044:]
17:58:00[[T] 0x000F ]
17:58:00[[L] 0008 ]
17:58:00[[V] ********]
17:58:00[[T] 0x0003 ]
17:58:00[[L] 0002 ]
17:58:00[[V] 30]
17:58:00[[T] 0x0009 ]
17:58:00[[L] 0002 ]
17:58:00[[V] 18]
17:58:00[[T] 0x000A ]
17:58:00[[L] 0010 ]
17:58:00[[V] 00000000000000000]
17:58:00[RX <CMD> EBX <RES> 000]
17:58:00[[BLK1] 026:]
17:58:00[[T] 0x804E ]
17:58:00[[L] 0008 ]
17:58:00[[V] ********]
17:58:00[[T] 0x804C ]
17:58:00[[L] 000A ]
17:58:00[[V] B7610FB600F]
17:58:00[TX <CMD> EBX]
17:58:00[[BLK1] 044:]
17:58:00[[T] 0x000F ]
17:58:00[[L] 0008 ]
17:58:00[[V] ********]
17:58:00[[T] 0x0003 ]
17:58:00[[L] 0002 ]
17:58:00[[V] 30]
17:58:00[[T] 0x0009 ]
17:58:00[[L] 0002 ]
17:58:00[[V] 19]
17:58:00[[T] 0x000A ]
17:58:00[[L] 0010 ]
17:58:00[[V] 00000000000000000]
17:58:01[RX <CMD> EBX <RES> 000]
17:58:01[[BLK1] 026:]
17:58:01[[T] 0x804E ]
17:58:01[[L] 0008 ]
17:58:01[[V] ********]
17:58:01[[T] 0x804C ]
17:58:01[[L] 000A ]
17:58:01[[V] FFF6094200F]
17:58:01[TX <CMD> EBX]
17:58:01[[BLK1] 044:]
17:58:01[[T] 0x000F ]
17:58:01[[L] 0008 ]
17:58:01[[V] ********]
17:58:01[[T] 0x0003 ]
17:58:01[[L] 0002 ]
17:58:01[[V] 30]
17:58:01[[T] 0x0009 ]
17:58:01[[L] 0002 ]
17:58:01[[V] 20]
17:58:01[[T] 0x000A ]
17:58:01[[L] 0010 ]
17:58:01[[V] 00000000000000000]
17:58:01[RX <CMD> EBX <RES> 000]
17:58:01[[BLK1] 026:]
17:58:01[[T] 0x804E ]
17:58:01[[L] 0008 ]
17:58:01[[V] ********]
17:58:01[[T] 0x804C ]
17:58:01[[L] 000A ]
17:58:01[[V] FFCFB84800F]
17:58:01[TX <CMD> GIX]
17:58:01[[BLK1] 018:]
17:58:01[[T] 0x0001 ]
17:58:01[[L] 000E ]
17:58:01[[V] 808080808080801]
17:58:01[RX <CMD> GIX <RES> 000]
17:58:01[[BLK1] 113:]
17:58:01[[T] 0x8004 ]
17:58:01[[L] 0006 ]
17:58:01[[V] GERTEC]
17:58:01[[T] 0x8003 ]
17:58:01[[L] 000D ]
17:58:01[[V] PPC-930;192MB]
17:58:01[[T] 0x8005 ]
17:58:01[[L] 000A ]
17:58:01[[V] 1200000000]
17:58:01[[T] 0x8006 ]
17:58:01[[L] 0014 ]
17:58:01[[V] 1202.11403.VR0012  @]
17:58:01[[T] 0x8007 ]
17:58:01[[L] 0004 ]
17:58:01[[V] 2.03]
17:58:01[[T] 0x8008 ]
17:58:01[[L] 0010 ]
17:58:01[[V] 001.12 160914   ]
17:58:01[[T] 0x8001 ]
17:58:01[[L] 0010 ]
17:58:01[[V] 7200031906045572]
17:58:05[TX]RMC032  TRANSACAO OK                  
17:58:07[RX]RMC000
17:58:07[TX]{18}
17:58:07[RX]{04}
17:58:07[TX]CLO032** Pay&Go Web ** (c) 2019 SETIS 
17:58:08[RX]{16}
17:58:08[RX]CLO000{17}
17:58:12[TX]{18}
17:58:12[RX]{04}
17:58:12[TX]OPN5230256951B2614256D148E586C384E56395183C13CA15CF1F68A4ECE80E7AC1AAE3335AF804C2D5B7627554E421CFBF38FEFB637DBA275AF5FD58497FF3DECDF95F79F9D7EC6D687FFC6DECE983E52D7E64EB5FE126AE3A1D375B40DCB7881D7ECFBA6EC1A08A7437B1DA60CB9119533E794BC38FA4FDDD122218729389003E422110000711CE6C69081788B3BD2AF18D2E7C37A76300AC3FB23E4107DA72FBC718FDB37291F183C20FA97616A41D4D6591D28EE81C5C8EB89B4936309DE912A8F96ED0E075121E2406BBD9EE2C0AC6BF323D1D5001CF2BD9E56B72FD306E341F99B786697E4794C91FE2AD33EE68E689D917313615D985253EFAC2C968FA46FDDB86B30103E9
17:58:13[RX]OPN0005152567342CD3866378C16E683BD7A119469CBE6230AF4A3A4A187274CA65EEB37C9ED7BAB73116ABE3B7E997D4FA6555F2C70879BD92EA7637644412CBC4680D6D5C7F16C02C95984C62FB830D0EC3BB50B853C3B7F8333DB83D714E746CDBFE4A5448F743CF93438C7A3F221B2699D64DC566DDA8A5D6D13F3DAB598A5CC8752F1445EDEE09DA3976C221289B2773FE7531AA780C3A875374FBFEEAEB0D6A143EAC9E5C6661C653AC91AD9D5ABB2A652637A082EAB854AA4055BA86937B0040CA7536FDA2DD0836C151E7D9F463ABD68EA72E8ED4BB1AF7E0B31F3BC36FFDB5C936F562978F62519722B510E6118F3AC4C0746AFCCC272018E3FBB1C5BABFBCC5919
17:58:13[TX <CMD> GIX]
17:58:13[[BLK1] 018:]
17:58:13[[T] 0x0001 ]
17:58:13[[L] 000E ]
17:58:13[[V] 808080808080801]
17:58:13[RX <CMD> GIX <RES> 000]
17:58:13[[BLK1] 113:]
17:58:13[[T] 0x8004 ]
17:58:13[[L] 0006 ]
17:58:13[[V] GERTEC]
17:58:13[[T] 0x8003 ]
17:58:13[[L] 000D ]
17:58:13[[V] PPC-930;192MB]
17:58:13[[T] 0x8005 ]
17:58:13[[L] 000A ]
17:58:13[[V] 1200000000]
17:58:13[[T] 0x8006 ]
17:58:13[[L] 0014 ]
17:58:13[[V] 1202.11403.VR0012  @]
17:58:13[[T] 0x8007 ]
17:58:13[[L] 0004 ]
17:58:13[[V] 2.03]
17:58:13[[T] 0x8008 ]
17:58:13[[L] 0010 ]
17:58:13[[V] 001.12 160914   ]
17:58:13[[T] 0x8001 ]
17:58:13[[L] 0010 ]
17:58:13[[V] 7200031906045572]
17:59:03[TX <CMD> GIX]
17:59:03[[BLK1] 018:]
17:59:03[[T] 0x0001 ]
17:59:03[[L] 000E ]
17:59:03[[V] 808080808080801]
17:59:03[RX <CMD> GIX <RES> 000]
17:59:03[[BLK1] 113:]
17:59:03[[T] 0x8004 ]
17:59:03[[L] 0006 ]
17:59:03[[V] GERTEC]
17:59:03[[T] 0x8003 ]
17:59:03[[L] 000D ]
17:59:03[[V] PPC-930;192MB]
17:59:03[[T] 0x8005 ]
17:59:03[[L] 000A ]
17:59:03[[V] 1200000000]
17:59:03[[T] 0x8006 ]
17:59:03[[L] 0014 ]
17:59:03[[V] 1202.11403.VR0012  @]
17:59:03[[T] 0x8007 ]
17:59:03[[L] 0004 ]
17:59:03[[V] 2.03]
17:59:03[[T] 0x8008 ]
17:59:03[[L] 0010 ]
17:59:03[[V] 001.12 160914   ]
17:59:03[[T] 0x8001 ]
17:59:03[[L] 0010 ]
17:59:03[[V] 7200031906045572]
17:59:04[TX]RMC032  TRANSACAO OK                  
17:59:06[RX]RMC000
17:59:06[TX]{18}
17:59:06[RX]{04}
17:59:06[TX]CLO032** Pay&Go Web ** (c) 2019 SETIS 
17:59:06[RX]{16}
17:59:06[RX]CLO000{17}
17:59:07[TX]{18}
17:59:07[RX]{04}
17:59:07[TX]OPN5230256951B2614256D148E586C384E56395183C13CA15CF1F68A4ECE80E7AC1AAE3335AF804C2D5B7627554E421CFBF38FEFB637DBA275AF5FD58497FF3DECDF95F79F9D7EC6D687FFC6DECE983E52D7E64EB5FE126AE3A1D375B40DCB7881D7ECFBA6EC1A08A7437B1DA60CB9119533E794BC38FA4FDDD122218729389003E422110000711CE6C69081788B3BD2AF18D2E7C37A76300AC3FB23E4107DA72FBC718FDB37291F183C20FA97616A41D4D6591D28EE81C5C8EB89B4936309DE912A8F96ED0E075121E2406BBD9EE2C0AC6BF323D1D5001CF2BD9E56B72FD306E341F99B786697E4794C91FE2AD33EE68E689D917313615D985253EFAC2C968FA46FDDB86B30103E9
17:59:07[RX]OPN000515256896BC51A637353C23D54C6BA1B336B9D61306602FFDCBE0EEB794F55AFE36F999FAB19EB322B8E3E25BF8F16EBC4DCD40D3BF784D2011D151CF5CD5FBDD171FD226D894C90B5CC92AA8D478714D58C519565085423A113F126FA39DB11A9FB2828D222E16B00CB1D7F5549E5099C398F276DDF9E2B9E2B0CD10DE18647E4E473AC048BBF1BA48CE048E353CC63051899F65448A7D136CB54AFE56D5F4A22B4D0917185EB19B63556FD3E86B968428A97592479156147A725843A03802E25AAE5DAE7FAF2BA4A19EE541B4669E5324102E24E6E95AE56897CC2D99661D8F0C2CD9748BE5F9D77BDD8ACDFD5DB83BDFF4D606B8CD83E9E677203FFEAB264C8ED04
17:59:07[TX <CMD> GIX]
17:59:07[[BLK1] 018:]
17:59:07[[T] 0x0001 ]
17:59:07[[L] 000E ]
17:59:07[[V] 808080808080801]
17:59:07[RX <CMD> GIX <RES> 000]
17:59:07[[BLK1] 113:]
17:59:07[[T] 0x8004 ]
17:59:07[[L] 0006 ]
17:59:07[[V] GERTEC]
17:59:07[[T] 0x8003 ]
17:59:07[[L] 000D ]
17:59:07[[V] PPC-930;192MB]
17:59:07[[T] 0x8005 ]
17:59:07[[L] 000A ]
17:59:07[[V] 1200000000]
17:59:07[[T] 0x8006 ]
17:59:07[[L] 0014 ]
17:59:07[[V] 1202.11403.VR0012  @]
17:59:07[[T] 0x8007 ]
17:59:07[[L] 0004 ]
17:59:07[[V] 2.03]
17:59:07[[T] 0x8008 ]
17:59:07[[L] 0010 ]
17:59:07[[V] 001.12 160914   ]
17:59:07[[T] 0x8001 ]
17:59:07[[L] 0010 ]
17:59:07[[V] 7200031906045572]
18:00:48[TX <CMD> GIX]
18:00:48[[BLK1] 018:]
18:00:48[[T] 0x0001 ]
18:00:48[[L] 000E ]
18:00:48[[V] 808080808080801]
18:00:48[RX <CMD> GIX <RES> 000]
18:00:48[[BLK1] 113:]
18:00:48[[T] 0x8004 ]
18:00:48[[L] 0006 ]
18:00:48[[V] GERTEC]
18:00:48[[T] 0x8003 ]
18:00:48[[L] 000D ]
18:00:48[[V] PPC-930;192MB]
18:00:48[[T] 0x8005 ]
18:00:48[[L] 000A ]
18:00:48[[V] 1200000000]
18:00:48[[T] 0x8006 ]
18:00:48[[L] 0014 ]
18:00:48[[V] 1202.11403.VR0012  @]
18:00:48[[T] 0x8007 ]
18:00:48[[L] 0004 ]
18:00:48[[V] 2.03]
18:00:48[[T] 0x8008 ]
18:00:48[[L] 0010 ]
18:00:48[[V] 001.12 160914   ]
18:00:48[[T] 0x8001 ]
18:00:48[[L] 0010 ]
18:00:48[[V] 7200031906045572]
18:00:56[TX <CMD> GIX]
18:00:56[[BLK1] 006:]
18:00:56[[T] 0x0001 ]
18:00:56[[L] 0002 ]
18:00:56[[V] 907]
18:00:56[RX <CMD> GIX <RES> 000]
18:00:56[[BLK1] 014:]
18:00:56[[T] 0x9307 ]
18:00:56[[L] 000A ]
18:00:56[[V] 9B34AD2E2C]
18:00:57[TX]DSP032  ATUALIZANDO       TABELAS     
18:00:57[RX]DSP000
18:00:57[TX <CMD> GIX]
18:00:57[[BLK1] 018:]
18:00:57[[T] 0x0001 ]
18:00:57[[L] 000E ]
18:00:57[[V] 808080808080801]
18:00:57[RX <CMD> GIX <RES> 000]
18:00:57[[BLK1] 113:]
18:00:57[[T] 0x8004 ]
18:00:57[[L] 0006 ]
18:00:57[[V] GERTEC]
18:00:57[[T] 0x8003 ]
18:00:57[[L] 000D ]
18:00:57[[V] PPC-930;192MB]
18:00:57[[T] 0x8005 ]
18:00:57[[L] 000A ]
18:00:57[[V] 1200000000]
18:00:57[[T] 0x8006 ]
18:00:57[[L] 0014 ]
18:00:57[[V] 1202.11403.VR0012  @]
18:00:57[[T] 0x8007 ]
18:00:57[[L] 0004 ]
18:00:57[[V] 2.03]
18:00:57[[T] 0x8008 ]
18:00:57[[L] 0010 ]
18:00:57[[V] 001.12 160914   ]
18:00:57[[T] 0x8001 ]
18:00:57[[L] 0010 ]
18:00:57[[V] 7200031906045572]
18:00:57[TX]TLI012078B66F0FE50
18:00:58[RX]TLI020
18:00:58[TX <CMD> GIX]
18:00:58[[BLK1] 018:]
18:00:58[[T] 0x0001 ]
18:00:58[[L] 000E ]
18:00:58[[V] 808080808080801]
18:00:58[RX <CMD> GIX <RES> 000]
18:00:58[[BLK1] 113:]
18:00:58[[T] 0x8004 ]
18:00:58[[L] 0006 ]
18:00:58[[V] GERTEC]
18:00:58[[T] 0x8003 ]
18:00:58[[L] 000D ]
18:00:58[[V] PPC-930;192MB]
18:00:58[[T] 0x8005 ]
18:00:58[[L] 000A ]
18:00:58[[V] 1200000000]
18:00:58[[T] 0x8006 ]
18:00:58[[L] 0014 ]
18:00:58[[V] 1202.11403.VR0012  @]
18:00:58[[T] 0x8007 ]
18:00:58[[L] 0004 ]
18:00:58[[V] 2.03]
18:00:58[[T] 0x8008 ]
18:00:58[[L] 0010 ]
18:00:58[[V] 001.12 160914   ]
18:00:58[[T] 0x8001 ]
18:00:58[[L] 0010 ]
18:00:58[[V] 7200031906045572]
18:00:58[TX]TLR316013141070507A000000442101000000000000000000001CABAL CREDIT    0300022000200007698600207260590001790000   60798E0E8C06000F0F00122F8708CF8001010000000F8708CF80000000000R000000000000000000000000000000000000000000000000000000000000000000000000000000000000000000000000000000000000000Y1Z1Y3Z3000000000000000000000000000000
18:00:58[RX]TLR000
18:00:58[TX]TLR316013141070607A000000442201000000000000000000002CABAL DEBIT     0300022000200007698600207260590001790000   60798E0E8C06000F0F00122F8708CF8001010000000F8708CF80000000000R000000000000000000000000000000000000000000000000000000000000000000000000000000000000000000000000000000000000000Y1Z1Y3Z3000000000000000000000000000000
18:00:58[RX]TLR000
18:00:58[TX]TLR316013141070707A000000459101000000000000000000001SOROCRED CREDITO032B000003000007698600207260590001790000   60798E0F0C86000F0F00122F87088E8000000000000F8F8FCE80000000000R000000000000000000000000000000000000000000000000000000000000000000000000000000000000000000000000000000000000000Y1Z1Y3Z3000000000000000000000000000000
18:00:58[RX]TLR000
18:00:58[TX]TLR316013141070807A000000459201000000000000000000002SOROCRED DEBITO 032B000003000007698600207260590001790000   60798E0F0C86000F0F00122F87088E8000000000000F8F8FCE80000000000R000000000000000000000000000000000000000000000000000000000000000000000000000000000000000000000000000000000000000Y1Z1Y3Z3000000000000000000000000000000
18:00:58[RX]TLR000
18:00:58[TX]TLR316013141071307A000000552201000000000000000000002BANESECARD DEB  0300020002000207698600207260590001790000   60798E0F0A06000F0F0012200000000000000000000000000000000000000R000000000000000000000000000000000000000000000000000000000000000000000000000000000000000000000000000000000000000Y1Z1Y3Z3000000000000000000000000000000
18:00:58[RX]TLR000
18:00:58[TX]TLR316013141071407A00000038800B000000000000000000002TICKET RESTAURAN03ED05ED82000007698600207260590001790000   60798E0F0C87000F0F00122CC58BC80000000000000CC78FCF80000000000R000000000000000000000000000000000000000000000000000000000000000000000000000000000000000000000000000000000000000Y1Z1Y3Z3000000000000000000000000000000
18:00:58[RX]TLR000
18:00:58[TX]TLR316013141071507A00000038800B100000000000000000002TICKET ALIMENTA 03ED05ED82000007698600207260590001790000   60798E0F0C87000F0F00122CC58BC80000000000000CC78FCF80000000000R000000000000000000000000000000000000000000000000000000000000000000000000000000000000000000000000000000000000000Y1Z1Y3Z3000000000000000000000000000000
18:00:58[RX]TLR000
18:00:58[TX]TLR316013141071607A00000038800B500000000000000000002TICKET REDE     03ED05ED82000007698600207260590001790000   60798E0F0C87000F0F00122CC58BC80000000000000CC78FCF80000000000R000000000000000000000000000000000000000000000000000000000000000000000000000000000000000000000000000000000000000Y1Z1Y3Z3000000000000000000000000000000
18:00:59[RX]TLR000
18:00:59[TX]TLR316013141070107A000000003101000000000000000000001CREDIT          030096008C008D07698600207260590001790000   60798E0F0C87000F0A00122DC4000A8000010000000DC4004F80000000000R00000000000000000000000000000009F02065F2A029A039C0195059F370400000000009F37040000000000000000000000000000000000Y1Z1Y3Z3000000000000000000000000000000
18:00:59[RX]TLR000
18:00:59[TX]TLR316013141070207A000000003201000000000000000000002DEBIT           030096008C008D07698600207260590001790000   60798E0F0C87000F0A00122DC4000A8000010000000DC4004F80000000000R00000000000000000000000000000009F02065F2A029A039C0195059F370400000000009F37040000000000000000000000000000000000Y1Z1Y3Z3000000000000000000000000000000
18:00:59[RX]TLR000
18:00:59[TX]TLR316013141070307A000000004101000000000000000000001MASTERCARD      0300020002000207698600207260590001790000   60798E0F0C8F000F0A00122FC50ACA0000000000000FC50ACF80000000000R00000000000000000000000000000009F02065F2A029A039C0195059F370400000000009F37040000000000000000000000000000000000Y1Z1Y3Z3000000000000000000000000000000
18:00:59[RX]TLR000
18:00:59[TX]TLR316013141070407A000000004306000000000000000000002MAESTRO         0300020002000207698600207260590001790000   60798E0D0C8F000F0A00122FC50ACA0000000000000FC50ACF80000000000R00000000000000000000000000000009F02065F2A029A039C0195059F370400000000009F37040000000000000000000000000000000000Y1Z1Y3Z3000000000000000000000000000000
18:00:59[RX]TLR000
18:00:59[TX]TLR316013141072107A000000442301100000000000000000002CABAL REFEICAO  0300022000200007698600207260590001790000   60798E0E8C0F878ACF80022F878ACF8001010000000F878ACF80000000000R000000000000000000000000000000000000000000000000000000000000000000000000000000000000000000000000000000000000000Y1Z1Y3Z3000000000000000000000000000000
18:00:59[RX]TLR000
18:00:59[TX]TLR316013141072207A000000442301200000000000000000002CABAL VALE CULT 0300022000200007698600207260590001790000   60798E0E8C0F878ACF80022F878ACF8001010000000F878ACF80000000000R000000000000000000000000000000000000000000000000000000000000000000000000000000000000000000000000000000000000000Y1Z1Y3Z3000000000000000000000000000000
18:00:59[RX]TLR000
18:00:59[TX]TLR316013141072307A000000442301300000000000000000002CABAL COMBUSTIV 0300022000200007698600207260590001790000   60798E0E8C0F878ACF80022F878ACF8001010000000F878ACF80000000000R000000000000000000000000000000000000000000000000000000000000000000000000000000000000000000000000000000000000000Y1Z1Y3Z3000000000000000000000000000000
18:00:59[RX]TLR000
18:00:59[TX]TLR316013141072407A000000442301400000000000000000002CABAL CESTA ALIM0300022000200007698600207260590001790000   60798E0E8C0F878ACF80022F878ACF8001010000000F878ACF80000000000R000000000000000000000000000000000000000000000000000000000000000000000000000000000000000000000000000000000000000Y1Z1Y3Z3000000000000000000000000000000
18:00:59[RX]TLR000
18:00:59[TX]TLR316013141070907A000000459301000000000000000000002SOROCRED VOUCHER032B000003000007698600207260590001790000   60798E0F0C86000F0F00122F87088E8000000000000F8F8FCE80000000000R000000000000000000000000000000000000000000000000000000000000000000000000000000000000000000000000000000000000000Y1Z1Y3Z3000000000000000000000000000000
18:00:59[RX]TLR000
18:00:59[TX]TLR316013141071007A000000555B12000000000000000000001BANESCARD CRED  0300030002000107698600207260590001790000   60798E0E880F600F0F00122F87088E8000000000000F8F8FCE80000000000R000000000000000000000000000000000000000000000000000000000000000000000009F37040000000000000000000000000000000000Y1Z1Y3Z3000000000000000000000000000000
18:00:59[RX]TLR000
18:00:59[TX]TLR316013141071107A000000555B11000000000000000000002BANESCARD DEBITO0300030002000107698600207260590001790000   60798E0E880F600F0F00122F87088E8000000000000F8F8FCE80000000000R000000000000000000000000000000000000000000000000000000000000000000000009F37040000000000000000000000000000000000Y1Z1Y3Z3000000000000000000000000000000
18:00:59[RX]TLR000
18:00:59[TX]TLR316013141071207A000000552101000000000000000000001BANESECARD CRED 0300020002000207698600207260590001790000   60798E0F0A06000F0F0012200000000000000000000000000000000000000R000000000000000000000000000000000000000000000000000000000000000000000000000000000000000000000000000000000000000Y1Z1Y3Z3000000000000000000000000000000
18:01:00[RX]TLR000
18:01:00[TX]TLR316013141072909A000000003050760100000000000000001ELO CRED VIS    0300010001000107698600207260590001790000   60798E0F0C87000F0F00122FC408480000010000000FC6084900000000000R000000000000000000000000000000000000000000000000000000000000000000000000000000000000000000000000000000000000000Y1Z1Y3Z3000000000000000000000000000000
18:01:00[RX]TLR000
18:01:00[TX]TLR316013141073009A000000003050760200000000000000002ELO DEBIT VIS   0300010001000107698600207260590001790000   60798E0F0C87000F0F00122FC408480000010000000FC6084900000000000R000000000000000000000000000000000000000000000000000000000000000000000000000000000000000000000000000000000000000Y1Z1Y3Z3000000000000000000000000000000
18:01:00[RX]TLR000
18:01:00[TX]TLR316013141073109A000000152301010100000000000000001ELO CRED INTERNA0300010001000107698600207260590001790000   60798E0F0C87000F0F00122FC408480000010000000FC6084900000000000R000000000000000000000000000000000000000000000000000000000000000000000000000000000000000000000000000000000000000Y1Z1Y3Z3000000000000000000000000000000
18:01:00[RX]TLR000
18:01:00[TX]TLR316013141073209A000000152301020100000000000000002ELO DEBIT INTER 0300010001000107698600207260590001790000   60798E0F0C87000F0F00122FC408480000010000000FC6084900000000000R000000000000000000000000000000000000000000000000000000000000000000000000000000000000000000000000000000000000000Y1Z1Y3Z3000000000000000000000000000000
18:01:00[RX]TLR000
18:01:00[TX]TLR316013141071707A00000038800B300000000000000000002TICKET CULTURA  03ED05ED82000007698600207260590001790000   60798E0F0C87000F0F00122CC58BC80000000000000CC78FCF80000000000R000000000000000000000000000000000000000000000000000000000000000000000000000000000000000000000000000000000000000Y1Z1Y3Z3000000000000000000000000000000
18:01:00[RX]TLR000
18:01:00[TX]TLR316013141071807A00000038800B400000000000000000002TICKET BENEFCITS03ED05ED82000007698600207260590001790000   60798E0F0C87000F0F00122CC58BC80000000000000CC78FCF80000000000R000000000000000000000000000000000000000000000000000000000000000000000000000000000000000000000000000000000000000Y1Z1Y3Z3000000000000000000000000000000
18:01:00[RX]TLR000
18:01:00[TX]TLR316013141071907A00000038800B600000000000000000002TICKET TOP PREM 03ED05ED82000007698600207260590001790000   60798E0F0C87000F0F00122CC58BC80000000000000CC78FCF80000000000R000000000000000000000000000000000000000000000000000000000000000000000000000000000000000000000000000000000000000Y1Z1Y3Z3000000000000000000000000000000
18:01:00[RX]TLR000
18:01:00[TX]TLR316013141072007A000000442301000000000000000000002CABAL ALIMENTAC 0300022000200007698600207260590001790000   60798E0E8C0F878ACF80022F878ACF8001010000000F878ACF80000000000R000000000000000000000000000000000000000000000000000000000000000000000000000000000000000000000000000000000000000Y1Z1Y3Z3000000000000000000000000000000
18:01:00[RX]TLR000
18:01:00[TX]TLR316013141073707A000000494505000000000000000000002ELO CULTURA     0300010001000107698600207260590001790000   60798E0F0C87000F0F00122FC408480000010000000FC6084900000000000R000000000000000000000000000000000000000000000000000000000000000000000000000000000000000000000000000000000000000Y1Z1Y3Z3000000000000000000000000000000
18:01:00[RX]TLR000
18:01:00[TX]TLR316013141073807A000000427101000000000000000000001HIPERCARD CRED  0300020002000207698600207260590001790000   60798E0F0C8F000F0A00122FC50ACA0000000000000FC50ACF80000000000R00000000000000000000000000000009F02065F2A029A039C0195059F370400000000009F37040000000000000000000000000000000000Y1Z1Y3Z3000000000000000000000000000000
18:01:01[RX]TLR000
18:01:01[TX]TLR316013141072507A000000442401000000000000000000002CABAL PEDAGIO   0300022000200007698600207260590001790000   60798E0E8C0F878ACF80022F878ACF8001010000000F878ACF80000000000R000000000000000000000000000000000000000000000000000000000000000000000000000000000000000000000000000000000000000Y1Z1Y3Z3000000000000000000000000000000
18:01:01[RX]TLR000
18:01:01[TX]TLR316013141072607A000000494101000000000000000000001ELO CREDITO     0300010001000107698600207260590001790000   60798E0F0C87000F0F00122FC408480000010000000FC6084900000000000R000000000000000000000000000000000000000000000000000000000000000000000000000000000000000000000000000000000000000Y1Z1Y3Z3000000000000000000000000000000
18:01:01[RX]TLR000
18:01:01[TX]TLR316013141072707A000000494201000000000000000000002ELO DEBITO      0300010001000107698600207260590001790000   60798E0F0C87000F0F00122FC408480000010000000FC6084900000000000R000000000000000000000000000000000000000000000000000000000000000000000000000000000000000000000000000000000000000Y1Z1Y3Z3000000000000000000000000000000
18:01:01[RX]TLR000
18:01:01[TX]TLR316013141072807A000000494401000000000000000000001ELO PRE PAGO    0300010001000107698600207260590001790000   60798E0F0C87000F0F00122FC408480000010000000FC6084900000000000R000000000000000000000000000000000000000000000000000000000000000000000000000000000000000000000000000000000000000Y1Z1Y3Z3000000000000000000000000000000
18:01:01[RX]TLR000
18:01:01[TX]TLR316013141073307A000000494501000000000000000000002ELO REFEICAO    0300010001000107698600207260590001790000   60798E0F0C87000F0F00122FC408480000010000000FC6084900000000000R000000000000000000000000000000000000000000000000000000000000000000000000000000000000000000000000000000000000000Y1Z1Y3Z3000000000000000000000000000000
18:01:01[RX]TLR000
18:01:01[TX]TLR316013141073407A000000494502000000000000000000002ELO ALIAMENTACAO0300010001000107698600207260590001790000   60798E0F0C87000F0F00122FC408480000010000000FC6084900000000000R000000000000000000000000000000000000000000000000000000000000000000000000000000000000000000000000000000000000000Y1Z1Y3Z3000000000000000000000000000000
18:01:01[RX]TLR000
18:01:01[TX]TLR316013141073507A000000494503000000000000000000002ELO AUTO        0300010001000107698600207260590001790000   60798E0F0C87000F0F00122FC408480000010000000FC6084900000000000R000000000000000000000000000000000000000000000000000000000000000000000000000000000000000000000000000000000000000Y1Z1Y3Z3000000000000000000000000000000
18:01:01[RX]TLR000
18:01:01[TX]TLR316013141073607A000000494504000000000000000000002ELO MOBILE      0300010001000107698600207260590001790000   60798E0F0C87000F0F00122FC408480000010000000FC6084900000000000R000000000000000000000000000000000000000000000000000000000000000000000000000000000000000000000000000000000000000Y1Z1Y3Z3000000000000000000000000000000
18:01:01[RX]TLR000
18:01:01[TX]TLR6130161120701A00000000308001030000176D9FD6ED75D51D0E30664BD157023EAA1FFA871E4DA65672B863D255E81E137A51DE4F72BCC9E44ACE12127F87E263D3AF9DD9CF35CA4A7B01E907000BA85D24954C2FCA3074825DDD4C0C8F186CB020F683E02F2DEAD3969133F06F7845166ACEB57CA0FC2603445469811D293BFEFBAFAB57631B3DD91E796BF850A25012F1AE38F05AA5C4D6D03B1DC2E568612785938BBC9B3CD3A910C1DA55A5A9218ACE0F7A21287752682F15832A678D6E1ED0B00000000000000000000000000000000000000000000000000000000000000000000000000000000000000000000000000000000000000000000000000000000000000000000000000000000000000000000000000000000000000000000000000000000000000000000000000000000000
18:01:01[RX]TLR000
18:01:01[TX]TLR6130161120702A00000000404001030000144A6DA428387A502D7DDFB7A74D3F412BE762627197B25435B7A81716A700157DDD06F7CC99D6CA28C2470527E2C03616B9C59217357C2674F583B3BA5C7DCF2838692D023E3562420B4615C439CA97C44DC9A249CFCE7B3BFB22F68228C3AF13329AA4A613CF8DD853502373D62E49AB256D2BC17120E54AEDCED6D96A4287ACC5C04677D4A5A320DB8BEE2F775E5FEC5000000000000000000000000000000000000000000000000000000000000000000000000000000000000000000000000000000000000000000000000000000000000000000000000000000000000000000000000000000000000000000000000000000000000000000000000000000000000000000000000000000000000000000000000000000000000000000000000000
18:01:02[RX]TLR000
18:01:02[TX]TLR6130161120703A00000000406001030000248CB26FC830B43785B2BCE37C81ED334622F9622F4C89AAE641046B2353433883F307FB7C974162DA72F7A4EC75D9D657336865B8D3023D3D645667625C9A07A6B7A137CF0C64198AE38FC238006FB2603F41F4F3BB9DA1347270F2F5D8C606E420958C5F7D50A71DE30142F70DE468889B5E3A08695B938A50FC980393A9CBCE44AD2D64F630BB33AD3F5F5FD495D31F37818C1D94071342E07F1BEC2194F6035BA5DED3936500EB82DFDA6E8AFB655B1EF3D0D7EBF86B66DD9F29F6B1D324FE8B26CE38AB2013DD13F611E7A594D675C4432350EA244CC34F3873CBA06592987A1D7E852ADC22EF5A2EE28132031E48F74037E3B34AB747F00000000000000000000000000000000000000000000000000000000000000000000000000000000000
18:01:02[RX]TLR000
18:01:02[TX]TLR6130161120704A00000000307001030000144A89F25A56FA6DA258C8CA8B40427D927B4A1EB4D7EA326BBB12F97DED70AE5E4480FC9C5E8A972177110A1CC318D06D2F8F5C4844AC5FA79A4DC470BB11ED635699C17081B90F1B984F12E92C1C529276D8AF8EC7F28492097D8CD5BECEA16FE4088F6CFAB4A1B42328A1B996F9278B0B7E3311CA5EF856C2F888474B83612A82E4E00D0CD4069A6783140433D50725F000000000000000000000000000000000000000000000000000000000000000000000000000000000000000000000000000000000000000000000000000000000000000000000000000000000000000000000000000000000000000000000000000000000000000000000000000000000000000000000000000000000000000000000000000000000000000000000000000
18:01:02[RX]TLR000
18:01:02[TX]TLR6130161120705A00000044202003010001248B1C70B540AB632FA7A9587B1D5C0B146F3D6421501EDA78A494C586A21835703442EF116B58ED772EAC51B7F0D614F37E355612EC99482EF6A3E4CD3DB37117BCD73F78107EE899F303E9659F3DF2BB72D4811D18D9ECCDCE033949771C0455FDB36DEFDCA45A77014C28AE882042756140486406B14EB53CE04F20D5B47A3E4AAD955975DE49F56E483CA5431137DC948B9D45E5F1E2C28D7C3F8632A2AB5DD4794A03645FFACB481701167D5B105976C2C0132BBBC4F28C34BCDACC96E9E43440E51B3155C3DCFFFE6A6025AB9C2F34DAA8712A1173530A0C0CF9E2199A8A7B88F95347108AA8E31F9C7110F714D2D6570E35E6FF50DDB00000000000000000000000000000000000000000000000000000000000000000000000000000000000
18:01:02[RX]TLR000
18:01:02[TX]TLR6130161120706A000000003090010300002489D912248DE0A4E39C1A7DDE3F6D2588992C1A4095AFBD1824D1BA74847F2BC4926D2EFD904B4B54954CD189A54C5D1179654F8F9B0D2AB5F0357EB642FEDA95D3912C6576945FAB897E7062CAA44A4AA06B8FE6E3DBA18AF6AE3738E30429EE9BE03427C9D64F695FA8CAB4BFE376853EA34AD1D76BFCAD15908C077FFE6DC5521ECEF5D278A96E26F57359FFAEDA19434B937F1AD999DC5C41EB11935B44C18100E857F431A4A5A6BB65114F174C2D7B59FDF237D6BB1DD0916E644D709DED56481477C75D95CDD68254615F7740EC07F330AC5D67BCD75BF23D28A140826C026DBDE971A37CD3EF9B8DF644AC385010501EFC6509D7A4100000000000000000000000000000000000000000000000000000000000000000000000000000000000
18:01:02[RX]TLR000
18:01:02[TX]TLR6130161120707A00000055510003010001176C2C70441B08547562C3E311D6DAF742B160F4730BA5FBD304EA4FC6F03432758A16D97F96770690D0688AADB50A6AEF5B8372A91A9E7DC13B4AF1980C865EC879B5B4D8979EE48EA62A629D5E32586915BF174C43871ECD9CFD46EDCDA52BCF94E1B62012219492E0D817D9E39878A6F43DE54ED53E58BC900A4A0D14C419E517F1F0BC267E71C428AD73F9776283A6E31669167D079786CF13274E3F85D866F1885B53375A8D49B2ED96EB271FDB27900000000000000000000000000000000000000000000000000000000000000000000000000000000000000000000000000000000000000000000000000000000000000000000000000000000000000000000000000000000000000000000000000000000000000000000000000000000000
18:01:02[RX]TLR000
18:01:02[TX]TLR6130161120708A00000000405001030000176B8048ABC30C90D976336543E3FD7091C8FE4800DF820ED55E7E94813ED00555B573FECA3D84AF6131A651D66CFF4284FB13B635EDD0EE40176D8BF04B7FD1C7BACF9AC7327DFAA8AA72D10DB3B8E70B2DDD811CB4196525EA386ACC33C0D9D4575916469C4E4F53E8E1C912CC618CB22DDE7C3568E90022E6BBA770202E4522A2DD623D180E215BD1D1507FE3DC90CA310D27B3EFCCD8F83DE3052CAD1E48938C68D095AAC91B5F37E28BB49EC7ED59700000000000000000000000000000000000000000000000000000000000000000000000000000000000000000000000000000000000000000000000000000000000000000000000000000000000000000000000000000000000000000000000000000000000000000000000000000000000
18:01:02[RX]TLR000
18:01:02[TX]TLR6130161120709A000000552B1001030000176B8FE086266D264594BA6761F28A2D8ACB4A12C14E117FDE4C739CD11A270F3AB77298AD365C54B5E2E9C5330A5EF5F9A090FD262A50C13226D504AD38A4409F4A2FFBBFFAFCFAA664201FAE7B5D129CD0E4D74341FBF259019116A8404684976F0E11F1D1EBFBBE675A3FD100D15D9FC7BA272CE71BA3D8AC16AC14B8D2F8836A3E1A10A404050E23F13C8D4051A8E7B66E978696C86037BB80DE240E1CED18399305725EE057ADFD1F7875FADBE0E8D00000000000000000000000000000000000000000000000000000000000000000000000000000000000000000000000000000000000000000000000000000000000000000000000000000000000000000000000000000000000000000000000000000000000000000000000000000000000
18:01:02[RX]TLR000
18:01:02[TX]TLR6130161120710A00000044201003010001176CCFE36E1F7B63F174C52116977C579A93550F8892E45CFF9C453691FA3E8C0319AFC1477FD58A40065557A9C65028D1FFE853CD2F61B91487F488AFCD154639BABC1AB56379C49BE0F777E425C2D73C6149216304D31AA39BB15FBE84C3F171D042328049CED633B1B25A799308CCD16DDBC37DE00AA186B243CA20A8A36EE7FE171A079B51B94CA22FA0AF0EDE8345C4A2C2EC580D351D4A5890DB9673836BB24318ACCCBA96F9ED3339F5FEE05B42900000000000000000000000000000000000000000000000000000000000000000000000000000000000000000000000000000000000000000000000000000000000000000000000000000000000000000000000000000000000000000000000000000000000000000000000000000000000
18:01:03[RX]TLR000
18:01:03[TX]TLR6130161120711A00000055201001030000176E8F98FFD3245DEAEE0746436511DCADDE555122176B6661D32AD9DA4C9A0638C4BD761F87898964FDEE73BD79E58975BFE5E4BF896F39E4AD6A695E7D3A976334ECB0A7DC5749485140D3BF073B3726DC4DBA5B0FB7E78656731F6BBEEF5006D33725C1CAFBAF8A414F87C08968625BCDD8E4621898CF06FCF70A5C212CD9D811359B7C67937701A9A9846D2180E28764FB0053E38A0C60C119569C90ED0A0EB8732F18BF48E7E31011271C2B1E40A0900000000000000000000000000000000000000000000000000000000000000000000000000000000000000000000000000000000000000000000000000000000000000000000000000000000000000000000000000000000000000000000000000000000000000000000000000000000000
18:01:03[RX]TLR000
18:01:03[TX]TLR6130161120712A00000045914003010001176E5F5BCE3C76E567E5DC9375BC7250D1CD4E0C30070F5DFDDA23AA614649281395D88F43770B8F3529D29C908EEB35A182AB7FA3D9289ACAA7E2569BD23E18B9D61C8B74D1345A86027F18392366B1A2D76C6289D2B4AA424D12DFD28C2E23FFD1847A99C4F4CBAD0D7D64AD6DF9118D8D863F32280CC44A000633AD0AB612251C9CE343582E62BEB2A56947275BAE58741862A6486F7F97279FBA698373EBD4E13F5F7F0EBB35AD3F9736F3C085F55CD00000000000000000000000000000000000000000000000000000000000000000000000000000000000000000000000000000000000000000000000000000000000000000000000000000000000000000000000000000000000000000000000000000000000000000000000000000000000
18:01:03[RX]TLR000
18:01:03[TX]TLR6130161120713A0000000250E001030000144AA94A8C6DAD24F9BA56A27C09B01020819568B81A026BE9FD0A3416CA9A71166ED5084ED91CED47DD457DB7E6CBCD53E560BC5DF48ABC380993B6D549F5196CFA77DFB20A0296188E969A2772E8C4141665F8BB2516BA2C7B5FC91F8DA04E8D512EB0F6411516FB86FC021CE7E969DA94D33937909A53A57F907C40C22009DA7532CB3BE509AE173B39AD6A01BA5BB85000000000000000000000000000000000000000000000000000000000000000000000000000000000000000000000000000000000000000000000000000000000000000000000000000000000000000000000000000000000000000000000000000000000000000000000000000000000000000000000000000000000000000000000000000000000000000000000000000
18:01:03[RX]TLR000
18:01:03[TX]TLR6130161120714A00000055511003010001248C2F56D084C2C28D96545B3FF747A6A1F1DFF5C0B1D87E4824B876F1B55178D58ED1DD00D22F7324761ADBA006E749F693B9B669D0F8F5E35E1DED8DA0689AA2C29A3E5734EACC7A05240CF668B494DF015D52F2D77065CAA593A71A421D6925DBCD688121C71E10A0E683C9385640B696B0169B7A9D593FEB32170E9B57CB8316F20E96AB674E64FC2B0575546E30C1184D9C2F43260DB8BEF2619B37301A90D106DFA562BA031B5A7370807C0A396A8D136C47BF3C83229F913E71AC7AFB2BBF4527D3C716AE9277CA51DD8E1D56CBDB075CF064C751698CF129791A00FB74E310827D862DE90E8DE4EC8E247325DD3EC7D28299F767C5B00000000000000000000000000000000000000000000000000000000000000000000000000000000000
18:01:03[RX]TLR000
18:01:03[TX]TLR6130161120715A00000002510001030000248CF98DFEDB3D3727965EE7797723355E0751C81D2D3DF4D18EBAB9FB9D49F38C8C4A826B99DC9DEA3F01043D4BF22AC3550E2962A59639B1332156422F788B9C16D40135EFD1BA94147750575E636B6EBC618734C91C1D1BF3EDC2A46A43901668E0FFC136774080E888044F6A1E65DC9AAA8928DACBEB0DB55EA3514686C6A732CEF55EE27CF877F110652694A0E3484C855D882AE191674E25C296205BBB599455176FDD7BBC549F27BA5FE35336F7E29E68D783973199436633C67EE5A680F05160ED12D1665EC83D1997F10FD05BBDBF9433E8F797AEE3E9F02A34228ACE927ABE62B8B9281AD08D3DF5C7379685045D7BA5FCDE5863700000000000000000000000000000000000000000000000000000000000000000000000000000000000
18:01:03[RX]TLR000
18:01:03[TX]TLR6130161120716A000000552B2001030000248B78A48F64E5A7BBC5097FE58EA8854546B6B4511F73F377EE4B43135EBC5491A6137C12A51B646F0D141520CF270C65197811A4349E74309946DD16D859D0D055208BBBE2605836E757CD50712ED97FB3CEB548439C0F7D3147D9FCC67AAA83A42419E6BB8B519F6F8F716D7B4E5CA6ABB57408A26E28FDAA554970BF24DE342C5DA428D74EDB228AE186B12E8868EE32B6746AB72C784F3FA20455951E1344C36CD3C5798BA0C48CD90EA19AB2B4D04CEBEA804F19B52B0736EEE683544E0DD28ACE09CEAACDBD55E465795FEE8AAFB443042430A8BDF128218400B20532D8512B974E48AC6AEAA582FC04E756C1120CD154EC9CF33AC7D00000000000000000000000000000000000000000000000000000000000000000000000000000000000
18:01:03[RX]TLR000
18:01:03[TX]TLR6130161120717A00000049402001030000176BE300EA002D9720E759152B2E843D0FB1F3BA2535B1CA3AA29131571D56AB4676ECEA552C31EA85257B4B6B146D6F9505311EA14B88F4034669A3E674B7C9D2E6D47C62CA65EB7709D287AF9E2E20AB5D0CBD73C56A55990EABFD871D79A3C20BD710C0FB005FABAE6503D5DB19B6747CFDEFDF739E4C217F1959DB97FD8501C7A5BDB71D8FC506BDBABB83ACF33F44F8D8B9CD72F50BE0FBB1B141927BF4C0618F93EC1A48B2583ADF1B01EAD23FD3900000000000000000000000000000000000000000000000000000000000000000000000000000000000000000000000000000000000000000000000000000000000000000000000000000000000000000000000000000000000000000000000000000000000000000000000000000000000
18:01:03[RX]TLR000
18:01:03[TX]TLR6130161120718A000000388020010300002488C1CB1A139B95087455684F9AE2AA6FBA31BA504122DB7C194E8BE0B9AB9A9025DBB8FAFEA1AF9EE8A21CB66296611536863D43520407A57F01216CDB313679B47522821FF783C5B0BE31857EBFBA11A737940E3008D521EA019E17B559C93E21224B0B8651E7B6FD622BCC47FE62266261528CF3F130AF948B5C9087D6C6F28EEAAA73F0013EC1394C582A3F540F697443BA1E2F3D03378CB0C9122F7786821C76FF2D6FBFC827164CF609F0B26151F04C6B6A0675B3113225BD4FFB61FE230D2BBB2C335F5BDFCE30ECAA012AF180799FBC62BF8E02A17ABBB6BED510496529000ACF34EEB0F09AF438A9E7EE22FF16746DB2AD04CA7D100000000000000000000000000000000000000000000000000000000000000000000000000000000000
18:01:03[RX]TLR000
18:01:03[TX]TLR6130161120719A00000042710001030000144E32D3DB7BAFE4E5423880FB49AF6250250B91AB818139F26A67D11982440A28685256E31002EDE3A50EC9709EF20116ABA6B9E3E99F3F6CCDE397BDCE4A2AC18BCEA4EEF842BB600D12A4005F355DF03E550CFA79E4F6FDAD2DA758EF74CC69E6B60E0A2A836070532516AD23E96B93C1DAACA9DEADC81ABEB5FD6BA4480E628D059431BF15C4B28585733A82E1B45C1000000000000000000000000000000000000000000000000000000000000000000000000000000000000000000000000000000000000000000000000000000000000000000000000000000000000000000000000000000000000000000000000000000000000000000000000000000000000000000000000000000000000000000000000000000000000000000000000000
18:01:04[RX]TLR000
18:01:04[TX]TLR6130161120720A0000000250F001030000176C8D5AC27A5E1FB89978C7C6479AF993AB3800EB243996FBB2AE26B67B23AC482C4B746005A51AFA7D2D83E894F591A2357B30F85B85627FF15DA12290F70F05766552BA11AD34B7109FA49DE29DCB0109670875A17EA95549E92347B948AA1F045756DE56B707E3863E59A6CBE99C1272EF65FB66CBB4CFF070F36029DD76218B21242645B51CA752AF37E70BE1A84FF31079DC0048E928883EC4FADD497A719385C2BBBEBC5A66AA5E5655D18034EC500000000000000000000000000000000000000000000000000000000000000000000000000000000000000000000000000000000000000000000000000000000000000000000000000000000000000000000000000000000000000000000000000000000000000000000000000000000000
18:01:04[RX]TLR000
18:01:04[TX]TLR6130161120721A00000049401001030000144AAE2752517E82EFD0041A8CA6DA1C993D0961152E4F92E61448492D881D3AF055DF03CB87A4E9B72AF4D29A3FA2403E7D00BDC93CDD5746AD82BC7C4A7C9C1827578D3E391A6BEB5CA36A668BD20DB29360D479FC75CC84FDC78FE9A4C6BF754A26AB0C3153468DC87C8C244F54CC0650214835825BBE7B96985891DFA0804865C9ED562384DED56280B3B8E8176857B000000000000000000000000000000000000000000000000000000000000000000000000000000000000000000000000000000000000000000000000000000000000000000000000000000000000000000000000000000000000000000000000000000000000000000000000000000000000000000000000000000000000000000000000000000000000000000000000000
18:01:04[RX]TLR000
18:01:04[TX]TLR6130161120722A00000049403001030000248DAF1A9708C22EBACE93B1067D0DDE5AF1948DA0D9785D7AB7A04B0FBA4089B96A2616C3A7AB3D9A97032EC12218B70576E54506B922DD373E37A47BD5FB72B9D10C5DD450DB6C92454672F20AAA1C8F0AC7B9ABC71D8A1E9D0DB7B4EDD7C01AD3479EAD0A2389B86B95B186A54F6CE1E463701FE675A2CB9639A03FA271812A2552C886D0A7CD9B3D8269AD63E61C98407E914C7FA5B85E952C1F9C3BDF6E1841F3015FD8D76D0463631C8B058D1A765AD6E25210F6BD8ACB70F5A3A262DEC513A07903A86704B6F44F4E28C850AC8F1DB0E29BF57FB68729E67FAAA453B46C484E5490B027965BC0DE6B538F8B0E261BEFD1BA89C06AB5100000000000000000000000000000000000000000000000000000000000000000000000000000000000
18:01:04[RX]TLR000
18:01:04[TX]TLR6130161120723A00000042710001030000176BC1AFCF29BDA4CDDC2A07F8695C327364E9E7D9EF8484B5D0D320C2555E2B65C305371663142A7557C0F873006EC88388AAC620F45B1EE6B64335D268F68B0A19BEB187DEA342BE1C960729EADD8F053001C80BF4AADEF36B11B598972F5A9ADBF6C65C3F95378F835D8183AA3DBA15792F9AEC74CA0C4461A4A276C398D4D221119FEF8B272C03BA222D69D47DDFBCCDFE523B9122808228D6E3465C10D101630916934859B3289119378D7E77E5AE900000000000000000000000000000000000000000000000000000000000000000000000000000000000000000000000000000000000000000000000000000000000000000000000000000000000000000000000000000000000000000000000000000000000000000000000000000000000
18:01:04[RX]TLR000
18:01:04[TX]TLE
18:01:05[RX]TLE000
18:01:06[TX <CMD> GIX]
18:01:06[[BLK1] 006:]
18:01:06[[T] 0x0001 ]
18:01:06[[L] 0002 ]
18:01:06[[V] 907]
18:01:06[RX <CMD> GIX <RES> 000]
18:01:06[[BLK1] 014:]
18:01:06[[T] 0x9307 ]
18:01:06[[L] 000A ]
18:01:06[[V] 8B66F0FE50]
18:01:06[TX <CMD> GCX]
18:01:06[[BLK1] 063:]
18:01:06[[T] 0x0010 ]
18:01:06[[L] 0002 ]
18:01:06[[V] 07]
18:01:06[[T] 0x0011 ]
18:01:06[[L] 0002 ]
18:01:06[[V] 02]
18:01:06[[T] 0x0013 ]
18:01:06[[L] 000C ]
18:01:06[[V] 000000000000]
18:01:06[[T] 0x0015 ]
18:01:06[[L] 0006 ]
18:01:06[[V] 191031]
18:01:06[[T] 0x0016 ]
18:01:06[[L] 0006 ]
18:01:06[[V] 180056]
18:01:06[[T] 0x0017 ]
18:01:06[[L] 0005 ]
18:01:06[[V] 10000]
18:01:06[[T] 0x0004 ]
18:01:06[[L] 0002 ]
18:01:06[[V] 530]
18:01:14[RX]NTM000032SELECIONADO:    DEBITO          
18:01:15[RX <CMD> GCX <RES> 000]
18:01:15[[BLK1] 129:]
18:01:15[[T] 0x804F ]
18:01:15[[L] 0002 ]
18:01:15[[V] 03]
18:01:15[[T] 0x8051 ]
18:01:15[[L] 0006 ]
18:01:15[[V] 070202]
18:01:15[[T] 0x8052 ]
18:01:15[[L] 0010 ]
18:01:15[[V] ****************]
18:01:15[[T] 0x8042 ]
18:01:15[[L] 0018 ]
18:01:15[[V] ************************]
18:01:15[[T] 0x8053 ]
18:01:15[[L] 0002 ]
18:01:15[[V] 00]
18:01:15[[T] 0x8055 ]
18:01:15[[L] 0013 ]
18:01:15[[V] CARLOS ALBERTO LIVI]
18:01:15[[T] 0x805B ]
18:01:15[[L] 0006 ]
18:01:15[[V] DEBITO]
18:01:15[[T] 0x805C ]
18:01:15[[L] 0003 ]
18:01:15[[V] 076]
18:01:15[[T] 0x805D ]
18:01:15[[L] 0006 ]
18:01:15[[V] 150630]
18:01:15[[T] 0x8054 ]
18:01:15[[L] 0005 ]
18:01:15[[V] 530006]
18:01:15[TX <CMD> GTK]
18:01:15[[BLK1] 008:]
18:01:15[[T] 0x0007 ]
18:01:15[[L] 0004 ]
18:01:15[[V] 1010]
18:01:15[RX <CMD> GTK <RES> 000]
18:01:15[[BLK1] 035:]
18:01:15[[T] 0x804A ]
18:01:15[[L] 0008 ]
18:01:15[[V] ********]
18:01:15[[T] 0x8045 ]
18:01:15[[L] 0013 ]
18:01:15[[V] *******************]
18:01:16[TX]DSP032 PROCESSANDO...                 
18:01:16[RX]DSP000
18:01:16[TX]DSP032 PROCESSANDO...                 
18:01:16[RX]DSP000
18:01:31[TX <CMD> GOX]
18:01:31[[BLK1] 115:]
18:01:31[[T] 0x0010 ]
18:01:31[[L] 0002 ]
18:01:31[[V] 07]
18:01:31[[T] 0x0013 ]
18:01:31[[L] 000C ]
18:01:31[[V] 000000001000]
18:01:31[[T] 0x0018 ]
18:01:31[[L] 0005 ]
18:01:31[[V] 01000]
18:01:31[[T] 0x0002 ]
18:01:31[[L] 0001 ]
18:01:31[[V] 3]
18:01:31[[T] 0x0009 ]
18:01:31[[L] 0002 ]
18:01:31[[V] 08]
18:01:31[[T] 0x000C ]
18:01:31[[L] 0001 ]
18:01:31[[V] 30]
18:01:31[[T] 0x001A ]
18:01:31[[L] 000A ]
18:01:31[[V] 00000000020]
18:01:31[[T] 0x0004 ]
18:01:31[[L] 0032 ]
18:01:31[[V] 488999090919192929393990525293919352939499191535917]
18:01:31[RX]NTM000032SOLICITE A SENHA                
18:01:43[RX <CMD> GOX <RES> 000]
18:01:43[[BLK1] 210:]
18:01:43[[T] 0x8056 ]
18:01:43[[L] 0006 ]
18:01:43[[V] 202000]
18:01:43[[T] 0x8057 ]
18:01:43[[L] 0008 ]
18:01:43[[V] 589FC2E01]
18:01:43[[T] 0x804C ]
18:01:43[[L] 000A ]
18:01:43[[V] FF0091F0005]
18:01:43[[T] 0x8054 ]
18:01:43[[L] 00AA ]
18:01:43[[V] 80A00002180509044080900900000000900A0000219100000AB0910079206528A431920893003930E56B901139000000105200852010393000091000930EFC52007930290E09104444549100530050545444445544E]
18:01:43[TX]DSP032 PROCESSANDO...                 
18:01:44[RX]DSP000
18:01:45[TX <CMD> FCX]
18:01:45[[BLK1] 066:]
18:01:45[[T] 0x0019 ]
18:01:45[[L] 0004 ]
18:01:45[[V] 0000]
18:01:45[[T] 0x001C ]
18:01:45[[L] 0002 ]
18:01:45[[V] 00]
18:01:45[[T] 0x0004 ]
18:01:45[[L] 0030 ]
18:01:45[[V] 4889990909191929293939905252939193529394991915350]
18:01:45[RX <CMD> FCX <RES> 000]
18:01:45[[BLK1] 181:]
18:01:45[[T] 0x8058 ]
18:01:45[[L] 0003 ]
18:01:45[[V] 000]
18:01:45[[T] 0x8054 ]
18:01:45[[L] 00AA ]
18:01:45[[V] 80A00002180509044080900900000000900A00002191000006B091007920601C4182920493003930E56B901139000000105200852010393000091000930EFC52007930290E09104444549100530050545444445544E]
18:01:45[TX]RMC032  TRANSACAO OK                  
18:01:50[RX]RMC000
18:01:50[TX <CMD> GIX]
18:01:50[[BLK1] 018:]
18:01:50[[T] 0x0001 ]
18:01:50[[L] 000E ]
18:01:50[[V] 808080808080801]
18:01:51[RX <CMD> GIX <RES> 000]
18:01:51[[BLK1] 113:]
18:01:51[[T] 0x8004 ]
18:01:51[[L] 0006 ]
18:01:51[[V] GERTEC]
18:01:51[[T] 0x8003 ]
18:01:51[[L] 000D ]
18:01:51[[V] PPC-930;192MB]
18:01:51[[T] 0x8005 ]
18:01:51[[L] 000A ]
18:01:51[[V] 1200000000]
18:01:51[[T] 0x8006 ]
18:01:51[[L] 0014 ]
18:01:51[[V] 1202.11403.VR0012  @]
18:01:51[[T] 0x8007 ]
18:01:51[[L] 0004 ]
18:01:51[[V] 2.03]
18:01:51[[T] 0x8008 ]
18:01:51[[L] 0010 ]
18:01:51[[V] 001.12 160914   ]
18:01:51[[T] 0x8001 ]
18:01:51[[L] 0010 ]
18:01:51[[V] 7200031906045572]
18:02:22[TX <CMD> GIX]
18:02:22[[BLK1] 018:]
18:02:22[[T] 0x0001 ]
18:02:22[[L] 000E ]
18:02:22[[V] 808080808080801]
18:02:22[RX <CMD> GIX <RES> 000]
18:02:22[[BLK1] 113:]
18:02:22[[T] 0x8004 ]
18:02:22[[L] 0006 ]
18:02:22[[V] GERTEC]
18:02:22[[T] 0x8003 ]
18:02:22[[L] 000D ]
18:02:22[[V] PPC-930;192MB]
18:02:22[[T] 0x8005 ]
18:02:22[[L] 000A ]
18:02:22[[V] 1200000000]
18:02:22[[T] 0x8006 ]
18:02:22[[L] 0014 ]
18:02:22[[V] 1202.11403.VR0012  @]
18:02:22[[T] 0x8007 ]
18:02:22[[L] 0004 ]
18:02:22[[V] 2.03]
18:02:22[[T] 0x8008 ]
18:02:22[[L] 0010 ]
18:02:22[[V] 001.12 160914   ]
18:02:22[[T] 0x8001 ]
18:02:22[[L] 0010 ]
18:02:22[[V] 7200031906045572]
18:02:23[TX]{18}
18:02:23[RX]{04}
18:02:23[TX]CLO032** Pay&Go Web ** (c) 2019 SETIS 
18:02:23[RX]{16}
18:02:23[RX]CLO000{17}
