16:08:07[TX]{18}
16:08:07[RX]{04}
16:08:07[TX]OPN5230256951B2614256D148E586C384E56395183C13CA15CF1F68A4ECE80E7AC1AAE3335AF804C2D5B7627554E421CFBF38FEFB637DBA275AF5FD58497FF3DECDF95F79F9D7EC6D687FFC6DECE983E52D7E64EB5FE126AE3A1D375B40DCB7881D7ECFBA6EC1A08A7437B1DA60CB9119533E794BC38FA4FDDD122218729389003E422110000711CE6C69081788B3BD2AF18D2E7C37A76300AC3FB23E4107DA72FBC718FDB37291F183C20FA97616A41D4D6591D28EE81C5C8EB89B4936309DE912A8F96ED0E075121E2406BBD9EE2C0AC6BF323D1D5001CF2BD9E56B72FD306E341F99B786697E4794C91FE2AD33EE68E689D917313615D985253EFAC2C968FA46FDDB86B30103E9
16:08:07[RX]OPN00051525653AEE3187D64F4D4C09D37405EED127E156C3D91B5698DDE633636B37C29E682C7DC291C4AF13899E9B75B497D8C912C74F454A5D2B0A307A588A1C66E8C1AF50AE556EA270FCD6A9939565DDED8176185E38918F273DA03C53737AC660C9D4A47375E3EED3391ACE7208E983C1DFD9A668212EDCB4EA404B9836995FD31F2E019CDFB4757A5996B3ACC0A60F44F7FFDB32B556E603D4C3D17EBCA6D5C39C5542C029CBA95F1540C6F925DE8E2235C753A924CDC872805D2FF5D053C7473029D7B916A1A84426B88F06A981933A1F57E23D5E41675FE2AB609677B2A5225511C8BBE09E7CEC5D5956672A72936AC3078CA15EA63EFA3A1E6883E6BC1A9E3786B
16:08:07[TX <CMD> GIX]
16:08:07[[BLK1] 008:]
16:08:07[[T] 0x0001 ]
16:08:07[[L] 0004 ]
16:08:07[[V] 80807]
16:08:07[RX <CMD> GIX <RES> 000]
16:08:07[[BLK1] 028:]
16:08:07[[T] 0x8009 ]
16:08:07[[L] 0010 ]
16:08:07[[V] 001.12 160914   ]
16:08:07[[T] 0x8007 ]
16:08:07[[L] 0004 ]
16:08:07[[V] 2.03]
16:08:07[TX <CMD> GIX]
16:08:07[[BLK1] 010:]
16:08:07[[T] 0x0001 ]
16:08:07[[L] 0006 ]
16:08:07[[V] 8180807]
16:08:07[RX <CMD> GIX <RES> 000]
16:08:07[[BLK1] 036:]
16:08:07[[T] 0x8010 ]
16:08:07[[L] 0004 ]
16:08:07[[V] 1.15]
16:08:07[[T] 0x8009 ]
16:08:07[[L] 0010 ]
16:08:07[[V] 001.12 160914   ]
16:08:07[[T] 0x8007 ]
16:08:07[[L] 0004 ]
16:08:07[[V] 2.03]
16:08:07[TX <CMD> GIX]
16:08:07[[BLK1] 018:]
16:08:07[[T] 0x0001 ]
16:08:07[[L] 000E ]
16:08:07[[V] 818181818080835]
16:08:07[RX <CMD> GIX <RES> 000]
16:08:07[[BLK1] 166:]
16:08:07[[T] 0x8010 ]
16:08:07[[L] 0004 ]
16:08:07[[V] 1.15]
16:08:07[[T] 0x8011 ]
16:08:07[[L] 0004 ]
16:08:07[[V] 0010]
16:08:07[[T] 0x8012 ]
16:08:07[[L] 0005 ]
16:08:07[[V] 3.0.0]
16:08:07[[T] 0x8013 ]
16:08:07[[L] 0005 ]
16:08:07[[V] 1.0.0]
16:08:07[[T] 0x8009 ]
16:08:07[[L] 0010 ]
16:08:07[[V] 001.12 160914   ]
16:08:07[[T] 0x8007 ]
16:08:07[[L] 0004 ]
16:08:07[[V] 2.03]
16:08:07[[T] 0x8035 ]
16:08:07[[L] 0064 ]
16:08:07[[V] 0111000010100010111111110000000000000000000000000000000000000000000000000000000000000000000000000000]
16:08:07[TX <CMD> GIX]
16:08:07[[BLK1] 008:]
16:08:07[[T] 0x0001 ]
16:08:07[[L] 0004 ]
16:08:07[[V] 80807]
16:08:07[RX <CMD> GIX <RES> 000]
16:08:07[[BLK1] 028:]
16:08:07[[T] 0x8009 ]
16:08:07[[L] 0010 ]
16:08:07[[V] 001.12 160914   ]
16:08:07[[T] 0x8007 ]
16:08:07[[L] 0004 ]
16:08:07[[V] 2.03]
16:08:07[TX <CMD> GIX]
16:08:07[[BLK1] 008:]
16:08:07[[T] 0x0001 ]
16:08:07[[L] 0004 ]
16:08:07[[V] 80807]
16:08:07[RX <CMD> GIX <RES> 000]
16:08:07[[BLK1] 028:]
16:08:07[[T] 0x8009 ]
16:08:07[[L] 0010 ]
16:08:07[[V] 001.12 160914   ]
16:08:07[[T] 0x8007 ]
16:08:07[[L] 0004 ]
16:08:07[[V] 2.03]
16:08:07[TX <CMD> GIX]
16:08:07[[BLK1] 008:]
16:08:07[[T] 0x0001 ]
16:08:07[[L] 0004 ]
16:08:07[[V] 80807]
16:08:07[RX <CMD> GIX <RES> 000]
16:08:07[[BLK1] 028:]
16:08:07[[T] 0x8009 ]
16:08:07[[L] 0010 ]
16:08:07[[V] 001.12 160914   ]
16:08:07[[T] 0x8007 ]
16:08:07[[L] 0004 ]
16:08:07[[V] 2.03]
16:08:07[TX <CMD> GIX]
16:08:07[[BLK1] 008:]
16:08:07[[T] 0x0001 ]
16:08:07[[L] 0004 ]
16:08:07[[V] 80807]
16:08:08[RX <CMD> GIX <RES> 000]
16:08:08[[BLK1] 028:]
16:08:08[[T] 0x8009 ]
16:08:08[[L] 0010 ]
16:08:08[[V] 001.12 160914   ]
16:08:08[[T] 0x8007 ]
16:08:08[[L] 0004 ]
16:08:08[[V] 2.03]
16:08:08[TX <CMD> GIX]
16:08:08[[BLK1] 008:]
16:08:08[[T] 0x0001 ]
16:08:08[[L] 0004 ]
16:08:08[[V] 80807]
16:08:08[RX <CMD> GIX <RES> 000]
16:08:08[[BLK1] 028:]
16:08:08[[T] 0x8009 ]
16:08:08[[L] 0010 ]
16:08:08[[V] 001.12 160914   ]
16:08:08[[T] 0x8007 ]
16:08:08[[L] 0004 ]
16:08:08[[V] 2.03]
16:08:08[TX <CMD> GIX]
16:08:08[[BLK1] 008:]
16:08:08[[T] 0x0001 ]
16:08:08[[L] 0004 ]
16:08:08[[V] 80807]
16:08:08[RX <CMD> GIX <RES> 000]
16:08:08[[BLK1] 028:]
16:08:08[[T] 0x8009 ]
16:08:08[[L] 0010 ]
16:08:08[[V] 001.12 160914   ]
16:08:08[[T] 0x8007 ]
16:08:08[[L] 0004 ]
16:08:08[[V] 2.03]
16:08:08[TX <CMD> GIX]
16:08:08[[BLK1] 006:]
16:08:08[[T] 0x0001 ]
16:08:08[[L] 0002 ]
16:08:08[[V] 900]
16:08:08[RX <CMD> GIX <RES> 000]
16:08:08[**erro[35] PPS_iAbecsGetTag 9000]
16:08:08[TX <CMD> GIX]
16:08:08[[BLK1] 006:]
16:08:08[[T] 0x0001 ]
16:08:08[[L] 0002 ]
16:08:08[[V] 901]
16:08:08[RX <CMD> GIX <RES> 000]
16:08:08[**erro[35] PPS_iAbecsGetTag 9001]
16:08:08[TX <CMD> GIX]
16:08:08[[BLK1] 006:]
16:08:08[[T] 0x0001 ]
16:08:08[[L] 0002 ]
16:08:08[[V] 902]
16:08:08[RX <CMD> GIX <RES> 000]
16:08:08[**erro[35] PPS_iAbecsGetTag 9002]
16:08:08[TX <CMD> GIX]
16:08:08[[BLK1] 006:]
16:08:08[[T] 0x0001 ]
16:08:08[[L] 0002 ]
16:08:08[[V] 903]
16:08:08[RX <CMD> GIX <RES> 000]
16:08:08[**erro[35] PPS_iAbecsGetTag 9003]
16:08:08[TX <CMD> GIX]
16:08:08[[BLK1] 006:]
16:08:08[[T] 0x0001 ]
16:08:08[[L] 0002 ]
16:08:08[[V] 904]
16:08:08[RX <CMD> GIX <RES> 000]
16:08:08[**erro[35] PPS_iAbecsGetTag 9004]
16:08:08[TX <CMD> GIX]
16:08:08[[BLK1] 006:]
16:08:08[[T] 0x0001 ]
16:08:08[[L] 0002 ]
16:08:08[[V] 905]
16:08:08[RX <CMD> GIX <RES> 000]
16:08:08[**erro[35] PPS_iAbecsGetTag 9005]
16:08:08[TX <CMD> GIX]
16:08:08[[BLK1] 006:]
16:08:08[[T] 0x0001 ]
16:08:08[[L] 0002 ]
16:08:08[[V] 906]
16:08:08[RX <CMD> GIX <RES> 000]
16:08:08[**erro[35] PPS_iAbecsGetTag 9006]
16:08:08[TX <CMD> GIX]
16:08:08[[BLK1] 006:]
16:08:08[[T] 0x0001 ]
16:08:08[[L] 0002 ]
16:08:08[[V] 907]
16:08:08[RX <CMD> GIX <RES> 000]
16:08:08[**erro[35] PPS_iAbecsGetTag 9007]
16:08:08[TX <CMD> GIX]
16:08:08[[BLK1] 006:]
16:08:08[[T] 0x0001 ]
16:08:08[[L] 0002 ]
16:08:08[[V] 908]
16:08:08[RX <CMD> GIX <RES> 000]
16:08:08[**erro[35] PPS_iAbecsGetTag 9008]
16:08:08[TX <CMD> GIX]
16:08:08[[BLK1] 006:]
16:08:08[[T] 0x0001 ]
16:08:08[[L] 0002 ]
16:08:08[[V] 909]
16:08:08[RX <CMD> GIX <RES> 000]
16:08:08[**erro[35] PPS_iAbecsGetTag 9009]
16:08:08[TX <CMD> GIX]
16:08:08[[BLK1] 006:]
16:08:08[[T] 0x0001 ]
16:08:08[[L] 0002 ]
16:08:08[[V] 90A]
16:08:09[RX <CMD> GIX <RES> 000]
16:08:09[**erro[35] PPS_iAbecsGetTag 900A]
16:08:09[TX <CMD> GIX]
16:08:09[[BLK1] 006:]
16:08:09[[T] 0x0001 ]
16:08:09[[L] 0002 ]
16:08:09[[V] 90B]
16:08:09[RX <CMD> GIX <RES> 000]
16:08:09[**erro[35] PPS_iAbecsGetTag 900B]
16:08:09[TX <CMD> GIX]
16:08:09[[BLK1] 006:]
16:08:09[[T] 0x0001 ]
16:08:09[[L] 0002 ]
16:08:09[[V] 90C]
16:08:09[RX <CMD> GIX <RES> 000]
16:08:09[**erro[35] PPS_iAbecsGetTag 900C]
16:08:09[TX <CMD> GIX]
16:08:09[[BLK1] 006:]
16:08:09[[T] 0x0001 ]
16:08:09[[L] 0002 ]
16:08:09[[V] 90D]
16:08:09[RX <CMD> GIX <RES> 000]
16:08:09[**erro[35] PPS_iAbecsGetTag 900D]
16:08:09[TX <CMD> GIX]
16:08:09[[BLK1] 006:]
16:08:09[[T] 0x0001 ]
16:08:09[[L] 0002 ]
16:08:09[[V] 90E]
16:08:09[RX <CMD> GIX <RES> 000]
16:08:09[**erro[35] PPS_iAbecsGetTag 900E]
16:08:09[TX <CMD> GIX]
16:08:09[[BLK1] 006:]
16:08:09[[T] 0x0001 ]
16:08:09[[L] 0002 ]
16:08:09[[V] 90F]
16:08:09[RX <CMD> GIX <RES> 000]
16:08:09[**erro[35] PPS_iAbecsGetTag 900F]
16:08:09[TX <CMD> GIX]
16:08:09[[BLK1] 006:]
16:08:09[[T] 0x0001 ]
16:08:09[[L] 0002 ]
16:08:09[[V] 910]
16:08:09[RX <CMD> GIX <RES> 000]
16:08:09[**erro[35] PPS_iAbecsGetTag 9010]
16:08:09[TX <CMD> GIX]
16:08:09[[BLK1] 006:]
16:08:09[[T] 0x0001 ]
16:08:09[[L] 0002 ]
16:08:09[[V] 911]
16:08:09[RX <CMD> GIX <RES> 000]
16:08:09[**erro[35] PPS_iAbecsGetTag 9011]
16:08:09[TX <CMD> GIX]
16:08:09[[BLK1] 006:]
16:08:09[[T] 0x0001 ]
16:08:09[[L] 0002 ]
16:08:09[[V] 912]
16:08:09[RX <CMD> GIX <RES> 000]
16:08:09[**erro[35] PPS_iAbecsGetTag 9012]
16:08:09[TX <CMD> GIX]
16:08:09[[BLK1] 006:]
16:08:09[[T] 0x0001 ]
16:08:09[[L] 0002 ]
16:08:09[[V] 913]
16:08:09[RX <CMD> GIX <RES> 000]
16:08:09[**erro[35] PPS_iAbecsGetTag 9013]
16:08:09[TX <CMD> GIX]
16:08:09[[BLK1] 006:]
16:08:09[[T] 0x0001 ]
16:08:09[[L] 0002 ]
16:08:09[[V] 914]
16:08:09[RX <CMD> GIX <RES> 000]
16:08:09[**erro[35] PPS_iAbecsGetTag 9014]
16:08:09[TX <CMD> GIX]
16:08:09[[BLK1] 006:]
16:08:09[[T] 0x0001 ]
16:08:09[[L] 0002 ]
16:08:09[[V] 900]
16:08:09[RX <CMD> GIX <RES> 000]
16:08:09[**erro[35] PPS_iAbecsGetTag 9100]
16:08:09[TX <CMD> GIX]
16:08:09[[BLK1] 006:]
16:08:09[[T] 0x0001 ]
16:08:09[[L] 0002 ]
16:08:09[[V] 901]
16:08:10[RX <CMD> GIX <RES> 000]
16:08:10[[BLK1] 014:]
16:08:10[[T] 0x9101 ]
16:08:10[[L] 000A ]
16:08:10[[V] FFF8140A001]
16:08:10[TX <CMD> GIX]
16:08:10[[BLK1] 006:]
16:08:10[[T] 0x0001 ]
16:08:10[[L] 0002 ]
16:08:10[[V] 902]
16:08:10[RX <CMD> GIX <RES> 000]
16:08:10[[BLK1] 014:]
16:08:10[[T] 0x9102 ]
16:08:10[[L] 000A ]
16:08:10[[V] FFF0156E003]
16:08:10[TX <CMD> GIX]
16:08:10[[BLK1] 006:]
16:08:10[[T] 0x0001 ]
16:08:10[[L] 0002 ]
16:08:10[[V] 903]
16:08:10[RX <CMD> GIX <RES> 000]
16:08:10[[BLK1] 014:]
16:08:10[[T] 0x9103 ]
16:08:10[[L] 000A ]
16:08:10[[V] FFF00108001]
16:08:10[TX <CMD> GIX]
16:08:10[[BLK1] 006:]
16:08:10[[T] 0x0001 ]
16:08:10[[L] 0002 ]
16:08:10[[V] 904]
16:08:10[RX <CMD> GIX <RES> 000]
16:08:10[**erro[35] PPS_iAbecsGetTag 9104]
16:08:10[TX <CMD> GIX]
16:08:10[[BLK1] 006:]
16:08:10[[T] 0x0001 ]
16:08:10[[L] 0002 ]
16:08:10[[V] 905]
16:08:10[RX <CMD> GIX <RES> 000]
16:08:10[**erro[35] PPS_iAbecsGetTag 9105]
16:08:10[TX <CMD> GIX]
16:08:10[[BLK1] 006:]
16:08:10[[T] 0x0001 ]
16:08:10[[L] 0002 ]
16:08:10[[V] 906]
16:08:10[RX <CMD> GIX <RES> 000]
16:08:10[**erro[35] PPS_iAbecsGetTag 9106]
16:08:10[TX <CMD> GIX]
16:08:10[[BLK1] 006:]
16:08:10[[T] 0x0001 ]
16:08:10[[L] 0002 ]
16:08:10[[V] 907]
16:08:10[RX <CMD> GIX <RES> 000]
16:08:10[**erro[35] PPS_iAbecsGetTag 9107]
16:08:10[TX <CMD> GIX]
16:08:10[[BLK1] 006:]
16:08:10[[T] 0x0001 ]
16:08:10[[L] 0002 ]
16:08:10[[V] 908]
16:08:10[RX <CMD> GIX <RES> 000]
16:08:10[[BLK1] 014:]
16:08:10[[T] 0x9108 ]
16:08:10[[L] 000A ]
16:08:10[[V] FF0091F0005]
16:08:10[TX <CMD> GIX]
16:08:10[[BLK1] 006:]
16:08:10[[T] 0x0001 ]
16:08:10[[L] 0002 ]
16:08:10[[V] 909]
16:08:10[RX <CMD> GIX <RES> 000]
16:08:10[**erro[35] PPS_iAbecsGetTag 9109]
16:08:10[TX <CMD> GIX]
16:08:10[[BLK1] 006:]
16:08:10[[T] 0x0001 ]
16:08:10[[L] 0002 ]
16:08:10[[V] 90A]
16:08:10[RX <CMD> GIX <RES> 000]
16:08:10[[BLK1] 014:]
16:08:10[[T] 0x910A ]
16:08:10[[L] 000A ]
16:08:10[[V] FFF90128001]
16:08:10[TX <CMD> GIX]
16:08:10[[BLK1] 006:]
16:08:10[[T] 0x0001 ]
16:08:10[[L] 0002 ]
16:08:10[[V] 90B]
16:08:10[RX <CMD> GIX <RES> 000]
16:08:10[**erro[35] PPS_iAbecsGetTag 910B]
16:08:10[TX <CMD> GIX]
16:08:10[[BLK1] 006:]
16:08:10[[T] 0x0001 ]
16:08:10[[L] 0002 ]
16:08:10[[V] 90C]
16:08:10[RX <CMD> GIX <RES> 000]
16:08:10[**erro[35] PPS_iAbecsGetTag 910C]
16:08:10[TX <CMD> GIX]
16:08:10[[BLK1] 006:]
16:08:10[[T] 0x0001 ]
16:08:10[[L] 0002 ]
16:08:10[[V] 90D]
16:08:11[RX <CMD> GIX <RES> 000]
16:08:11[**erro[35] PPS_iAbecsGetTag 910D]
16:08:11[TX <CMD> GIX]
16:08:11[[BLK1] 006:]
16:08:11[[T] 0x0001 ]
16:08:11[[L] 0002 ]
16:08:11[[V] 90E]
16:08:11[RX <CMD> GIX <RES> 000]
16:08:11[[BLK1] 014:]
16:08:11[[T] 0x910E ]
16:08:11[[L] 000A ]
16:08:11[[V] 6320061E001]
16:08:11[TX <CMD> GIX]
16:08:11[[BLK1] 006:]
16:08:11[[T] 0x0001 ]
16:08:11[[L] 0002 ]
16:08:11[[V] 90F]
16:08:11[RX <CMD> GIX <RES> 000]
16:08:11[**erro[35] PPS_iAbecsGetTag 910F]
16:08:11[TX <CMD> GIX]
16:08:11[[BLK1] 006:]
16:08:11[[T] 0x0001 ]
16:08:11[[L] 0002 ]
16:08:11[[V] 910]
16:08:11[RX <CMD> GIX <RES> 000]
16:08:11[[BLK1] 014:]
16:08:11[[T] 0x9110 ]
16:08:11[[L] 000A ]
16:08:11[[V] 21100F22001]
16:08:11[TX <CMD> GIX]
16:08:11[[BLK1] 006:]
16:08:11[[T] 0x0001 ]
16:08:11[[L] 0002 ]
16:08:11[[V] 911]
16:08:11[RX <CMD> GIX <RES> 000]
16:08:11[[BLK1] 014:]
16:08:11[[T] 0x9111 ]
16:08:11[[L] 000A ]
16:08:11[[V] FFF3079C001]
16:08:11[TX <CMD> GIX]
16:08:11[[BLK1] 006:]
16:08:11[[T] 0x0001 ]
16:08:11[[L] 0002 ]
16:08:11[[V] 912]
16:08:11[RX <CMD> GIX <RES> 000]
16:08:11[[BLK1] 014:]
16:08:11[[T] 0x9112 ]
16:08:11[[L] 000A ]
16:08:11[[V] B7610FB6001]
16:08:11[TX <CMD> GIX]
16:08:11[[BLK1] 006:]
16:08:11[[T] 0x0001 ]
16:08:11[[L] 0002 ]
16:08:11[[V] 913]
16:08:11[RX <CMD> GIX <RES> 000]
16:08:11[[BLK1] 014:]
16:08:11[[T] 0x9113 ]
16:08:11[[L] 000A ]
16:08:11[[V] FFF50944001]
16:08:11[TX <CMD> GIX]
16:08:11[[BLK1] 006:]
16:08:11[[T] 0x0001 ]
16:08:11[[L] 0002 ]
16:08:11[[V] 914]
16:08:11[RX <CMD> GIX <RES> 000]
16:08:11[[BLK1] 014:]
16:08:11[[T] 0x9114 ]
16:08:11[[L] 000A ]
16:08:11[[V] FFBFC84A001]
16:08:11[TX <CMD> EBX]
16:08:11[[BLK1] 036:]
16:08:11[[T] 0x000F ]
16:08:11[[L] 0008 ]
16:08:11[[V] ********]
16:08:11[[T] 0x0003 ]
16:08:11[[L] 0002 ]
16:08:11[[V] 00]
16:08:11[[T] 0x0009 ]
16:08:11[[L] 0002 ]
16:08:11[[V] 00]
16:08:11[[T] 0x000A ]
16:08:11[[L] 0008 ]
16:08:11[[V] 000000000]
16:08:11[RX <CMD> EBX <RES> 042]
16:08:11[TX <CMD> EBX]
16:08:11[[BLK1] 036:]
16:08:11[[T] 0x000F ]
16:08:11[[L] 0008 ]
16:08:11[[V] ********]
16:08:11[[T] 0x0003 ]
16:08:11[[L] 0002 ]
16:08:11[[V] 00]
16:08:11[[T] 0x0009 ]
16:08:11[[L] 0002 ]
16:08:11[[V] 01]
16:08:11[[T] 0x000A ]
16:08:11[[L] 0008 ]
16:08:11[[V] 000000000]
16:08:11[RX <CMD> EBX <RES> 042]
16:08:11[TX <CMD> EBX]
16:08:11[[BLK1] 036:]
16:08:11[[T] 0x000F ]
16:08:11[[L] 0008 ]
16:08:11[[V] ********]
16:08:11[[T] 0x0003 ]
16:08:11[[L] 0002 ]
16:08:11[[V] 00]
16:08:11[[T] 0x0009 ]
16:08:11[[L] 0002 ]
16:08:11[[V] 02]
16:08:11[[T] 0x000A ]
16:08:11[[L] 0008 ]
16:08:11[[V] 000000000]
16:08:11[RX <CMD> EBX <RES> 042]
16:08:11[TX <CMD> EBX]
16:08:11[[BLK1] 036:]
16:08:11[[T] 0x000F ]
16:08:11[[L] 0008 ]
16:08:11[[V] ********]
16:08:11[[T] 0x0003 ]
16:08:11[[L] 0002 ]
16:08:11[[V] 00]
16:08:11[[T] 0x0009 ]
16:08:11[[L] 0002 ]
16:08:11[[V] 03]
16:08:11[[T] 0x000A ]
16:08:11[[L] 0008 ]
16:08:11[[V] 000000000]
16:08:11[RX <CMD> EBX <RES> 042]
16:08:11[TX <CMD> EBX]
16:08:11[[BLK1] 036:]
16:08:11[[T] 0x000F ]
16:08:11[[L] 0008 ]
16:08:11[[V] ********]
16:08:11[[T] 0x0003 ]
16:08:11[[L] 0002 ]
16:08:11[[V] 00]
16:08:11[[T] 0x0009 ]
16:08:11[[L] 0002 ]
16:08:11[[V] 04]
16:08:11[[T] 0x000A ]
16:08:11[[L] 0008 ]
16:08:11[[V] 000000000]
16:08:11[RX <CMD> EBX <RES> 042]
16:08:11[TX <CMD> EBX]
16:08:11[[BLK1] 036:]
16:08:11[[T] 0x000F ]
16:08:11[[L] 0008 ]
16:08:11[[V] ********]
16:08:11[[T] 0x0003 ]
16:08:11[[L] 0002 ]
16:08:11[[V] 00]
16:08:11[[T] 0x0009 ]
16:08:11[[L] 0002 ]
16:08:11[[V] 05]
16:08:11[[T] 0x000A ]
16:08:11[[L] 0008 ]
16:08:11[[V] 000000000]
16:08:12[RX <CMD> EBX <RES> 042]
16:08:12[TX <CMD> EBX]
16:08:12[[BLK1] 036:]
16:08:12[[T] 0x000F ]
16:08:12[[L] 0008 ]
16:08:12[[V] ********]
16:08:12[[T] 0x0003 ]
16:08:12[[L] 0002 ]
16:08:12[[V] 00]
16:08:12[[T] 0x0009 ]
16:08:12[[L] 0002 ]
16:08:12[[V] 06]
16:08:12[[T] 0x000A ]
16:08:12[[L] 0008 ]
16:08:12[[V] 000000000]
16:08:12[RX <CMD> EBX <RES> 042]
16:08:12[TX <CMD> EBX]
16:08:12[[BLK1] 036:]
16:08:12[[T] 0x000F ]
16:08:12[[L] 0008 ]
16:08:12[[V] ********]
16:08:12[[T] 0x0003 ]
16:08:12[[L] 0002 ]
16:08:12[[V] 00]
16:08:12[[T] 0x0009 ]
16:08:12[[L] 0002 ]
16:08:12[[V] 07]
16:08:12[[T] 0x000A ]
16:08:12[[L] 0008 ]
16:08:12[[V] 000000000]
16:08:12[RX <CMD> EBX <RES> 042]
16:08:12[TX <CMD> EBX]
16:08:12[[BLK1] 036:]
16:08:12[[T] 0x000F ]
16:08:12[[L] 0008 ]
16:08:12[[V] ********]
16:08:12[[T] 0x0003 ]
16:08:12[[L] 0002 ]
16:08:12[[V] 00]
16:08:12[[T] 0x0009 ]
16:08:12[[L] 0002 ]
16:08:12[[V] 08]
16:08:12[[T] 0x000A ]
16:08:12[[L] 0008 ]
16:08:12[[V] 000000000]
16:08:12[RX <CMD> EBX <RES> 042]
16:08:12[TX <CMD> EBX]
16:08:12[[BLK1] 036:]
16:08:12[[T] 0x000F ]
16:08:12[[L] 0008 ]
16:08:12[[V] ********]
16:08:12[[T] 0x0003 ]
16:08:12[[L] 0002 ]
16:08:12[[V] 00]
16:08:12[[T] 0x0009 ]
16:08:12[[L] 0002 ]
16:08:12[[V] 09]
16:08:12[[T] 0x000A ]
16:08:12[[L] 0008 ]
16:08:12[[V] 000000000]
16:08:12[RX <CMD> EBX <RES> 042]
16:08:12[TX <CMD> EBX]
16:08:12[[BLK1] 036:]
16:08:12[[T] 0x000F ]
16:08:12[[L] 0008 ]
16:08:12[[V] ********]
16:08:12[[T] 0x0003 ]
16:08:12[[L] 0002 ]
16:08:12[[V] 00]
16:08:12[[T] 0x0009 ]
16:08:12[[L] 0002 ]
16:08:12[[V] 10]
16:08:12[[T] 0x000A ]
16:08:12[[L] 0008 ]
16:08:12[[V] 000000000]
16:08:12[RX <CMD> EBX <RES> 042]
16:08:12[TX <CMD> EBX]
16:08:12[[BLK1] 036:]
16:08:12[[T] 0x000F ]
16:08:12[[L] 0008 ]
16:08:12[[V] ********]
16:08:12[[T] 0x0003 ]
16:08:12[[L] 0002 ]
16:08:12[[V] 00]
16:08:12[[T] 0x0009 ]
16:08:12[[L] 0002 ]
16:08:12[[V] 11]
16:08:12[[T] 0x000A ]
16:08:12[[L] 0008 ]
16:08:12[[V] 000000000]
16:08:12[RX <CMD> EBX <RES> 042]
16:08:12[TX <CMD> EBX]
16:08:12[[BLK1] 036:]
16:08:12[[T] 0x000F ]
16:08:12[[L] 0008 ]
16:08:12[[V] ********]
16:08:12[[T] 0x0003 ]
16:08:12[[L] 0002 ]
16:08:12[[V] 00]
16:08:12[[T] 0x0009 ]
16:08:12[[L] 0002 ]
16:08:12[[V] 12]
16:08:12[[T] 0x000A ]
16:08:12[[L] 0008 ]
16:08:12[[V] 000000000]
16:08:12[RX <CMD> EBX <RES> 042]
16:08:12[TX <CMD> EBX]
16:08:12[[BLK1] 036:]
16:08:12[[T] 0x000F ]
16:08:12[[L] 0008 ]
16:08:12[[V] ********]
16:08:12[[T] 0x0003 ]
16:08:12[[L] 0002 ]
16:08:12[[V] 00]
16:08:12[[T] 0x0009 ]
16:08:12[[L] 0002 ]
16:08:12[[V] 13]
16:08:12[[T] 0x000A ]
16:08:12[[L] 0008 ]
16:08:12[[V] 000000000]
16:08:12[RX <CMD> EBX <RES> 042]
16:08:12[TX <CMD> EBX]
16:08:12[[BLK1] 036:]
16:08:12[[T] 0x000F ]
16:08:12[[L] 0008 ]
16:08:12[[V] ********]
16:08:12[[T] 0x0003 ]
16:08:12[[L] 0002 ]
16:08:12[[V] 00]
16:08:12[[T] 0x0009 ]
16:08:12[[L] 0002 ]
16:08:12[[V] 14]
16:08:12[[T] 0x000A ]
16:08:12[[L] 0008 ]
16:08:12[[V] 000000000]
16:08:12[RX <CMD> EBX <RES> 042]
16:08:12[TX <CMD> EBX]
16:08:12[[BLK1] 036:]
16:08:12[[T] 0x000F ]
16:08:12[[L] 0008 ]
16:08:12[[V] ********]
16:08:12[[T] 0x0003 ]
16:08:12[[L] 0002 ]
16:08:12[[V] 00]
16:08:12[[T] 0x0009 ]
16:08:12[[L] 0002 ]
16:08:12[[V] 15]
16:08:12[[T] 0x000A ]
16:08:12[[L] 0008 ]
16:08:12[[V] 000000000]
16:08:12[RX <CMD> EBX <RES> 042]
16:08:12[TX <CMD> EBX]
16:08:12[[BLK1] 036:]
16:08:12[[T] 0x000F ]
16:08:12[[L] 0008 ]
16:08:12[[V] ********]
16:08:12[[T] 0x0003 ]
16:08:12[[L] 0002 ]
16:08:12[[V] 00]
16:08:12[[T] 0x0009 ]
16:08:12[[L] 0002 ]
16:08:12[[V] 16]
16:08:12[[T] 0x000A ]
16:08:12[[L] 0008 ]
16:08:12[[V] 000000000]
16:08:12[RX <CMD> EBX <RES> 042]
16:08:12[TX <CMD> EBX]
16:08:12[[BLK1] 036:]
16:08:12[[T] 0x000F ]
16:08:12[[L] 0008 ]
16:08:12[[V] ********]
16:08:12[[T] 0x0003 ]
16:08:12[[L] 0002 ]
16:08:12[[V] 00]
16:08:12[[T] 0x0009 ]
16:08:12[[L] 0002 ]
16:08:12[[V] 17]
16:08:12[[T] 0x000A ]
16:08:12[[L] 0008 ]
16:08:12[[V] 000000000]
16:08:13[RX <CMD> EBX <RES> 042]
16:08:13[TX <CMD> EBX]
16:08:13[[BLK1] 036:]
16:08:13[[T] 0x000F ]
16:08:13[[L] 0008 ]
16:08:13[[V] ********]
16:08:13[[T] 0x0003 ]
16:08:13[[L] 0002 ]
16:08:13[[V] 00]
16:08:13[[T] 0x0009 ]
16:08:13[[L] 0002 ]
16:08:13[[V] 18]
16:08:13[[T] 0x000A ]
16:08:13[[L] 0008 ]
16:08:13[[V] 000000000]
16:08:13[RX <CMD> EBX <RES> 042]
16:08:13[TX <CMD> EBX]
16:08:13[[BLK1] 036:]
16:08:13[[T] 0x000F ]
16:08:13[[L] 0008 ]
16:08:13[[V] ********]
16:08:13[[T] 0x0003 ]
16:08:13[[L] 0002 ]
16:08:13[[V] 00]
16:08:13[[T] 0x0009 ]
16:08:13[[L] 0002 ]
16:08:13[[V] 19]
16:08:13[[T] 0x000A ]
16:08:13[[L] 0008 ]
16:08:13[[V] 000000000]
16:08:13[RX <CMD> EBX <RES> 042]
16:08:13[TX <CMD> EBX]
16:08:13[[BLK1] 036:]
16:08:13[[T] 0x000F ]
16:08:13[[L] 0008 ]
16:08:13[[V] ********]
16:08:13[[T] 0x0003 ]
16:08:13[[L] 0002 ]
16:08:13[[V] 00]
16:08:13[[T] 0x0009 ]
16:08:13[[L] 0002 ]
16:08:13[[V] 20]
16:08:13[[T] 0x000A ]
16:08:13[[L] 0008 ]
16:08:13[[V] 000000000]
16:08:13[RX <CMD> EBX <RES> 042]
16:08:13[TX <CMD> EBX]
16:08:13[[BLK1] 044:]
16:08:13[[T] 0x000F ]
16:08:13[[L] 0008 ]
16:08:13[[V] ********]
16:08:13[[T] 0x0003 ]
16:08:13[[L] 0002 ]
16:08:13[[V] 10]
16:08:13[[T] 0x0009 ]
16:08:13[[L] 0002 ]
16:08:13[[V] 00]
16:08:13[[T] 0x000A ]
16:08:13[[L] 0010 ]
16:08:13[[V] 00000000000000000]
16:08:13[RX <CMD> EBX <RES> 042]
16:08:13[TX <CMD> EBX]
16:08:13[[BLK1] 044:]
16:08:13[[T] 0x000F ]
16:08:13[[L] 0008 ]
16:08:13[[V] ********]
16:08:13[[T] 0x0003 ]
16:08:13[[L] 0002 ]
16:08:13[[V] 10]
16:08:13[[T] 0x0009 ]
16:08:13[[L] 0002 ]
16:08:13[[V] 01]
16:08:13[[T] 0x000A ]
16:08:13[[L] 0010 ]
16:08:13[[V] 00000000000000000]
16:08:13[RX <CMD> EBX <RES> 042]
16:08:13[TX <CMD> EBX]
16:08:13[[BLK1] 044:]
16:08:13[[T] 0x000F ]
16:08:13[[L] 0008 ]
16:08:13[[V] ********]
16:08:13[[T] 0x0003 ]
16:08:13[[L] 0002 ]
16:08:13[[V] 10]
16:08:13[[T] 0x0009 ]
16:08:13[[L] 0002 ]
16:08:13[[V] 02]
16:08:13[[T] 0x000A ]
16:08:13[[L] 0010 ]
16:08:13[[V] 00000000000000000]
16:08:13[RX <CMD> EBX <RES> 000]
16:08:13[[BLK1] 012:]
16:08:13[[T] 0x804E ]
16:08:13[[L] 0008 ]
16:08:13[[V] ********]
16:08:13[TX <CMD> EBX]
16:08:13[[BLK1] 044:]
16:08:13[[T] 0x000F ]
16:08:13[[L] 0008 ]
16:08:13[[V] ********]
16:08:13[[T] 0x0003 ]
16:08:13[[L] 0002 ]
16:08:13[[V] 10]
16:08:13[[T] 0x0009 ]
16:08:13[[L] 0002 ]
16:08:13[[V] 03]
16:08:13[[T] 0x000A ]
16:08:13[[L] 0010 ]
16:08:13[[V] 00000000000000000]
16:08:13[RX <CMD> EBX <RES> 042]
16:08:13[TX <CMD> EBX]
16:08:13[[BLK1] 044:]
16:08:13[[T] 0x000F ]
16:08:13[[L] 0008 ]
16:08:13[[V] ********]
16:08:13[[T] 0x0003 ]
16:08:13[[L] 0002 ]
16:08:13[[V] 10]
16:08:13[[T] 0x0009 ]
16:08:13[[L] 0002 ]
16:08:13[[V] 04]
16:08:13[[T] 0x000A ]
16:08:13[[L] 0010 ]
16:08:13[[V] 00000000000000000]
16:08:13[RX <CMD> EBX <RES> 000]
16:08:13[[BLK1] 012:]
16:08:13[[T] 0x804E ]
16:08:13[[L] 0008 ]
16:08:13[[V] ********]
16:08:13[TX <CMD> EBX]
16:08:13[[BLK1] 044:]
16:08:13[[T] 0x000F ]
16:08:13[[L] 0008 ]
16:08:13[[V] ********]
16:08:13[[T] 0x0003 ]
16:08:13[[L] 0002 ]
16:08:13[[V] 10]
16:08:13[[T] 0x0009 ]
16:08:13[[L] 0002 ]
16:08:13[[V] 05]
16:08:13[[T] 0x000A ]
16:08:13[[L] 0010 ]
16:08:13[[V] 00000000000000000]
16:08:13[RX <CMD> EBX <RES> 042]
16:08:13[TX <CMD> EBX]
16:08:13[[BLK1] 044:]
16:08:13[[T] 0x000F ]
16:08:13[[L] 0008 ]
16:08:13[[V] ********]
16:08:13[[T] 0x0003 ]
16:08:13[[L] 0002 ]
16:08:13[[V] 10]
16:08:13[[T] 0x0009 ]
16:08:13[[L] 0002 ]
16:08:13[[V] 06]
16:08:13[[T] 0x000A ]
16:08:13[[L] 0010 ]
16:08:13[[V] 00000000000000000]
16:08:13[RX <CMD> EBX <RES> 042]
16:08:13[TX <CMD> EBX]
16:08:13[[BLK1] 044:]
16:08:13[[T] 0x000F ]
16:08:13[[L] 0008 ]
16:08:13[[V] ********]
16:08:13[[T] 0x0003 ]
16:08:13[[L] 0002 ]
16:08:13[[V] 10]
16:08:13[[T] 0x0009 ]
16:08:13[[L] 0002 ]
16:08:13[[V] 07]
16:08:13[[T] 0x000A ]
16:08:13[[L] 0010 ]
16:08:13[[V] 00000000000000000]
16:08:13[RX <CMD> EBX <RES> 042]
16:08:13[TX <CMD> EBX]
16:08:13[[BLK1] 044:]
16:08:13[[T] 0x000F ]
16:08:13[[L] 0008 ]
16:08:13[[V] ********]
16:08:13[[T] 0x0003 ]
16:08:13[[L] 0002 ]
16:08:13[[V] 10]
16:08:13[[T] 0x0009 ]
16:08:13[[L] 0002 ]
16:08:13[[V] 08]
16:08:13[[T] 0x000A ]
16:08:13[[L] 0010 ]
16:08:13[[V] 00000000000000000]
16:08:13[RX <CMD> EBX <RES> 000]
16:08:13[[BLK1] 012:]
16:08:13[[T] 0x804E ]
16:08:13[[L] 0008 ]
16:08:13[[V] ********]
16:08:13[TX <CMD> EBX]
16:08:13[[BLK1] 044:]
16:08:13[[T] 0x000F ]
16:08:13[[L] 0008 ]
16:08:13[[V] ********]
16:08:13[[T] 0x0003 ]
16:08:13[[L] 0002 ]
16:08:13[[V] 10]
16:08:13[[T] 0x0009 ]
16:08:13[[L] 0002 ]
16:08:13[[V] 09]
16:08:13[[T] 0x000A ]
16:08:13[[L] 0010 ]
16:08:13[[V] 00000000000000000]
16:08:14[RX <CMD> EBX <RES> 000]
16:08:14[[BLK1] 012:]
16:08:14[[T] 0x804E ]
16:08:14[[L] 0008 ]
16:08:14[[V] ********]
16:08:14[TX <CMD> EBX]
16:08:14[[BLK1] 044:]
16:08:14[[T] 0x000F ]
16:08:14[[L] 0008 ]
16:08:14[[V] ********]
16:08:14[[T] 0x0003 ]
16:08:14[[L] 0002 ]
16:08:14[[V] 10]
16:08:14[[T] 0x0009 ]
16:08:14[[L] 0002 ]
16:08:14[[V] 10]
16:08:14[[T] 0x000A ]
16:08:14[[L] 0010 ]
16:08:14[[V] 00000000000000000]
16:08:14[RX <CMD> EBX <RES> 000]
16:08:14[[BLK1] 012:]
16:08:14[[T] 0x804E ]
16:08:14[[L] 0008 ]
16:08:14[[V] ********]
16:08:14[TX <CMD> EBX]
16:08:14[[BLK1] 044:]
16:08:14[[T] 0x000F ]
16:08:14[[L] 0008 ]
16:08:14[[V] ********]
16:08:14[[T] 0x0003 ]
16:08:14[[L] 0002 ]
16:08:14[[V] 10]
16:08:14[[T] 0x0009 ]
16:08:14[[L] 0002 ]
16:08:14[[V] 11]
16:08:14[[T] 0x000A ]
16:08:14[[L] 0010 ]
16:08:14[[V] 00000000000000000]
16:08:14[RX <CMD> EBX <RES> 000]
16:08:14[[BLK1] 012:]
16:08:14[[T] 0x804E ]
16:08:14[[L] 0008 ]
16:08:14[[V] ********]
16:08:14[TX <CMD> EBX]
16:08:14[[BLK1] 044:]
16:08:14[[T] 0x000F ]
16:08:14[[L] 0008 ]
16:08:14[[V] ********]
16:08:14[[T] 0x0003 ]
16:08:14[[L] 0002 ]
16:08:14[[V] 10]
16:08:14[[T] 0x0009 ]
16:08:14[[L] 0002 ]
16:08:14[[V] 12]
16:08:14[[T] 0x000A ]
16:08:14[[L] 0010 ]
16:08:14[[V] 00000000000000000]
16:08:14[RX <CMD> EBX <RES> 000]
16:08:14[[BLK1] 012:]
16:08:14[[T] 0x804E ]
16:08:14[[L] 0008 ]
16:08:14[[V] ********]
16:08:14[TX <CMD> EBX]
16:08:14[[BLK1] 044:]
16:08:14[[T] 0x000F ]
16:08:14[[L] 0008 ]
16:08:14[[V] ********]
16:08:14[[T] 0x0003 ]
16:08:14[[L] 0002 ]
16:08:14[[V] 10]
16:08:14[[T] 0x0009 ]
16:08:14[[L] 0002 ]
16:08:14[[V] 13]
16:08:14[[T] 0x000A ]
16:08:14[[L] 0010 ]
16:08:14[[V] 00000000000000000]
16:08:14[RX <CMD> EBX <RES> 000]
16:08:14[[BLK1] 012:]
16:08:14[[T] 0x804E ]
16:08:14[[L] 0008 ]
16:08:14[[V] ********]
16:08:14[TX <CMD> EBX]
16:08:14[[BLK1] 044:]
16:08:14[[T] 0x000F ]
16:08:14[[L] 0008 ]
16:08:14[[V] ********]
16:08:14[[T] 0x0003 ]
16:08:14[[L] 0002 ]
16:08:14[[V] 10]
16:08:14[[T] 0x0009 ]
16:08:14[[L] 0002 ]
16:08:14[[V] 14]
16:08:14[[T] 0x000A ]
16:08:14[[L] 0010 ]
16:08:14[[V] 00000000000000000]
16:08:14[RX <CMD> EBX <RES> 000]
16:08:14[[BLK1] 012:]
16:08:14[[T] 0x804E ]
16:08:14[[L] 0008 ]
16:08:14[[V] ********]
16:08:14[TX <CMD> EBX]
16:08:14[[BLK1] 044:]
16:08:14[[T] 0x000F ]
16:08:14[[L] 0008 ]
16:08:14[[V] ********]
16:08:14[[T] 0x0003 ]
16:08:14[[L] 0002 ]
16:08:14[[V] 10]
16:08:14[[T] 0x0009 ]
16:08:14[[L] 0002 ]
16:08:14[[V] 15]
16:08:14[[T] 0x000A ]
16:08:14[[L] 0010 ]
16:08:14[[V] 00000000000000000]
16:08:14[RX <CMD> EBX <RES> 000]
16:08:14[[BLK1] 012:]
16:08:14[[T] 0x804E ]
16:08:14[[L] 0008 ]
16:08:14[[V] ********]
16:08:14[TX <CMD> EBX]
16:08:14[[BLK1] 044:]
16:08:14[[T] 0x000F ]
16:08:14[[L] 0008 ]
16:08:14[[V] ********]
16:08:14[[T] 0x0003 ]
16:08:14[[L] 0002 ]
16:08:14[[V] 10]
16:08:14[[T] 0x0009 ]
16:08:14[[L] 0002 ]
16:08:14[[V] 16]
16:08:14[[T] 0x000A ]
16:08:14[[L] 0010 ]
16:08:14[[V] 00000000000000000]
16:08:14[RX <CMD> EBX <RES> 000]
16:08:14[[BLK1] 012:]
16:08:14[[T] 0x804E ]
16:08:14[[L] 0008 ]
16:08:14[[V] ********]
16:08:14[TX <CMD> EBX]
16:08:14[[BLK1] 044:]
16:08:14[[T] 0x000F ]
16:08:14[[L] 0008 ]
16:08:14[[V] ********]
16:08:14[[T] 0x0003 ]
16:08:14[[L] 0002 ]
16:08:14[[V] 10]
16:08:14[[T] 0x0009 ]
16:08:14[[L] 0002 ]
16:08:14[[V] 17]
16:08:14[[T] 0x000A ]
16:08:14[[L] 0010 ]
16:08:14[[V] 00000000000000000]
16:08:14[RX <CMD> EBX <RES> 000]
16:08:14[[BLK1] 012:]
16:08:14[[T] 0x804E ]
16:08:14[[L] 0008 ]
16:08:14[[V] ********]
16:08:14[TX <CMD> EBX]
16:08:14[[BLK1] 044:]
16:08:14[[T] 0x000F ]
16:08:14[[L] 0008 ]
16:08:14[[V] ********]
16:08:14[[T] 0x0003 ]
16:08:14[[L] 0002 ]
16:08:14[[V] 10]
16:08:14[[T] 0x0009 ]
16:08:14[[L] 0002 ]
16:08:14[[V] 18]
16:08:14[[T] 0x000A ]
16:08:14[[L] 0010 ]
16:08:14[[V] 00000000000000000]
16:08:14[RX <CMD> EBX <RES> 042]
16:08:14[TX <CMD> EBX]
16:08:14[[BLK1] 044:]
16:08:14[[T] 0x000F ]
16:08:14[[L] 0008 ]
16:08:14[[V] ********]
16:08:14[[T] 0x0003 ]
16:08:14[[L] 0002 ]
16:08:14[[V] 10]
16:08:14[[T] 0x0009 ]
16:08:14[[L] 0002 ]
16:08:14[[V] 19]
16:08:14[[T] 0x000A ]
16:08:14[[L] 0010 ]
16:08:14[[V] 00000000000000000]
16:08:14[RX <CMD> EBX <RES> 000]
16:08:14[[BLK1] 012:]
16:08:14[[T] 0x804E ]
16:08:14[[L] 0008 ]
16:08:14[[V] ********]
16:08:14[TX <CMD> EBX]
16:08:14[[BLK1] 044:]
16:08:14[[T] 0x000F ]
16:08:14[[L] 0008 ]
16:08:14[[V] ********]
16:08:14[[T] 0x0003 ]
16:08:14[[L] 0002 ]
16:08:14[[V] 10]
16:08:14[[T] 0x0009 ]
16:08:14[[L] 0002 ]
16:08:14[[V] 20]
16:08:14[[T] 0x000A ]
16:08:14[[L] 0010 ]
16:08:14[[V] 00000000000000000]
16:08:15[RX <CMD> EBX <RES> 042]
16:08:15[TX <CMD> EBX]
16:08:15[[BLK1] 044:]
16:08:15[[T] 0x000F ]
16:08:15[[L] 0008 ]
16:08:15[[V] ********]
16:08:15[[T] 0x0003 ]
16:08:15[[L] 0002 ]
16:08:15[[V] 30]
16:08:15[[T] 0x0009 ]
16:08:15[[L] 0002 ]
16:08:15[[V] 00]
16:08:15[[T] 0x000A ]
16:08:15[[L] 0010 ]
16:08:15[[V] 00000000000000000]
16:08:15[RX <CMD> EBX <RES> 042]
16:08:15[TX <CMD> EBX]
16:08:15[[BLK1] 044:]
16:08:15[[T] 0x000F ]
16:08:15[[L] 0008 ]
16:08:15[[V] ********]
16:08:15[[T] 0x0003 ]
16:08:15[[L] 0002 ]
16:08:15[[V] 30]
16:08:15[[T] 0x0009 ]
16:08:15[[L] 0002 ]
16:08:15[[V] 01]
16:08:15[[T] 0x000A ]
16:08:15[[L] 0010 ]
16:08:15[[V] 00000000000000000]
16:08:15[RX <CMD> EBX <RES> 000]
16:08:15[[BLK1] 026:]
16:08:15[[T] 0x804E ]
16:08:15[[L] 0008 ]
16:08:15[[V] ********]
16:08:15[[T] 0x804C ]
16:08:15[[L] 000A ]
16:08:15[[V] FFF8140A00A]
16:08:15[TX <CMD> EBX]
16:08:15[[BLK1] 044:]
16:08:15[[T] 0x000F ]
16:08:15[[L] 0008 ]
16:08:15[[V] ********]
16:08:15[[T] 0x0003 ]
16:08:15[[L] 0002 ]
16:08:15[[V] 30]
16:08:15[[T] 0x0009 ]
16:08:15[[L] 0002 ]
16:08:15[[V] 02]
16:08:15[[T] 0x000A ]
16:08:15[[L] 0010 ]
16:08:15[[V] 00000000000000000]
16:08:15[RX <CMD> EBX <RES> 042]
16:08:15[TX <CMD> EBX]
16:08:15[[BLK1] 044:]
16:08:15[[T] 0x000F ]
16:08:15[[L] 0008 ]
16:08:15[[V] ********]
16:08:15[[T] 0x0003 ]
16:08:15[[L] 0002 ]
16:08:15[[V] 30]
16:08:15[[T] 0x0009 ]
16:08:15[[L] 0002 ]
16:08:15[[V] 03]
16:08:15[[T] 0x000A ]
16:08:15[[L] 0010 ]
16:08:15[[V] 00000000000000000]
16:08:15[RX <CMD> EBX <RES> 042]
16:08:15[TX <CMD> EBX]
16:08:15[[BLK1] 044:]
16:08:15[[T] 0x000F ]
16:08:15[[L] 0008 ]
16:08:15[[V] ********]
16:08:15[[T] 0x0003 ]
16:08:15[[L] 0002 ]
16:08:15[[V] 30]
16:08:15[[T] 0x0009 ]
16:08:15[[L] 0002 ]
16:08:15[[V] 04]
16:08:15[[T] 0x000A ]
16:08:15[[L] 0010 ]
16:08:15[[V] 00000000000000000]
16:08:15[RX <CMD> EBX <RES> 042]
16:08:15[TX <CMD> EBX]
16:08:15[[BLK1] 044:]
16:08:15[[T] 0x000F ]
16:08:15[[L] 0008 ]
16:08:15[[V] ********]
16:08:15[[T] 0x0003 ]
16:08:15[[L] 0002 ]
16:08:15[[V] 30]
16:08:15[[T] 0x0009 ]
16:08:15[[L] 0002 ]
16:08:15[[V] 05]
16:08:15[[T] 0x000A ]
16:08:15[[L] 0010 ]
16:08:15[[V] 00000000000000000]
16:08:15[RX <CMD> EBX <RES> 042]
16:08:15[TX <CMD> EBX]
16:08:15[[BLK1] 044:]
16:08:15[[T] 0x000F ]
16:08:15[[L] 0008 ]
16:08:15[[V] ********]
16:08:15[[T] 0x0003 ]
16:08:15[[L] 0002 ]
16:08:15[[V] 30]
16:08:15[[T] 0x0009 ]
16:08:15[[L] 0002 ]
16:08:15[[V] 06]
16:08:15[[T] 0x000A ]
16:08:15[[L] 0010 ]
16:08:15[[V] 00000000000000000]
16:08:15[RX <CMD> EBX <RES> 042]
16:08:15[TX <CMD> EBX]
16:08:15[[BLK1] 044:]
16:08:15[[T] 0x000F ]
16:08:15[[L] 0008 ]
16:08:15[[V] ********]
16:08:15[[T] 0x0003 ]
16:08:15[[L] 0002 ]
16:08:15[[V] 30]
16:08:15[[T] 0x0009 ]
16:08:15[[L] 0002 ]
16:08:15[[V] 07]
16:08:15[[T] 0x000A ]
16:08:15[[L] 0010 ]
16:08:15[[V] 00000000000000000]
16:08:15[RX <CMD> EBX <RES> 042]
16:08:15[TX <CMD> EBX]
16:08:15[[BLK1] 044:]
16:08:15[[T] 0x000F ]
16:08:15[[L] 0008 ]
16:08:15[[V] ********]
16:08:15[[T] 0x0003 ]
16:08:15[[L] 0002 ]
16:08:15[[V] 30]
16:08:15[[T] 0x0009 ]
16:08:15[[L] 0002 ]
16:08:15[[V] 08]
16:08:15[[T] 0x000A ]
16:08:15[[L] 0010 ]
16:08:15[[V] 00000000000000000]
16:08:15[RX <CMD> EBX <RES> 000]
16:08:15[[BLK1] 026:]
16:08:15[[T] 0x804E ]
16:08:15[[L] 0008 ]
16:08:15[[V] ********]
16:08:15[[T] 0x804C ]
16:08:15[[L] 000A ]
16:08:15[[V] FF0091F000A]
16:08:15[TX <CMD> EBX]
16:08:15[[BLK1] 044:]
16:08:15[[T] 0x000F ]
16:08:15[[L] 0008 ]
16:08:15[[V] ********]
16:08:15[[T] 0x0003 ]
16:08:15[[L] 0002 ]
16:08:15[[V] 30]
16:08:15[[T] 0x0009 ]
16:08:15[[L] 0002 ]
16:08:15[[V] 09]
16:08:15[[T] 0x000A ]
16:08:15[[L] 0010 ]
16:08:15[[V] 00000000000000000]
16:08:16[RX <CMD> EBX <RES> 042]
16:08:16[TX <CMD> EBX]
16:08:16[[BLK1] 044:]
16:08:16[[T] 0x000F ]
16:08:16[[L] 0008 ]
16:08:16[[V] ********]
16:08:16[[T] 0x0003 ]
16:08:16[[L] 0002 ]
16:08:16[[V] 30]
16:08:16[[T] 0x0009 ]
16:08:16[[L] 0002 ]
16:08:16[[V] 10]
16:08:16[[T] 0x000A ]
16:08:16[[L] 0010 ]
16:08:16[[V] 00000000000000000]
16:08:16[RX <CMD> EBX <RES> 000]
16:08:16[[BLK1] 026:]
16:08:16[[T] 0x804E ]
16:08:16[[L] 0008 ]
16:08:16[[V] ********]
16:08:16[[T] 0x804C ]
16:08:16[[L] 000A ]
16:08:16[[V] FFF9012800A]
16:08:16[TX <CMD> EBX]
16:08:16[[BLK1] 044:]
16:08:16[[T] 0x000F ]
16:08:16[[L] 0008 ]
16:08:16[[V] ********]
16:08:16[[T] 0x0003 ]
16:08:16[[L] 0002 ]
16:08:16[[V] 30]
16:08:16[[T] 0x0009 ]
16:08:16[[L] 0002 ]
16:08:16[[V] 11]
16:08:16[[T] 0x000A ]
16:08:16[[L] 0010 ]
16:08:16[[V] 00000000000000000]
16:08:16[RX <CMD> EBX <RES> 042]
16:08:16[TX <CMD> EBX]
16:08:16[[BLK1] 044:]
16:08:16[[T] 0x000F ]
16:08:16[[L] 0008 ]
16:08:16[[V] ********]
16:08:16[[T] 0x0003 ]
16:08:16[[L] 0002 ]
16:08:16[[V] 30]
16:08:16[[T] 0x0009 ]
16:08:16[[L] 0002 ]
16:08:16[[V] 12]
16:08:16[[T] 0x000A ]
16:08:16[[L] 0010 ]
16:08:16[[V] 00000000000000000]
16:08:16[RX <CMD> EBX <RES> 042]
16:08:16[TX <CMD> EBX]
16:08:16[[BLK1] 044:]
16:08:16[[T] 0x000F ]
16:08:16[[L] 0008 ]
16:08:16[[V] ********]
16:08:16[[T] 0x0003 ]
16:08:16[[L] 0002 ]
16:08:16[[V] 30]
16:08:16[[T] 0x0009 ]
16:08:16[[L] 0002 ]
16:08:16[[V] 13]
16:08:16[[T] 0x000A ]
16:08:16[[L] 0010 ]
16:08:16[[V] 00000000000000000]
16:08:16[RX <CMD> EBX <RES> 042]
16:08:16[TX <CMD> EBX]
16:08:16[[BLK1] 044:]
16:08:16[[T] 0x000F ]
16:08:16[[L] 0008 ]
16:08:16[[V] ********]
16:08:16[[T] 0x0003 ]
16:08:16[[L] 0002 ]
16:08:16[[V] 30]
16:08:16[[T] 0x0009 ]
16:08:16[[L] 0002 ]
16:08:16[[V] 14]
16:08:16[[T] 0x000A ]
16:08:16[[L] 0010 ]
16:08:16[[V] 00000000000000000]
16:08:16[RX <CMD> EBX <RES> 000]
16:08:16[[BLK1] 026:]
16:08:16[[T] 0x804E ]
16:08:16[[L] 0008 ]
16:08:16[[V] ********]
16:08:16[[T] 0x804C ]
16:08:16[[L] 000A ]
16:08:16[[V] 6320061A00A]
16:08:16[TX <CMD> EBX]
16:08:16[[BLK1] 044:]
16:08:16[[T] 0x000F ]
16:08:16[[L] 0008 ]
16:08:16[[V] ********]
16:08:16[[T] 0x0003 ]
16:08:16[[L] 0002 ]
16:08:16[[V] 30]
16:08:16[[T] 0x0009 ]
16:08:16[[L] 0002 ]
16:08:16[[V] 15]
16:08:16[[T] 0x000A ]
16:08:16[[L] 0010 ]
16:08:16[[V] 00000000000000000]
16:08:16[RX <CMD> EBX <RES> 042]
16:08:16[TX <CMD> EBX]
16:08:16[[BLK1] 044:]
16:08:16[[T] 0x000F ]
16:08:16[[L] 0008 ]
16:08:16[[V] ********]
16:08:16[[T] 0x0003 ]
16:08:16[[L] 0002 ]
16:08:16[[V] 30]
16:08:16[[T] 0x0009 ]
16:08:16[[L] 0002 ]
16:08:16[[V] 16]
16:08:16[[T] 0x000A ]
16:08:16[[L] 0010 ]
16:08:16[[V] 00000000000000000]
16:08:16[RX <CMD> EBX <RES> 000]
16:08:16[[BLK1] 026:]
16:08:16[[T] 0x804E ]
16:08:16[[L] 0008 ]
16:08:16[[V] ********]
16:08:16[[T] 0x804C ]
16:08:16[[L] 000A ]
16:08:16[[V] 21100F2000A]
16:08:16[TX <CMD> EBX]
16:08:16[[BLK1] 044:]
16:08:16[[T] 0x000F ]
16:08:16[[L] 0008 ]
16:08:16[[V] ********]
16:08:16[[T] 0x0003 ]
16:08:16[[L] 0002 ]
16:08:16[[V] 30]
16:08:16[[T] 0x0009 ]
16:08:16[[L] 0002 ]
16:08:16[[V] 17]
16:08:16[[T] 0x000A ]
16:08:16[[L] 0010 ]
16:08:16[[V] 00000000000000000]
16:08:16[RX <CMD> EBX <RES> 042]
16:08:16[TX <CMD> EBX]
16:08:16[[BLK1] 044:]
16:08:16[[T] 0x000F ]
16:08:16[[L] 0008 ]
16:08:16[[V] ********]
16:08:16[[T] 0x0003 ]
16:08:16[[L] 0002 ]
16:08:16[[V] 30]
16:08:16[[T] 0x0009 ]
16:08:16[[L] 0002 ]
16:08:16[[V] 18]
16:08:16[[T] 0x000A ]
16:08:16[[L] 0010 ]
16:08:16[[V] 00000000000000000]
16:08:17[RX <CMD> EBX <RES> 000]
16:08:17[[BLK1] 026:]
16:08:17[[T] 0x804E ]
16:08:17[[L] 0008 ]
16:08:17[[V] ********]
16:08:17[[T] 0x804C ]
16:08:17[[L] 000A ]
16:08:17[[V] B7610FB600A]
16:08:17[TX <CMD> EBX]
16:08:17[[BLK1] 044:]
16:08:17[[T] 0x000F ]
16:08:17[[L] 0008 ]
16:08:17[[V] ********]
16:08:17[[T] 0x0003 ]
16:08:17[[L] 0002 ]
16:08:17[[V] 30]
16:08:17[[T] 0x0009 ]
16:08:17[[L] 0002 ]
16:08:17[[V] 19]
16:08:17[[T] 0x000A ]
16:08:17[[L] 0010 ]
16:08:17[[V] 00000000000000000]
16:08:17[RX <CMD> EBX <RES> 000]
16:08:17[[BLK1] 026:]
16:08:17[[T] 0x804E ]
16:08:17[[L] 0008 ]
16:08:17[[V] ********]
16:08:17[[T] 0x804C ]
16:08:17[[L] 000A ]
16:08:17[[V] FFF6094200A]
16:08:17[TX <CMD> EBX]
16:08:17[[BLK1] 044:]
16:08:17[[T] 0x000F ]
16:08:17[[L] 0008 ]
16:08:17[[V] ********]
16:08:17[[T] 0x0003 ]
16:08:17[[L] 0002 ]
16:08:17[[V] 30]
16:08:17[[T] 0x0009 ]
16:08:17[[L] 0002 ]
16:08:17[[V] 20]
16:08:17[[T] 0x000A ]
16:08:17[[L] 0010 ]
16:08:17[[V] 00000000000000000]
16:08:17[RX <CMD> EBX <RES> 000]
16:08:17[[BLK1] 026:]
16:08:17[[T] 0x804E ]
16:08:17[[L] 0008 ]
16:08:17[[V] ********]
16:08:17[[T] 0x804C ]
16:08:17[[L] 000A ]
16:08:17[[V] FFCFB84800A]
16:08:17[TX <CMD> GIX]
16:08:17[[BLK1] 018:]
16:08:17[[T] 0x0001 ]
16:08:17[[L] 000E ]
16:08:17[[V] 808080808080801]
16:08:17[RX <CMD> GIX <RES> 000]
16:08:17[[BLK1] 113:]
16:08:17[[T] 0x8004 ]
16:08:17[[L] 0006 ]
16:08:17[[V] GERTEC]
16:08:17[[T] 0x8003 ]
16:08:17[[L] 000D ]
16:08:17[[V] PPC-930;192MB]
16:08:17[[T] 0x8005 ]
16:08:17[[L] 000A ]
16:08:17[[V] 1200000000]
16:08:17[[T] 0x8006 ]
16:08:17[[L] 0014 ]
16:08:17[[V] 1202.11403.VR0012  @]
16:08:17[[T] 0x8007 ]
16:08:17[[L] 0004 ]
16:08:17[[V] 2.03]
16:08:17[[T] 0x8008 ]
16:08:17[[L] 0010 ]
16:08:17[[V] 001.12 160914   ]
16:08:17[[T] 0x8001 ]
16:08:17[[L] 0010 ]
16:08:17[[V] 7200031906045572]
16:08:22[TX]RMC032  TRANSACAO OK                  
16:08:24[RX]RMC000
16:08:24[TX]{18}
16:08:24[RX]{04}
16:08:24[TX]CLO032** Pay&Go Web ** (c) 2019 SETIS 
16:08:24[RX]{16}
16:08:24[RX]CLO000{17}
17:01:31[TX]{18}
17:01:31[RX]{04}
17:01:31[TX]OPN5230256951B2614256D148E586C384E56395183C13CA15CF1F68A4ECE80E7AC1AAE3335AF804C2D5B7627554E421CFBF38FEFB637DBA275AF5FD58497FF3DECDF95F79F9D7EC6D687FFC6DECE983E52D7E64EB5FE126AE3A1D375B40DCB7881D7ECFBA6EC1A08A7437B1DA60CB9119533E794BC38FA4FDDD122218729389003E422110000711CE6C69081788B3BD2AF18D2E7C37A76300AC3FB23E4107DA72FBC718FDB37291F183C20FA97616A41D4D6591D28EE81C5C8EB89B4936309DE912A8F96ED0E075121E2406BBD9EE2C0AC6BF323D1D5001CF2BD9E56B72FD306E341F99B786697E4794C91FE2AD33EE68E689D917313615D985253EFAC2C968FA46FDDB86B30103E9
17:01:31[RX]OPN00051525608094328A337F9CC4CF4A104DD41BD1558614C88191C3D1C8B41944FDB52C05FD8638504EA5D12A69CE95F832D7B18FE64F6B78B7CE2E3B1186EF3115840FB4B16DBA8D0A7751DF865D6BF075D0D044D3EA30612BD567F717BF739B2B9008DF536550B2E0026A4849F0F9FF5C5EFC579B36A5D65D845542C60300918004939CA69231EA26F258DE78A77187C2271804A77AF94999FB80DAF774E3AB4C7F3F691721CA4E151C2BFA762DC5C21C12656AF8B9DE92995356C67E9C27316F792BED30E24FFF764CA4FFDB7FB541EFA69E148EDDD9BA2B3BAB954320B006657188A79A20E93C0AF9477B41A58A7FA7536577905C007F73C70A8AAE52D355E3A83EB3D
17:01:31[TX]{18}
17:01:31[RX]{04}
17:01:31[TX]CLO032** Pay&Go Web ** (c) 2019 SETIS 
17:01:32[RX]{16}
17:01:32[RX]CLO000{17}
17:04:11[TX]{18}
17:04:11[RX]{04}
17:04:11[TX]OPN5230256951B2614256D148E586C384E56395183C13CA15CF1F68A4ECE80E7AC1AAE3335AF804C2D5B7627554E421CFBF38FEFB637DBA275AF5FD58497FF3DECDF95F79F9D7EC6D687FFC6DECE983E52D7E64EB5FE126AE3A1D375B40DCB7881D7ECFBA6EC1A08A7437B1DA60CB9119533E794BC38FA4FDDD122218729389003E422110000711CE6C69081788B3BD2AF18D2E7C37A76300AC3FB23E4107DA72FBC718FDB37291F183C20FA97616A41D4D6591D28EE81C5C8EB89B4936309DE912A8F96ED0E075121E2406BBD9EE2C0AC6BF323D1D5001CF2BD9E56B72FD306E341F99B786697E4794C91FE2AD33EE68E689D917313615D985253EFAC2C968FA46FDDB86B30103E9
17:04:11[RX]OPN0005152567A63A2CD57B0660CCA01DB30132CAF15A6DE4280C20FB2470A8732E201773B14D1CEFF6CDEC11573EC1958DBF3317EE90B3E56CB4177E8E0C7946E45FBA0A8C59F601BEDDD6639EECD6845092B33F257F228293E9047B3463783044697CB2108C95AF31DD52D044C1A9B713F970C26EF4C6885F9F25A7A345549F2EAB0393450C6E9970BC388C121A62B8C4363107F2F91A07A8011AD80ABF915C6B5C2682DA01112BC65C1D58E6B4D3028F136A6EBD04DE094649434AA84CE07F207062F166D94F7337B94128F59344EF2AE04975FEB3D89A49CE13DD056313F5BBE926286AF65A59B61194959793F43F030788DBB6D3F280AA981E98638A96F259AF883E85C
17:04:11[TX]{18}
17:04:11[RX]{04}
17:04:11[TX]CLO032** Pay&Go Web ** (c) 2019 SETIS 
17:04:12[RX]{16}
17:04:12[RX]CLO000{17}
17:04:17[TX]{18}
17:04:17[RX]{04}
17:04:17[TX]OPN5230256951B2614256D148E586C384E56395183C13CA15CF1F68A4ECE80E7AC1AAE3335AF804C2D5B7627554E421CFBF38FEFB637DBA275AF5FD58497FF3DECDF95F79F9D7EC6D687FFC6DECE983E52D7E64EB5FE126AE3A1D375B40DCB7881D7ECFBA6EC1A08A7437B1DA60CB9119533E794BC38FA4FDDD122218729389003E422110000711CE6C69081788B3BD2AF18D2E7C37A76300AC3FB23E4107DA72FBC718FDB37291F183C20FA97616A41D4D6591D28EE81C5C8EB89B4936309DE912A8F96ED0E075121E2406BBD9EE2C0AC6BF323D1D5001CF2BD9E56B72FD306E341F99B786697E4794C91FE2AD33EE68E689D917313615D985253EFAC2C968FA46FDDB86B30103E9
17:04:17[RX]OPN0005152569425DF333464D7F38E99A87D36E433AB9917628B3AC3FADBB1266B0B17492BD1872C245B082140F52DD1F5C629F64811D285444A40D5D141191138ACC67909D710548414563CF265FDE149C5928FCC421F26D286C03CF82FDC0D4D8F931571862E4A194429A4D01D6220EB0C40A9448AF55F4FF39C2209C9D4590A01C1E9D444DB594632439E94CBD4D77B4BF4BEB2520D0CFABB83986AAB73AC6D8094570046CB08E21404B72CA9367ABC24133C3CCF9CBE41055431AFF19D6771BF46AE6261251FEC06839A9DA0F9D4EFE94523E71A22759ED9E927277FD82E035CA4D3C928FA45FD08D92B0F5FB81F78DBD9FD35E31F9E172C003E85B57842A4925B6BE2F9
17:04:17[TX <CMD> GIX]
17:04:17[[BLK1] 018:]
17:04:17[[T] 0x0001 ]
17:04:17[[L] 000E ]
17:04:17[[V] 808080808080801]
17:04:17[RX <CMD> GIX <RES> 000]
17:04:17[[BLK1] 113:]
17:04:17[[T] 0x8004 ]
17:04:17[[L] 0006 ]
17:04:17[[V] GERTEC]
17:04:17[[T] 0x8003 ]
17:04:17[[L] 000D ]
17:04:17[[V] PPC-930;192MB]
17:04:17[[T] 0x8005 ]
17:04:17[[L] 000A ]
17:04:17[[V] 1200000000]
17:04:17[[T] 0x8006 ]
17:04:17[[L] 0014 ]
17:04:17[[V] 1202.11403.VR0012  @]
17:04:17[[T] 0x8007 ]
17:04:17[[L] 0004 ]
17:04:17[[V] 2.03]
17:04:17[[T] 0x8008 ]
17:04:17[[L] 0010 ]
17:04:17[[V] 001.12 160914   ]
17:04:17[[T] 0x8001 ]
17:04:17[[L] 0010 ]
17:04:17[[V] 7200031906045572]
17:04:32[TX]{18}
17:04:32[RX]{04}
17:04:32[TX]OPN5230256951B2614256D148E586C384E56395183C13CA15CF1F68A4ECE80E7AC1AAE3335AF804C2D5B7627554E421CFBF38FEFB637DBA275AF5FD58497FF3DECDF95F79F9D7EC6D687FFC6DECE983E52D7E64EB5FE126AE3A1D375B40DCB7881D7ECFBA6EC1A08A7437B1DA60CB9119533E794BC38FA4FDDD122218729389003E422110000711CE6C69081788B3BD2AF18D2E7C37A76300AC3FB23E4107DA72FBC718FDB37291F183C20FA97616A41D4D6591D28EE81C5C8EB89B4936309DE912A8F96ED0E075121E2406BBD9EE2C0AC6BF323D1D5001CF2BD9E56B72FD306E341F99B786697E4794C91FE2AD33EE68E689D917313615D985253EFAC2C968FA46FDDB86B30103E9
17:04:33[RX]OPN000515256738F557D9AAB038728FF1562DD3DF075DE286E606B82C0C03985DB496907F35E04AC3F050460477A4E0432F41C96E17A7EC0D63CB47087FA72259056A1A1676746ECF22D158AEB4AF0459F64AA8D2AA12EE3480EF190433EF1EC28EC396F8AB0589992B1847A7824634BFFFB968EC76EFADC15DF7CA14623C9D91DF7F2CDEB344FBB359D555960D854B8207F3004A379AAC87B05DB8B98C95DADB79714189C16FBA8FBDAC8B4C6EE125FC296D8A9769224F7168460592CC12F38943A5BA298C8FB8D30D210329C178772FFA81FEBCA7B36828DA18EB1A6FFBF8AAB02C8A7DDB31B9C5247E11E88F4FDE517A2DCC6BE8999B1327613B09FD3935380355383263F
17:04:33[TX]{18}
17:04:33[RX]{04}
17:04:33[TX]CLO032** Pay&Go Web ** (c) 2019 SETIS 
17:04:33[RX]{16}
17:04:33[RX]CLO000{17}
17:04:35[TX]{18}
17:04:35[RX]{04}
17:04:35[TX]OPN5230256951B2614256D148E586C384E56395183C13CA15CF1F68A4ECE80E7AC1AAE3335AF804C2D5B7627554E421CFBF38FEFB637DBA275AF5FD58497FF3DECDF95F79F9D7EC6D687FFC6DECE983E52D7E64EB5FE126AE3A1D375B40DCB7881D7ECFBA6EC1A08A7437B1DA60CB9119533E794BC38FA4FDDD122218729389003E422110000711CE6C69081788B3BD2AF18D2E7C37A76300AC3FB23E4107DA72FBC718FDB37291F183C20FA97616A41D4D6591D28EE81C5C8EB89B4936309DE912A8F96ED0E075121E2406BBD9EE2C0AC6BF323D1D5001CF2BD9E56B72FD306E341F99B786697E4794C91FE2AD33EE68E689D917313615D985253EFAC2C968FA46FDDB86B30103E9
17:04:35[RX]OPN000515256226E468A021993D1F11A0FE0E8F838C8DFD472472F5194AD6AF9E8DBBA915076631C3C1171340438B2CAE87392081336F5A59080C4F52874B5BB9DAE35C05C588B6C64FFEB8433A376C4684D26B8187C31253A1E0F0DC7F4047C7EACE069C94BB89B679FEE6026BBFFE23E83673D3AA3C30074B1A2D9A6981537F179CADC3F91B17BD3AFCD4F2F80846C9C8F5EC07FDDA9CAA4E082964A1421103F45133AC99CAB075DC935E88584A414DA40862E12017ADB0DEFC9F4111895792D3E3B6271A534F70D513DD30FB5D72B35D927A7F55E31724527D25340E78B21AE6343E97E380C69192B271C2F30F30AA01E31579F60017F7C0191AA7B6AF56A9F219DDA4FDE
17:04:35[TX <CMD> GIX]
17:04:35[[BLK1] 018:]
17:04:35[[T] 0x0001 ]
17:04:35[[L] 000E ]
17:04:35[[V] 808080808080801]
17:04:35[RX <CMD> GIX <RES> 000]
17:04:35[[BLK1] 113:]
17:04:35[[T] 0x8004 ]
17:04:35[[L] 0006 ]
17:04:35[[V] GERTEC]
17:04:35[[T] 0x8003 ]
17:04:35[[L] 000D ]
17:04:35[[V] PPC-930;192MB]
17:04:35[[T] 0x8005 ]
17:04:35[[L] 000A ]
17:04:35[[V] 1200000000]
17:04:35[[T] 0x8006 ]
17:04:35[[L] 0014 ]
17:04:35[[V] 1202.11403.VR0012  @]
17:04:35[[T] 0x8007 ]
17:04:35[[L] 0004 ]
17:04:35[[V] 2.03]
17:04:35[[T] 0x8008 ]
17:04:35[[L] 0010 ]
17:04:35[[V] 001.12 160914   ]
17:04:35[[T] 0x8001 ]
17:04:35[[L] 0010 ]
17:04:35[[V] 7200031906045572]
17:04:45[TX]{18}
17:04:45[RX]{04}
17:04:45[TX]OPN5230256951B2614256D148E586C384E56395183C13CA15CF1F68A4ECE80E7AC1AAE3335AF804C2D5B7627554E421CFBF38FEFB637DBA275AF5FD58497FF3DECDF95F79F9D7EC6D687FFC6DECE983E52D7E64EB5FE126AE3A1D375B40DCB7881D7ECFBA6EC1A08A7437B1DA60CB9119533E794BC38FA4FDDD122218729389003E422110000711CE6C69081788B3BD2AF18D2E7C37A76300AC3FB23E4107DA72FBC718FDB37291F183C20FA97616A41D4D6591D28EE81C5C8EB89B4936309DE912A8F96ED0E075121E2406BBD9EE2C0AC6BF323D1D5001CF2BD9E56B72FD306E341F99B786697E4794C91FE2AD33EE68E689D917313615D985253EFAC2C968FA46FDDB86B30103E9
17:04:45[RX]OPN00051525623BD7870926C239621BD057EB5EAEFE58A3223D874C6FE6FE365926FB20B9A4CF17B3E34AA5CEB54352FE2E170671C4E54E15A700CD22CDE9EA85219CC8EB3D9A853BD00A0B6AC9AD58435FA64A75B8055788D1FD20B5C87B1429E3C714E6DE42F4F862CC97E8B6319EC6A5987721C1E00B64FF36302F7D5B5FA629EC213125E9FF1192042FC20AA86987ECE60ACC8EC66231825F10F24916DCE6128AB05D567C5DE811808D5FE587FA8AC674646D9EB5DCD3CE5A454651BE114D13266188D81AEBB0B7BD964CDB907E01BA3FC13727F4BCBDCD5AA0971899DE488580BC78BF8534C1417AB420B8579E5C220FE17AF236DAC64C3EB12EC54810595AFE5BF417F
17:04:45[TX]{18}
17:04:45[RX]{04}
17:04:45[TX]CLO032** Pay&Go Web ** (c) 2019 SETIS 
17:04:45[RX]{16}
17:04:45[RX]CLO000{17}
17:04:47[TX]{18}
17:04:47[RX]{04}
17:04:47[TX]OPN5230256951B2614256D148E586C384E56395183C13CA15CF1F68A4ECE80E7AC1AAE3335AF804C2D5B7627554E421CFBF38FEFB637DBA275AF5FD58497FF3DECDF95F79F9D7EC6D687FFC6DECE983E52D7E64EB5FE126AE3A1D375B40DCB7881D7ECFBA6EC1A08A7437B1DA60CB9119533E794BC38FA4FDDD122218729389003E422110000711CE6C69081788B3BD2AF18D2E7C37A76300AC3FB23E4107DA72FBC718FDB37291F183C20FA97616A41D4D6591D28EE81C5C8EB89B4936309DE912A8F96ED0E075121E2406BBD9EE2C0AC6BF323D1D5001CF2BD9E56B72FD306E341F99B786697E4794C91FE2AD33EE68E689D917313615D985253EFAC2C968FA46FDDB86B30103E9
17:04:47[RX]OPN0005152565AB60D3BA016A9403AE0653B595DB69895A10E9132AFF58EAAD72E3BF4D4C880119D36F092075BEDCCA22A300EA8F598D3BF20E06409C7F3B83E90868F8FF032FF1D05F9B48CD14F56D7A2D6CDC4457E901C7BA25BD464B0FA550DAB6C4B3181405B9F66CD59051F63ECF8C7C13AE6497BDE081DF461F14FDCDB5962291ED18BAA2604C5AF44E6CBDBD1B49B3765CF2AE61323474F419C6A2B822CE85CF227A9BEF2643DA86461E11F88EF6FCB7159F89D19FA58A4F5CE0CBC37A78CB0233E0A428DC15C6A86C25424319A9BC83C0AEDAE24070C28D32C209C570D4715DDBF77955837D5E4611EC04AD4EFBD79128BAF484029E72B59DABCF488D540D418B96B
17:04:47[TX <CMD> GIX]
17:04:47[[BLK1] 018:]
17:04:47[[T] 0x0001 ]
17:04:47[[L] 000E ]
17:04:47[[V] 808080808080801]
17:04:47[RX <CMD> GIX <RES> 000]
17:04:47[[BLK1] 113:]
17:04:47[[T] 0x8004 ]
17:04:47[[L] 0006 ]
17:04:47[[V] GERTEC]
17:04:47[[T] 0x8003 ]
17:04:47[[L] 000D ]
17:04:47[[V] PPC-930;192MB]
17:04:47[[T] 0x8005 ]
17:04:47[[L] 000A ]
17:04:47[[V] 1200000000]
17:04:47[[T] 0x8006 ]
17:04:47[[L] 0014 ]
17:04:47[[V] 1202.11403.VR0012  @]
17:04:47[[T] 0x8007 ]
17:04:47[[L] 0004 ]
17:04:47[[V] 2.03]
17:04:47[[T] 0x8008 ]
17:04:47[[L] 0010 ]
17:04:47[[V] 001.12 160914   ]
17:04:47[[T] 0x8001 ]
17:04:47[[L] 0010 ]
17:04:47[[V] 7200031906045572]
17:04:56[TX]{18}
17:04:56[RX]{04}
17:04:56[TX]OPN5230256951B2614256D148E586C384E56395183C13CA15CF1F68A4ECE80E7AC1AAE3335AF804C2D5B7627554E421CFBF38FEFB637DBA275AF5FD58497FF3DECDF95F79F9D7EC6D687FFC6DECE983E52D7E64EB5FE126AE3A1D375B40DCB7881D7ECFBA6EC1A08A7437B1DA60CB9119533E794BC38FA4FDDD122218729389003E422110000711CE6C69081788B3BD2AF18D2E7C37A76300AC3FB23E4107DA72FBC718FDB37291F183C20FA97616A41D4D6591D28EE81C5C8EB89B4936309DE912A8F96ED0E075121E2406BBD9EE2C0AC6BF323D1D5001CF2BD9E56B72FD306E341F99B786697E4794C91FE2AD33EE68E689D917313615D985253EFAC2C968FA46FDDB86B30103E9
17:04:56[RX]OPN0005152566D35C9463ED083B67B2F7371FF6F0576A6F4A4953AC60F090AC7E507D2C91C9591A3B1CD2980309135E6C3D4C8E5CAF3DB0560904D7452993327A561AB6F51CD2B6600CF8415878311AF1C84CF0DE103A3547A7E517D844446CBBEC59AEB13B2A67F8A62FEED705B608524CD644348102AD62D29339E14B046FB3DC78E7E962EC788909B05CFAC129D20BF78DD7A36399750D32B1BEBD0E401D5EB0D4420ECD77440BAF7FEDCEBBC70EDAD463529755B45B66F1AF7CD7A9BE40F8D2900317CCF99885C406DC4FBC6D6CABB654580DE16806D1B6ACE38638281EED6EB53708C1B446925DE1B3D2B8B165E23EDC14D8AE87B6638D23CD57182C1A5A875F3DB2CAD
17:04:56[TX]{18}
17:04:56[RX]{04}
17:04:56[TX]CLO032** Pay&Go Web ** (c) 2019 SETIS 
17:04:57[RX]{16}
17:04:57[RX]CLO000{17}
17:04:59[TX]{18}
17:04:59[RX]{04}
17:04:59[TX]OPN5230256951B2614256D148E586C384E56395183C13CA15CF1F68A4ECE80E7AC1AAE3335AF804C2D5B7627554E421CFBF38FEFB637DBA275AF5FD58497FF3DECDF95F79F9D7EC6D687FFC6DECE983E52D7E64EB5FE126AE3A1D375B40DCB7881D7ECFBA6EC1A08A7437B1DA60CB9119533E794BC38FA4FDDD122218729389003E422110000711CE6C69081788B3BD2AF18D2E7C37A76300AC3FB23E4107DA72FBC718FDB37291F183C20FA97616A41D4D6591D28EE81C5C8EB89B4936309DE912A8F96ED0E075121E2406BBD9EE2C0AC6BF323D1D5001CF2BD9E56B72FD306E341F99B786697E4794C91FE2AD33EE68E689D917313615D985253EFAC2C968FA46FDDB86B30103E9
17:04:59[RX]OPN0005152564C7AC972C6DB506F76F8F8A098FF04142CC6B46ABA6E20C8D277617EE8E6E2B0FCB8AF0D8595C2AC94150E120AA69670CD3867850CD1CB84256BDBF64EF7DEB3720E80542F7712B591C83D4866D81B3BC8FF5116B120C4029A8F7A855E9BB3A7FBE1A749D996ADD2E5810570B1BB40194AA4C5D8171FD6A32D8837A520F681E38A54B38538040254EF85C9902C5F3717548D292CC11E30243259B42F2BF64106159DBC0B1AAD83B5597260A22EA1AC31822FD595B9D2A307283CCC704DF3A7F4BD0757643808CA01FC753E6E7FEACD845BA909D3B4E8787952912DE5A485068E44710D00A26DC93F0A51248C0FAF56C05B64D667754E1A79B6AB759ECA57C973
17:04:59[TX <CMD> GIX]
17:04:59[[BLK1] 018:]
17:04:59[[T] 0x0001 ]
17:04:59[[L] 000E ]
17:04:59[[V] 808080808080801]
17:04:59[RX <CMD> GIX <RES> 000]
17:04:59[[BLK1] 113:]
17:04:59[[T] 0x8004 ]
17:04:59[[L] 0006 ]
17:04:59[[V] GERTEC]
17:04:59[[T] 0x8003 ]
17:04:59[[L] 000D ]
17:04:59[[V] PPC-930;192MB]
17:04:59[[T] 0x8005 ]
17:04:59[[L] 000A ]
17:04:59[[V] 1200000000]
17:04:59[[T] 0x8006 ]
17:04:59[[L] 0014 ]
17:04:59[[V] 1202.11403.VR0012  @]
17:04:59[[T] 0x8007 ]
17:04:59[[L] 0004 ]
17:04:59[[V] 2.03]
17:04:59[[T] 0x8008 ]
17:04:59[[L] 0010 ]
17:04:59[[V] 001.12 160914   ]
17:04:59[[T] 0x8001 ]
17:04:59[[L] 0010 ]
17:04:59[[V] 7200031906045572]
17:05:11[TX]{18}
17:05:11[RX]{04}
17:05:11[TX]CLO032** Pay&Go Web ** (c) 2019 SETIS 
17:05:11[RX]{16}
17:05:11[RX]CLO000{17}
17:06:25[TX]{18}
17:06:25[RX]{04}
17:06:25[TX]OPN5230256951B2614256D148E586C384E56395183C13CA15CF1F68A4ECE80E7AC1AAE3335AF804C2D5B7627554E421CFBF38FEFB637DBA275AF5FD58497FF3DECDF95F79F9D7EC6D687FFC6DECE983E52D7E64EB5FE126AE3A1D375B40DCB7881D7ECFBA6EC1A08A7437B1DA60CB9119533E794BC38FA4FDDD122218729389003E422110000711CE6C69081788B3BD2AF18D2E7C37A76300AC3FB23E4107DA72FBC718FDB37291F183C20FA97616A41D4D6591D28EE81C5C8EB89B4936309DE912A8F96ED0E075121E2406BBD9EE2C0AC6BF323D1D5001CF2BD9E56B72FD306E341F99B786697E4794C91FE2AD33EE68E689D917313615D985253EFAC2C968FA46FDDB86B30103E9
17:06:25[RX]OPN00051525616A477FD754FE861E96C691E5111D2395FC1D4E647B80B44B7B35213F817CECA102352B1FAD4471E45C58155065ED78E45AFB18C583BBEC51AF7F929FA404199BD1513F261D58BD7A178A7E3E4F2A36766A2AB0434A46E7EE3D644B9643A143B9989B94265E15231AE93E773B265830E41C2BBBAB0D0A0BCD57C503FD7FE0DF3F92A5972BA0D0181988464B5EC95903A0C5B512D43E54BAA5B298B72BD5E3E952AAD98CE56ED6E3BDAADFC46C42B82E2087D82FC557CDDC32BA3766505119A3BB742529706D9D5888D8EC1631BF47A0AADAF93D8E48E43520E7A844493574CD567D380351AFE780634F75137F45999CA45C77680EBF590A0DB1C8C87F4478AEB
17:06:25[TX]{18}
17:06:25[RX]{04}
17:06:25[TX]CLO032** Pay&Go Web ** (c) 2019 SETIS 
17:06:25[RX]{16}
17:06:25[RX]CLO000{17}
